
===========================================================================
report_checks -unconstrained
===========================================================================
======================= nom_tt_025C_1v80 Corner ===================================

Startpoint: _2184_ (rising edge-triggered flip-flop clocked by sys_clk)
Endpoint: _2219_ (rising edge-triggered flip-flop clocked by sys_clk)
Path Group: sys_clk
Path Type: max

Fanout         Cap        Slew       Delay        Time   Description
---------------------------------------------------------------------------------------------
                                  0.000000    0.000000   clock sys_clk (rise edge)
                                  0.000000    0.000000   clock source latency
     1    0.018436    0.088749    0.060995    0.060995 ^ sys_clk (in)
                                                         sys_clk (net)
                      0.088758    0.000000    0.060995 ^ clkbuf_0_sys_clk/A (sky130_fd_sc_hd__clkbuf_16)
    16    0.092793    0.108938    0.197113    0.258107 ^ clkbuf_0_sys_clk/X (sky130_fd_sc_hd__clkbuf_16)
                                                         clknet_0_sys_clk (net)
                      0.108941    0.000749    0.258857 ^ clkbuf_4_7_0_sys_clk/A (sky130_fd_sc_hd__clkbuf_8)
    11    0.028286    0.063733    0.166213    0.425070 ^ clkbuf_4_7_0_sys_clk/X (sky130_fd_sc_hd__clkbuf_8)
                                                         clknet_4_7_0_sys_clk (net)
                      0.063733    0.000078    0.425148 ^ _2184_/CLK (sky130_fd_sc_hd__dfxtp_2)
     2    0.006818    0.031504    0.320545    0.745694 v _2184_/Q (sky130_fd_sc_hd__dfxtp_2)
                                                         lf_inst.error_in[1] (net)
                      0.031504    0.000028    0.745722 v fanout215/A (sky130_fd_sc_hd__buf_6)
     3    0.011037    0.026107    0.110338    0.856060 v fanout215/X (sky130_fd_sc_hd__buf_6)
                                                         net215 (net)
                      0.026118    0.000038    0.856098 v fanout214/A (sky130_fd_sc_hd__buf_6)
     4    0.018165    0.032241    0.115979    0.972077 v fanout214/X (sky130_fd_sc_hd__buf_6)
                                                         net214 (net)
                      0.032241    0.000010    0.972087 v fanout211/A (sky130_fd_sc_hd__buf_6)
     3    0.006978    0.023193    0.106115    1.078202 v fanout211/X (sky130_fd_sc_hd__buf_6)
                                                         net211 (net)
                      0.023193    0.000029    1.078231 v _1666_/A0 (sky130_fd_sc_hd__mux2_4)
     3    0.022490    0.076501    0.302070    1.380301 v _1666_/X (sky130_fd_sc_hd__mux2_4)
                                                         _1041_ (net)
                      0.076501    0.000077    1.380378 v _1667_/A (sky130_fd_sc_hd__xnor2_4)
     3    0.012916    0.065535    0.161660    1.542039 v _1667_/Y (sky130_fd_sc_hd__xnor2_4)
                                                         _1042_ (net)
                      0.065535    0.000021    1.542060 v _1690_/B (sky130_fd_sc_hd__or3_4)
     2    0.004335    0.065455    0.365451    1.907511 v _1690_/X (sky130_fd_sc_hd__or3_4)
                                                         _0165_ (net)
                      0.065455    0.000006    1.907517 v _1691_/A (sky130_fd_sc_hd__or3_4)
     2    0.008419    0.072178    0.397843    2.305360 v _1691_/X (sky130_fd_sc_hd__or3_4)
                                                         _0166_ (net)
                      0.072178    0.000071    2.305431 v _1710_/A2 (sky130_fd_sc_hd__a211o_4)
     4    0.016392    0.068339    0.366676    2.672107 v _1710_/X (sky130_fd_sc_hd__a211o_4)
                                                         _0183_ (net)
                      0.068339    0.000137    2.672244 v _1762_/D (sky130_fd_sc_hd__or4_4)
     2    0.006990    0.089794    0.426129    3.098372 v _1762_/X (sky130_fd_sc_hd__or4_4)
                                                         _0229_ (net)
                      0.089794    0.000017    3.098389 v _1764_/A1 (sky130_fd_sc_hd__a31o_4)
     5    0.015541    0.049956    0.252162    3.350551 v _1764_/X (sky130_fd_sc_hd__a31o_4)
                                                         _0231_ (net)
                      0.049956    0.000067    3.350618 v _1783_/A2 (sky130_fd_sc_hd__o211a_4)
     2    0.019364    0.057644    0.253729    3.604347 v _1783_/X (sky130_fd_sc_hd__o211a_4)
                                                         _0248_ (net)
                      0.057644    0.000079    3.604426 v _1784_/A (sky130_fd_sc_hd__xnor2_4)
     4    0.016789    0.073879    0.160627    3.765053 v _1784_/Y (sky130_fd_sc_hd__xnor2_4)
                                                         _0249_ (net)
                      0.073880    0.000165    3.765218 v _2027_/B (sky130_fd_sc_hd__xnor2_2)
     2    0.007324    0.071592    0.147668    3.912886 v _2027_/Y (sky130_fd_sc_hd__xnor2_2)
                                                         _0454_ (net)
                      0.071592    0.000011    3.912897 v _2038_/D (sky130_fd_sc_hd__or4_4)
     1    0.002655    0.078877    0.407689    4.320586 v _2038_/X (sky130_fd_sc_hd__or4_4)
                                                         _0463_ (net)
                      0.078877    0.000006    4.320591 v _2039_/B1 (sky130_fd_sc_hd__a211o_1)
     3    0.009544    0.078724    0.314166    4.634757 v _2039_/X (sky130_fd_sc_hd__a211o_1)
                                                         _0464_ (net)
                      0.078724    0.000089    4.634846 v _2057_/A2 (sky130_fd_sc_hd__a211o_1)
     2    0.010633    0.082646    0.342458    4.977304 v _2057_/X (sky130_fd_sc_hd__a211o_1)
                                                         _0480_ (net)
                      0.082646    0.000046    4.977350 v _2059_/A2 (sky130_fd_sc_hd__a31oi_4)
     3    0.007227    0.136359    0.175814    5.153165 ^ _2059_/Y (sky130_fd_sc_hd__a31oi_4)
                                                         _0482_ (net)
                      0.136359    0.000028    5.153193 ^ _2060_/A (sky130_fd_sc_hd__nor2_1)
     1    0.003396    0.043525    0.067428    5.220622 v _2060_/Y (sky130_fd_sc_hd__nor2_1)
                                                         _0483_ (net)
                      0.043525    0.000019    5.220640 v _2061_/B1 (sky130_fd_sc_hd__a221o_1)
     1    0.002184    0.049575    0.280360    5.501000 v _2061_/X (sky130_fd_sc_hd__a221o_1)
                                                         _0118_ (net)
                      0.049575    0.000005    5.501005 v _2219_/D (sky130_fd_sc_hd__dfxtp_1)
                                              5.501005   data arrival time

                                 10.000000   10.000000   clock sys_clk (rise edge)
                                  0.000000   10.000000   clock source latency
     1    0.018436    0.088749    0.060995   10.060995 ^ sys_clk (in)
                                                         sys_clk (net)
                      0.088758    0.000000   10.060995 ^ clkbuf_0_sys_clk/A (sky130_fd_sc_hd__clkbuf_16)
    16    0.092793    0.108938    0.197113   10.258107 ^ clkbuf_0_sys_clk/X (sky130_fd_sc_hd__clkbuf_16)
                                                         clknet_0_sys_clk (net)
                      0.108940    0.000697   10.258804 ^ clkbuf_4_15_0_sys_clk/A (sky130_fd_sc_hd__clkbuf_8)
    10    0.030443    0.067056    0.168823   10.427628 ^ clkbuf_4_15_0_sys_clk/X (sky130_fd_sc_hd__clkbuf_8)
                                                         clknet_4_15_0_sys_clk (net)
                      0.067056    0.000204   10.427833 ^ _2219_/CLK (sky130_fd_sc_hd__dfxtp_1)
                                 -0.250000   10.177833   clock uncertainty
                                  0.000000   10.177833   clock reconvergence pessimism
                                 -0.107384   10.070448   library setup time
                                             10.070448   data required time
---------------------------------------------------------------------------------------------
                                             10.070448   data required time
                                             -5.501005   data arrival time
---------------------------------------------------------------------------------------------
                                              4.569443   slack (MET)




===========================================================================
report_checks --slack_max -0.01
============================================================================
======================= nom_tt_025C_1v80 Corner ===================================

No paths found.


===========================================================================
 report_check_types -max_slew -max_cap -max_fanout -violators
============================================================================
======================= nom_tt_025C_1v80 Corner ===================================

max fanout

Pin                                   Limit Fanout  Slack
---------------------------------------------------------
clkbuf_0_sys_clk/X                        5     16    -11 (VIOLATED)
clkbuf_4_7_0_sys_clk/X                    5     11     -6 (VIOLATED)
clkbuf_4_10_0_sys_clk/X                   5     10     -5 (VIOLATED)
clkbuf_4_15_0_sys_clk/X                   5     10     -5 (VIOLATED)
clkbuf_4_2_0_sys_clk/X                    5     10     -5 (VIOLATED)
clkbuf_4_4_0_sys_clk/X                    5     10     -5 (VIOLATED)
clkbuf_4_0_0_sys_clk/X                    5      9     -4 (VIOLATED)
clkbuf_4_1_0_sys_clk/X                    5      9     -4 (VIOLATED)
clkbuf_4_5_0_sys_clk/X                    5      9     -4 (VIOLATED)
clkbuf_4_6_0_sys_clk/X                    5      9     -4 (VIOLATED)
clkbuf_4_14_0_sys_clk/X                   5      8     -3 (VIOLATED)
clkbuf_4_3_0_sys_clk/X                    5      8     -3 (VIOLATED)
clkbuf_4_11_0_sys_clk/X                   5      7     -2 (VIOLATED)
clkbuf_4_13_0_sys_clk/X                   5      7     -2 (VIOLATED)
clkbuf_4_9_0_sys_clk/X                    5      7     -2 (VIOLATED)
clkbuf_4_12_0_sys_clk/X                   5      6        (VIOLATED)
clkbuf_4_8_0_sys_clk/X                    5      6        (VIOLATED)



===========================================================================
report_parasitic_annotation -report_unannotated
============================================================================
Found 15 unannotated drivers.
 clkload0/Y
 clkload1/Y
 clkload10/Y
 clkload11/Y
 clkload12/Y
 clkload13/Y
 clkload14/X
 clkload2/X
 clkload3/Y
 clkload4/X
 clkload5/Y
 clkload6/Y
 clkload7/Y
 clkload8/Y
 clkload9/X
Found 0 partially unannotated drivers.

===========================================================================
max slew violation count 0
Writing metric design__max_slew_violation__count__corner:nom_tt_025C_1v80: 0
max fanout violation count 17
Writing metric design__max_fanout_violation__count__corner:nom_tt_025C_1v80: 17
max cap violation count 0
Writing metric design__max_cap_violation__count__corner:nom_tt_025C_1v80: 0
============================================================================

===========================================================================
check_setup -verbose -unconstrained_endpoints -multiple_clock -no_clock -no_input_delay -loops -generated_clocks
===========================================================================
Warning: There are 33 unclocked register/latch pins.
  _2133_/CLK
  _2221_/CLK
  _2222_/CLK
  _2223_/CLK
  _2224_/CLK
  _2225_/CLK
  _2226_/CLK
  _2227_/CLK
  _2228_/CLK
  _2229_/CLK
  _2230_/CLK
  _2231_/CLK
  _2232_/CLK
  _2233_/CLK
  _2234_/CLK
  _2235_/CLK
  _2236_/CLK
  _2237_/CLK
  _2238_/CLK
  _2239_/CLK
  _2240_/CLK
  _2241_/CLK
  _2242_/CLK
  _2243_/CLK
  _2244_/CLK
  _2245_/CLK
  _2246_/CLK
  _2247_/CLK
  _2248_/CLK
  _2249_/CLK
  _2250_/CLK
  _2251_/CLK
  _2252_/CLK
Warning: There are 33 unconstrained endpoints.
  _2133_/D
  _2221_/D
  _2222_/D
  _2223_/D
  _2224_/D
  _2225_/D
  _2226_/D
  _2227_/D
  _2228_/D
  _2229_/D
  _2230_/D
  _2231_/D
  _2232_/D
  _2233_/D
  _2234_/D
  _2235_/D
  _2236_/D
  _2237_/D
  _2238_/D
  _2239_/D
  _2240_/D
  _2241_/D
  _2242_/D
  _2243_/D
  _2244_/D
  _2245_/D
  _2246_/D
  _2247_/D
  _2248_/D
  _2249_/D
  _2250_/D
  _2251_/D
  _2252_/D
