Reading timing models for corner nom_tt_025C_1v80…
Reading timing library for the 'nom_tt_025C_1v80' corner at '/Users/refikyalcin/.ciel/ciel/sky130/versions/0fe599b2afb6708d281543108caf8310912f54af/sky130A/libs.ref/sky130_fd_sc_hd/lib/sky130_fd_sc_hd__tt_025C_1v80.lib'…
Reading timing models for corner nom_ff_n40C_1v95…
Reading timing library for the 'nom_ff_n40C_1v95' corner at '/Users/refikyalcin/.ciel/ciel/sky130/versions/0fe599b2afb6708d281543108caf8310912f54af/sky130A/libs.ref/sky130_fd_sc_hd/lib/sky130_fd_sc_hd__ff_n40C_1v95.lib'…
Reading timing models for corner nom_ss_100C_1v60…
Reading timing library for the 'nom_ss_100C_1v60' corner at '/Users/refikyalcin/.ciel/ciel/sky130/versions/0fe599b2afb6708d281543108caf8310912f54af/sky130A/libs.ref/sky130_fd_sc_hd/lib/sky130_fd_sc_hd__ss_100C_1v60.lib'…
Reading OpenROAD database at '/Users/refikyalcin/vlsi/digital/Tiny-PLL/openlane/runs/RUN_2025-12-17_14-52-26/27-openroad-globalplacement/pll_top.odb'…
Reading design constraints file at '/nix/store/7x1qis8my0i44w1lx1yq2wiwh6yc774i-python3-3.11.9-env/lib/python3.11/site-packages/librelane/scripts/base.sdc'…
[INFO] Using clock sys_clk…
[INFO] Setting output delay to: 2.0
[INFO] Setting input delay to: 2.0
[INFO] Setting load to: 0.033442
[INFO] Setting clock uncertainty to: 0.25
[INFO] Setting clock transition to: 0.1499999999999999944488848768742172978818416595458984375
[INFO] Setting timing derate to: 5%
[INFO] Setting RC values…
[INFO RSZ-0027] Inserted 66 input buffers.
[INFO RSZ-0028] Inserted 34 output buffers.
[INFO RSZ-0058] Using max wire length 6335um.
Iteration | Resized | Buffers | Nets repaired | Remaining
---------------------------------------------------------
        0 |       0 |       0 |             0 |      1353
      100 |     105 |      11 |             1 |      1253
      200 |     202 |      11 |             1 |      1153
      300 |     299 |      11 |             1 |      1053
      400 |     393 |      11 |             1 |       953
      500 |     490 |      12 |             2 |       853
      600 |     582 |      14 |             4 |       753
      700 |     671 |      16 |             6 |       653
      800 |     763 |      16 |             6 |       553
      900 |     859 |      24 |            12 |       453
     1000 |     983 |      83 |            23 |       353
     1100 |    1077 |      83 |            23 |       253
     1200 |    1193 |     122 |            30 |       153
     1300 |    1283 |     177 |            46 |        53
    final |    1283 |     177 |            46 |         0
---------------------------------------------------------
[INFO RSZ-0034] Found 2 slew violations.
[INFO RSZ-0035] Found 44 fanout violations.
[INFO RSZ-0038] Inserted 177 buffers in 46 nets.
[INFO RSZ-0039] Resized 1283 instances.
Placement Analysis
---------------------------------
total displacement       3191.8 u
average displacement        1.6 u
max displacement           10.1 u
original HPWL           22351.8 u
legalized HPWL          25088.5 u
delta HPWL                   12 %

[INFO DPL-0020] Mirrored 625 instances
[INFO DPL-0021] HPWL before           25088.5 u
[INFO DPL-0022] HPWL after            24258.4 u
[INFO DPL-0023] HPWL delta               -3.3 %
[INFO] Setting RC values…
Setting global connections for newly added cells…
[INFO] Setting global connections...
Updating metrics…
Cell type report:                       Count       Area
  Fill cell                               122     457.94
  Tap cell                                378     472.95
  Buffer                                    1       3.75
  Timing Repair Buffer                    277    1393.84
  Inverter                                 27     101.35
  Sequential cell                         154    3115.49
  Multi-Input combinational cell         1004    6952.92
  Total                                  1963   12498.24
Writing OpenROAD database to '/Users/refikyalcin/vlsi/digital/Tiny-PLL/openlane/runs/RUN_2025-12-17_14-52-26/31-openroad-repairdesignpostgpl/pll_top.odb'…
Writing netlist to '/Users/refikyalcin/vlsi/digital/Tiny-PLL/openlane/runs/RUN_2025-12-17_14-52-26/31-openroad-repairdesignpostgpl/pll_top.nl.v'…
Writing powered netlist to '/Users/refikyalcin/vlsi/digital/Tiny-PLL/openlane/runs/RUN_2025-12-17_14-52-26/31-openroad-repairdesignpostgpl/pll_top.pnl.v'…
Writing layout to '/Users/refikyalcin/vlsi/digital/Tiny-PLL/openlane/runs/RUN_2025-12-17_14-52-26/31-openroad-repairdesignpostgpl/pll_top.def'…
Writing timing constraints to '/Users/refikyalcin/vlsi/digital/Tiny-PLL/openlane/runs/RUN_2025-12-17_14-52-26/31-openroad-repairdesignpostgpl/pll_top.sdc'…
