Clock: sys_clk
Sources: sys_clk 
Generated: no
Virtual: yes
Propagated: no
Period: 24.000000

===========================================================================
report_clock_properties
============================================================================
Clock                   Period          Waveform
----------------------------------------------------
sys_clk              24.000000    0.000000 12.000000

===========================================================================
report_clock_latency
============================================================================
Clock sys_clk
rise -> rise
    min     max
0.000000 0.000000 source latency
0.825229         network latency _2400_/CLK
        3.422957 network latency _2408_/CLK
---------------
0.825229 3.422957 latency
        2.597728 skew

rise -> fall
    min     max
0.000000 0.000000 source latency
2.236484         network latency _2415_/CLK
        3.378570 network latency _2408_/CLK
---------------
2.236484 3.378570 latency
        1.142086 skew

fall -> fall
    min     max
0.000000 0.000000 source latency
0.792049         network latency _2400_/CLK
        0.813723 network latency _2372_/CLK
---------------
0.792049 0.813723 latency
        0.021674 skew



===========================================================================
report_clock_min_period
============================================================================
sys_clk period_min = 12.97 fmax = 77.12
