Net: _0490_
  Pin:   fanout140/A (sky130_fd_sc_hd__buf_2)
    Layer: mcon
      Partial area ratio:    0.18
      Required ratio:    3.00 (Gate area) 
      Cumulative area ratio:    0.18
      Required ratio:    0.00 (Cumulative area) 

    Layer: met1
      Partial area ratio:   81.27
      Required ratio:    0.00 (Gate area) 
      Cumulative area ratio:   81.27
      Required ratio:    0.00 (Cumulative area) 
      Partial area ratio:  404.48
      Required ratio:  400.00 (Side area) (VIOLATED)
      Cumulative area ratio:  404.48
      Required ratio:    0.00 (Cumulative side area) 

    Layer: via
      Partial area ratio:    0.42
      Required ratio:    6.00 (Gate area) 
      Cumulative area ratio:    0.61
      Required ratio:    0.00 (Cumulative area) 

    Layer: met2
      Partial area ratio:   27.53
      Required ratio:    0.00 (Gate area) 
      Cumulative area ratio:  108.79
      Required ratio:    0.00 (Cumulative area) 
      Partial area ratio:  136.80
      Required ratio: 2778.20 (Side area) 
      Cumulative area ratio:  541.28
      Required ratio:    0.00 (Cumulative side area) 


  Pin:   fanout141/A (sky130_fd_sc_hd__dlymetal6s2s_1)
    Layer: mcon
      Partial area ratio:    0.23
      Required ratio:    3.00 (Gate area) 
      Cumulative area ratio:    0.23
      Required ratio:    0.00 (Cumulative area) 

    Layer: met1
      Partial area ratio:    4.82
      Required ratio:    0.00 (Gate area) 
      Cumulative area ratio:    4.82
      Required ratio:    0.00 (Cumulative area) 
      Partial area ratio:   22.64
      Required ratio:  400.00 (Side area) 
      Cumulative area ratio:   22.64
      Required ratio:    0.00 (Cumulative side area) 

    Layer: via
      Partial area ratio:    0.36
      Required ratio:    6.00 (Gate area) 
      Cumulative area ratio:    0.59
      Required ratio:    0.00 (Cumulative area) 

    Layer: met2
      Partial area ratio:   27.53
      Required ratio:    0.00 (Gate area) 
      Cumulative area ratio:   32.35
      Required ratio:    0.00 (Cumulative area) 
      Partial area ratio:  136.80
      Required ratio: 2778.20 (Side area) 
      Cumulative area ratio:  159.44
      Required ratio:    0.00 (Cumulative side area) 


  Pin:   fanout144/A (sky130_fd_sc_hd__buf_1)
    Layer: mcon
      Partial area ratio:    0.15
      Required ratio:    3.00 (Gate area) 
      Cumulative area ratio:    0.15
      Required ratio:    0.00 (Cumulative area) 

    Layer: met1
      Partial area ratio:    6.82
      Required ratio:    0.00 (Gate area) 
      Cumulative area ratio:    6.82
      Required ratio:    0.00 (Cumulative area) 
      Partial area ratio:   32.61
      Required ratio:  400.00 (Side area) 
      Cumulative area ratio:   32.61
      Required ratio:    0.00 (Cumulative side area) 

    Layer: via
      Partial area ratio:    0.34
      Required ratio:    6.00 (Gate area) 
      Cumulative area ratio:    0.49
      Required ratio:    0.00 (Cumulative area) 

    Layer: met2
      Partial area ratio:   27.53
      Required ratio:    0.00 (Gate area) 
      Cumulative area ratio:   34.35
      Required ratio:    0.00 (Cumulative area) 
      Partial area ratio:  136.80
      Required ratio: 2778.20 (Side area) 
      Cumulative area ratio:  169.41
      Required ratio:    0.00 (Cumulative side area) 


  Pin:   fanout149/A (sky130_fd_sc_hd__clkbuf_2)
    Layer: mcon
      Partial area ratio:    0.14
      Required ratio:    3.00 (Gate area) 
      Cumulative area ratio:    0.14
      Required ratio:    0.00 (Cumulative area) 

    Layer: met1
      Partial area ratio:    1.37
      Required ratio:    0.00 (Gate area) 
      Cumulative area ratio:    1.37
      Required ratio:    0.00 (Cumulative area) 
      Partial area ratio:    6.23
      Required ratio:  400.00 (Side area) 
      Cumulative area ratio:    6.23
      Required ratio:    0.00 (Cumulative side area) 

    Layer: via
      Partial area ratio:    0.17
      Required ratio:    6.00 (Gate area) 
      Cumulative area ratio:    0.30
      Required ratio:    0.00 (Cumulative area) 

    Layer: met2
      Partial area ratio:   27.53
      Required ratio:    0.00 (Gate area) 
      Cumulative area ratio:   28.89
      Required ratio:    0.00 (Cumulative area) 
      Partial area ratio:  136.80
      Required ratio: 2778.20 (Side area) 
      Cumulative area ratio:  143.03
      Required ratio:    0.00 (Cumulative side area) 



[INFO ANT-0002] Found 1 net violations.
[INFO ANT-0001] Found 1 pin violations.
