Clock: sys_clk
Sources: sys_clk 
Generated: no
Virtual: yes
Propagated: no
Period: 10.000000

===========================================================================
report_clock_properties
============================================================================
Clock                   Period          Waveform
----------------------------------------------------
sys_clk              10.000000    0.000000  5.000000

===========================================================================
report_clock_latency
============================================================================
Clock sys_clk
rise -> rise
    min     max
0.000000 0.000000 source latency
0.839949         network latency _2215_/CLK
        3.032905 network latency _2198_/CLK
---------------
0.839949 3.032905 latency
        2.192956 skew

rise -> fall
    min     max
0.000000 0.000000 source latency
1.990061         network latency _2212_/CLK
        2.650746 network latency _2198_/CLK
---------------
1.990061 2.650746 latency
        0.660686 skew

fall -> fall
    min     max
0.000000 0.000000 source latency
0.740679         network latency _2215_/CLK
        0.759173 network latency _2067_/CLK
---------------
0.740679 0.759173 latency
        0.018494 skew



===========================================================================
report_clock_min_period
============================================================================
sys_clk period_min = 11.19 fmax = 89.38
