Clock: sys_clk
Sources: sys_clk 
Generated: no
Virtual: yes
Propagated: no
Period: 24.000000

===========================================================================
report_clock_properties
============================================================================
Clock                   Period          Waveform
----------------------------------------------------
sys_clk              24.000000    0.000000 12.000000

===========================================================================
report_clock_latency
============================================================================
Clock sys_clk
rise -> rise
    min     max
0.000000 0.000000 source latency
1.524617         network latency _2400_/CLK
        6.418535 network latency _2408_/CLK
---------------
1.524617 6.418535 latency
        4.893919 skew

rise -> fall
    min     max
0.000000 0.000000 source latency
4.202845         network latency _2415_/CLK
        6.336292 network latency _2408_/CLK
---------------
4.202845 6.336292 latency
        2.133447 skew

fall -> fall
    min     max
0.000000 0.000000 source latency
1.465330         network latency _2400_/CLK
        1.512037 network latency _2372_/CLK
---------------
1.465330 1.512037 latency
        0.046707 skew



===========================================================================
report_clock_min_period
============================================================================
sys_clk period_min = 24.57 fmax = 40.70
