Reading timing models for corner nom_tt_025C_1v80…
Reading timing library for the 'nom_tt_025C_1v80' corner at '/Users/refikyalcin/.ciel/ciel/sky130/versions/0fe599b2afb6708d281543108caf8310912f54af/sky130A/libs.ref/sky130_fd_sc_hd/lib/sky130_fd_sc_hd__tt_025C_1v80.lib'…
Reading timing models for corner nom_ff_n40C_1v95…
Reading timing library for the 'nom_ff_n40C_1v95' corner at '/Users/refikyalcin/.ciel/ciel/sky130/versions/0fe599b2afb6708d281543108caf8310912f54af/sky130A/libs.ref/sky130_fd_sc_hd/lib/sky130_fd_sc_hd__ff_n40C_1v95.lib'…
Reading timing models for corner nom_ss_100C_1v60…
Reading timing library for the 'nom_ss_100C_1v60' corner at '/Users/refikyalcin/.ciel/ciel/sky130/versions/0fe599b2afb6708d281543108caf8310912f54af/sky130A/libs.ref/sky130_fd_sc_hd/lib/sky130_fd_sc_hd__ss_100C_1v60.lib'…
Reading OpenROAD database at '/Users/refikyalcin/vlsi/digital/Tiny-PLL/openlane/runs/RUN_2025-12-19_11-17-37/34-openroad-cts/pll_top.odb'…
Reading design constraints file at '/nix/store/7x1qis8my0i44w1lx1yq2wiwh6yc774i-python3-3.11.9-env/lib/python3.11/site-packages/librelane/scripts/base.sdc'…
[INFO] Using clock sys_clk…
[INFO] Setting output delay to: 2.0
[INFO] Setting input delay to: 2.0
[INFO] Setting load to: 0.033442
[INFO] Setting clock uncertainty to: 0.25
[INFO] Setting clock transition to: 0.1499999999999999944488848768742172978818416595458984375
[INFO] Setting timing derate to: 5%
[INFO] Setting RC values…
[INFO RSZ-0094] Found 12 endpoints with setup violations.
[INFO RSZ-0099] Repairing 12 out of 12 (100.00%) violating endpoints...
   Iter   | Removed | Resized | Inserted | Cloned |  Pin  |    WNS   |   TNS      |  Viol  | Worst
          | Buffers |  Gates  | Buffers  |  Gates | Swaps |          |            | Endpts | Endpt
---------------------------------------------------------------------------------------------------
        0 |       0 |       0 |        0 |      0 |     0 |   -1.978 |      -10.3 |     12 | _2219_/D
       10 |       0 |       8 |        0 |      0 |     1 |   -1.402 |       -6.4 |     12 | _2219_/D
       20 |       1 |      16 |        0 |      0 |     2 |   -0.987 |       -3.7 |     12 | _2219_/D
       30 |       1 |      21 |        2 |      0 |     6 |   -0.828 |       -2.1 |     12 | _2219_/D
       40 |       2 |      27 |        2 |      0 |     9 |   -0.359 |       -0.6 |     12 | _2219_/D
       50 |       2 |      32 |        4 |      0 |    13 |   -0.371 |       -0.7 |     12 | _2219_/D
       60 |       2 |      41 |        4 |      0 |    14 |   -0.249 |       -0.5 |     12 | _2219_/D
       63 |       2 |      42 |        4 |      0 |    14 |   -0.196 |       -0.4 |     12 | _2219_/D
       70 |       2 |      45 |        4 |      0 |    17 |   -0.193 |       -0.3 |     12 | _2219_/D
       71 |       2 |      45 |        4 |      0 |    18 |   -0.193 |       -0.3 |     12 | _2219_/D
       72 |       2 |      45 |        4 |      0 |    18 |   -0.193 |       -0.3 |     11 | _2219_/D
       73 |       2 |      45 |        4 |      0 |    18 |   -0.193 |       -0.3 |     10 | _2219_/D
       74 |       2 |      45 |        4 |      0 |    18 |   -0.193 |       -0.3 |      9 | _2219_/D
       75 |       2 |      45 |        4 |      0 |    18 |   -0.193 |       -0.3 |      8 | _2219_/D
       76 |       2 |      45 |        4 |      0 |    18 |   -0.193 |       -0.3 |      7 | _2219_/D
       77 |       2 |      45 |        4 |      0 |    18 |   -0.193 |       -0.3 |      6 | _2219_/D
       78 |       2 |      45 |        4 |      0 |    18 |   -0.193 |       -0.3 |      5 | _2219_/D
       79 |       2 |      45 |        4 |      0 |    18 |   -0.193 |       -0.3 |      4 | _2219_/D
       80 |       2 |      45 |        4 |      0 |    18 |   -0.193 |       -0.3 |      4 | _2219_/D
       80 |       2 |      45 |        4 |      0 |    18 |   -0.193 |       -0.3 |      3 | _2219_/D
       81 |       2 |      45 |        4 |      0 |    18 |   -0.193 |       -0.3 |      2 | _2219_/D
      82* |       2 |      45 |        4 |      0 |    18 |   -0.193 |       -0.3 |      2 | _2219_/D
      83* |       2 |      45 |        4 |      0 |    18 |   -0.193 |       -0.3 |      2 | _2219_/D
    final |       2 |      45 |        4 |      0 |    18 |   -0.193 |       -0.3 |      2 | _2219_/D
---------------------------------------------------------------------------------------------------
[INFO RSZ-0059] Removed 2 buffers.
[INFO RSZ-0040] Inserted 2 buffers.
[INFO RSZ-0041] Resized 45 instances.
[INFO RSZ-0043] Swapped pins on 18 instances.
[WARNING RSZ-0062] Unable to repair all setup violations.
[INFO RSZ-0046] Found 62 endpoints with hold violations.
Iteration | Resized | Buffers | Cloned Gates |   WNS   |   TNS   | Endpoint
---------------------------------------------------------------------------
        0 |       0 |       0 |            0 |   0.017 |   0.000 | _2157_/D
    final |       0 |      63 |            0 |   0.100 |   0.000 | _2152_/D
---------------------------------------------------------------------------
[INFO RSZ-0032] Inserted 63 hold buffers.
Placement Analysis
---------------------------------
total displacement        554.0 u
average displacement        0.3 u
max displacement            7.4 u
original HPWL           26919.5 u
legalized HPWL          28614.6 u
delta HPWL                    6 %

[INFO DPL-0020] Mirrored 755 instances
[INFO DPL-0021] HPWL before           28614.6 u
[INFO DPL-0022] HPWL after            27230.3 u
[INFO DPL-0023] HPWL delta               -4.8 %
[INFO] Setting RC values…
Setting global connections for newly added cells…
[INFO] Setting global connections...
Updating metrics…
Cell type report:                       Count       Area
  Fill cell                               122     457.94
  Tap cell                                378     472.95
  Buffer                                    1       3.75
  Clock buffer                             21     300.29
  Timing Repair Buffer                    375    2222.13
  Inverter                                 28     105.10
  Clock inverter                           11     120.12
  Sequential cell                         154    3084.21
  Multi-Input combinational cell         1022    7460.91
  Total                                  2112   14227.40
Writing OpenROAD database to '/Users/refikyalcin/vlsi/digital/Tiny-PLL/openlane/runs/RUN_2025-12-19_11-17-37/36-openroad-resizertimingpostcts/pll_top.odb'…
Writing netlist to '/Users/refikyalcin/vlsi/digital/Tiny-PLL/openlane/runs/RUN_2025-12-19_11-17-37/36-openroad-resizertimingpostcts/pll_top.nl.v'…
Writing powered netlist to '/Users/refikyalcin/vlsi/digital/Tiny-PLL/openlane/runs/RUN_2025-12-19_11-17-37/36-openroad-resizertimingpostcts/pll_top.pnl.v'…
Writing layout to '/Users/refikyalcin/vlsi/digital/Tiny-PLL/openlane/runs/RUN_2025-12-19_11-17-37/36-openroad-resizertimingpostcts/pll_top.def'…
Writing timing constraints to '/Users/refikyalcin/vlsi/digital/Tiny-PLL/openlane/runs/RUN_2025-12-19_11-17-37/36-openroad-resizertimingpostcts/pll_top.sdc'…
