Clock: sys_clk
Sources: sys_clk 
Generated: no
Virtual: yes
Propagated: no
Period: 10.000000

===========================================================================
report_clock_properties
============================================================================
Clock                   Period          Waveform
----------------------------------------------------
sys_clk              10.000000    0.000000  5.000000

===========================================================================
report_clock_latency
============================================================================
Clock sys_clk
rise -> rise
    min     max
0.000000 0.000000 source latency
0.799623         network latency _2208_/CLK
        2.702301 network latency _2234_/CLK
---------------
0.799623 2.702301 latency
        1.902678 skew

rise -> fall
    min     max
0.000000 0.000000 source latency
2.014235         network latency _2252_/CLK
        2.494684 network latency _2234_/CLK
---------------
2.014235 2.494684 latency
        0.480449 skew

fall -> fall
    min     max
0.000000 0.000000 source latency
0.712234         network latency _2208_/CLK
        0.730667 network latency _2124_/CLK
---------------
0.712234 0.730667 latency
        0.018433 skew



===========================================================================
report_clock_min_period
============================================================================
sys_clk period_min = 10.23 fmax = 97.78
