Clock: sys_clk
Sources: sys_clk 
Generated: no
Virtual: yes
Propagated: no
Period: 10.000000

===========================================================================
report_clock_properties
============================================================================
Clock                   Period          Waveform
----------------------------------------------------
sys_clk              10.000000    0.000000  5.000000

===========================================================================
report_clock_latency
============================================================================
Clock sys_clk
rise -> rise
    min     max
0.000000 0.000000 source latency
0.867389         network latency _2215_/CLK
        3.120406 network latency _2198_/CLK
---------------
0.867389 3.120406 latency
        2.253018 skew

rise -> fall
    min     max
0.000000 0.000000 source latency
2.038653         network latency _2212_/CLK
        2.720042 network latency _2198_/CLK
---------------
2.038653 2.720042 latency
        0.681389 skew

fall -> fall
    min     max
0.000000 0.000000 source latency
0.759830         network latency _2215_/CLK
        0.780420 network latency _2064_/CLK
---------------
0.759830 0.780420 latency
        0.020591 skew



===========================================================================
report_clock_min_period
============================================================================
sys_clk period_min = 11.26 fmax = 88.78
