Using 14 threads…
Using a tile size of (500 µm)²…
Reading /Users/refikyalcin/vlsi/digital/Tiny-PLL/openlane/runs/RUN_2025-12-22_15-30-35/56-magic-streamout/pll_top.magic.gds ..
Reading /Users/refikyalcin/vlsi/digital/Tiny-PLL/openlane/runs/RUN_2025-12-22_15-30-35/57-klayout-streamout/pll_top.klayout.gds ..
--- Running XOR for layer 0/0 ---
"input" in: xor.drc:109
    Polygons (raw): 4363 (flat)  86 (hierarchical)
    Elapsed: 0.000s
"input" in: xor.drc:109
    Polygons (raw): 4363 (flat)  86 (hierarchical)
    Elapsed: 0.000s
"^" in: xor.drc:109
    Polygons (raw): 0 (flat)  0 (hierarchical)
    Elapsed: 0.020s
XOR differences: 0
"output" in: xor.drc:86
    Polygons (raw): 0 (flat)  0 (hierarchical)
    Elapsed: 0.000s
--- Running XOR for layer 112/1 ---
"input" in: xor.drc:109
    Polygons (raw): 4362 (flat)  85 (hierarchical)
    Elapsed: 0.000s
"input" in: xor.drc:109
    Polygons (raw): 4362 (flat)  85 (hierarchical)
    Elapsed: 0.000s
"^" in: xor.drc:109
    Polygons (raw): 0 (flat)  0 (hierarchical)
    Elapsed: 0.030s
XOR differences: 0
"output" in: xor.drc:86
    Polygons (raw): 0 (flat)  0 (hierarchical)
    Elapsed: 0.000s
--- Running XOR for layer 204/0 ---
"input" in: xor.drc:109
    Polygons (raw): 4362 (flat)  85 (hierarchical)
    Elapsed: 0.000s
"input" in: xor.drc:109
    Polygons (raw): 4362 (flat)  85 (hierarchical)
    Elapsed: 0.000s
"^" in: xor.drc:109
    Polygons (raw): 0 (flat)  0 (hierarchical)
    Elapsed: 0.020s
XOR differences: 0
"output" in: xor.drc:86
    Polygons (raw): 0 (flat)  0 (hierarchical)
    Elapsed: 0.000s
--- Running XOR for layer 204/10 ---
"input" in: xor.drc:109
    Polygons (raw): 0 (flat)  0 (hierarchical)
    Elapsed: 0.000s
"input" in: xor.drc:109
    Polygons (raw): 0 (flat)  0 (hierarchical)
    Elapsed: 0.000s
"^" in: xor.drc:109
    Polygons (raw): 0 (flat)  0 (hierarchical)
    Elapsed: 0.010s
XOR differences: 0
"output" in: xor.drc:86
    Polygons (raw): 0 (flat)  0 (hierarchical)
    Elapsed: 0.000s
--- Running XOR for layer 21/0 ---
"input" in: xor.drc:109
    Polygons (raw): 4362 (flat)  85 (hierarchical)
    Elapsed: 0.000s
"input" in: xor.drc:109
    Polygons (raw): 4362 (flat)  85 (hierarchical)
    Elapsed: 0.000s
"^" in: xor.drc:109
    Polygons (raw): 0 (flat)  0 (hierarchical)
    Elapsed: 0.020s
XOR differences: 0
"output" in: xor.drc:86
    Polygons (raw): 0 (flat)  0 (hierarchical)
    Elapsed: 0.000s
--- Running XOR for layer 21/10 ---
"input" in: xor.drc:109
    Polygons (raw): 0 (flat)  0 (hierarchical)
    Elapsed: 0.000s
"input" in: xor.drc:109
    Polygons (raw): 0 (flat)  0 (hierarchical)
    Elapsed: 0.000s
"^" in: xor.drc:109
    Polygons (raw): 0 (flat)  0 (hierarchical)
    Elapsed: 0.000s
XOR differences: 0
"output" in: xor.drc:86
    Polygons (raw): 0 (flat)  0 (hierarchical)
    Elapsed: 0.000s
--- Running XOR for layer 22/0 ---
"input" in: xor.drc:109
    Polygons (raw): 9655 (flat)  248 (hierarchical)
    Elapsed: 0.000s
"input" in: xor.drc:109
    Polygons (raw): 9655 (flat)  248 (hierarchical)
    Elapsed: 0.000s
"^" in: xor.drc:109
    Polygons (raw): 0 (flat)  0 (hierarchical)
    Elapsed: 0.040s
XOR differences: 0
"output" in: xor.drc:86
    Polygons (raw): 0 (flat)  0 (hierarchical)
    Elapsed: 0.000s
--- Running XOR for layer 30/0 ---
"input" in: xor.drc:109
    Polygons (raw): 11142 (flat)  462 (hierarchical)
    Elapsed: 0.000s
"input" in: xor.drc:109
    Polygons (raw): 11142 (flat)  462 (hierarchical)
    Elapsed: 0.000s
"^" in: xor.drc:109
    Polygons (raw): 0 (flat)  0 (hierarchical)
    Elapsed: 0.060s
XOR differences: 0
"output" in: xor.drc:86
    Polygons (raw): 0 (flat)  0 (hierarchical)
    Elapsed: 0.000s
--- Running XOR for layer 31/0 ---
"input" in: xor.drc:109
    Polygons (raw): 4927 (flat)  87 (hierarchical)
    Elapsed: 0.000s
"input" in: xor.drc:109
    Polygons (raw): 4927 (flat)  87 (hierarchical)
    Elapsed: 0.000s
"^" in: xor.drc:109
    Polygons (raw): 0 (flat)  0 (hierarchical)
    Elapsed: 0.020s
XOR differences: 0
"output" in: xor.drc:86
    Polygons (raw): 0 (flat)  0 (hierarchical)
    Elapsed: 0.000s
--- Running XOR for layer 32/0 ---
"input" in: xor.drc:109
    Polygons (raw): 4362 (flat)  85 (hierarchical)
    Elapsed: 0.000s
"input" in: xor.drc:109
    Polygons (raw): 4362 (flat)  85 (hierarchical)
    Elapsed: 0.000s
"^" in: xor.drc:109
    Polygons (raw): 0 (flat)  0 (hierarchical)
    Elapsed: 0.020s
XOR differences: 0
"output" in: xor.drc:86
    Polygons (raw): 0 (flat)  0 (hierarchical)
    Elapsed: 0.000s
--- Running XOR for layer 33/0 ---
"input" in: xor.drc:109
    Polygons (raw): 52377 (flat)  2185 (hierarchical)
    Elapsed: 0.000s
"input" in: xor.drc:109
    Polygons (raw): 52377 (flat)  2185 (hierarchical)
    Elapsed: 0.000s
"^" in: xor.drc:109
    Polygons (raw): 0 (flat)  0 (hierarchical)
    Elapsed: 0.150s
XOR differences: 0
"output" in: xor.drc:86
    Polygons (raw): 0 (flat)  0 (hierarchical)
    Elapsed: 0.000s
--- Running XOR for layer 34/0 ---
"input" in: xor.drc:109
    Polygons (raw): 25927 (flat)  5974 (hierarchical)
    Elapsed: 0.000s
"input" in: xor.drc:109
    Polygons (raw): 26521 (flat)  709 (hierarchical)
    Elapsed: 0.000s
"^" in: xor.drc:109
    Polygons (raw): 0 (flat)  0 (hierarchical)
    Elapsed: 0.180s
XOR differences: 0
"output" in: xor.drc:86
    Polygons (raw): 0 (flat)  0 (hierarchical)
    Elapsed: 0.000s
--- Running XOR for layer 34/10 ---
"input" in: xor.drc:109
    Polygons (raw): 0 (flat)  0 (hierarchical)
    Elapsed: 0.000s
"input" in: xor.drc:109
    Polygons (raw): 0 (flat)  0 (hierarchical)
    Elapsed: 0.000s
"^" in: xor.drc:109
    Polygons (raw): 0 (flat)  0 (hierarchical)
    Elapsed: 0.010s
XOR differences: 0
"output" in: xor.drc:86
    Polygons (raw): 0 (flat)  0 (hierarchical)
    Elapsed: 0.000s
--- Running XOR for layer 35/0 ---
"input" in: xor.drc:109
    Polygons (raw): 7050 (flat)  7050 (hierarchical)
    Elapsed: 0.000s
"input" in: xor.drc:109
    Polygons (raw): 7050 (flat)  5 (hierarchical)
    Elapsed: 0.000s
"^" in: xor.drc:109
    Polygons (raw): 0 (flat)  0 (hierarchical)
    Elapsed: 0.020s
XOR differences: 0
"output" in: xor.drc:86
    Polygons (raw): 0 (flat)  0 (hierarchical)
    Elapsed: 0.000s
--- Running XOR for layer 36/0 ---
"input" in: xor.drc:109
    Polygons (raw): 9879 (flat)  9879 (hierarchical)
    Elapsed: 0.000s
"input" in: xor.drc:109
    Polygons (raw): 18580 (flat)  7981 (hierarchical)
    Elapsed: 0.000s
"^" in: xor.drc:109
    Polygons (raw): 0 (flat)  0 (hierarchical)
    Elapsed: 0.080s
XOR differences: 0
"output" in: xor.drc:86
    Polygons (raw): 0 (flat)  0 (hierarchical)
    Elapsed: 0.000s
--- Running XOR for layer 36/10 ---
"input" in: xor.drc:109
    Polygons (raw): 40 (flat)  40 (hierarchical)
    Elapsed: 0.000s
"input" in: xor.drc:109
    Polygons (raw): 40 (flat)  40 (hierarchical)
    Elapsed: 0.000s
"^" in: xor.drc:109
    Polygons (raw): 0 (flat)  0 (hierarchical)
    Elapsed: 0.000s
XOR differences: 0
"output" in: xor.drc:86
    Polygons (raw): 0 (flat)  0 (hierarchical)
    Elapsed: 0.000s
--- Running XOR for layer 38/0 ---
"input" in: xor.drc:109
    Polygons (raw): 6524 (flat)  6524 (hierarchical)
    Elapsed: 0.010s
"input" in: xor.drc:109
    Polygons (raw): 6524 (flat)  5 (hierarchical)
    Elapsed: 0.000s
"^" in: xor.drc:109
    Polygons (raw): 0 (flat)  0 (hierarchical)
    Elapsed: 0.010s
XOR differences: 0
"output" in: xor.drc:86
    Polygons (raw): 0 (flat)  0 (hierarchical)
    Elapsed: 0.000s
--- Running XOR for layer 40/0 ---
"input" in: xor.drc:109
    Polygons (raw): 2504 (flat)  2504 (hierarchical)
    Elapsed: 0.000s
"input" in: xor.drc:109
    Polygons (raw): 2504 (flat)  5 (hierarchical)
    Elapsed: 0.000s
"^" in: xor.drc:109
    Polygons (raw): 0 (flat)  0 (hierarchical)
    Elapsed: 0.000s
XOR differences: 0
"output" in: xor.drc:86
    Polygons (raw): 0 (flat)  0 (hierarchical)
    Elapsed: 0.000s
--- Running XOR for layer 41/0 ---
"input" in: xor.drc:109
    Polygons (raw): 1458 (flat)  1458 (hierarchical)
    Elapsed: 0.000s
"input" in: xor.drc:109
    Polygons (raw): 1458 (flat)  9 (hierarchical)
    Elapsed: 0.010s
"^" in: xor.drc:109
    Polygons (raw): 0 (flat)  0 (hierarchical)
    Elapsed: 0.010s
XOR differences: 0
"output" in: xor.drc:86
    Polygons (raw): 0 (flat)  0 (hierarchical)
    Elapsed: 0.000s
--- Running XOR for layer 42/0 ---
"input" in: xor.drc:109
    Polygons (raw): 2965 (flat)  2965 (hierarchical)
    Elapsed: 0.000s
"input" in: xor.drc:109
    Polygons (raw): 8346 (flat)  2886 (hierarchical)
    Elapsed: 0.000s
"^" in: xor.drc:109
    Polygons (raw): 0 (flat)  0 (hierarchical)
    Elapsed: 0.020s
XOR differences: 0
"output" in: xor.drc:86
    Polygons (raw): 0 (flat)  0 (hierarchical)
    Elapsed: 0.000s
--- Running XOR for layer 42/10 ---
"input" in: xor.drc:109
    Polygons (raw): 61 (flat)  61 (hierarchical)
    Elapsed: 0.000s
"input" in: xor.drc:109
    Polygons (raw): 61 (flat)  61 (hierarchical)
    Elapsed: 0.000s
"^" in: xor.drc:109
    Polygons (raw): 0 (flat)  0 (hierarchical)
    Elapsed: 0.010s
XOR differences: 0
"output" in: xor.drc:86
    Polygons (raw): 0 (flat)  0 (hierarchical)
    Elapsed: 0.000s
--- Running XOR for layer 46/0 ---
"input" in: xor.drc:109
    Polygons (raw): 79 (flat)  79 (hierarchical)
    Elapsed: 0.000s
"input" in: xor.drc:109
    Polygons (raw): 991 (flat)  110 (hierarchical)
    Elapsed: 0.000s
"^" in: xor.drc:109
    Polygons (raw): 0 (flat)  0 (hierarchical)
    Elapsed: 0.010s
XOR differences: 0
"output" in: xor.drc:86
    Polygons (raw): 0 (flat)  0 (hierarchical)
    Elapsed: 0.000s
--- Running XOR for layer 46/10 ---
"input" in: xor.drc:109
    Polygons (raw): 18 (flat)  18 (hierarchical)
    Elapsed: 0.000s
"input" in: xor.drc:109
    Polygons (raw): 18 (flat)  18 (hierarchical)
    Elapsed: 0.000s
"^" in: xor.drc:109
    Polygons (raw): 0 (flat)  0 (hierarchical)
    Elapsed: 0.000s
XOR differences: 0
"output" in: xor.drc:86
    Polygons (raw): 0 (flat)  0 (hierarchical)
    Elapsed: 0.000s
--- Running XOR for layer 55/0 ---
"input" in: xor.drc:109
    Polygons (raw): 4362 (flat)  85 (hierarchical)
    Elapsed: 0.000s
"input" in: xor.drc:109
    Polygons (raw): 4362 (flat)  85 (hierarchical)
    Elapsed: 0.000s
"^" in: xor.drc:109
    Polygons (raw): 0 (flat)  0 (hierarchical)
    Elapsed: 0.030s
XOR differences: 0
"output" in: xor.drc:86
    Polygons (raw): 0 (flat)  0 (hierarchical)
    Elapsed: 0.000s
--- Running XOR for layer 63/63 ---
"input" in: xor.drc:109
    Polygons (raw): 0 (flat)  0 (hierarchical)
    Elapsed: 0.000s
"input" in: xor.drc:109
    Polygons (raw): 0 (flat)  0 (hierarchical)
    Elapsed: 0.000s
"^" in: xor.drc:109
    Polygons (raw): 0 (flat)  0 (hierarchical)
    Elapsed: 0.000s
XOR differences: 0
"output" in: xor.drc:86
    Polygons (raw): 0 (flat)  0 (hierarchical)
    Elapsed: 0.000s
--- Running XOR for layer 81/0 ---
"input" in: xor.drc:109
    Polygons (raw): 18 (flat)  18 (hierarchical)
    Elapsed: 0.010s
"input" in: xor.drc:109
    Polygons (raw): 198 (flat)  37 (hierarchical)
    Elapsed: 0.000s
"^" in: xor.drc:109
    Polygons (raw): 0 (flat)  0 (hierarchical)
    Elapsed: 0.000s
XOR differences: 0
"output" in: xor.drc:86
    Polygons (raw): 0 (flat)  0 (hierarchical)
    Elapsed: 0.000s
--- Running XOR for layer 81/10 ---
"input" in: xor.drc:109
    Polygons (raw): 18 (flat)  18 (hierarchical)
    Elapsed: 0.000s
"input" in: xor.drc:109
    Polygons (raw): 18 (flat)  18 (hierarchical)
    Elapsed: 0.000s
"^" in: xor.drc:109
    Polygons (raw): 0 (flat)  0 (hierarchical)
    Elapsed: 0.010s
XOR differences: 0
"output" in: xor.drc:86
    Polygons (raw): 0 (flat)  0 (hierarchical)
    Elapsed: 0.000s
---
Total XOR differences: 0
Writing report database: /Users/refikyalcin/vlsi/digital/Tiny-PLL/openlane/runs/RUN_2025-12-22_15-30-35/60-klayout-xor/xor.xml ..
Total elapsed: 0.880s
/Users/refikyalcin/vlsi/digital/Tiny-PLL/openlane/runs/RUN_2025-12-22_15-30-35/56-magic-streamout/pll_top.magic.gds
/Users/refikyalcin/vlsi/digital/Tiny-PLL/openlane/runs/RUN_2025-12-22_15-30-35/57-klayout-streamout/pll_top.klayout.gds
%OL_METRIC_I design__xor_difference__count 0
