Clock: sys_clk
Sources: sys_clk 
Generated: no
Virtual: yes
Propagated: no
Period: 24.000000

===========================================================================
report_clock_properties
============================================================================
Clock                   Period          Waveform
----------------------------------------------------
sys_clk              24.000000    0.000000 12.000000

===========================================================================
report_clock_latency
============================================================================
Clock sys_clk
rise -> rise
    min     max
0.000000 0.000000 source latency
0.539216         network latency _2400_/CLK
        2.201377 network latency _2408_/CLK
---------------
0.539216 2.201377 latency
        1.662161 skew

rise -> fall
    min     max
0.000000 0.000000 source latency
1.435143         network latency _2415_/CLK
        2.170706 network latency _2408_/CLK
---------------
1.435143 2.170706 latency
        0.735563 skew

fall -> fall
    min     max
0.000000 0.000000 source latency
0.511800         network latency _2400_/CLK
        0.526049 network latency _2372_/CLK
---------------
0.511800 0.526049 latency
        0.014250 skew



===========================================================================
report_clock_min_period
============================================================================
sys_clk period_min = 8.19 fmax = 122.04
