
===========================================================================
report_checks -unconstrained
===========================================================================
======================= nom_tt_025C_5v00 Corner ===================================

Startpoint: rst_n (input port clocked by sys_clk)
Endpoint: _2391_ (rising edge-triggered flip-flop clocked by sys_clk)
Path Group: sys_clk
Path Type: max

Fanout         Cap        Slew       Delay        Time   Description
---------------------------------------------------------------------------------------------
                                  0.000000    0.000000   clock sys_clk (rise edge)
                                  0.000000    0.000000   clock network delay (propagated)
                                  4.800000    4.800000 ^ input external delay
    45    0.295027    4.770444    2.755865    7.555865 ^ rst_n (in)
                                                         rst_n (net)
                      4.770496    0.000000    7.555865 ^ _1149_/I (gf180mcu_fd_sc_mcu7t5v0__clkinv_1)
    58    0.366523    5.618496    4.672234   12.228100 v _1149_/ZN (gf180mcu_fd_sc_mcu7t5v0__clkinv_1)
                                                         _0566_ (net)
                      5.618527    0.011829   12.239928 v _1805_/A1 (gf180mcu_fd_sc_mcu7t5v0__nor2_1)
    55    0.344615   10.135262    7.408037   19.647966 ^ _1805_/ZN (gf180mcu_fd_sc_mcu7t5v0__nor2_1)
                                                         _0173_ (net)
                     10.135262    0.004489   19.652454 ^ _2140_/C (gf180mcu_fd_sc_mcu7t5v0__aoi221_1)
     1    0.005256    2.407632    0.279693   19.932148 v _2140_/ZN (gf180mcu_fd_sc_mcu7t5v0__aoi221_1)
                                                         _0463_ (net)
                      2.407632    0.000018   19.932165 v _2141_/B (gf180mcu_fd_sc_mcu7t5v0__aoi21_1)
     1    0.002547    0.955013    0.546724   20.478888 ^ _2141_/ZN (gf180mcu_fd_sc_mcu7t5v0__aoi21_1)
                                                         _0104_ (net)
                      0.955013    0.000002   20.478889 ^ _2391_/D (gf180mcu_fd_sc_mcu7t5v0__dffq_1)
                                             20.478889   data arrival time

                                 24.000000   24.000000   clock sys_clk (rise edge)
                                  0.000000   24.000000   clock source latency
   121    0.551140    2.237399    1.298494   25.298492 ^ sys_clk (in)
                                                         sys_clk (net)
                      2.237918    0.000000   25.298492 ^ _2391_/CLK (gf180mcu_fd_sc_mcu7t5v0__dffq_1)
                                 -0.250000   25.048494   clock uncertainty
                                  0.000000   25.048494   clock reconvergence pessimism
                                 -0.084441   24.964052   library setup time
                                             24.964052   data required time
---------------------------------------------------------------------------------------------
                                             24.964052   data required time
                                            -20.478889   data arrival time
---------------------------------------------------------------------------------------------
                                              4.485163   slack (MET)




===========================================================================
report_checks --slack_max -0.01
============================================================================
======================= nom_tt_025C_5v00 Corner ===================================

No paths found.


===========================================================================
 report_check_types -max_slew -max_cap -max_fanout -violators
============================================================================
======================= nom_tt_025C_5v00 Corner ===================================

max slew

Pin                                        Limit        Slew       Slack
------------------------------------------------------------------------
_1805_/ZN                               3.000000   10.135262   -7.135262 (VIOLATED)
_1806_/A2                               3.000000   10.135262   -7.135262 (VIOLATED)
_1817_/A2                               3.000000   10.135262   -7.135262 (VIOLATED)
_1825_/A2                               3.000000   10.135262   -7.135262 (VIOLATED)
_1833_/C1                               3.000000   10.135262   -7.135262 (VIOLATED)
_1840_/A2                               3.000000   10.135262   -7.135262 (VIOLATED)
_1850_/A2                               3.000000   10.135262   -7.135262 (VIOLATED)
_1857_/A2                               3.000000   10.135262   -7.135262 (VIOLATED)
_1870_/A2                               3.000000   10.135262   -7.135262 (VIOLATED)
_1879_/A2                               3.000000   10.135262   -7.135262 (VIOLATED)
_1887_/A2                               3.000000   10.135262   -7.135262 (VIOLATED)
_1893_/B1                               3.000000   10.135262   -7.135262 (VIOLATED)
_1904_/A2                               3.000000   10.135262   -7.135262 (VIOLATED)
_1910_/A2                               3.000000   10.135262   -7.135262 (VIOLATED)
_1922_/A2                               3.000000   10.135262   -7.135262 (VIOLATED)
_1930_/A2                               3.000000   10.135262   -7.135262 (VIOLATED)
_1944_/A2                               3.000000   10.135262   -7.135262 (VIOLATED)
_1950_/A2                               3.000000   10.135262   -7.135262 (VIOLATED)
_1961_/A2                               3.000000   10.135262   -7.135262 (VIOLATED)
_1969_/A2                               3.000000   10.135262   -7.135262 (VIOLATED)
_1978_/A2                               3.000000   10.135262   -7.135262 (VIOLATED)
_1985_/A2                               3.000000   10.135262   -7.135262 (VIOLATED)
_1993_/A2                               3.000000   10.135262   -7.135262 (VIOLATED)
_2000_/A2                               3.000000   10.135262   -7.135262 (VIOLATED)
_2032_/S                                3.000000   10.135262   -7.135262 (VIOLATED)
_2039_/A2                               3.000000   10.135262   -7.135262 (VIOLATED)
_2044_/A2                               3.000000   10.135262   -7.135262 (VIOLATED)
_2051_/A2                               3.000000   10.135262   -7.135262 (VIOLATED)
_2056_/A2                               3.000000   10.135262   -7.135262 (VIOLATED)
_2067_/A2                               3.000000   10.135262   -7.135262 (VIOLATED)
_2073_/A2                               3.000000   10.135262   -7.135262 (VIOLATED)
_2081_/B2                               3.000000   10.135262   -7.135262 (VIOLATED)
_2088_/A2                               3.000000   10.135262   -7.135262 (VIOLATED)
_2096_/A2                               3.000000   10.135262   -7.135262 (VIOLATED)
_2101_/A2                               3.000000   10.135262   -7.135262 (VIOLATED)
_2112_/B2                               3.000000   10.135262   -7.135262 (VIOLATED)
_2119_/A2                               3.000000   10.135262   -7.135262 (VIOLATED)
_2126_/A2                               3.000000   10.135262   -7.135262 (VIOLATED)
_2130_/A2                               3.000000   10.135262   -7.135262 (VIOLATED)
_2140_/C                                3.000000   10.135262   -7.135262 (VIOLATED)
_2141_/A2                               3.000000   10.135262   -7.135262 (VIOLATED)
_2146_/A2                               3.000000   10.135262   -7.135262 (VIOLATED)
_2157_/A2                               3.000000   10.135262   -7.135262 (VIOLATED)
_2162_/B2                               3.000000   10.135262   -7.135262 (VIOLATED)
_2170_/A2                               3.000000   10.135262   -7.135262 (VIOLATED)
_2177_/A2                               3.000000   10.135262   -7.135262 (VIOLATED)
_2183_/A2                               3.000000   10.135262   -7.135262 (VIOLATED)
_2188_/A2                               3.000000   10.135262   -7.135262 (VIOLATED)
_2199_/A2                               3.000000   10.135262   -7.135262 (VIOLATED)
_2205_/A2                               3.000000   10.135262   -7.135262 (VIOLATED)
_2213_/A2                               3.000000   10.135262   -7.135262 (VIOLATED)
_2219_/A2                               3.000000   10.135262   -7.135262 (VIOLATED)
_2229_/A2                               3.000000   10.135262   -7.135262 (VIOLATED)
_2238_/A2                               3.000000   10.135262   -7.135262 (VIOLATED)
_2245_/A2                               3.000000   10.135262   -7.135262 (VIOLATED)
_2249_/A2                               3.000000   10.135262   -7.135262 (VIOLATED)
_2034_/ZN                               3.000000    6.783732   -3.783732 (VIOLATED)
_2038_/A3                               3.000000    6.783732   -3.783732 (VIOLATED)
_2042_/A2                               3.000000    6.783732   -3.783732 (VIOLATED)
_2043_/A2                               3.000000    6.783732   -3.783732 (VIOLATED)
_2046_/A2                               3.000000    6.783732   -3.783732 (VIOLATED)
_2047_/A2                               3.000000    6.783732   -3.783732 (VIOLATED)
_2059_/B                                3.000000    6.783732   -3.783732 (VIOLATED)
_2061_/A2                               3.000000    6.783732   -3.783732 (VIOLATED)
_2069_/A2                               3.000000    6.783732   -3.783732 (VIOLATED)
_2070_/A2                               3.000000    6.783732   -3.783732 (VIOLATED)
_2072_/A2                               3.000000    6.783732   -3.783732 (VIOLATED)
_2077_/A2                               3.000000    6.783732   -3.783732 (VIOLATED)
_2078_/A2                               3.000000    6.783732   -3.783732 (VIOLATED)
_2083_/A2                               3.000000    6.783732   -3.783732 (VIOLATED)
_2084_/A2                               3.000000    6.783732   -3.783732 (VIOLATED)
_2085_/A2                               3.000000    6.783732   -3.783732 (VIOLATED)
_2086_/A2                               3.000000    6.783732   -3.783732 (VIOLATED)
_2090_/A2                               3.000000    6.783732   -3.783732 (VIOLATED)
_2091_/A2                               3.000000    6.783732   -3.783732 (VIOLATED)
_2098_/A3                               3.000000    6.783732   -3.783732 (VIOLATED)
_2103_/A2                               3.000000    6.783732   -3.783732 (VIOLATED)
_2104_/A2                               3.000000    6.783732   -3.783732 (VIOLATED)
_2108_/A2                               3.000000    6.783732   -3.783732 (VIOLATED)
_2114_/A2                               3.000000    6.783732   -3.783732 (VIOLATED)
_2135_/B1                               3.000000    6.783732   -3.783732 (VIOLATED)
_1230_/A1                               3.000000    5.765700   -2.765700 (VIOLATED)
_1762_/A1                               3.000000    5.765697   -2.765697 (VIOLATED)
_1764_/A1                               3.000000    5.765698   -2.765698 (VIOLATED)
_1767_/A1                               3.000000    5.765700   -2.765701 (VIOLATED)
_1770_/A1                               3.000000    5.765701   -2.765701 (VIOLATED)
_1759_/A1                               3.000000    5.765692   -2.765692 (VIOLATED)
_1763_/A1                               3.000000    5.765695   -2.765695 (VIOLATED)
_1757_/A1                               3.000000    5.765688   -2.765688 (VIOLATED)
_1758_/A1                               3.000000    5.765687   -2.765687 (VIOLATED)
_1807_/A1                               3.000000    5.765687   -2.765687 (VIOLATED)
_1818_/A1                               3.000000    5.765687   -2.765687 (VIOLATED)
_1755_/A1                               3.000000    5.765682   -2.765682 (VIOLATED)
_1197_/A1                               3.000000    5.765676   -2.765677 (VIOLATED)
_1198_/B                                3.000000    5.765677   -2.765677 (VIOLATED)
_1202_/A1                               3.000000    5.765676   -2.765676 (VIOLATED)
_1754_/B                                3.000000    5.765678   -2.765678 (VIOLATED)
_1756_/A1                               3.000000    5.765680   -2.765680 (VIOLATED)
_1776_/A1                               3.000000    5.765678   -2.765678 (VIOLATED)
_1269_/A1                               3.000000    5.765673   -2.765673 (VIOLATED)
_1824_/A1                               3.000000    5.765672   -2.765672 (VIOLATED)
_2003_/A1                               3.000000    5.765672   -2.765672 (VIOLATED)
_2081_/A1                               3.000000    5.765673   -2.765673 (VIOLATED)
_2112_/A1                               3.000000    5.765670   -2.765671 (VIOLATED)
_1304_/A1                               3.000000    5.765666   -2.765666 (VIOLATED)
_1833_/A1                               3.000000    5.765666   -2.765666 (VIOLATED)
_1839_/A1                               3.000000    5.765668   -2.765669 (VIOLATED)
_1851_/A1                               3.000000    5.765667   -2.765667 (VIOLATED)
_1856_/A1                               3.000000    5.765665   -2.765665 (VIOLATED)
_1203_/B                                3.000000    5.765661   -2.765661 (VIOLATED)
_1871_/A1                               3.000000    5.765663   -2.765663 (VIOLATED)
_2139_/A1                               3.000000    5.765662   -2.765662 (VIOLATED)
_2140_/A1                               3.000000    5.765662   -2.765662 (VIOLATED)
_1319_/A1                               3.000000    5.765657   -2.765658 (VIOLATED)
_1805_/A1                               3.000000    5.765656   -2.765657 (VIOLATED)
_1878_/A1                               3.000000    5.765659   -2.765659 (VIOLATED)
_1888_/A1                               3.000000    5.765655   -2.765655 (VIOLATED)
_1336_/A1                               3.000000    5.765650   -2.765651 (VIOLATED)
_1903_/A1                               3.000000    5.765651   -2.765651 (VIOLATED)
_1911_/A1                               3.000000    5.765651   -2.765651 (VIOLATED)
_2023_/C                                3.000000    5.765645   -2.765645 (VIOLATED)
_2162_/A1                               3.000000    5.765647   -2.765647 (VIOLATED)
_2251_/A1                               3.000000    5.765637   -2.765638 (VIOLATED)
_1893_/A1                               3.000000    5.765634   -2.765634 (VIOLATED)
_1999_/A1                               3.000000    5.765636   -2.765637 (VIOLATED)
_1979_/A1                               3.000000    5.765623   -2.765623 (VIOLATED)
_1986_/A1                               3.000000    5.765619   -2.765619 (VIOLATED)
_1994_/A1                               3.000000    5.765622   -2.765622 (VIOLATED)
_1418_/A1                               3.000000    5.765611   -2.765611 (VIOLATED)
_1149_/ZN                               3.000000    5.765582   -2.765582 (VIOLATED)
_1383_/A1                               3.000000    5.765582   -2.765582 (VIOLATED)
_1392_/A1                               3.000000    5.765582   -2.765582 (VIOLATED)
_1399_/A1                               3.000000    5.765582   -2.765582 (VIOLATED)
_1407_/A1                               3.000000    5.765582   -2.765582 (VIOLATED)
_1412_/A1                               3.000000    5.765582   -2.765582 (VIOLATED)
_1923_/A1                               3.000000    5.765582   -2.765582 (VIOLATED)
_1929_/A1                               3.000000    5.765582   -2.765582 (VIOLATED)
_1951_/A1                               3.000000    5.765582   -2.765582 (VIOLATED)
_1962_/A1                               3.000000    5.765582   -2.765582 (VIOLATED)
_1968_/A1                               3.000000    5.765582   -2.765582 (VIOLATED)
_1149_/I                                3.000000    4.770496   -1.770496 (VIOLATED)
_1422_/B                                3.000000    4.770494   -1.770494 (VIOLATED)
_2267_/A1                               3.000000    4.770490   -1.770491 (VIOLATED)
_1778_/A2                               3.000000    4.770489   -1.770489 (VIOLATED)
_2368_/D                                3.000000    4.770490   -1.770490 (VIOLATED)
_1802_/A1                               3.000000    4.770488   -1.770488 (VIOLATED)
_1803_/A1                               3.000000    4.770488   -1.770488 (VIOLATED)
_2014_/B                                3.000000    4.770488   -1.770488 (VIOLATED)
_2018_/B                                3.000000    4.770488   -1.770488 (VIOLATED)
_2025_/A1                               3.000000    4.770487   -1.770487 (VIOLATED)
_2027_/A1                               3.000000    4.770488   -1.770488 (VIOLATED)
_2005_/B                                3.000000    4.770480   -1.770480 (VIOLATED)
_2030_/A2                               3.000000    4.770477   -1.770478 (VIOLATED)
_1760_/A1                               3.000000    4.770470   -1.770470 (VIOLATED)
_1206_/B                                3.000000    4.770465   -1.770466 (VIOLATED)
_1210_/B                                3.000000    4.770466   -1.770466 (VIOLATED)
_1774_/A1                               3.000000    4.770468   -1.770468 (VIOLATED)
_1775_/A1                               3.000000    4.770468   -1.770468 (VIOLATED)
_1215_/B                                3.000000    4.770464   -1.770464 (VIOLATED)
_1943_/A1                               3.000000    4.770465   -1.770466 (VIOLATED)
_1220_/B                                3.000000    4.770463   -1.770463 (VIOLATED)
_1225_/B                                3.000000    4.770461   -1.770461 (VIOLATED)
_1343_/B                                3.000000    4.770462   -1.770462 (VIOLATED)
_1348_/B                                3.000000    4.770463   -1.770463 (VIOLATED)
_1357_/B                                3.000000    4.770463   -1.770463 (VIOLATED)
_1364_/A1                               3.000000    4.770464   -1.770464 (VIOLATED)
_1376_/A1                               3.000000    4.770465   -1.770465 (VIOLATED)
_1777_/S                                3.000000    4.770466   -1.770466 (VIOLATED)
_1796_/A1                               3.000000    4.770466   -1.770466 (VIOLATED)
_1797_/A1                               3.000000    4.770466   -1.770466 (VIOLATED)
_1798_/A1                               3.000000    4.770467   -1.770467 (VIOLATED)
_1330_/A1                               3.000000    4.770459   -1.770459 (VIOLATED)
rst_n                                   3.000000    4.770444   -1.770444 (VIOLATED)
_1236_/B                                3.000000    4.770444   -1.770444 (VIOLATED)
_1243_/A1                               3.000000    4.770444   -1.770444 (VIOLATED)
_1249_/B                                3.000000    4.770444   -1.770444 (VIOLATED)
_1254_/B                                3.000000    4.770444   -1.770444 (VIOLATED)
_1263_/B                                3.000000    4.770444   -1.770444 (VIOLATED)
_1281_/A1                               3.000000    4.770444   -1.770444 (VIOLATED)
_1286_/B                                3.000000    4.770444   -1.770444 (VIOLATED)
_1296_/B                                3.000000    4.770444   -1.770444 (VIOLATED)
_1313_/B                                3.000000    4.770444   -1.770444 (VIOLATED)
_1765_/A1                               3.000000    4.770444   -1.770444 (VIOLATED)
_1768_/A1                               3.000000    4.770444   -1.770444 (VIOLATED)
_1771_/A1                               3.000000    4.770444   -1.770444 (VIOLATED)
_1773_/S                                3.000000    4.770444   -1.770444 (VIOLATED)
_1895_/A1                               3.000000    4.546889   -1.546889 (VIOLATED)
_1896_/A1                               3.000000    4.546889   -1.546889 (VIOLATED)
_1907_/A1                               3.000000    4.546890   -1.546890 (VIOLATED)
_1913_/B                                3.000000    4.546890   -1.546890 (VIOLATED)
_1916_/A1                               3.000000    4.546889   -1.546889 (VIOLATED)
_1917_/A1                               3.000000    4.546891   -1.546891 (VIOLATED)
_1925_/A1                               3.000000    4.546889   -1.546889 (VIOLATED)
_1146_/I                                3.000000    4.546885   -1.546885 (VIOLATED)
_1891_/A1                               3.000000    4.546886   -1.546887 (VIOLATED)
_1898_/B                                3.000000    4.546887   -1.546888 (VIOLATED)
_1932_/A1                               3.000000    4.546888   -1.546888 (VIOLATED)
_1933_/A1                               3.000000    4.546888   -1.546888 (VIOLATED)
_1938_/A1                               3.000000    4.546889   -1.546889 (VIOLATED)
_1946_/A1                               3.000000    4.546888   -1.546888 (VIOLATED)
_1947_/A1                               3.000000    4.546888   -1.546888 (VIOLATED)
_1971_/A1                               3.000000    4.546886   -1.546886 (VIOLATED)
_1883_/A1                               3.000000    4.546884   -1.546884 (VIOLATED)
_1884_/A1                               3.000000    4.546885   -1.546884 (VIOLATED)
_1982_/A1                               3.000000    4.546885   -1.546886 (VIOLATED)
_1874_/A1                               3.000000    4.546879   -1.546880 (VIOLATED)
_1866_/A1                               3.000000    4.546877   -1.546877 (VIOLATED)
_1881_/B                                3.000000    4.546878   -1.546879 (VIOLATED)
_1810_/A1                               3.000000    4.546861   -1.546861 (VIOLATED)
_1812_/A1                               3.000000    4.546861   -1.546861 (VIOLATED)
_1813_/A1                               3.000000    4.546861   -1.546861 (VIOLATED)
_1827_/A1                               3.000000    4.546861   -1.546861 (VIOLATED)
_1836_/I0                               3.000000    4.546861   -1.546861 (VIOLATED)
_1845_/A1                               3.000000    4.546861   -1.546861 (VIOLATED)
_1847_/A1                               3.000000    4.546861   -1.546861 (VIOLATED)
_1854_/A1                               3.000000    4.546861   -1.546861 (VIOLATED)
_1863_/B                                3.000000    4.546861   -1.546861 (VIOLATED)
_1867_/A1                               3.000000    4.546861   -1.546861 (VIOLATED)
_1955_/A1                               3.000000    4.546861   -1.546861 (VIOLATED)
_1956_/A1                               3.000000    4.546861   -1.546861 (VIOLATED)
_1965_/A1                               3.000000    4.546861   -1.546861 (VIOLATED)
_1966_/A1                               3.000000    4.546861   -1.546861 (VIOLATED)
_1989_/A1                               3.000000    4.546861   -1.546861 (VIOLATED)
_1990_/A1                               3.000000    4.546861   -1.546861 (VIOLATED)
_1991_/A1                               3.000000    4.546861   -1.546861 (VIOLATED)
_1998_/A1                               3.000000    4.546861   -1.546861 (VIOLATED)
_2010_/A1                               3.000000    4.546861   -1.546861 (VIOLATED)
_2013_/A1                               3.000000    4.546861   -1.546861 (VIOLATED)
_2035_/A1                               3.000000    4.546861   -1.546861 (VIOLATED)
_2150_/B                                3.000000    4.546861   -1.546861 (VIOLATED)
_2240_/A1                               3.000000    4.546861   -1.546861 (VIOLATED)
_2370_/Q                                3.000000    4.546861   -1.546861 (VIOLATED)
pll_out                                 3.000000    3.991195   -0.991196 (VIOLATED)
_2408_/CLK                              3.000000    3.991195   -0.991195 (VIOLATED)
_2409_/CLK                              3.000000    3.991194   -0.991194 (VIOLATED)
_2410_/CLK                              3.000000    3.991192   -0.991192 (VIOLATED)
_2411_/CLK                              3.000000    3.991190   -0.991190 (VIOLATED)
_1421_/A1                               3.000000    3.991176   -0.991176 (VIOLATED)
_2318_/Q                                3.000000    3.991176   -0.991176 (VIOLATED)
_2319_/CLK                              3.000000    3.991176   -0.991176 (VIOLATED)
_2407_/CLK                              3.000000    3.991176   -0.991176 (VIOLATED)
_2412_/CLK                              3.000000    3.991176   -0.991176 (VIOLATED)
_2413_/CLK                              3.000000    3.991176   -0.991176 (VIOLATED)
_2414_/CLK                              3.000000    3.991176   -0.991176 (VIOLATED)
_2415_/CLK                              3.000000    3.991176   -0.991176 (VIOLATED)
_2416_/CLK                              3.000000    3.991176   -0.991176 (VIOLATED)
_2417_/CLK                              3.000000    3.991176   -0.991176 (VIOLATED)
_2418_/CLK                              3.000000    3.991176   -0.991176 (VIOLATED)
_2419_/CLK                              3.000000    3.991176   -0.991176 (VIOLATED)
_2420_/CLK                              3.000000    3.991176   -0.991176 (VIOLATED)
_2421_/CLK                              3.000000    3.991176   -0.991176 (VIOLATED)
_2422_/CLK                              3.000000    3.991176   -0.991176 (VIOLATED)
_2423_/CLK                              3.000000    3.991176   -0.991176 (VIOLATED)
_2424_/CLK                              3.000000    3.991176   -0.991176 (VIOLATED)
_2425_/CLK                              3.000000    3.991176   -0.991176 (VIOLATED)
_2426_/CLK                              3.000000    3.991176   -0.991176 (VIOLATED)
_2427_/CLK                              3.000000    3.991176   -0.991176 (VIOLATED)
_2428_/CLK                              3.000000    3.991176   -0.991176 (VIOLATED)
_2429_/CLK                              3.000000    3.991176   -0.991176 (VIOLATED)
_2430_/CLK                              3.000000    3.991176   -0.991176 (VIOLATED)
_2431_/CLK                              3.000000    3.991176   -0.991176 (VIOLATED)
_2432_/CLK                              3.000000    3.991176   -0.991176 (VIOLATED)
_2433_/CLK                              3.000000    3.991176   -0.991176 (VIOLATED)
_2434_/CLK                              3.000000    3.991176   -0.991176 (VIOLATED)
_2435_/CLK                              3.000000    3.991176   -0.991176 (VIOLATED)
_2436_/CLK                              3.000000    3.991176   -0.991176 (VIOLATED)
_2437_/CLK                              3.000000    3.991176   -0.991176 (VIOLATED)
_2438_/CLK                              3.000000    3.991176   -0.991176 (VIOLATED)
_2149_/ZN                               3.000000    3.896985   -0.896985 (VIOLATED)
_2151_/A2                               3.000000    3.896985   -0.896985 (VIOLATED)
_2160_/A3                               3.000000    3.896985   -0.896985 (VIOLATED)
_2164_/A2                               3.000000    3.896985   -0.896985 (VIOLATED)
_2173_/A2                               3.000000    3.896985   -0.896985 (VIOLATED)
_2174_/A3                               3.000000    3.896985   -0.896985 (VIOLATED)
_2175_/A2                               3.000000    3.896985   -0.896985 (VIOLATED)
_2185_/A3                               3.000000    3.896985   -0.896985 (VIOLATED)
_2186_/A2                               3.000000    3.896985   -0.896985 (VIOLATED)
_2187_/A2                               3.000000    3.896985   -0.896985 (VIOLATED)
_2192_/B                                3.000000    3.896985   -0.896985 (VIOLATED)
_2195_/A2                               3.000000    3.896985   -0.896985 (VIOLATED)
_2197_/A2                               3.000000    3.896985   -0.896985 (VIOLATED)
_2201_/A2                               3.000000    3.896985   -0.896985 (VIOLATED)
_2202_/A2                               3.000000    3.896985   -0.896985 (VIOLATED)
_2203_/A2                               3.000000    3.896985   -0.896985 (VIOLATED)
_2207_/A2                               3.000000    3.896985   -0.896985 (VIOLATED)
_2208_/A2                               3.000000    3.896985   -0.896985 (VIOLATED)
_2215_/A2                               3.000000    3.896985   -0.896985 (VIOLATED)
_2216_/A3                               3.000000    3.896985   -0.896985 (VIOLATED)
_2224_/A2                               3.000000    3.896985   -0.896985 (VIOLATED)
_2171_/A1                               3.000000    3.234787   -0.234788 (VIOLATED)
_2178_/A1                               3.000000    3.234788   -0.234788 (VIOLATED)
_2158_/A1                               3.000000    3.234787   -0.234787 (VIOLATED)
_2163_/A1                               3.000000    3.234786   -0.234786 (VIOLATED)
_1858_/A1                               3.000000    3.234785   -0.234785 (VIOLATED)
_2147_/A1                               3.000000    3.234785   -0.234785 (VIOLATED)
_1931_/A1                               3.000000    3.234784   -0.234784 (VIOLATED)
_2206_/A1                               3.000000    3.234784   -0.234784 (VIOLATED)
_1942_/A1                               3.000000    3.234783   -0.234783 (VIOLATED)
_1880_/A1                               3.000000    3.234782   -0.234783 (VIOLATED)
_1894_/A1                               3.000000    3.234782   -0.234783 (VIOLATED)
_1803_/ZN                               3.000000    3.234772   -0.234772 (VIOLATED)
_1980_/A1                               3.000000    3.234772   -0.234772 (VIOLATED)
_1987_/A1                               3.000000    3.234772   -0.234772 (VIOLATED)
_2001_/A1                               3.000000    3.234772   -0.234772 (VIOLATED)
_2040_/A1                               3.000000    3.234772   -0.234772 (VIOLATED)
_2045_/A1                               3.000000    3.234772   -0.234772 (VIOLATED)
_2082_/A1                               3.000000    3.234772   -0.234772 (VIOLATED)
_2089_/A1                               3.000000    3.234772   -0.234772 (VIOLATED)
_2113_/A1                               3.000000    3.234772   -0.234772 (VIOLATED)
_2120_/A1                               3.000000    3.234772   -0.234772 (VIOLATED)
_2127_/A1                               3.000000    3.234772   -0.234772 (VIOLATED)
_2220_/A1                               3.000000    3.234772   -0.234772 (VIOLATED)
_2239_/A1                               3.000000    3.234772   -0.234772 (VIOLATED)
_2246_/A1                               3.000000    3.234772   -0.234772 (VIOLATED)
_2250_/A1                               3.000000    3.234772   -0.234772 (VIOLATED)
_2251_/Z                                3.000000    3.039512   -0.039512 (VIOLATED)
_2252_/A2                               3.000000    3.039512   -0.039512 (VIOLATED)
_2253_/A2                               3.000000    3.039512   -0.039512 (VIOLATED)
_2254_/A2                               3.000000    3.039512   -0.039512 (VIOLATED)
_2255_/A2                               3.000000    3.039512   -0.039512 (VIOLATED)
_2256_/A2                               3.000000    3.039512   -0.039512 (VIOLATED)
_2257_/A2                               3.000000    3.039512   -0.039512 (VIOLATED)
_2258_/A2                               3.000000    3.039512   -0.039512 (VIOLATED)
_2259_/A2                               3.000000    3.039512   -0.039512 (VIOLATED)
_2260_/A2                               3.000000    3.039512   -0.039512 (VIOLATED)
_2261_/A2                               3.000000    3.039512   -0.039512 (VIOLATED)
_2262_/A2                               3.000000    3.039512   -0.039512 (VIOLATED)
_2263_/A2                               3.000000    3.039512   -0.039512 (VIOLATED)
_2264_/A2                               3.000000    3.039512   -0.039512 (VIOLATED)
_2265_/A2                               3.000000    3.039512   -0.039512 (VIOLATED)
_2266_/A2                               3.000000    3.039512   -0.039512 (VIOLATED)
_2268_/A2                               3.000000    3.039512   -0.039512 (VIOLATED)
_2269_/A2                               3.000000    3.039512   -0.039512 (VIOLATED)
_2270_/A2                               3.000000    3.039512   -0.039512 (VIOLATED)
_2271_/A2                               3.000000    3.039512   -0.039512 (VIOLATED)
_2272_/A2                               3.000000    3.039512   -0.039512 (VIOLATED)
_2273_/A2                               3.000000    3.039512   -0.039512 (VIOLATED)
_2274_/A2                               3.000000    3.039512   -0.039512 (VIOLATED)
_2275_/A2                               3.000000    3.039512   -0.039512 (VIOLATED)
_2276_/A2                               3.000000    3.039512   -0.039512 (VIOLATED)
_2277_/A2                               3.000000    3.039512   -0.039512 (VIOLATED)
_2278_/A2                               3.000000    3.039512   -0.039512 (VIOLATED)
_2279_/A2                               3.000000    3.039512   -0.039512 (VIOLATED)
_2280_/A2                               3.000000    3.039512   -0.039512 (VIOLATED)
_2281_/A2                               3.000000    3.039512   -0.039512 (VIOLATED)
_2282_/A2                               3.000000    3.039512   -0.039512 (VIOLATED)
_2283_/A2                               3.000000    3.039512   -0.039512 (VIOLATED)

max fanout

Pin                                   Limit Fanout  Slack
---------------------------------------------------------
sys_clk                                   4    121   -117 (VIOLATED)
_1149_/ZN                                 4     58    -54 (VIOLATED)
_1805_/ZN                                 4     55    -51 (VIOLATED)
rst_n                                     4     45    -41 (VIOLATED)
_2370_/Q                                  4     45    -41 (VIOLATED)
_2318_/Q                                  4     34    -30 (VIOLATED)
_2251_/Z                                  4     31    -27 (VIOLATED)
_1802_/Z                                  4     27    -23 (VIOLATED)
_1803_/ZN                                 4     25    -21 (VIOLATED)
_2034_/ZN                                 4     24    -20 (VIOLATED)
_2149_/ZN                                 4     20    -16 (VIOLATED)
_1146_/ZN                                 4     13     -9 (VIOLATED)
_2286_/Q                                  4     12     -8 (VIOLATED)
_1183_/ZN                                 4     10     -6 (VIOLATED)
_1809_/ZN                                 4     10     -6 (VIOLATED)
_2419_/Q                                  4     10     -6 (VIOLATED)
_2407_/Q                                  4      9     -5 (VIOLATED)
_2420_/Q                                  4      9     -5 (VIOLATED)
_2369_/Q                                  4      8     -4 (VIOLATED)
_2414_/Q                                  4      8     -4 (VIOLATED)
div_val[28]                               4      7     -3 (VIOLATED)
_1447_/Z                                  4      7     -3 (VIOLATED)
_1603_/Z                                  4      7     -3 (VIOLATED)
_2332_/Q                                  4      7     -3 (VIOLATED)
_2368_/Q                                  4      7     -3 (VIOLATED)
_2412_/Q                                  4      7     -3 (VIOLATED)
_2413_/Q                                  4      7     -3 (VIOLATED)
div_val[25]                               4      6     -2 (VIOLATED)
div_val[26]                               4      6     -2 (VIOLATED)
div_val[29]                               4      6     -2 (VIOLATED)
div_val[30]                               4      6     -2 (VIOLATED)
div_val[4]                                4      6     -2 (VIOLATED)
_1175_/ZN                                 4      6     -2 (VIOLATED)
_1596_/Z                                  4      6     -2 (VIOLATED)
_1608_/ZN                                 4      6     -2 (VIOLATED)
_1778_/ZN                                 4      6     -2 (VIOLATED)
_2150_/ZN                                 4      6     -2 (VIOLATED)
_2408_/Q                                  4      6     -2 (VIOLATED)
_2409_/Q                                  4      6     -2 (VIOLATED)
_2417_/Q                                  4      6     -2 (VIOLATED)
_2421_/Q                                  4      6     -2 (VIOLATED)
_2428_/Q                                  4      6     -2 (VIOLATED)
_2429_/Q                                  4      6     -2 (VIOLATED)
_2430_/Q                                  4      6     -2 (VIOLATED)
_2436_/Q                                  4      6     -2 (VIOLATED)
div_val[0]                                4      5        (VIOLATED)
div_val[10]                               4      5        (VIOLATED)
div_val[11]                               4      5        (VIOLATED)
div_val[13]                               4      5        (VIOLATED)
div_val[14]                               4      5        (VIOLATED)
div_val[1]                                4      5        (VIOLATED)
div_val[20]                               4      5        (VIOLATED)
div_val[2]                                4      5        (VIOLATED)
div_val[5]                                4      5        (VIOLATED)
_1154_/ZN                                 4      5        (VIOLATED)
_1168_/ZN                                 4      5        (VIOLATED)
_1182_/ZN                                 4      5        (VIOLATED)
_1306_/Z                                  4      5        (VIOLATED)
_1425_/Z                                  4      5        (VIOLATED)
_1593_/Z                                  4      5        (VIOLATED)
_1810_/ZN                                 4      5        (VIOLATED)
_2331_/Q                                  4      5        (VIOLATED)
_2339_/Q                                  4      5        (VIOLATED)
_2346_/Q                                  4      5        (VIOLATED)
_2371_/Q                                  4      5        (VIOLATED)
_2393_/Q                                  4      5        (VIOLATED)
_2411_/Q                                  4      5        (VIOLATED)
_2418_/Q                                  4      5        (VIOLATED)
_2422_/Q                                  4      5        (VIOLATED)
_2423_/Q                                  4      5        (VIOLATED)
_2433_/Q                                  4      5        (VIOLATED)

max capacitance

Pin                                        Limit         Cap       Slack
------------------------------------------------------------------------
sys_clk                                 0.200000    0.551140   -0.351140 (VIOLATED)
_1805_/ZN                               0.125100    0.344615   -0.219515 (VIOLATED)
_1149_/ZN                               0.200000    0.366523   -0.166523 (VIOLATED)
rst_n                                   0.200000    0.295027   -0.095027 (VIOLATED)
_2370_/Q                                0.200000    0.281305   -0.081305 (VIOLATED)
_2034_/ZN                               0.084260    0.150373   -0.066113 (VIOLATED)
_2318_/Q                                0.200000    0.246553   -0.046553 (VIOLATED)
_2149_/ZN                               0.125100    0.130156   -0.005056 (VIOLATED)



===========================================================================
report_parasitic_annotation -report_unannotated
============================================================================
Found 0 unannotated drivers.
Found 0 partially unannotated drivers.

===========================================================================
max slew violation count 347
Writing metric design__max_slew_violation__count__corner:nom_tt_025C_5v00: 347
max fanout violation count 71
Writing metric design__max_fanout_violation__count__corner:nom_tt_025C_5v00: 71
max cap violation count 8
Writing metric design__max_cap_violation__count__corner:nom_tt_025C_5v00: 8
============================================================================

===========================================================================
check_setup -verbose -unconstrained_endpoints -multiple_clock -no_clock -no_input_delay -loops -generated_clocks
===========================================================================
Warning: There are 33 unclocked register/latch pins.
  _2319_/CLK
  _2407_/CLK
  _2408_/CLK
  _2409_/CLK
  _2410_/CLK
  _2411_/CLK
  _2412_/CLK
  _2413_/CLK
  _2414_/CLK
  _2415_/CLK
  _2416_/CLK
  _2417_/CLK
  _2418_/CLK
  _2419_/CLK
  _2420_/CLK
  _2421_/CLK
  _2422_/CLK
  _2423_/CLK
  _2424_/CLK
  _2425_/CLK
  _2426_/CLK
  _2427_/CLK
  _2428_/CLK
  _2429_/CLK
  _2430_/CLK
  _2431_/CLK
  _2432_/CLK
  _2433_/CLK
  _2434_/CLK
  _2435_/CLK
  _2436_/CLK
  _2437_/CLK
  _2438_/CLK
Warning: There are 33 unconstrained endpoints.
  _2319_/D
  _2407_/D
  _2408_/D
  _2409_/D
  _2410_/D
  _2411_/D
  _2412_/D
  _2413_/D
  _2414_/D
  _2415_/D
  _2416_/D
  _2417_/D
  _2418_/D
  _2419_/D
  _2420_/D
  _2421_/D
  _2422_/D
  _2423_/D
  _2424_/D
  _2425_/D
  _2426_/D
  _2427_/D
  _2428_/D
  _2429_/D
  _2430_/D
  _2431_/D
  _2432_/D
  _2433_/D
  _2434_/D
  _2435_/D
  _2436_/D
  _2437_/D
  _2438_/D
