
===========================================================================
report_checks -unconstrained
===========================================================================
======================= nom_tt_025C_1v80 Corner ===================================

Startpoint: _2184_ (rising edge-triggered flip-flop clocked by sys_clk)
Endpoint: _2219_ (rising edge-triggered flip-flop clocked by sys_clk)
Path Group: sys_clk
Path Type: max

Fanout         Cap        Slew       Delay        Time   Description
---------------------------------------------------------------------------------------------
                                  0.000000    0.000000   clock sys_clk (rise edge)
                                  0.000000    0.000000   clock source latency
     1    0.025932    0.122294    0.084832    0.084832 ^ sys_clk (in)
                                                         sys_clk (net)
                      0.122336    0.000000    0.084832 ^ clkbuf_0_sys_clk/A (sky130_fd_sc_hd__clkbuf_16)
    16    0.113691    0.127511    0.223031    0.307863 ^ clkbuf_0_sys_clk/X (sky130_fd_sc_hd__clkbuf_16)
                                                         clknet_0_sys_clk (net)
                      0.127664    0.002764    0.310627 ^ clkbuf_4_7_0_sys_clk/A (sky130_fd_sc_hd__clkbuf_8)
    11    0.034048    0.072684    0.179479    0.490106 ^ clkbuf_4_7_0_sys_clk/X (sky130_fd_sc_hd__clkbuf_8)
                                                         clknet_4_7_0_sys_clk (net)
                      0.072691    0.000782    0.490889 ^ _2184_/CLK (sky130_fd_sc_hd__dfxtp_2)
     2    0.008144    0.034510    0.327166    0.818055 v _2184_/Q (sky130_fd_sc_hd__dfxtp_2)
                                                         lf_inst.error_in[1] (net)
                      0.034510    0.000235    0.818290 v fanout215/A (sky130_fd_sc_hd__buf_6)
     3    0.014321    0.028810    0.115189    0.933478 v fanout215/X (sky130_fd_sc_hd__buf_6)
                                                         net215 (net)
                      0.028815    0.000372    0.933851 v fanout214/A (sky130_fd_sc_hd__buf_6)
     4    0.023773    0.035992    0.121801    1.055651 v fanout214/X (sky130_fd_sc_hd__buf_6)
                                                         net214 (net)
                      0.035994    0.000334    1.055985 v fanout211/A (sky130_fd_sc_hd__buf_6)
     3    0.008788    0.024511    0.109734    1.165719 v fanout211/X (sky130_fd_sc_hd__buf_6)
                                                         net211 (net)
                      0.024511    0.000214    1.165933 v _1666_/A0 (sky130_fd_sc_hd__mux2_4)
     3    0.023957    0.078258    0.304642    1.470576 v _1666_/X (sky130_fd_sc_hd__mux2_4)
                                                         _1041_ (net)
                      0.078304    0.000710    1.471286 v _1667_/A (sky130_fd_sc_hd__xnor2_4)
     3    0.014436    0.068857    0.165190    1.636476 v _1667_/Y (sky130_fd_sc_hd__xnor2_4)
                                                         _1042_ (net)
                      0.068858    0.000296    1.636772 v _1690_/B (sky130_fd_sc_hd__or3_4)
     2    0.005240    0.067142    0.370414    2.007186 v _1690_/X (sky130_fd_sc_hd__or3_4)
                                                         _0165_ (net)
                      0.067142    0.000127    2.007313 v _1691_/A (sky130_fd_sc_hd__or3_4)
     2    0.009484    0.073808    0.401638    2.408951 v _1691_/X (sky130_fd_sc_hd__or3_4)
                                                         _0166_ (net)
                      0.073872    0.000327    2.409278 v _1710_/A2 (sky130_fd_sc_hd__a211o_4)
     4    0.017998    0.070938    0.370167    2.779444 v _1710_/X (sky130_fd_sc_hd__a211o_4)
                                                         _0183_ (net)
                      0.070938    0.000521    2.779966 v _1762_/D (sky130_fd_sc_hd__or4_4)
     2    0.007558    0.089743    0.428910    3.208875 v _1762_/X (sky130_fd_sc_hd__or4_4)
                                                         _0229_ (net)
                      0.089743    0.000192    3.209068 v _1764_/A1 (sky130_fd_sc_hd__a31o_4)
     5    0.019121    0.054225    0.257079    3.466146 v _1764_/X (sky130_fd_sc_hd__a31o_4)
                                                         _0231_ (net)
                      0.054225    0.000540    3.466687 v _1783_/A2 (sky130_fd_sc_hd__o211a_4)
     2    0.020029    0.058377    0.256026    3.722713 v _1783_/X (sky130_fd_sc_hd__o211a_4)
                                                         _0248_ (net)
                      0.058411    0.000696    3.723409 v _1784_/A (sky130_fd_sc_hd__xnor2_4)
     4    0.020226    0.204166    0.226226    3.949635 ^ _1784_/Y (sky130_fd_sc_hd__xnor2_4)
                                                         _0249_ (net)
                      0.204170    0.001063    3.950698 ^ _2027_/B (sky130_fd_sc_hd__xnor2_2)
     2    0.008091    0.075031    0.099401    4.050099 v _2027_/Y (sky130_fd_sc_hd__xnor2_2)
                                                         _0454_ (net)
                      0.075031    0.000175    4.050273 v _2038_/D (sky130_fd_sc_hd__or4_4)
     1    0.003249    0.080185    0.411793    4.462067 v _2038_/X (sky130_fd_sc_hd__or4_4)
                                                         _0463_ (net)
                      0.080186    0.000097    4.462163 v _2039_/B1 (sky130_fd_sc_hd__a211o_1)
     3    0.013268    0.093905    0.330713    4.792877 v _2039_/X (sky130_fd_sc_hd__a211o_1)
                                                         _0464_ (net)
                      0.093906    0.000521    4.793398 v _2057_/A2 (sky130_fd_sc_hd__a211o_1)
     2    0.011358    0.085465    0.351164    5.144562 v _2057_/X (sky130_fd_sc_hd__a211o_1)
                                                         _0480_ (net)
                      0.085465    0.000378    5.144940 v _2059_/A2 (sky130_fd_sc_hd__a31oi_4)
     3    0.008306    0.143052    0.182414    5.327353 ^ _2059_/Y (sky130_fd_sc_hd__a31oi_4)
                                                         _0482_ (net)
                      0.143052    0.000230    5.327583 ^ _2060_/A (sky130_fd_sc_hd__nor2_1)
     1    0.004645    0.048431    0.074800    5.402383 v _2060_/Y (sky130_fd_sc_hd__nor2_1)
                                                         _0483_ (net)
                      0.048431    0.000160    5.402543 v _2061_/B1 (sky130_fd_sc_hd__a221o_1)
     1    0.002939    0.052414    0.288612    5.691155 v _2061_/X (sky130_fd_sc_hd__a221o_1)
                                                         _0118_ (net)
                      0.052414    0.000088    5.691243 v _2219_/D (sky130_fd_sc_hd__dfxtp_1)
                                              5.691243   data arrival time

                                 10.000000   10.000000   clock sys_clk (rise edge)
                                  0.000000   10.000000   clock source latency
     1    0.025932    0.122294    0.084832   10.084832 ^ sys_clk (in)
                                                         sys_clk (net)
                      0.122336    0.000000   10.084832 ^ clkbuf_0_sys_clk/A (sky130_fd_sc_hd__clkbuf_16)
    16    0.113691    0.127511    0.223031   10.307863 ^ clkbuf_0_sys_clk/X (sky130_fd_sc_hd__clkbuf_16)
                                                         clknet_0_sys_clk (net)
                      0.127677    0.002950   10.310813 ^ clkbuf_4_15_0_sys_clk/A (sky130_fd_sc_hd__clkbuf_8)
    10    0.038104    0.078994    0.184069   10.494882 ^ clkbuf_4_15_0_sys_clk/X (sky130_fd_sc_hd__clkbuf_8)
                                                         clknet_4_15_0_sys_clk (net)
                      0.079039    0.001727   10.496609 ^ _2219_/CLK (sky130_fd_sc_hd__dfxtp_1)
                                 -0.250000   10.246609   clock uncertainty
                                  0.000000   10.246609   clock reconvergence pessimism
                                 -0.105828   10.140781   library setup time
                                             10.140781   data required time
---------------------------------------------------------------------------------------------
                                             10.140781   data required time
                                             -5.691243   data arrival time
---------------------------------------------------------------------------------------------
                                              4.449538   slack (MET)




===========================================================================
report_checks --slack_max -0.01
============================================================================
======================= nom_tt_025C_1v80 Corner ===================================

No paths found.


===========================================================================
 report_check_types -max_slew -max_cap -max_fanout -violators
============================================================================
======================= nom_tt_025C_1v80 Corner ===================================

max fanout

Pin                                   Limit Fanout  Slack
---------------------------------------------------------
clkbuf_0_sys_clk/X                        5     16    -11 (VIOLATED)
clkbuf_4_7_0_sys_clk/X                    5     11     -6 (VIOLATED)
clkbuf_4_10_0_sys_clk/X                   5     10     -5 (VIOLATED)
clkbuf_4_15_0_sys_clk/X                   5     10     -5 (VIOLATED)
clkbuf_4_2_0_sys_clk/X                    5     10     -5 (VIOLATED)
clkbuf_4_4_0_sys_clk/X                    5     10     -5 (VIOLATED)
clkbuf_4_0_0_sys_clk/X                    5      9     -4 (VIOLATED)
clkbuf_4_1_0_sys_clk/X                    5      9     -4 (VIOLATED)
clkbuf_4_5_0_sys_clk/X                    5      9     -4 (VIOLATED)
clkbuf_4_6_0_sys_clk/X                    5      9     -4 (VIOLATED)
clkbuf_4_14_0_sys_clk/X                   5      8     -3 (VIOLATED)
clkbuf_4_3_0_sys_clk/X                    5      8     -3 (VIOLATED)
clkbuf_4_11_0_sys_clk/X                   5      7     -2 (VIOLATED)
clkbuf_4_13_0_sys_clk/X                   5      7     -2 (VIOLATED)
clkbuf_4_9_0_sys_clk/X                    5      7     -2 (VIOLATED)
clkbuf_4_12_0_sys_clk/X                   5      6        (VIOLATED)
clkbuf_4_8_0_sys_clk/X                    5      6        (VIOLATED)
fanout267/X                               5      6        (VIOLATED)



===========================================================================
report_parasitic_annotation -report_unannotated
============================================================================
Found 15 unannotated drivers.
 clkload0/Y
 clkload1/Y
 clkload10/Y
 clkload11/Y
 clkload12/Y
 clkload13/Y
 clkload14/X
 clkload2/X
 clkload3/Y
 clkload4/X
 clkload5/Y
 clkload6/Y
 clkload7/Y
 clkload8/Y
 clkload9/X
Found 0 partially unannotated drivers.

===========================================================================
max slew violation count 0
max fanout violation count 18
max cap violation count 0
============================================================================

===========================================================================
check_setup -verbose -unconstrained_endpoints -multiple_clock -no_clock -no_input_delay -loops -generated_clocks
===========================================================================
Warning: There are 33 unclocked register/latch pins.
  _2133_/CLK
  _2221_/CLK
  _2222_/CLK
  _2223_/CLK
  _2224_/CLK
  _2225_/CLK
  _2226_/CLK
  _2227_/CLK
  _2228_/CLK
  _2229_/CLK
  _2230_/CLK
  _2231_/CLK
  _2232_/CLK
  _2233_/CLK
  _2234_/CLK
  _2235_/CLK
  _2236_/CLK
  _2237_/CLK
  _2238_/CLK
  _2239_/CLK
  _2240_/CLK
  _2241_/CLK
  _2242_/CLK
  _2243_/CLK
  _2244_/CLK
  _2245_/CLK
  _2246_/CLK
  _2247_/CLK
  _2248_/CLK
  _2249_/CLK
  _2250_/CLK
  _2251_/CLK
  _2252_/CLK
Warning: There are 33 unconstrained endpoints.
  _2133_/D
  _2221_/D
  _2222_/D
  _2223_/D
  _2224_/D
  _2225_/D
  _2226_/D
  _2227_/D
  _2228_/D
  _2229_/D
  _2230_/D
  _2231_/D
  _2232_/D
  _2233_/D
  _2234_/D
  _2235_/D
  _2236_/D
  _2237_/D
  _2238_/D
  _2239_/D
  _2240_/D
  _2241_/D
  _2242_/D
  _2243_/D
  _2244_/D
  _2245_/D
  _2246_/D
  _2247_/D
  _2248_/D
  _2249_/D
  _2250_/D
  _2251_/D
  _2252_/D
