Clock: sys_clk
Sources: sys_clk 
Generated: no
Virtual: yes
Propagated: no
Period: 10.000000

===========================================================================
report_clock_properties
============================================================================
Clock                   Period          Waveform
----------------------------------------------------
sys_clk              10.000000    0.000000  5.000000

===========================================================================
report_clock_latency
============================================================================
Clock sys_clk
rise -> rise
    min     max
0.000000 0.000000 source latency
0.479553         network latency _2174_/CLK
        1.760659 network latency _2234_/CLK
---------------
0.479553 1.760659 latency
        1.281106 skew

rise -> fall
    min     max
0.000000 0.000000 source latency
1.162750         network latency _2223_/CLK
        1.564066 network latency _2234_/CLK
---------------
1.162750 1.564066 latency
        0.401316 skew

fall -> fall
    min     max
0.000000 0.000000 source latency
0.409453         network latency _2174_/CLK
        0.422276 network latency _2181_/CLK
---------------
0.409453 0.422276 latency
        0.012823 skew



===========================================================================
report_clock_min_period
============================================================================
sys_clk period_min = 5.55 fmax = 180.17
