Clock: sys_clk
Sources: sys_clk 
Generated: no
Virtual: no
Propagated: no
Period: 10.000000

===========================================================================
report_clock_properties
============================================================================
Clock                   Period          Waveform
----------------------------------------------------
sys_clk              10.000000    0.000000  5.000000

===========================================================================
report_clock_latency
============================================================================
Clock sys_clk
rise -> rise
    min     max
0.000000 0.000000 source latency
0.483574         network latency _2133_/CLK
        0.550446 network latency _2100_/CLK
---------------
0.483574 0.550446 latency
        0.066872 skew

rise -> fall
    min     max
0.000000 0.000000 source latency
0.342661         network latency _2133_/CLK
        0.342661 network latency _2133_/CLK
---------------
0.342661 0.342661 latency
        0.000000 skew

fall -> fall
    min     max
0.000000 0.000000 source latency
0.235403         network latency _2100_/CLK
        0.235403 network latency _2100_/CLK
---------------
0.235403 0.235403 latency
        0.000000 skew



===========================================================================
report_clock_min_period
============================================================================
sys_clk period_min = 4.16 fmax = 240.42
