
===========================================================================
report_checks -unconstrained
===========================================================================
======================= nom_tt_025C_1v80 Corner ===================================

Startpoint: rst_n (input port clocked by sys_clk)
Endpoint: _2138_ (recovery check against rising-edge clock sys_clk)
Path Group: asynchronous
Path Type: max

Fanout         Cap        Slew       Delay        Time   Description
---------------------------------------------------------------------------------------------
                                  0.000000    0.000000   clock sys_clk (rise edge)
                                  0.000000    0.000000   clock network delay (propagated)
                                  2.000000    2.000000 ^ input external delay
    55    0.212960    0.952574    0.659725    2.659724 ^ rst_n (in)
                                                         rst_n (net)
                      0.952645    0.000000    2.659724 ^ _2138_/RESET_B (sky130_fd_sc_hd__dfrtp_2)
                                              2.659724   data arrival time

                                 10.000000   10.000000   clock sys_clk (rise edge)
                                  0.000000   10.000000   clock source latency
   121    0.335025    1.493418    1.030673   11.030674 ^ sys_clk (in)
                                                         sys_clk (net)
                      1.493469    0.000000   11.030674 ^ _2138_/CLK (sky130_fd_sc_hd__dfrtp_2)
                                 -0.250000   10.780674   clock uncertainty
                                  0.000000   10.780674   clock reconvergence pessimism
                                  0.236629   11.017303   library recovery time
                                             11.017303   data required time
---------------------------------------------------------------------------------------------
                                             11.017303   data required time
                                             -2.659724   data arrival time
---------------------------------------------------------------------------------------------
                                              8.357578   slack (MET)


Startpoint: _2146_ (rising edge-triggered flip-flop clocked by sys_clk)
Endpoint: _2181_ (rising edge-triggered flip-flop clocked by sys_clk)
Path Group: sys_clk
Path Type: max

Fanout         Cap        Slew       Delay        Time   Description
---------------------------------------------------------------------------------------------
                                  0.000000    0.000000   clock sys_clk (rise edge)
                                  0.000000    0.000000   clock source latency
   121    0.335025    1.493418    1.030909    1.030909 ^ sys_clk (in)
                                                         sys_clk (net)
                      1.493473    0.000000    1.030909 ^ _2146_/CLK (sky130_fd_sc_hd__dfxtp_2)
    48    0.215229    1.061188    1.275089    2.305999 ^ _2146_/Q (sky130_fd_sc_hd__dfxtp_2)
                                                         lf_inst.error_in[1] (net)
                      1.061188    0.000652    2.306651 ^ _1819_/C_N (sky130_fd_sc_hd__nor3b_2)
    19    0.110031    1.723948    1.481480    3.788131 ^ _1819_/Y (sky130_fd_sc_hd__nor3b_2)
                                                         _0271_ (net)
                      1.723948    0.001274    3.789405 ^ _1844_/B (sky130_fd_sc_hd__xnor2_2)
     4    0.010056    0.234743    0.170040    3.959445 v _1844_/Y (sky130_fd_sc_hd__xnor2_2)
                                                         _0293_ (net)
                      0.234743    0.000007    3.959452 v _1859_/A (sky130_fd_sc_hd__or3b_2)
     1    0.001499    0.069612    0.507598    4.467050 v _1859_/X (sky130_fd_sc_hd__or3b_2)
                                                         _0305_ (net)
                      0.069612    0.000002    4.467052 v _1860_/D (sky130_fd_sc_hd__or4_2)
     2    0.007438    0.117559    0.571393    5.038445 v _1860_/X (sky130_fd_sc_hd__or4_2)
                                                         _0306_ (net)
                      0.117559    0.000048    5.038492 v _1865_/A1 (sky130_fd_sc_hd__a21oi_2)
     4    0.016071    0.217332    0.245713    5.284205 ^ _1865_/Y (sky130_fd_sc_hd__a21oi_2)
                                                         _0311_ (net)
                      0.217332    0.000091    5.284297 ^ _1915_/B (sky130_fd_sc_hd__and4b_2)
     1    0.006145    0.067390    0.266626    5.550922 ^ _1915_/X (sky130_fd_sc_hd__and4b_2)
                                                         _0353_ (net)
                      0.067390    0.000041    5.550963 ^ _1917_/B1 (sky130_fd_sc_hd__a211oi_2)
     2    0.005623    0.085249    0.049805    5.600769 v _1917_/Y (sky130_fd_sc_hd__a211oi_2)
                                                         _0355_ (net)
                      0.085249    0.000054    5.600823 v _1932_/A2 (sky130_fd_sc_hd__a2111o_2)
     3    0.009812    0.082691    0.504792    6.105615 v _1932_/X (sky130_fd_sc_hd__a2111o_2)
                                                         _0368_ (net)
                      0.082691    0.000092    6.105707 v _1948_/C (sky130_fd_sc_hd__or4b_2)
     3    0.010114    0.132846    0.664352    6.770059 v _1948_/X (sky130_fd_sc_hd__or4b_2)
                                                         _0382_ (net)
                      0.132846    0.000044    6.770103 v _1973_/A2 (sky130_fd_sc_hd__a2111o_2)
     3    0.011145    0.087415    0.528700    7.298803 v _1973_/X (sky130_fd_sc_hd__a2111o_2)
                                                         _0403_ (net)
                      0.087415    0.000178    7.298981 v _1980_/A1 (sky130_fd_sc_hd__a21o_2)
     1    0.003083    0.034078    0.198710    7.497691 v _1980_/X (sky130_fd_sc_hd__a21o_2)
                                                         _0410_ (net)
                      0.034078    0.000011    7.497701 v _2001_/A1 (sky130_fd_sc_hd__o31a_2)
     3    0.010761    0.071339    0.363138    7.860839 v _2001_/X (sky130_fd_sc_hd__o31a_2)
                                                         _0427_ (net)
                      0.071339    0.000108    7.860948 v _2018_/A1 (sky130_fd_sc_hd__o311a_2)
     2    0.009065    0.073527    0.422342    8.283290 v _2018_/X (sky130_fd_sc_hd__o311a_2)
                                                         _0442_ (net)
                      0.073527    0.000020    8.283309 v _2020_/B (sky130_fd_sc_hd__nor2_2)
     3    0.008325    0.118414    0.121758    8.405067 ^ _2020_/Y (sky130_fd_sc_hd__nor2_2)
                                                         _0444_ (net)
                      0.118414    0.000008    8.405075 ^ _2021_/A_N (sky130_fd_sc_hd__and3b_2)
     1    0.002842    0.037773    0.214930    8.620006 v _2021_/X (sky130_fd_sc_hd__and3b_2)
                                                         _0445_ (net)
                      0.037773    0.000011    8.620016 v _2022_/C1 (sky130_fd_sc_hd__a211o_2)
     1    0.001827    0.044701    0.250335    8.870351 v _2022_/X (sky130_fd_sc_hd__a211o_2)
                                                         _0112_ (net)
                      0.044701    0.000002    8.870353 v _2181_/D (sky130_fd_sc_hd__dfxtp_2)
                                              8.870353   data arrival time

                                 10.000000   10.000000   clock sys_clk (rise edge)
                                  0.000000   10.000000   clock source latency
   121    0.335025    1.493418    1.032911   11.032911 ^ sys_clk (in)
                                                         sys_clk (net)
                      1.493506    0.000000   11.032911 ^ _2181_/CLK (sky130_fd_sc_hd__dfxtp_2)
                                 -0.250000   10.782911   clock uncertainty
                                  0.000000   10.782911   clock reconvergence pessimism
                                  0.081438   10.864349   library setup time
                                             10.864349   data required time
---------------------------------------------------------------------------------------------
                                             10.864349   data required time
                                             -8.870353   data arrival time
---------------------------------------------------------------------------------------------
                                              1.993997   slack (MET)




===========================================================================
report_checks --slack_max -0.01
============================================================================
======================= nom_tt_025C_1v80 Corner ===================================

No paths found.


===========================================================================
 report_check_types -max_slew -max_cap -max_fanout -violators
============================================================================
======================= nom_tt_025C_1v80 Corner ===================================

max slew

Pin                                        Limit        Slew       Slack
------------------------------------------------------------------------
_1738_/A2                               0.750000    1.865005   -1.115005 (VIOLATED)
_1743_/A2                               0.750000    1.865005   -1.115005 (VIOLATED)
_1753_/A2                               0.750000    1.865005   -1.115005 (VIOLATED)
_2025_/A2                               0.750000    1.865005   -1.115006 (VIOLATED)
_1767_/A2                               0.750000    1.865004   -1.115004 (VIOLATED)
_1773_/A2                               0.750000    1.865004   -1.115004 (VIOLATED)
_1988_/A2                               0.750000    1.865005   -1.115006 (VIOLATED)
_1993_/A2                               0.750000    1.865005   -1.115006 (VIOLATED)
_1997_/A2                               0.750000    1.865005   -1.115005 (VIOLATED)
_2007_/A2                               0.750000    1.865005   -1.115005 (VIOLATED)
_2014_/A2                               0.750000    1.865005   -1.115006 (VIOLATED)
_2022_/A2                               0.750000    1.865005   -1.115006 (VIOLATED)
_1594_/Y                                0.750000    1.865002   -1.115002 (VIOLATED)
_1597_/A2                               0.750000    1.865002   -1.115002 (VIOLATED)
_1606_/A2                               0.750000    1.865002   -1.115002 (VIOLATED)
_1613_/B1                               0.750000    1.865002   -1.115002 (VIOLATED)
_1619_/A2                               0.750000    1.865002   -1.115002 (VIOLATED)
_1626_/A2                               0.750000    1.865002   -1.115002 (VIOLATED)
_1636_/A2                               0.750000    1.865002   -1.115002 (VIOLATED)
_1641_/A2                               0.750000    1.865002   -1.115002 (VIOLATED)
_1660_/A2                               0.750000    1.865002   -1.115002 (VIOLATED)
_1671_/A2                               0.750000    1.865002   -1.115002 (VIOLATED)
_1680_/A2                               0.750000    1.865002   -1.115002 (VIOLATED)
_1690_/A2                               0.750000    1.865002   -1.115002 (VIOLATED)
_1696_/A2                               0.750000    1.865002   -1.115002 (VIOLATED)
_1705_/A                                0.750000    1.865002   -1.115002 (VIOLATED)
_1706_/A2                               0.750000    1.865002   -1.115002 (VIOLATED)
_1712_/A2                               0.750000    1.865002   -1.115002 (VIOLATED)
_1729_/A2                               0.750000    1.865002   -1.115002 (VIOLATED)
_1760_/A2                               0.750000    1.865002   -1.115002 (VIOLATED)
_1817_/B1                               0.750000    1.865002   -1.115002 (VIOLATED)
_1818_/B2                               0.750000    1.865002   -1.115002 (VIOLATED)
_1828_/B2                               0.750000    1.865002   -1.115002 (VIOLATED)
_1835_/A2                               0.750000    1.865002   -1.115002 (VIOLATED)
_1842_/B2                               0.750000    1.865002   -1.115002 (VIOLATED)
_1847_/A2                               0.750000    1.865002   -1.115002 (VIOLATED)
_1854_/A2                               0.750000    1.865002   -1.115002 (VIOLATED)
_1858_/A2                               0.750000    1.865002   -1.115002 (VIOLATED)
_1867_/B2                               0.750000    1.865002   -1.115002 (VIOLATED)
_1875_/A2                               0.750000    1.865002   -1.115002 (VIOLATED)
_1880_/A2                               0.750000    1.865002   -1.115002 (VIOLATED)
_1894_/A2                               0.750000    1.865002   -1.115002 (VIOLATED)
_1899_/A2                               0.750000    1.865002   -1.115002 (VIOLATED)
_1906_/A2                               0.750000    1.865002   -1.115002 (VIOLATED)
_1912_/A2                               0.750000    1.865002   -1.115002 (VIOLATED)
_1927_/A2                               0.750000    1.865002   -1.115002 (VIOLATED)
_1936_/A2                               0.750000    1.865002   -1.115002 (VIOLATED)
_1943_/A2                               0.750000    1.865002   -1.115002 (VIOLATED)
_1951_/A2                               0.750000    1.865002   -1.115002 (VIOLATED)
_1958_/A2                               0.750000    1.865002   -1.115002 (VIOLATED)
_1972_/A2                               0.750000    1.865002   -1.115002 (VIOLATED)
_1819_/Y                                0.750000    1.723948   -0.973948 (VIOLATED)
_1821_/B                                0.750000    1.723948   -0.973948 (VIOLATED)
_1822_/B                                0.750000    1.723948   -0.973948 (VIOLATED)
_1823_/B                                0.750000    1.723948   -0.973948 (VIOLATED)
_1829_/B                                0.750000    1.723948   -0.973948 (VIOLATED)
_1832_/B                                0.750000    1.723948   -0.973948 (VIOLATED)
_1836_/B                                0.750000    1.723948   -0.973948 (VIOLATED)
_1837_/B                                0.750000    1.723948   -0.973948 (VIOLATED)
_1844_/B                                0.750000    1.723948   -0.973948 (VIOLATED)
_1848_/B                                0.750000    1.723948   -0.973948 (VIOLATED)
_1849_/B1                               0.750000    1.723948   -0.973948 (VIOLATED)
_1856_/A2                               0.750000    1.723948   -0.973948 (VIOLATED)
_1861_/B1                               0.750000    1.723948   -0.973948 (VIOLATED)
_1863_/B                                0.750000    1.723948   -0.973948 (VIOLATED)
_1869_/A2                               0.750000    1.723948   -0.973948 (VIOLATED)
_1876_/B                                0.750000    1.723948   -0.973948 (VIOLATED)
_1881_/B                                0.750000    1.723948   -0.973948 (VIOLATED)
_1895_/B1                               0.750000    1.723948   -0.973948 (VIOLATED)
_1897_/A2                               0.750000    1.723948   -0.973948 (VIOLATED)
_1902_/B1                               0.750000    1.723948   -0.973948 (VIOLATED)
_2090_/CLK                              0.750000    1.493506   -0.743506 (VIOLATED)
_2091_/CLK                              0.750000    1.493506   -0.743506 (VIOLATED)
_2092_/CLK                              0.750000    1.493506   -0.743506 (VIOLATED)
_2093_/CLK                              0.750000    1.493506   -0.743506 (VIOLATED)
_2094_/CLK                              0.750000    1.493506   -0.743506 (VIOLATED)
_2178_/CLK                              0.750000    1.493505   -0.743505 (VIOLATED)
_2180_/CLK                              0.750000    1.493505   -0.743505 (VIOLATED)
_2181_/CLK                              0.750000    1.493506   -0.743506 (VIOLATED)
_2125_/CLK                              0.750000    1.493504   -0.743504 (VIOLATED)
_2177_/CLK                              0.750000    1.493504   -0.743504 (VIOLATED)
_2179_/CLK                              0.750000    1.493505   -0.743505 (VIOLATED)
_2088_/CLK                              0.750000    1.493502   -0.743502 (VIOLATED)
_2089_/CLK                              0.750000    1.493502   -0.743502 (VIOLATED)
_2087_/CLK                              0.750000    1.493502   -0.743502 (VIOLATED)
_2126_/CLK                              0.750000    1.493502   -0.743502 (VIOLATED)
_2127_/CLK                              0.750000    1.493503   -0.743503 (VIOLATED)
_2176_/CLK                              0.750000    1.493503   -0.743503 (VIOLATED)
_2175_/CLK                              0.750000    1.493502   -0.743502 (VIOLATED)
_2122_/CLK                              0.750000    1.493501   -0.743501 (VIOLATED)
_2086_/CLK                              0.750000    1.493499   -0.743499 (VIOLATED)
_2124_/CLK                              0.750000    1.493498   -0.743498 (VIOLATED)
_2174_/CLK                              0.750000    1.493498   -0.743499 (VIOLATED)
_2123_/CLK                              0.750000    1.493496   -0.743496 (VIOLATED)
_2173_/CLK                              0.750000    1.493496   -0.743496 (VIOLATED)
_2085_/CLK                              0.750000    1.493495   -0.743495 (VIOLATED)
_2120_/CLK                              0.750000    1.493493   -0.743493 (VIOLATED)
_2121_/CLK                              0.750000    1.493492   -0.743492 (VIOLATED)
_2172_/CLK                              0.750000    1.493488   -0.743488 (VIOLATED)
_2119_/CLK                              0.750000    1.493481   -0.743481 (VIOLATED)
_2084_/CLK                              0.750000    1.493479   -0.743479 (VIOLATED)
_2083_/CLK                              0.750000    1.493477   -0.743477 (VIOLATED)
_2129_/CLK                              0.750000    1.493477   -0.743477 (VIOLATED)
_2130_/CLK                              0.750000    1.493477   -0.743478 (VIOLATED)
_2182_/CLK                              0.750000    1.493478   -0.743478 (VIOLATED)
_2141_/CLK                              0.750000    1.493477   -0.743477 (VIOLATED)
_2142_/CLK                              0.750000    1.493477   -0.743477 (VIOLATED)
_2143_/CLK                              0.750000    1.493476   -0.743476 (VIOLATED)
_2098_/CLK                              0.750000    1.493475   -0.743475 (VIOLATED)
_2128_/CLK                              0.750000    1.493475   -0.743475 (VIOLATED)
_2082_/CLK                              0.750000    1.493472   -0.743473 (VIOLATED)
_2146_/CLK                              0.750000    1.493473   -0.743473 (VIOLATED)
_2147_/CLK                              0.750000    1.493471   -0.743471 (VIOLATED)
_2096_/CLK                              0.750000    1.493469   -0.743469 (VIOLATED)
_2138_/CLK                              0.750000    1.493469   -0.743470 (VIOLATED)
_2139_/CLK                              0.750000    1.493469   -0.743469 (VIOLATED)
_2140_/CLK                              0.750000    1.493469   -0.743469 (VIOLATED)
_2148_/CLK                              0.750000    1.493469   -0.743469 (VIOLATED)
_2151_/CLK                              0.750000    1.493469   -0.743469 (VIOLATED)
_2097_/CLK                              0.750000    1.493468   -0.743468 (VIOLATED)
_2117_/CLK                              0.750000    1.493468   -0.743468 (VIOLATED)
_2118_/CLK                              0.750000    1.493468   -0.743468 (VIOLATED)
_2145_/CLK                              0.750000    1.493468   -0.743468 (VIOLATED)
_2149_/CLK                              0.750000    1.493467   -0.743467 (VIOLATED)
_2150_/CLK                              0.750000    1.493465   -0.743465 (VIOLATED)
_2134_/CLK                              0.750000    1.493464   -0.743464 (VIOLATED)
_2135_/CLK                              0.750000    1.493464   -0.743465 (VIOLATED)
_2137_/CLK                              0.750000    1.493464   -0.743464 (VIOLATED)
_2144_/CLK                              0.750000    1.493464   -0.743464 (VIOLATED)
_2215_/CLK                              0.750000    1.493464   -0.743464 (VIOLATED)
_2116_/CLK                              0.750000    1.493462   -0.743462 (VIOLATED)
_2062_/CLK                              0.750000    1.493461   -0.743461 (VIOLATED)
_2080_/CLK                              0.750000    1.493461   -0.743461 (VIOLATED)
_2131_/CLK                              0.750000    1.493461   -0.743461 (VIOLATED)
_2081_/CLK                              0.750000    1.493458   -0.743458 (VIOLATED)
_2099_/CLK                              0.750000    1.493458   -0.743458 (VIOLATED)
_2115_/CLK                              0.750000    1.493459   -0.743459 (VIOLATED)
_2132_/CLK                              0.750000    1.493459   -0.743459 (VIOLATED)
_2133_/CLK                              0.750000    1.493460   -0.743460 (VIOLATED)
_2136_/CLK                              0.750000    1.493460   -0.743460 (VIOLATED)
_2152_/CLK                              0.750000    1.493459   -0.743459 (VIOLATED)
_2169_/CLK                              0.750000    1.493458   -0.743458 (VIOLATED)
_2170_/CLK                              0.750000    1.493459   -0.743459 (VIOLATED)
_2171_/CLK                              0.750000    1.493459   -0.743459 (VIOLATED)
_2168_/CLK                              0.750000    1.493457   -0.743457 (VIOLATED)
_2167_/CLK                              0.750000    1.493454   -0.743454 (VIOLATED)
_2079_/CLK                              0.750000    1.493453   -0.743453 (VIOLATED)
_2109_/CLK                              0.750000    1.493454   -0.743454 (VIOLATED)
_2110_/CLK                              0.750000    1.493454   -0.743454 (VIOLATED)
_2113_/CLK                              0.750000    1.493451   -0.743451 (VIOLATED)
_2114_/CLK                              0.750000    1.493451   -0.743451 (VIOLATED)
_2064_/CLK                              0.750000    1.493450   -0.743450 (VIOLATED)
_2065_/CLK                              0.750000    1.493450   -0.743450 (VIOLATED)
_2153_/CLK                              0.750000    1.493449   -0.743449 (VIOLATED)
_2063_/CLK                              0.750000    1.493449   -0.743449 (VIOLATED)
_2066_/CLK                              0.750000    1.493448   -0.743449 (VIOLATED)
_2078_/CLK                              0.750000    1.493449   -0.743449 (VIOLATED)
_2100_/CLK                              0.750000    1.493450   -0.743450 (VIOLATED)
_2108_/CLK                              0.750000    1.493450   -0.743450 (VIOLATED)
_2101_/CLK                              0.750000    1.493449   -0.743449 (VIOLATED)
_2154_/CLK                              0.750000    1.493449   -0.743449 (VIOLATED)
_2166_/CLK                              0.750000    1.493449   -0.743449 (VIOLATED)
_2067_/CLK                              0.750000    1.493447   -0.743447 (VIOLATED)
_2103_/CLK                              0.750000    1.493448   -0.743448 (VIOLATED)
_2156_/CLK                              0.750000    1.493447   -0.743447 (VIOLATED)
_2068_/CLK                              0.750000    1.493445   -0.743445 (VIOLATED)
_2069_/CLK                              0.750000    1.493445   -0.743445 (VIOLATED)
_2074_/CLK                              0.750000    1.493446   -0.743446 (VIOLATED)
_2111_/CLK                              0.750000    1.493446   -0.743446 (VIOLATED)
_2076_/CLK                              0.750000    1.493445   -0.743445 (VIOLATED)
_2102_/CLK                              0.750000    1.493445   -0.743445 (VIOLATED)
_2107_/CLK                              0.750000    1.493445   -0.743445 (VIOLATED)
_2112_/CLK                              0.750000    1.493445   -0.743445 (VIOLATED)
_2155_/CLK                              0.750000    1.493445   -0.743445 (VIOLATED)
_2162_/CLK                              0.750000    1.493445   -0.743445 (VIOLATED)
_2163_/CLK                              0.750000    1.493446   -0.743446 (VIOLATED)
_2104_/CLK                              0.750000    1.493444   -0.743444 (VIOLATED)
_2157_/CLK                              0.750000    1.493444   -0.743444 (VIOLATED)
_2164_/CLK                              0.750000    1.493445   -0.743445 (VIOLATED)
_2165_/CLK                              0.750000    1.493445   -0.743445 (VIOLATED)
_2077_/CLK                              0.750000    1.493441   -0.743441 (VIOLATED)
_2105_/CLK                              0.750000    1.493441   -0.743441 (VIOLATED)
_2106_/CLK                              0.750000    1.493439   -0.743439 (VIOLATED)
_2158_/CLK                              0.750000    1.493436   -0.743436 (VIOLATED)
_2070_/CLK                              0.750000    1.493433   -0.743433 (VIOLATED)
_2073_/CLK                              0.750000    1.493432   -0.743432 (VIOLATED)
_2075_/CLK                              0.750000    1.493431   -0.743431 (VIOLATED)
_2159_/CLK                              0.750000    1.493432   -0.743432 (VIOLATED)
_2160_/CLK                              0.750000    1.493432   -0.743432 (VIOLATED)
_2161_/CLK                              0.750000    1.493432   -0.743432 (VIOLATED)
_2071_/CLK                              0.750000    1.493429   -0.743429 (VIOLATED)
_2072_/CLK                              0.750000    1.493425   -0.743425 (VIOLATED)
sys_clk                                 0.750000    1.493418   -0.743418 (VIOLATED)
_1598_/B                                0.750000    1.061188   -0.311188 (VIOLATED)
_1599_/B                                0.750000    1.061188   -0.311188 (VIOLATED)
_1620_/A0                               0.750000    1.061188   -0.311188 (VIOLATED)
_1627_/A                                0.750000    1.061188   -0.311188 (VIOLATED)
_1628_/A                                0.750000    1.061188   -0.311188 (VIOLATED)
_1637_/A                                0.750000    1.061188   -0.311188 (VIOLATED)
_1642_/B1                               0.750000    1.061188   -0.311188 (VIOLATED)
_1646_/A                                0.750000    1.061188   -0.311188 (VIOLATED)
_1647_/A                                0.750000    1.061188   -0.311188 (VIOLATED)
_1655_/A                                0.750000    1.061188   -0.311188 (VIOLATED)
_1661_/A                                0.750000    1.061188   -0.311188 (VIOLATED)
_1662_/A                                0.750000    1.061188   -0.311188 (VIOLATED)
_1665_/B1                               0.750000    1.061188   -0.311188 (VIOLATED)
_1672_/A                                0.750000    1.061188   -0.311188 (VIOLATED)
_1673_/A                                0.750000    1.061188   -0.311188 (VIOLATED)
_1681_/A                                0.750000    1.061188   -0.311188 (VIOLATED)
_1682_/A                                0.750000    1.061188   -0.311188 (VIOLATED)
_1691_/A                                0.750000    1.061188   -0.311188 (VIOLATED)
_1697_/A                                0.750000    1.061188   -0.311188 (VIOLATED)
_1698_/A                                0.750000    1.061188   -0.311188 (VIOLATED)
_1700_/B1                               0.750000    1.061188   -0.311188 (VIOLATED)
_1707_/A                                0.750000    1.061188   -0.311188 (VIOLATED)
_1713_/A                                0.750000    1.061188   -0.311188 (VIOLATED)
_1718_/A1                               0.750000    1.061188   -0.311188 (VIOLATED)
_1724_/A                                0.750000    1.061188   -0.311188 (VIOLATED)
_1725_/B1                               0.750000    1.061188   -0.311188 (VIOLATED)
_1730_/A                                0.750000    1.061188   -0.311188 (VIOLATED)
_1732_/B1                               0.750000    1.061188   -0.311188 (VIOLATED)
_1739_/A                                0.750000    1.061188   -0.311188 (VIOLATED)
_1740_/A1                               0.750000    1.061188   -0.311188 (VIOLATED)
_1744_/A                                0.750000    1.061188   -0.311188 (VIOLATED)
_1745_/A                                0.750000    1.061188   -0.311188 (VIOLATED)
_1747_/B1                               0.750000    1.061188   -0.311188 (VIOLATED)
_1754_/A                                0.750000    1.061188   -0.311188 (VIOLATED)
_1755_/A                                0.750000    1.061188   -0.311188 (VIOLATED)
_1762_/A                                0.750000    1.061188   -0.311188 (VIOLATED)
_1763_/A                                0.750000    1.061188   -0.311188 (VIOLATED)
_1770_/A                                0.750000    1.061188   -0.311188 (VIOLATED)
_1771_/A1                               0.750000    1.061188   -0.311188 (VIOLATED)
_1793_/C_N                              0.750000    1.061188   -0.311188 (VIOLATED)
_1797_/A1                               0.750000    1.061188   -0.311188 (VIOLATED)
_1799_/A                                0.750000    1.061188   -0.311188 (VIOLATED)
_1819_/C_N                              0.750000    1.061188   -0.311188 (VIOLATED)
_1820_/C_N                              0.750000    1.061188   -0.311188 (VIOLATED)
_1928_/B1_N                             0.750000    1.061188   -0.311188 (VIOLATED)
_1929_/B1_N                             0.750000    1.061188   -0.311188 (VIOLATED)
_2015_/A                                0.750000    1.061188   -0.311188 (VIOLATED)
_2016_/A                                0.750000    1.061188   -0.311188 (VIOLATED)
_2146_/Q                                0.750000    1.061188   -0.311188 (VIOLATED)
_2028_/B                                0.750000    0.982646   -0.232646 (VIOLATED)
_2029_/B                                0.750000    0.982646   -0.232646 (VIOLATED)
_2030_/B                                0.750000    0.982646   -0.232646 (VIOLATED)
_2031_/B                                0.750000    0.982645   -0.232645 (VIOLATED)
_2032_/B                                0.750000    0.982644   -0.232644 (VIOLATED)
_2033_/B                                0.750000    0.982643   -0.232643 (VIOLATED)
_2034_/B                                0.750000    0.982643   -0.232643 (VIOLATED)
_2035_/B                                0.750000    0.982642   -0.232642 (VIOLATED)
_2036_/B                                0.750000    0.982642   -0.232642 (VIOLATED)
_2037_/B                                0.750000    0.982641   -0.232641 (VIOLATED)
_2038_/B                                0.750000    0.982640   -0.232640 (VIOLATED)
_2039_/B                                0.750000    0.982640   -0.232640 (VIOLATED)
_2040_/B                                0.750000    0.982639   -0.232639 (VIOLATED)
_2041_/B                                0.750000    0.982639   -0.232639 (VIOLATED)
_2042_/B                                0.750000    0.982639   -0.232639 (VIOLATED)
_2043_/B                                0.750000    0.982637   -0.232637 (VIOLATED)
_2050_/B                                0.750000    0.982637   -0.232637 (VIOLATED)
_2051_/B                                0.750000    0.982637   -0.232637 (VIOLATED)
_2052_/B                                0.750000    0.982638   -0.232638 (VIOLATED)
_2053_/B                                0.750000    0.982638   -0.232638 (VIOLATED)
_2027_/Y                                0.750000    0.982636   -0.232636 (VIOLATED)
_2044_/B                                0.750000    0.982636   -0.232636 (VIOLATED)
_2045_/B                                0.750000    0.982636   -0.232636 (VIOLATED)
_2046_/B                                0.750000    0.982636   -0.232636 (VIOLATED)
_2047_/B                                0.750000    0.982636   -0.232636 (VIOLATED)
_2048_/B                                0.750000    0.982636   -0.232636 (VIOLATED)
_2049_/B                                0.750000    0.982636   -0.232636 (VIOLATED)
_2054_/B                                0.750000    0.982636   -0.232636 (VIOLATED)
_2055_/B                                0.750000    0.982636   -0.232636 (VIOLATED)
_2056_/B                                0.750000    0.982636   -0.232636 (VIOLATED)
_2057_/B                                0.750000    0.982636   -0.232636 (VIOLATED)
_2058_/B                                0.750000    0.982636   -0.232636 (VIOLATED)
_2059_/B                                0.750000    0.982636   -0.232636 (VIOLATED)
_2027_/A                                0.750000    0.952650   -0.202650 (VIOLATED)
_1574_/B1                               0.750000    0.952650   -0.202650 (VIOLATED)
_2141_/RESET_B                          0.750000    0.952649   -0.202649 (VIOLATED)
_2142_/RESET_B                          0.750000    0.952648   -0.202648 (VIOLATED)
_2143_/RESET_B                          0.750000    0.952647   -0.202647 (VIOLATED)
_1047_/A                                0.750000    0.952645   -0.202645 (VIOLATED)
_2138_/RESET_B                          0.750000    0.952645   -0.202645 (VIOLATED)
_2139_/RESET_B                          0.750000    0.952644   -0.202644 (VIOLATED)
_2140_/RESET_B                          0.750000    0.952644   -0.202644 (VIOLATED)
_1042_/A                                0.750000    0.952643   -0.202643 (VIOLATED)
_1792_/B1                               0.750000    0.952640   -0.202640 (VIOLATED)
_1033_/A                                0.750000    0.952639   -0.202639 (VIOLATED)
_1801_/A                                0.750000    0.952637   -0.202637 (VIOLATED)
_1804_/B1                               0.750000    0.952634   -0.202634 (VIOLATED)
_1809_/A                                0.750000    0.952633   -0.202633 (VIOLATED)
_1811_/A                                0.750000    0.952627   -0.202627 (VIOLATED)
_2144_/D                                0.750000    0.952622   -0.202622 (VIOLATED)
_1591_/A                                0.750000    0.952621   -0.202621 (VIOLATED)
_1592_/A                                0.750000    0.952621   -0.202621 (VIOLATED)
_1270_/A                                0.750000    0.952610   -0.202610 (VIOLATED)
_1248_/A                                0.750000    0.952609   -0.202609 (VIOLATED)
_1242_/A                                0.750000    0.952608   -0.202608 (VIOLATED)
_1226_/A                                0.750000    0.952607   -0.202607 (VIOLATED)
_1982_/A1                               0.750000    0.952605   -0.202605 (VIOLATED)
_1723_/A1                               0.750000    0.952604   -0.202604 (VIOLATED)
_1048_/B1                               0.750000    0.952602   -0.202602 (VIOLATED)
_1575_/S                                0.750000    0.952602   -0.202602 (VIOLATED)
_1816_/A1                               0.750000    0.952602   -0.202602 (VIOLATED)
_1817_/A1                               0.750000    0.952602   -0.202602 (VIOLATED)
_1966_/B1                               0.750000    0.952602   -0.202602 (VIOLATED)
_1576_/S                                0.750000    0.952601   -0.202601 (VIOLATED)
_1208_/A                                0.750000    0.952601   -0.202601 (VIOLATED)
_1578_/A1                               0.750000    0.952600   -0.202600 (VIOLATED)
_1057_/B                                0.750000    0.952599   -0.202599 (VIOLATED)
_1063_/B                                0.750000    0.952599   -0.202599 (VIOLATED)
_1050_/B1                               0.750000    0.952599   -0.202599 (VIOLATED)
_1069_/B                                0.750000    0.952599   -0.202599 (VIOLATED)
_1076_/B                                0.750000    0.952598   -0.202598 (VIOLATED)
_1884_/S                                0.750000    0.952598   -0.202598 (VIOLATED)
_1198_/B1                               0.750000    0.952598   -0.202598 (VIOLATED)
_1581_/A1                               0.750000    0.952598   -0.202598 (VIOLATED)
_1587_/S                                0.750000    0.952597   -0.202597 (VIOLATED)
_1081_/B1                               0.750000    0.952597   -0.202597 (VIOLATED)
_1193_/A                                0.750000    0.952596   -0.202597 (VIOLATED)
_1579_/S                                0.750000    0.952594   -0.202594 (VIOLATED)
_1175_/A                                0.750000    0.952592   -0.202592 (VIOLATED)
_1583_/A1                               0.750000    0.952591   -0.202591 (VIOLATED)
_1585_/A1                               0.750000    0.952589   -0.202590 (VIOLATED)
_1166_/B1                               0.750000    0.952589   -0.202589 (VIOLATED)
_1586_/S                                0.750000    0.952588   -0.202588 (VIOLATED)
_1118_/A                                0.750000    0.952587   -0.202587 (VIOLATED)
_1653_/A                                0.750000    0.952587   -0.202587 (VIOLATED)
_1095_/B1                               0.750000    0.952587   -0.202587 (VIOLATED)
_1147_/A                                0.750000    0.952582   -0.202582 (VIOLATED)
_1109_/A                                0.750000    0.952581   -0.202581 (VIOLATED)
rst_n                                   0.750000    0.952574   -0.202574 (VIOLATED)

max fanout

Pin                                   Limit Fanout  Slack
---------------------------------------------------------
sys_clk                                   5    121   -116 (VIOLATED)
rst_n                                     5     55    -50 (VIOLATED)
_1594_/Y                                  5     50    -45 (VIOLATED)
_2146_/Q                                  5     48    -43 (VIOLATED)
_1033_/Y                                  5     46    -41 (VIOLATED)
_2094_/Q                                  5     34    -29 (VIOLATED)
_2027_/Y                                  5     32    -27 (VIOLATED)
_1591_/X                                  5     31    -26 (VIOLATED)
_1592_/Y                                  5     20    -15 (VIOLATED)
_1929_/X                                  5     20    -15 (VIOLATED)
_1819_/Y                                  5     19    -14 (VIOLATED)
_1598_/X                                  5     11     -6 (VIOLATED)
_2062_/Q                                  5     10     -5 (VIOLATED)
_2183_/Q                                  5      9     -4 (VIOLATED)
_2131_/Q                                  5      8     -3 (VIOLATED)
_2144_/Q                                  5      8     -3 (VIOLATED)
div_val[10]                               5      7     -2 (VIOLATED)
div_val[25]                               5      7     -2 (VIOLATED)
div_val[26]                               5      7     -2 (VIOLATED)
div_val[4]                                5      7     -2 (VIOLATED)
_1599_/Y                                  5      7     -2 (VIOLATED)
_1820_/X                                  5      7     -2 (VIOLATED)
_1928_/Y                                  5      7     -2 (VIOLATED)
_2107_/Q                                  5      7     -2 (VIOLATED)
_2145_/Q                                  5      7     -2 (VIOLATED)
_2196_/Q                                  5      7     -2 (VIOLATED)
div_val[11]                               5      6        (VIOLATED)
div_val[13]                               5      6        (VIOLATED)
div_val[16]                               5      6        (VIOLATED)
div_val[19]                               5      6        (VIOLATED)
div_val[22]                               5      6        (VIOLATED)
div_val[27]                               5      6        (VIOLATED)
div_val[28]                               5      6        (VIOLATED)
div_val[2]                                5      6        (VIOLATED)
div_val[7]                                5      6        (VIOLATED)
_1287_/X                                  5      6        (VIOLATED)
_1291_/X                                  5      6        (VIOLATED)
_1440_/X                                  5      6        (VIOLATED)
_1595_/X                                  5      6        (VIOLATED)
_1774_/Y                                  5      6        (VIOLATED)
_2184_/Q                                  5      6        (VIOLATED)
_2185_/Q                                  5      6        (VIOLATED)
_2187_/Q                                  5      6        (VIOLATED)
_2205_/Q                                  5      6        (VIOLATED)

max capacitance

Pin                                        Limit         Cap       Slack
------------------------------------------------------------------------
sys_clk                                 0.200000    0.335025   -0.135025 (VIOLATED)
_1594_/Y                                0.141917    0.180562   -0.038645 (VIOLATED)
_1819_/Y                                0.093394    0.110031   -0.016637 (VIOLATED)
_2146_/Q                                0.200000    0.215229   -0.015229 (VIOLATED)
rst_n                                   0.200000    0.212960   -0.012960 (VIOLATED)



===========================================================================
report_parasitic_annotation -report_unannotated
============================================================================
Found 0 unannotated drivers.
Found 0 partially unannotated drivers.

===========================================================================
max slew violation count 331
Writing metric design__max_slew_violation__count__corner:nom_tt_025C_1v80: 331
max fanout violation count 44
Writing metric design__max_fanout_violation__count__corner:nom_tt_025C_1v80: 44
max cap violation count 5
Writing metric design__max_cap_violation__count__corner:nom_tt_025C_1v80: 5
============================================================================

===========================================================================
check_setup -verbose -unconstrained_endpoints -multiple_clock -no_clock -no_input_delay -loops -generated_clocks
===========================================================================
Warning: There are 33 unclocked register/latch pins.
  _2095_/CLK
  _2183_/CLK
  _2184_/CLK
  _2185_/CLK
  _2186_/CLK
  _2187_/CLK
  _2188_/CLK
  _2189_/CLK
  _2190_/CLK
  _2191_/CLK
  _2192_/CLK
  _2193_/CLK
  _2194_/CLK
  _2195_/CLK
  _2196_/CLK
  _2197_/CLK
  _2198_/CLK
  _2199_/CLK
  _2200_/CLK
  _2201_/CLK
  _2202_/CLK
  _2203_/CLK
  _2204_/CLK
  _2205_/CLK
  _2206_/CLK
  _2207_/CLK
  _2208_/CLK
  _2209_/CLK
  _2210_/CLK
  _2211_/CLK
  _2212_/CLK
  _2213_/CLK
  _2214_/CLK
Warning: There are 34 unconstrained endpoints.
  _2095_/D
  _2141_/D
  _2183_/D
  _2184_/D
  _2185_/D
  _2186_/D
  _2187_/D
  _2188_/D
  _2189_/D
  _2190_/D
  _2191_/D
  _2192_/D
  _2193_/D
  _2194_/D
  _2195_/D
  _2196_/D
  _2197_/D
  _2198_/D
  _2199_/D
  _2200_/D
  _2201_/D
  _2202_/D
  _2203_/D
  _2204_/D
  _2205_/D
  _2206_/D
  _2207_/D
  _2208_/D
  _2209_/D
  _2210_/D
  _2211_/D
  _2212_/D
  _2213_/D
  _2214_/D
