Clock: sys_clk
Sources: sys_clk 
Generated: no
Virtual: yes
Propagated: no
Period: 10.000000

===========================================================================
report_clock_properties
============================================================================
Clock                   Period          Waveform
----------------------------------------------------
sys_clk              10.000000    0.000000  5.000000

===========================================================================
report_clock_latency
============================================================================
Clock sys_clk
rise -> rise
    min     max
0.000000 0.000000 source latency
1.025922         network latency _2072_/CLK
        2.046457 network latency _2184_/CLK
---------------
1.025922 2.046457 latency
        1.020535 skew

rise -> fall
    min     max
0.000000 0.000000 source latency
1.786240         network latency _2211_/CLK
        1.788853 network latency _2184_/CLK
---------------
1.786240 1.788853 latency
        0.002613 skew

fall -> fall
    min     max
0.000000 0.000000 source latency
0.504737         network latency _2072_/CLK
        0.511296 network latency _2093_/CLK
---------------
0.504737 0.511296 latency
        0.006560 skew



===========================================================================
report_clock_min_period
============================================================================
sys_clk period_min = 8.01 fmax = 124.91
