
===========================================================================
report_checks -unconstrained
===========================================================================
======================= max_tt_025C_5v00 Corner ===================================

Startpoint: _2370_ (rising edge-triggered flip-flop clocked by sys_clk)
Endpoint: _2406_ (rising edge-triggered flip-flop clocked by sys_clk)
Path Group: sys_clk
Path Type: max

Fanout         Cap        Slew       Delay        Time   Description
---------------------------------------------------------------------------------------------
                                  0.000000    0.000000   clock sys_clk (rise edge)
                                  0.000000    0.000000   clock source latency
     1    0.054504    0.251681    0.134184    0.134184 ^ sys_clk (in)
                                                         sys_clk (net)
                      0.251848    0.000000    0.134184 ^ clkbuf_0_sys_clk/I (gf180mcu_fd_sc_mcu7t5v0__clkbuf_16)
    16    0.270774    0.315357    0.409081    0.543266 ^ clkbuf_0_sys_clk/Z (gf180mcu_fd_sc_mcu7t5v0__clkbuf_16)
                                                         clknet_0_sys_clk (net)
                      0.315559    0.005799    0.549064 ^ clkbuf_4_3_0_sys_clk/I (gf180mcu_fd_sc_mcu7t5v0__clkbuf_8)
    10    0.055150    0.166248    0.323654    0.872719 ^ clkbuf_4_3_0_sys_clk/Z (gf180mcu_fd_sc_mcu7t5v0__clkbuf_8)
                                                         clknet_4_3_0_sys_clk (net)
                      0.166248    0.000784    0.873503 ^ _2370_/CLK (gf180mcu_fd_sc_mcu7t5v0__dffq_1)
     1    0.008059    0.141465    0.687536    1.561039 v _2370_/Q (gf180mcu_fd_sc_mcu7t5v0__dffq_1)
                                                         lf_inst.error_in[1] (net)
                      0.141465    0.000139    1.561178 v fanout279/I (gf180mcu_fd_sc_mcu7t5v0__clkbuf_1)
     2    0.018444    0.318742    0.345085    1.906263 v fanout279/Z (gf180mcu_fd_sc_mcu7t5v0__clkbuf_1)
                                                         net279 (net)
                      0.318743    0.000329    1.906592 v fanout278/I (gf180mcu_fd_sc_mcu7t5v0__clkbuf_1)
     2    0.013834    0.254215    0.344402    2.250994 v fanout278/Z (gf180mcu_fd_sc_mcu7t5v0__clkbuf_1)
                                                         net278 (net)
                      0.254215    0.000281    2.251275 v fanout277/I (gf180mcu_fd_sc_mcu7t5v0__clkbuf_1)
     2    0.014607    0.264468    0.336168    2.587443 v fanout277/Z (gf180mcu_fd_sc_mcu7t5v0__clkbuf_1)
                                                         net277 (net)
                      0.264468    0.000177    2.587620 v fanout272/I (gf180mcu_fd_sc_mcu7t5v0__clkbuf_1)
     3    0.023884    0.399809    0.425162    3.012782 v fanout272/Z (gf180mcu_fd_sc_mcu7t5v0__clkbuf_1)
                                                         net272 (net)
                      0.399810    0.000448    3.013231 v fanout271/I (gf180mcu_fd_sc_mcu7t5v0__clkbuf_1)
     2    0.011188    0.218940    0.335133    3.348364 v fanout271/Z (gf180mcu_fd_sc_mcu7t5v0__clkbuf_1)
                                                         net271 (net)
                      0.218940    0.000179    3.348543 v fanout269/I (gf180mcu_fd_sc_mcu7t5v0__clkbuf_1)
     4    0.022104    0.373122    0.397816    3.746359 v fanout269/Z (gf180mcu_fd_sc_mcu7t5v0__clkbuf_1)
                                                         net269 (net)
                      0.373122    0.000133    3.746492 v _1146_/I (gf180mcu_fd_sc_mcu7t5v0__clkinv_1)
     1    0.005475    0.188255    0.171831    3.918323 ^ _1146_/ZN (gf180mcu_fd_sc_mcu7t5v0__clkinv_1)
                                                         _0563_ (net)
                      0.188255    0.000113    3.918436 ^ fanout241/I (gf180mcu_fd_sc_mcu7t5v0__buf_1)
     4    0.042536    0.732399    0.575578    4.494013 ^ fanout241/Z (gf180mcu_fd_sc_mcu7t5v0__buf_1)
                                                         net241 (net)
                      0.732404    0.001059    4.495072 ^ fanout239/I (gf180mcu_fd_sc_mcu7t5v0__buf_1)
     4    0.030763    0.545288    0.507959    5.003031 ^ fanout239/Z (gf180mcu_fd_sc_mcu7t5v0__buf_1)
                                                         net239 (net)
                      0.545291    0.000798    5.003829 ^ fanout238/I (gf180mcu_fd_sc_mcu7t5v0__buf_2)
     4    0.045934    0.404972    0.410979    5.414809 ^ fanout238/Z (gf180mcu_fd_sc_mcu7t5v0__buf_2)
                                                         net238 (net)
                      0.404974    0.000503    5.415311 ^ _1809_/A1 (gf180mcu_fd_sc_mcu7t5v0__nor2_1)
     1    0.005900    0.215575    0.147781    5.563092 v _1809_/ZN (gf180mcu_fd_sc_mcu7t5v0__nor2_1)
                                                         _0176_ (net)
                      0.215575    0.000113    5.563205 v fanout147/I (gf180mcu_fd_sc_mcu7t5v0__buf_2)
     4    0.060670    0.322287    0.412342    5.975547 v fanout147/Z (gf180mcu_fd_sc_mcu7t5v0__buf_2)
                                                         net147 (net)
                      0.322291    0.000629    5.976176 v fanout145/I (gf180mcu_fd_sc_mcu7t5v0__buf_2)
     4    0.047914    0.266136    0.407363    6.383540 v fanout145/Z (gf180mcu_fd_sc_mcu7t5v0__buf_2)
                                                         net145 (net)
                      0.266138    0.000443    6.383982 v _1830_/A2 (gf180mcu_fd_sc_mcu7t5v0__aoi221_4)
     4    0.039780    0.952433    0.556526    6.940508 ^ _1830_/ZN (gf180mcu_fd_sc_mcu7t5v0__aoi221_4)
                                                         _0195_ (net)
                      0.952434    0.001473    6.941981 ^ _1862_/A2 (gf180mcu_fd_sc_mcu7t5v0__nor4_4)
     2    0.027660    0.448532    0.326401    7.268382 v _1862_/ZN (gf180mcu_fd_sc_mcu7t5v0__nor4_4)
                                                         _0223_ (net)
                      0.448532    0.000496    7.268878 v _1868_/A2 (gf180mcu_fd_sc_mcu7t5v0__oai31_4)
     4    0.040677    0.785748    0.570098    7.838976 ^ _1868_/ZN (gf180mcu_fd_sc_mcu7t5v0__oai31_4)
                                                         _0229_ (net)
                      0.785748    0.000515    7.839491 ^ _1882_/A1 (gf180mcu_fd_sc_mcu7t5v0__oai21_1)
     2    0.015976    0.417642    0.293097    8.132588 v _1882_/ZN (gf180mcu_fd_sc_mcu7t5v0__oai21_1)
                                                         _0241_ (net)
                      0.417642    0.000141    8.132730 v _1890_/A1 (gf180mcu_fd_sc_mcu7t5v0__aoi21_1)
     2    0.014502    0.624581    0.433454    8.566183 ^ _1890_/ZN (gf180mcu_fd_sc_mcu7t5v0__aoi21_1)
                                                         _0248_ (net)
                      0.624581    0.000212    8.566396 ^ _2160_/A1 (gf180mcu_fd_sc_mcu7t5v0__xor3_2)
     3    0.031919    0.266772    1.225986    9.792382 v _2160_/Z (gf180mcu_fd_sc_mcu7t5v0__xor3_2)
                                                         _0480_ (net)
                      0.266772    0.000392    9.792774 v _2166_/B3 (gf180mcu_fd_sc_mcu7t5v0__oai33_1)
     1    0.007079    1.223012    0.722522   10.515296 ^ _2166_/ZN (gf180mcu_fd_sc_mcu7t5v0__oai33_1)
                                                         _0485_ (net)
                      1.223012    0.000167   10.515463 ^ wire114/I (gf180mcu_fd_sc_mcu7t5v0__clkbuf_1)
     2    0.010979    0.242351    0.394886   10.910349 ^ wire114/Z (gf180mcu_fd_sc_mcu7t5v0__clkbuf_1)
                                                         net114 (net)
                      0.242351    0.000163   10.910512 ^ _2191_/A2 (gf180mcu_fd_sc_mcu7t5v0__oai31_1)
     2    0.017493    0.489112    0.285245   11.195757 v _2191_/ZN (gf180mcu_fd_sc_mcu7t5v0__oai31_1)
                                                         _0506_ (net)
                      0.489112    0.000480   11.196237 v _2193_/A2 (gf180mcu_fd_sc_mcu7t5v0__and3_1)
     2    0.018742    0.271782    0.542035   11.738271 v _2193_/Z (gf180mcu_fd_sc_mcu7t5v0__and3_1)
                                                         _0508_ (net)
                      0.271782    0.000331   11.738603 v _2223_/A1 (gf180mcu_fd_sc_mcu7t5v0__oai21_1)
     2    0.019388    0.706051    0.481649   12.220251 ^ _2223_/ZN (gf180mcu_fd_sc_mcu7t5v0__oai21_1)
                                                         _0534_ (net)
                      0.706051    0.000448   12.220698 ^ _2227_/A2 (gf180mcu_fd_sc_mcu7t5v0__oai21_2)
     3    0.023621    0.390542    0.270738   12.491437 v _2227_/ZN (gf180mcu_fd_sc_mcu7t5v0__oai21_2)
                                                         _0538_ (net)
                      0.390543    0.000607   12.492043 v _2243_/B1 (gf180mcu_fd_sc_mcu7t5v0__oai221_2)
     2    0.017068    0.823592    0.553957   13.046000 ^ _2243_/ZN (gf180mcu_fd_sc_mcu7t5v0__oai221_2)
                                                         _0552_ (net)
                      0.823592    0.000218   13.046218 ^ _2247_/A2 (gf180mcu_fd_sc_mcu7t5v0__aoi21_1)
     1    0.008032    0.290879    0.155688   13.201905 v _2247_/ZN (gf180mcu_fd_sc_mcu7t5v0__aoi21_1)
                                                         _0555_ (net)
                      0.290879    0.000159   13.202065 v _2248_/A2 (gf180mcu_fd_sc_mcu7t5v0__xnor2_1)
     1    0.005635    0.279617    0.368812   13.570876 v _2248_/ZN (gf180mcu_fd_sc_mcu7t5v0__xnor2_1)
                                                         _0556_ (net)
                      0.279617    0.000110   13.570987 v _2250_/A2 (gf180mcu_fd_sc_mcu7t5v0__oai211_1)
     1    0.003430    0.396145    0.243300   13.814287 ^ _2250_/ZN (gf180mcu_fd_sc_mcu7t5v0__oai211_1)
                                                         _0119_ (net)
                      0.396145    0.000036   13.814322 ^ _2406_/D (gf180mcu_fd_sc_mcu7t5v0__dffq_1)
                                             13.814322   data arrival time

                                 24.000000   24.000000   clock sys_clk (rise edge)
                                  0.000000   24.000000   clock source latency
     1    0.054504    0.251681    0.134184   24.134184 ^ sys_clk (in)
                                                         sys_clk (net)
                      0.251848    0.000000   24.134184 ^ clkbuf_0_sys_clk/I (gf180mcu_fd_sc_mcu7t5v0__clkbuf_16)
    16    0.270774    0.315357    0.409081   24.543264 ^ clkbuf_0_sys_clk/Z (gf180mcu_fd_sc_mcu7t5v0__clkbuf_16)
                                                         clknet_0_sys_clk (net)
                      0.315483    0.004633   24.547897 ^ clkbuf_4_8_0_sys_clk/I (gf180mcu_fd_sc_mcu7t5v0__clkbuf_8)
    10    0.060453    0.176210    0.330054   24.877951 ^ clkbuf_4_8_0_sys_clk/Z (gf180mcu_fd_sc_mcu7t5v0__clkbuf_8)
                                                         clknet_4_8_0_sys_clk (net)
                      0.176212    0.001176   24.879128 ^ _2406_/CLK (gf180mcu_fd_sc_mcu7t5v0__dffq_1)
                                 -0.250000   24.629128   clock uncertainty
                                  0.000000   24.629128   clock reconvergence pessimism
                                 -0.231120   24.398008   library setup time
                                             24.398008   data required time
---------------------------------------------------------------------------------------------
                                             24.398008   data required time
                                            -13.814322   data arrival time
---------------------------------------------------------------------------------------------
                                             10.583685   slack (MET)




===========================================================================
report_checks --slack_max -0.01
============================================================================
======================= max_tt_025C_5v00 Corner ===================================

No paths found.


===========================================================================
 report_check_types -max_slew -max_cap -max_fanout -violators
============================================================================
======================= max_tt_025C_5v00 Corner ===================================

max fanout

Pin                                   Limit Fanout  Slack
---------------------------------------------------------
clkbuf_0_sys_clk/Z                        4     16    -12 (VIOLATED)
clkbuf_4_2_0_sys_clk/Z                    4     11     -7 (VIOLATED)
clkbuf_4_0_0_sys_clk/Z                    4     10     -6 (VIOLATED)
clkbuf_4_13_0_sys_clk/Z                   4     10     -6 (VIOLATED)
clkbuf_4_1_0_sys_clk/Z                    4     10     -6 (VIOLATED)
clkbuf_4_3_0_sys_clk/Z                    4     10     -6 (VIOLATED)
clkbuf_4_8_0_sys_clk/Z                    4     10     -6 (VIOLATED)
clkbuf_4_15_0_sys_clk/Z                   4      9     -5 (VIOLATED)
clkbuf_4_5_0_sys_clk/Z                    4      9     -5 (VIOLATED)
clkbuf_4_10_0_sys_clk/Z                   4      8     -4 (VIOLATED)
clkbuf_4_7_0_sys_clk/Z                    4      8     -4 (VIOLATED)
clkbuf_4_12_0_sys_clk/Z                   4      7     -3 (VIOLATED)
clkbuf_4_14_0_sys_clk/Z                   4      7     -3 (VIOLATED)
clkbuf_4_4_0_sys_clk/Z                    4      7     -3 (VIOLATED)
clkbuf_4_6_0_sys_clk/Z                    4      7     -3 (VIOLATED)
clkbuf_4_9_0_sys_clk/Z                    4      7     -3 (VIOLATED)
clkbuf_4_11_0_sys_clk/Z                   4      6     -2 (VIOLATED)

max capacitance

Pin                                        Limit         Cap       Slack
------------------------------------------------------------------------
clkbuf_0_sys_clk/Z                      0.200000    0.270774   -0.070774 (VIOLATED)



===========================================================================
report_parasitic_annotation -report_unannotated
============================================================================
Found 15 unannotated drivers.
 clkload0/Z
 clkload1/Z
 clkload10/ZN
 clkload11/ZN
 clkload12/Z
 clkload13/ZN
 clkload14/ZN
 clkload2/Z
 clkload3/ZN
 clkload4/ZN
 clkload5/ZN
 clkload6/ZN
 clkload7/Z
 clkload8/ZN
 clkload9/ZN
Found 0 partially unannotated drivers.

===========================================================================
max slew violation count 0
max fanout violation count 17
max cap violation count 1
============================================================================

===========================================================================
check_setup -verbose -unconstrained_endpoints -multiple_clock -no_clock -no_input_delay -loops -generated_clocks
===========================================================================
Warning: There are 33 unclocked register/latch pins.
  _2319_/CLK
  _2407_/CLK
  _2408_/CLK
  _2409_/CLK
  _2410_/CLK
  _2411_/CLK
  _2412_/CLK
  _2413_/CLK
  _2414_/CLK
  _2415_/CLK
  _2416_/CLK
  _2417_/CLK
  _2418_/CLK
  _2419_/CLK
  _2420_/CLK
  _2421_/CLK
  _2422_/CLK
  _2423_/CLK
  _2424_/CLK
  _2425_/CLK
  _2426_/CLK
  _2427_/CLK
  _2428_/CLK
  _2429_/CLK
  _2430_/CLK
  _2431_/CLK
  _2432_/CLK
  _2433_/CLK
  _2434_/CLK
  _2435_/CLK
  _2436_/CLK
  _2437_/CLK
  _2438_/CLK
Warning: There are 33 unconstrained endpoints.
  _2319_/D
  _2407_/D
  _2408_/D
  _2409_/D
  _2410_/D
  _2411_/D
  _2412_/D
  _2413_/D
  _2414_/D
  _2415_/D
  _2416_/D
  _2417_/D
  _2418_/D
  _2419_/D
  _2420_/D
  _2421_/D
  _2422_/D
  _2423_/D
  _2424_/D
  _2425_/D
  _2426_/D
  _2427_/D
  _2428_/D
  _2429_/D
  _2430_/D
  _2431_/D
  _2432_/D
  _2433_/D
  _2434_/D
  _2435_/D
  _2436_/D
  _2437_/D
  _2438_/D
