Clock: sys_clk
Sources: sys_clk 
Generated: no
Virtual: yes
Propagated: no
Period: 24.000000

===========================================================================
report_clock_properties
============================================================================
Clock                   Period          Waveform
----------------------------------------------------
sys_clk              24.000000    0.000000 12.000000

===========================================================================
report_clock_latency
============================================================================
Clock sys_clk
rise -> rise
    min     max
0.000000 0.000000 source latency
0.863649         network latency _2400_/CLK
        3.581938 network latency _2408_/CLK
---------------
0.863649 3.581938 latency
        2.718288 skew

rise -> fall
    min     max
0.000000 0.000000 source latency
2.343220         network latency _2415_/CLK
        3.544570 network latency _2408_/CLK
---------------
2.343220 3.544570 latency
        1.201351 skew

fall -> fall
    min     max
0.000000 0.000000 source latency
0.826351         network latency _2400_/CLK
        0.853741 network latency _2372_/CLK
---------------
0.826351 0.853741 latency
        0.027390 skew



===========================================================================
report_clock_min_period
============================================================================
sys_clk period_min = 13.42 fmax = 74.54
