
===========================================================================
report_checks -unconstrained
===========================================================================
======================= nom_ff_n40C_1v95 Corner ===================================

Startpoint: rst_n (input port clocked by sys_clk)
Endpoint: _2138_ (recovery check against rising-edge clock sys_clk)
Path Group: asynchronous
Path Type: max

Fanout         Cap        Slew       Delay        Time   Description
---------------------------------------------------------------------------------------------
                                  0.000000    0.000000   clock sys_clk (rise edge)
                                  0.000000    0.000000   clock network delay (propagated)
                                  2.000000    2.000000 ^ input external delay
     1    0.002690    0.013524    0.006947    2.006947 ^ rst_n (in)
                                                         rst_n (net)
                      0.013524    0.000000    2.006947 ^ input66/A (sky130_fd_sc_hd__clkbuf_1)
     1    0.005941    0.058309    0.066035    2.072982 ^ input66/X (sky130_fd_sc_hd__clkbuf_1)
                                                         net66 (net)
                      0.058311    0.000230    2.073211 ^ fanout261/A (sky130_fd_sc_hd__buf_1)
     2    0.018462    0.164922    0.148236    2.221447 ^ fanout261/X (sky130_fd_sc_hd__buf_1)
                                                         net261 (net)
                      0.164938    0.001337    2.222785 ^ fanout260/A (sky130_fd_sc_hd__buf_1)
     3    0.022317    0.197414    0.174811    2.397596 ^ fanout260/X (sky130_fd_sc_hd__buf_1)
                                                         net260 (net)
                      0.197427    0.001356    2.398952 ^ fanout257/A (sky130_fd_sc_hd__buf_1)
     2    0.016899    0.151334    0.142802    2.541754 ^ fanout257/X (sky130_fd_sc_hd__buf_1)
                                                         net257 (net)
                      0.151334    0.000291    2.542045 ^ fanout256/A (sky130_fd_sc_hd__buf_1)
     3    0.014681    0.132532    0.130431    2.672476 ^ fanout256/X (sky130_fd_sc_hd__buf_1)
                                                         net256 (net)
                      0.132537    0.000673    2.673149 ^ fanout252/A (sky130_fd_sc_hd__clkbuf_2)
     5    0.023631    0.102705    0.139260    2.812410 ^ fanout252/X (sky130_fd_sc_hd__clkbuf_2)
                                                         net252 (net)
                      0.102756    0.000951    2.813361 ^ _2138_/RESET_B (sky130_fd_sc_hd__dfrtp_1)
                                              2.813361   data arrival time

                                 10.000000   10.000000   clock sys_clk (rise edge)
                                  0.000000   10.000000   clock source latency
     1    0.026678    0.093580    0.065477   10.065476 ^ sys_clk (in)
                                                         sys_clk (net)
                      0.093680    0.000000   10.065476 ^ clkbuf_0_sys_clk/A (sky130_fd_sc_hd__clkbuf_16)
    16    0.114641    0.100200    0.153562   10.219038 ^ clkbuf_0_sys_clk/X (sky130_fd_sc_hd__clkbuf_16)
                                                         clknet_0_sys_clk (net)
                      0.100374    0.003398   10.222437 ^ clkbuf_4_8_0_sys_clk/A (sky130_fd_sc_hd__clkbuf_8)
    10    0.037197    0.058251    0.122720   10.345156 ^ clkbuf_4_8_0_sys_clk/X (sky130_fd_sc_hd__clkbuf_8)
                                                         clknet_4_8_0_sys_clk (net)
                      0.058306    0.001585   10.346742 ^ _2138_/CLK (sky130_fd_sc_hd__dfrtp_1)
                                 -0.250000   10.096742   clock uncertainty
                                  0.000000   10.096742   clock reconvergence pessimism
                                  0.134404   10.231146   library recovery time
                                             10.231146   data required time
---------------------------------------------------------------------------------------------
                                             10.231146   data required time
                                             -2.813361   data arrival time
---------------------------------------------------------------------------------------------
                                              7.417785   slack (MET)


Startpoint: rst_n (input port clocked by sys_clk)
Endpoint: _2179_ (rising edge-triggered flip-flop clocked by sys_clk)
Path Group: sys_clk
Path Type: max

Fanout         Cap        Slew       Delay        Time   Description
---------------------------------------------------------------------------------------------
                                  0.000000    0.000000   clock sys_clk (rise edge)
                                  0.000000    0.000000   clock network delay (propagated)
                                  2.000000    2.000000 ^ input external delay
     1    0.002690    0.013524    0.006947    2.006947 ^ rst_n (in)
                                                         rst_n (net)
                      0.013524    0.000000    2.006947 ^ input66/A (sky130_fd_sc_hd__clkbuf_1)
     1    0.005941    0.058309    0.066035    2.072982 ^ input66/X (sky130_fd_sc_hd__clkbuf_1)
                                                         net66 (net)
                      0.058311    0.000230    2.073211 ^ fanout261/A (sky130_fd_sc_hd__buf_1)
     2    0.018462    0.164922    0.148236    2.221447 ^ fanout261/X (sky130_fd_sc_hd__buf_1)
                                                         net261 (net)
                      0.164938    0.001337    2.222785 ^ fanout260/A (sky130_fd_sc_hd__buf_1)
     3    0.022317    0.197414    0.174811    2.397596 ^ fanout260/X (sky130_fd_sc_hd__buf_1)
                                                         net260 (net)
                      0.197427    0.001356    2.398952 ^ fanout257/A (sky130_fd_sc_hd__buf_1)
     2    0.016899    0.151334    0.142802    2.541754 ^ fanout257/X (sky130_fd_sc_hd__buf_1)
                                                         net257 (net)
                      0.151334    0.000291    2.542045 ^ fanout256/A (sky130_fd_sc_hd__buf_1)
     3    0.014681    0.132532    0.130431    2.672476 ^ fanout256/X (sky130_fd_sc_hd__buf_1)
                                                         net256 (net)
                      0.132533    0.000271    2.672747 ^ fanout255/A (sky130_fd_sc_hd__buf_1)
     3    0.013252    0.120388    0.122305    2.795052 ^ fanout255/X (sky130_fd_sc_hd__buf_1)
                                                         net255 (net)
                      0.120388    0.000260    2.795312 ^ fanout254/A (sky130_fd_sc_hd__dlymetal6s2s_1)
     5    0.021668    0.176725    0.174872    2.970184 ^ fanout254/X (sky130_fd_sc_hd__dlymetal6s2s_1)
                                                         net254 (net)
                      0.176735    0.001074    2.971258 ^ _1033_/A (sky130_fd_sc_hd__inv_2)
     1    0.003801    0.032388    0.012957    2.984216 v _1033_/Y (sky130_fd_sc_hd__inv_2)
                                                         _0453_ (net)
                      0.032389    0.000119    2.984334 v fanout240/A (sky130_fd_sc_hd__buf_1)
     2    0.009705    0.042851    0.078955    3.063289 v fanout240/X (sky130_fd_sc_hd__buf_1)
                                                         net240 (net)
                      0.042853    0.000383    3.063673 v fanout232/A (sky130_fd_sc_hd__buf_1)
     3    0.016650    0.069030    0.102892    3.166565 v fanout232/X (sky130_fd_sc_hd__buf_1)
                                                         net232 (net)
                      0.069031    0.000358    3.166924 v fanout227/A (sky130_fd_sc_hd__clkbuf_2)
     5    0.029205    0.079586    0.132811    3.299735 v fanout227/X (sky130_fd_sc_hd__clkbuf_2)
                                                         net227 (net)
                      0.079589    0.000544    3.300279 v _1594_/A (sky130_fd_sc_hd__nor2_1)
     1    0.005130    0.081317    0.101622    3.401901 ^ _1594_/Y (sky130_fd_sc_hd__nor2_1)
                                                         _0967_ (net)
                      0.081317    0.000201    3.402102 ^ fanout165/A (sky130_fd_sc_hd__buf_1)
     2    0.013947    0.126332    0.123540    3.525642 ^ fanout165/X (sky130_fd_sc_hd__buf_1)
                                                         net165 (net)
                      0.126333    0.000173    3.525815 ^ fanout164/A (sky130_fd_sc_hd__clkbuf_1)
     2    0.009223    0.086162    0.098728    3.624544 ^ fanout164/X (sky130_fd_sc_hd__clkbuf_1)
                                                         net164 (net)
                      0.086163    0.000211    3.624754 ^ fanout159/A (sky130_fd_sc_hd__buf_1)
     3    0.016947    0.151908    0.141461    3.766215 ^ fanout159/X (sky130_fd_sc_hd__buf_1)
                                                         net159 (net)
                      0.151913    0.000658    3.766873 ^ fanout158/A (sky130_fd_sc_hd__clkbuf_2)
     5    0.026183    0.113117    0.147992    3.914865 ^ fanout158/X (sky130_fd_sc_hd__clkbuf_2)
                                                         net158 (net)
                      0.113150    0.001577    3.916442 ^ fanout156/A (sky130_fd_sc_hd__dlymetal6s2s_1)
     5    0.022948    0.185630    0.180387    4.096829 ^ fanout156/X (sky130_fd_sc_hd__dlymetal6s2s_1)
                                                         net156 (net)
                      0.185633    0.000609    4.097438 ^ _2007_/A2 (sky130_fd_sc_hd__a21o_1)
     1    0.003556    0.032903    0.087383    4.184822 ^ _2007_/X (sky130_fd_sc_hd__a21o_1)
                                                         _0433_ (net)
                      0.032903    0.000111    4.184933 ^ _2008_/B1 (sky130_fd_sc_hd__a31o_1)
     1    0.002495    0.030341    0.049632    4.234565 ^ _2008_/X (sky130_fd_sc_hd__a31o_1)
                                                         _0110_ (net)
                      0.030341    0.000072    4.234637 ^ _2179_/D (sky130_fd_sc_hd__dfxtp_1)
                                              4.234637   data arrival time

                                 10.000000   10.000000   clock sys_clk (rise edge)
                                  0.000000   10.000000   clock source latency
     1    0.026678    0.093580    0.065477   10.065476 ^ sys_clk (in)
                                                         sys_clk (net)
                      0.093680    0.000000   10.065476 ^ clkbuf_0_sys_clk/A (sky130_fd_sc_hd__clkbuf_16)
    16    0.114641    0.100200    0.153562   10.219038 ^ clkbuf_0_sys_clk/X (sky130_fd_sc_hd__clkbuf_16)
                                                         clknet_0_sys_clk (net)
                      0.100386    0.003511   10.222549 ^ clkbuf_4_11_0_sys_clk/A (sky130_fd_sc_hd__clkbuf_8)
     9    0.034902    0.055497    0.120717   10.343266 ^ clkbuf_4_11_0_sys_clk/X (sky130_fd_sc_hd__clkbuf_8)
                                                         clknet_4_11_0_sys_clk (net)
                      0.055543    0.001422   10.344688 ^ _2179_/CLK (sky130_fd_sc_hd__dfxtp_1)
                                 -0.250000   10.094688   clock uncertainty
                                  0.000000   10.094688   clock reconvergence pessimism
                                 -0.028147   10.066541   library setup time
                                             10.066541   data required time
---------------------------------------------------------------------------------------------
                                             10.066541   data required time
                                             -4.234637   data arrival time
---------------------------------------------------------------------------------------------
                                              5.831904   slack (MET)




===========================================================================
report_checks --slack_max -0.01
============================================================================
======================= nom_ff_n40C_1v95 Corner ===================================

No paths found.


===========================================================================
 report_check_types -max_slew -max_cap -max_fanout -violators
============================================================================
======================= nom_ff_n40C_1v95 Corner ===================================

max fanout

Pin                                   Limit Fanout  Slack
---------------------------------------------------------
clkbuf_0_sys_clk/X                        5     16    -11 (VIOLATED)
clkbuf_4_0_0_sys_clk/X                    5     13     -8 (VIOLATED)
clkbuf_4_15_0_sys_clk/X                   5     10     -5 (VIOLATED)
clkbuf_4_1_0_sys_clk/X                    5     10     -5 (VIOLATED)
clkbuf_4_4_0_sys_clk/X                    5     10     -5 (VIOLATED)
clkbuf_4_8_0_sys_clk/X                    5     10     -5 (VIOLATED)
clkbuf_4_11_0_sys_clk/X                   5      9     -4 (VIOLATED)
clkbuf_4_2_0_sys_clk/X                    5      9     -4 (VIOLATED)
clkbuf_4_5_0_sys_clk/X                    5      9     -4 (VIOLATED)
clkbuf_4_13_0_sys_clk/X                   5      8     -3 (VIOLATED)
clkbuf_4_14_0_sys_clk/X                   5      8     -3 (VIOLATED)
clkbuf_4_7_0_sys_clk/X                    5      8     -3 (VIOLATED)
clkbuf_4_10_0_sys_clk/X                   5      7     -2 (VIOLATED)
clkbuf_4_9_0_sys_clk/X                    5      7     -2 (VIOLATED)
clkbuf_4_12_0_sys_clk/X                   5      6        (VIOLATED)
clkbuf_4_3_0_sys_clk/X                    5      6        (VIOLATED)
clkbuf_4_6_0_sys_clk/X                    5      6        (VIOLATED)



===========================================================================
report_parasitic_annotation -report_unannotated
============================================================================
Found 15 unannotated drivers.
 clkload0/Y
 clkload1/Y
 clkload10/Y
 clkload11/Y
 clkload12/Y
 clkload13/Y
 clkload14/Y
 clkload2/Y
 clkload3/Y
 clkload4/Y
 clkload5/Y
 clkload6/Y
 clkload7/Y
 clkload8/Y
 clkload9/Y
Found 0 partially unannotated drivers.

===========================================================================
max slew violation count 0
max fanout violation count 17
max cap violation count 0
============================================================================

===========================================================================
check_setup -verbose -unconstrained_endpoints -multiple_clock -no_clock -no_input_delay -loops -generated_clocks
===========================================================================
Warning: There are 33 unclocked register/latch pins.
  _2095_/CLK
  _2183_/CLK
  _2184_/CLK
  _2185_/CLK
  _2186_/CLK
  _2187_/CLK
  _2188_/CLK
  _2189_/CLK
  _2190_/CLK
  _2191_/CLK
  _2192_/CLK
  _2193_/CLK
  _2194_/CLK
  _2195_/CLK
  _2196_/CLK
  _2197_/CLK
  _2198_/CLK
  _2199_/CLK
  _2200_/CLK
  _2201_/CLK
  _2202_/CLK
  _2203_/CLK
  _2204_/CLK
  _2205_/CLK
  _2206_/CLK
  _2207_/CLK
  _2208_/CLK
  _2209_/CLK
  _2210_/CLK
  _2211_/CLK
  _2212_/CLK
  _2213_/CLK
  _2214_/CLK
Warning: There are 34 unconstrained endpoints.
  _2095_/D
  _2141_/D
  _2183_/D
  _2184_/D
  _2185_/D
  _2186_/D
  _2187_/D
  _2188_/D
  _2189_/D
  _2190_/D
  _2191_/D
  _2192_/D
  _2193_/D
  _2194_/D
  _2195_/D
  _2196_/D
  _2197_/D
  _2198_/D
  _2199_/D
  _2200_/D
  _2201_/D
  _2202_/D
  _2203_/D
  _2204_/D
  _2205_/D
  _2206_/D
  _2207_/D
  _2208_/D
  _2209_/D
  _2210_/D
  _2211_/D
  _2212_/D
  _2213_/D
  _2214_/D
