Clock: sys_clk
Sources: sys_clk 
Generated: no
Virtual: yes
Propagated: no
Period: 10.000000

===========================================================================
report_clock_properties
============================================================================
Clock                   Period          Waveform
----------------------------------------------------
sys_clk              10.000000    0.000000  5.000000

===========================================================================
report_clock_latency
============================================================================
Clock sys_clk
rise -> rise
    min     max
0.000000 0.000000 source latency
0.339460         network latency _2215_/CLK
        1.090539 network latency _2198_/CLK
---------------
0.339460 1.090539 latency
        0.751079 skew

rise -> fall
    min     max
0.000000 0.000000 source latency
0.726699         network latency _2212_/CLK
        0.956846 network latency _2198_/CLK
---------------
0.726699 0.956846 latency
        0.230147 skew

fall -> fall
    min     max
0.000000 0.000000 source latency
0.286636         network latency _2215_/CLK
        0.295326 network latency _2067_/CLK
---------------
0.286636 0.295326 latency
        0.008689 skew



===========================================================================
report_clock_min_period
============================================================================
sys_clk period_min = 3.74 fmax = 267.24
