Clock: sys_clk
Sources: sys_clk 
Generated: no
Virtual: no
Propagated: no
Period: 10.000000

===========================================================================
report_clock_properties
============================================================================
Clock                   Period          Waveform
----------------------------------------------------
sys_clk              10.000000    0.000000  5.000000

===========================================================================
report_clock_latency
============================================================================
Clock sys_clk
rise -> rise
    min     max
0.000000 0.000000 source latency
1.043778         network latency _2100_/CLK
        1.213362 network latency _2133_/CLK
---------------
1.043778 1.213362 latency
        0.169584 skew

rise -> fall
    min     max
0.000000 0.000000 source latency
0.935287         network latency _2133_/CLK
        0.935287 network latency _2133_/CLK
---------------
0.935287 0.935287 latency
        0.000000 skew

fall -> fall
    min     max
0.000000 0.000000 source latency
0.587689         network latency _2100_/CLK
        0.587689 network latency _2100_/CLK
---------------
0.587689 0.587689 latency
        0.000000 skew



===========================================================================
report_clock_min_period
============================================================================
sys_clk period_min = 13.55 fmax = 73.79
