Clock: sys_clk
Sources: sys_clk 
Generated: no
Virtual: yes
Propagated: no
Period: 10.000000

===========================================================================
report_clock_properties
============================================================================
Clock                   Period          Waveform
----------------------------------------------------
sys_clk              10.000000    0.000000  5.000000

===========================================================================
report_clock_latency
============================================================================
Clock sys_clk
rise -> rise
    min     max
0.000000 0.000000 source latency
0.465993         network latency _2208_/CLK
        1.503006 network latency _2234_/CLK
---------------
0.465993 1.503006 latency
        1.037013 skew

rise -> fall
    min     max
0.000000 0.000000 source latency
1.093621         network latency _2252_/CLK
        1.330093 network latency _2234_/CLK
---------------
1.093621 1.330093 latency
        0.236472 skew

fall -> fall
    min     max
0.000000 0.000000 source latency
0.402719         network latency _2208_/CLK
        0.412328 network latency _2124_/CLK
---------------
0.402719 0.412328 latency
        0.009610 skew



===========================================================================
report_clock_min_period
============================================================================
sys_clk period_min = 5.26 fmax = 190.29
