
===========================================================================
report_checks -unconstrained
===========================================================================
======================= nom_tt_025C_1v80 Corner ===================================

Startpoint: _2184_ (rising edge-triggered flip-flop clocked by sys_clk)
Endpoint: _2219_ (rising edge-triggered flip-flop clocked by sys_clk)
Path Group: sys_clk
Path Type: max

Fanout         Cap        Slew       Delay        Time   Description
---------------------------------------------------------------------------------------------
                                  0.000000    0.000000   clock sys_clk (rise edge)
                                  0.000000    0.000000   clock source latency
   121    0.327606    1.460729    1.011242    1.011242 ^ sys_clk (in)
                                                         sys_clk (net)
                      1.460852    0.000000    1.011242 ^ _2184_/CLK (sky130_fd_sc_hd__dfxtp_2)
    47    0.211623    1.044314    1.257121    2.268363 ^ _2184_/Q (sky130_fd_sc_hd__dfxtp_2)
                                                         lf_inst.error_in[1] (net)
                      1.044314    0.001884    2.270247 ^ _1852_/C_N (sky130_fd_sc_hd__nor3b_2)
    16    0.088769    1.401734    1.245727    3.515974 ^ _1852_/Y (sky130_fd_sc_hd__nor3b_2)
                                                         _0303_ (net)
                      1.401738    0.002045    3.518018 ^ _1855_/B (sky130_fd_sc_hd__xnor2_2)
     4    0.014403    0.225455    0.206155    3.724173 v _1855_/Y (sky130_fd_sc_hd__xnor2_2)
                                                         _0306_ (net)
                      0.225455    0.000035    3.724208 v _1870_/B1 (sky130_fd_sc_hd__o221a_2)
     2    0.005910    0.051974    0.322163    4.046371 v _1870_/X (sky130_fd_sc_hd__o221a_2)
                                                         _0319_ (net)
                      0.051974    0.000015    4.046386 v _1872_/C (sky130_fd_sc_hd__or3_2)
     5    0.015042    0.114820    0.469597    4.515983 v _1872_/X (sky130_fd_sc_hd__or3_2)
                                                         _0321_ (net)
                      0.114820    0.000079    4.516063 v _1893_/A1 (sky130_fd_sc_hd__o21ba_2)
     2    0.008962    0.049531    0.252596    4.768659 v _1893_/X (sky130_fd_sc_hd__o21ba_2)
                                                         _0338_ (net)
                      0.049531    0.000023    4.768682 v _1897_/A (sky130_fd_sc_hd__nor2_2)
     3    0.011650    0.152314    0.160497    4.929179 ^ _1897_/Y (sky130_fd_sc_hd__nor2_2)
                                                         _0342_ (net)
                      0.152314    0.000050    4.929229 ^ _1923_/A (sky130_fd_sc_hd__nand4_2)
     2    0.008944    0.108403    0.120282    5.049511 v _1923_/Y (sky130_fd_sc_hd__nand4_2)
                                                         _0364_ (net)
                      0.108403    0.000102    5.049613 v _1950_/B (sky130_fd_sc_hd__or2_2)
     2    0.005329    0.062315    0.303895    5.353508 v _1950_/X (sky130_fd_sc_hd__or2_2)
                                                         _0387_ (net)
                      0.062315    0.000036    5.353544 v _1968_/A2 (sky130_fd_sc_hd__a311o_2)
     3    0.010355    0.074896    0.393833    5.747377 v _1968_/X (sky130_fd_sc_hd__a311o_2)
                                                         _0403_ (net)
                      0.074896    0.000114    5.747491 v _1984_/A (sky130_fd_sc_hd__or2_2)
     3    0.010347    0.075807    0.332974    6.080465 v _1984_/X (sky130_fd_sc_hd__or2_2)
                                                         _0417_ (net)
                      0.075807    0.000087    6.080552 v _2007_/A2 (sky130_fd_sc_hd__a2111o_2)
     3    0.010840    0.086030    0.506242    6.586793 v _2007_/X (sky130_fd_sc_hd__a2111o_2)
                                                         _0436_ (net)
                      0.086030    0.000090    6.586883 v _2039_/A1 (sky130_fd_sc_hd__a211o_2)
     3    0.011006    0.070284    0.335626    6.922509 v _2039_/X (sky130_fd_sc_hd__a211o_2)
                                                         _0464_ (net)
                      0.070284    0.000094    6.922604 v _2057_/A1 (sky130_fd_sc_hd__a211o_2)
     2    0.006398    0.058933    0.311230    7.233833 v _2057_/X (sky130_fd_sc_hd__a211o_2)
                                                         _0480_ (net)
                      0.058933    0.000016    7.233850 v _2059_/A3 (sky130_fd_sc_hd__a31oi_2)
     3    0.011597    0.221289    0.247759    7.481608 ^ _2059_/Y (sky130_fd_sc_hd__a31oi_2)
                                                         _0482_ (net)
                      0.221289    0.000036    7.481645 ^ _2060_/B (sky130_fd_sc_hd__nor2_2)
     1    0.003016    0.043840    0.047628    7.529273 v _2060_/Y (sky130_fd_sc_hd__nor2_2)
                                                         _0483_ (net)
                      0.043840    0.000014    7.529287 v _2061_/B1 (sky130_fd_sc_hd__a221o_2)
     1    0.001775    0.049643    0.316921    7.846208 v _2061_/X (sky130_fd_sc_hd__a221o_2)
                                                         _0118_ (net)
                      0.049643    0.000000    7.846209 v _2219_/D (sky130_fd_sc_hd__dfxtp_2)
                                              7.846209   data arrival time

                                 10.000000   10.000000   clock sys_clk (rise edge)
                                  0.000000   10.000000   clock source latency
   121    0.327606    1.460729    1.004489   11.004489 ^ sys_clk (in)
                                                         sys_clk (net)
                      1.460748    0.000000   11.004489 ^ _2219_/CLK (sky130_fd_sc_hd__dfxtp_2)
                                 -0.250000   10.754489   clock uncertainty
                                  0.000000   10.754489   clock reconvergence pessimism
                                  0.076453   10.830942   library setup time
                                             10.830942   data required time
---------------------------------------------------------------------------------------------
                                             10.830942   data required time
                                             -7.846209   data arrival time
---------------------------------------------------------------------------------------------
                                              2.984733   slack (MET)




===========================================================================
report_checks --slack_max -0.01
============================================================================
======================= nom_tt_025C_1v80 Corner ===================================

No paths found.


===========================================================================
 report_check_types -max_slew -max_cap -max_fanout -violators
============================================================================
======================= nom_tt_025C_1v80 Corner ===================================

max slew

Pin                                        Limit        Slew       Slack
------------------------------------------------------------------------
_1641_/A2                               0.750000    1.843756   -1.093756 (VIOLATED)
_1650_/A2                               0.750000    1.843756   -1.093756 (VIOLATED)
_1859_/B2                               0.750000    1.843756   -1.093756 (VIOLATED)
_1866_/A2                               0.750000    1.843756   -1.093756 (VIOLATED)
_1873_/B2                               0.750000    1.843756   -1.093756 (VIOLATED)
_1879_/B2                               0.750000    1.843755   -1.093756 (VIOLATED)
_1886_/B2                               0.750000    1.843755   -1.093755 (VIOLATED)
_1890_/A2                               0.750000    1.843755   -1.093755 (VIOLATED)
_1900_/B2                               0.750000    1.843755   -1.093755 (VIOLATED)
_1907_/A2                               0.750000    1.843755   -1.093755 (VIOLATED)
_1638_/Y                                0.750000    1.843753   -1.093753 (VIOLATED)
_1658_/A2                               0.750000    1.843753   -1.093753 (VIOLATED)
_1665_/A2                               0.750000    1.843753   -1.093753 (VIOLATED)
_1672_/A2                               0.750000    1.843753   -1.093753 (VIOLATED)
_1681_/A2                               0.750000    1.843753   -1.093753 (VIOLATED)
_1688_/A2                               0.750000    1.843753   -1.093753 (VIOLATED)
_1699_/A                                0.750000    1.843753   -1.093753 (VIOLATED)
_1700_/A2                               0.750000    1.843753   -1.093753 (VIOLATED)
_1706_/A2                               0.750000    1.843753   -1.093753 (VIOLATED)
_1717_/A2                               0.750000    1.843753   -1.093753 (VIOLATED)
_1726_/A2                               0.750000    1.843753   -1.093753 (VIOLATED)
_1735_/A2                               0.750000    1.843753   -1.093753 (VIOLATED)
_1741_/A2                               0.750000    1.843753   -1.093753 (VIOLATED)
_1750_/A2                               0.750000    1.843753   -1.093753 (VIOLATED)
_1756_/A2                               0.750000    1.843753   -1.093753 (VIOLATED)
_1778_/A2                               0.750000    1.843753   -1.093753 (VIOLATED)
_1787_/A2                               0.750000    1.843753   -1.093753 (VIOLATED)
_1792_/A2                               0.750000    1.843753   -1.093753 (VIOLATED)
_1804_/A2                               0.750000    1.843753   -1.093753 (VIOLATED)
_1811_/A2                               0.750000    1.843753   -1.093753 (VIOLATED)
_1818_/A2                               0.750000    1.843753   -1.093753 (VIOLATED)
_1824_/A2                               0.750000    1.843753   -1.093753 (VIOLATED)
_1914_/A2                               0.750000    1.843753   -1.093753 (VIOLATED)
_1920_/A2                               0.750000    1.843753   -1.093753 (VIOLATED)
_1929_/A2                               0.750000    1.843753   -1.093753 (VIOLATED)
_1934_/A2                               0.750000    1.843753   -1.093753 (VIOLATED)
_1941_/A2                               0.750000    1.843753   -1.093753 (VIOLATED)
_1946_/A2                               0.750000    1.843753   -1.093753 (VIOLATED)
_1961_/A2                               0.750000    1.843753   -1.093753 (VIOLATED)
_1971_/A2                               0.750000    1.843753   -1.093753 (VIOLATED)
_1978_/A2                               0.750000    1.843753   -1.093753 (VIOLATED)
_1987_/A2                               0.750000    1.843753   -1.093753 (VIOLATED)
_1994_/A2                               0.750000    1.843753   -1.093753 (VIOLATED)
_2001_/A2                               0.750000    1.843753   -1.093753 (VIOLATED)
_2006_/A2                               0.750000    1.843753   -1.093753 (VIOLATED)
_2024_/A2                               0.750000    1.843753   -1.093753 (VIOLATED)
_2031_/A2                               0.750000    1.843753   -1.093753 (VIOLATED)
_2037_/A2                               0.750000    1.843753   -1.093753 (VIOLATED)
_2046_/A2                               0.750000    1.843753   -1.093753 (VIOLATED)
_2053_/A2                               0.750000    1.843753   -1.093753 (VIOLATED)
_2061_/A2                               0.750000    1.843753   -1.093753 (VIOLATED)
_2064_/A2                               0.750000    1.843753   -1.093753 (VIOLATED)
_2108_/CLK                              0.750000    1.460867   -0.710867 (VIOLATED)
_2140_/CLK                              0.750000    1.460866   -0.710866 (VIOLATED)
_2196_/CLK                              0.750000    1.460866   -0.710867 (VIOLATED)
_2197_/CLK                              0.750000    1.460865   -0.710865 (VIOLATED)
_2141_/CLK                              0.750000    1.460864   -0.710864 (VIOLATED)
_2198_/CLK                              0.750000    1.460864   -0.710864 (VIOLATED)
_2109_/CLK                              0.750000    1.460863   -0.710863 (VIOLATED)
_2110_/CLK                              0.750000    1.460863   -0.710863 (VIOLATED)
_2111_/CLK                              0.750000    1.460862   -0.710862 (VIOLATED)
_2112_/CLK                              0.750000    1.460862   -0.710862 (VIOLATED)
_2199_/CLK                              0.750000    1.460863   -0.710863 (VIOLATED)
_2113_/CLK                              0.750000    1.460861   -0.710861 (VIOLATED)
_2200_/CLK                              0.750000    1.460861   -0.710861 (VIOLATED)
_2161_/CLK                              0.750000    1.460858   -0.710858 (VIOLATED)
_2201_/CLK                              0.750000    1.460858   -0.710859 (VIOLATED)
_2162_/CLK                              0.750000    1.460854   -0.710854 (VIOLATED)
_2114_/CLK                              0.750000    1.460853   -0.710853 (VIOLATED)
_2142_/CLK                              0.750000    1.460853   -0.710853 (VIOLATED)
_2143_/CLK                              0.750000    1.460853   -0.710853 (VIOLATED)
_2155_/CLK                              0.750000    1.460853   -0.710853 (VIOLATED)
_2144_/CLK                              0.750000    1.460853   -0.710853 (VIOLATED)
_2184_/CLK                              0.750000    1.460852   -0.710852 (VIOLATED)
_2107_/CLK                              0.750000    1.460851   -0.710851 (VIOLATED)
_2106_/CLK                              0.750000    1.460850   -0.710850 (VIOLATED)
_2194_/CLK                              0.750000    1.460851   -0.710851 (VIOLATED)
_2195_/CLK                              0.750000    1.460851   -0.710851 (VIOLATED)
_2202_/CLK                              0.750000    1.460851   -0.710851 (VIOLATED)
_2104_/CLK                              0.750000    1.460849   -0.710849 (VIOLATED)
_2105_/CLK                              0.750000    1.460849   -0.710849 (VIOLATED)
_2137_/CLK                              0.750000    1.460848   -0.710848 (VIOLATED)
_2138_/CLK                              0.750000    1.460849   -0.710849 (VIOLATED)
_2139_/CLK                              0.750000    1.460849   -0.710849 (VIOLATED)
_2193_/CLK                              0.750000    1.460848   -0.710848 (VIOLATED)
_2192_/CLK                              0.750000    1.460847   -0.710847 (VIOLATED)
_2156_/CLK                              0.750000    1.460845   -0.710845 (VIOLATED)
_2157_/CLK                              0.750000    1.460845   -0.710845 (VIOLATED)
_2136_/CLK                              0.750000    1.460844   -0.710844 (VIOLATED)
_2153_/CLK                              0.750000    1.460844   -0.710844 (VIOLATED)
_2158_/CLK                              0.750000    1.460845   -0.710845 (VIOLATED)
_2163_/CLK                              0.750000    1.460845   -0.710845 (VIOLATED)
_2154_/CLK                              0.750000    1.460844   -0.710844 (VIOLATED)
_2183_/CLK                              0.750000    1.460843   -0.710843 (VIOLATED)
_2103_/CLK                              0.750000    1.460842   -0.710842 (VIOLATED)
_2189_/CLK                              0.750000    1.460842   -0.710842 (VIOLATED)
_2191_/CLK                              0.750000    1.460839   -0.710839 (VIOLATED)
_2253_/CLK                              0.750000    1.460839   -0.710839 (VIOLATED)
_2135_/CLK                              0.750000    1.460836   -0.710836 (VIOLATED)
_2190_/CLK                              0.750000    1.460834   -0.710834 (VIOLATED)
_2147_/CLK                              0.750000    1.460830   -0.710830 (VIOLATED)
_2159_/CLK                              0.750000    1.460829   -0.710829 (VIOLATED)
_2100_/CLK                              0.750000    1.460828   -0.710828 (VIOLATED)
_2134_/CLK                              0.750000    1.460828   -0.710828 (VIOLATED)
_2160_/CLK                              0.750000    1.460829   -0.710829 (VIOLATED)
_2182_/CLK                              0.750000    1.460829   -0.710829 (VIOLATED)
_2146_/CLK                              0.750000    1.460828   -0.710828 (VIOLATED)
_2152_/CLK                              0.750000    1.460825   -0.710826 (VIOLATED)
_2115_/CLK                              0.750000    1.460822   -0.710822 (VIOLATED)
_2203_/CLK                              0.750000    1.460819   -0.710819 (VIOLATED)
_2164_/CLK                              0.750000    1.460813   -0.710813 (VIOLATED)
_2165_/CLK                              0.750000    1.460813   -0.710813 (VIOLATED)
_2167_/CLK                              0.750000    1.460812   -0.710812 (VIOLATED)
_2204_/CLK                              0.750000    1.460811   -0.710811 (VIOLATED)
_2166_/CLK                              0.750000    1.460807   -0.710807 (VIOLATED)
_2205_/CLK                              0.750000    1.460805   -0.710805 (VIOLATED)
_2168_/CLK                              0.750000    1.460799   -0.710799 (VIOLATED)
_2206_/CLK                              0.750000    1.460799   -0.710799 (VIOLATED)
_2207_/CLK                              0.750000    1.460790   -0.710790 (VIOLATED)
_2208_/CLK                              0.750000    1.460776   -0.710776 (VIOLATED)
_2169_/CLK                              0.750000    1.460766   -0.710766 (VIOLATED)
_2170_/CLK                              0.750000    1.460766   -0.710766 (VIOLATED)
_2171_/CLK                              0.750000    1.460765   -0.710765 (VIOLATED)
_2209_/CLK                              0.750000    1.460757   -0.710757 (VIOLATED)
_2101_/CLK                              0.750000    1.460754   -0.710754 (VIOLATED)
_2102_/CLK                              0.750000    1.460754   -0.710754 (VIOLATED)
_2145_/CLK                              0.750000    1.460754   -0.710754 (VIOLATED)
_2148_/CLK                              0.750000    1.460754   -0.710754 (VIOLATED)
_2149_/CLK                              0.750000    1.460753   -0.710753 (VIOLATED)
_2151_/CLK                              0.750000    1.460753   -0.710754 (VIOLATED)
_2150_/CLK                              0.750000    1.460753   -0.710753 (VIOLATED)
_2116_/CLK                              0.750000    1.460751   -0.710751 (VIOLATED)
_2174_/CLK                              0.750000    1.460751   -0.710751 (VIOLATED)
_2178_/CLK                              0.750000    1.460751   -0.710751 (VIOLATED)
_2179_/CLK                              0.750000    1.460752   -0.710752 (VIOLATED)
_2185_/CLK                              0.750000    1.460751   -0.710751 (VIOLATED)
_2186_/CLK                              0.750000    1.460752   -0.710752 (VIOLATED)
_2187_/CLK                              0.750000    1.460752   -0.710752 (VIOLATED)
_2188_/CLK                              0.750000    1.460751   -0.710751 (VIOLATED)
_2117_/CLK                              0.750000    1.460750   -0.710750 (VIOLATED)
_2118_/CLK                              0.750000    1.460748   -0.710748 (VIOLATED)
_2177_/CLK                              0.750000    1.460749   -0.710749 (VIOLATED)
_2132_/CLK                              0.750000    1.460748   -0.710748 (VIOLATED)
_2180_/CLK                              0.750000    1.460749   -0.710749 (VIOLATED)
_2181_/CLK                              0.750000    1.460749   -0.710749 (VIOLATED)
_2119_/CLK                              0.750000    1.460747   -0.710747 (VIOLATED)
_2129_/CLK                              0.750000    1.460748   -0.710748 (VIOLATED)
_2130_/CLK                              0.750000    1.460748   -0.710748 (VIOLATED)
_2131_/CLK                              0.750000    1.460748   -0.710748 (VIOLATED)
_2210_/CLK                              0.750000    1.460747   -0.710747 (VIOLATED)
_2216_/CLK                              0.750000    1.460747   -0.710747 (VIOLATED)
_2218_/CLK                              0.750000    1.460748   -0.710748 (VIOLATED)
_2219_/CLK                              0.750000    1.460748   -0.710748 (VIOLATED)
_2220_/CLK                              0.750000    1.460748   -0.710748 (VIOLATED)
_2217_/CLK                              0.750000    1.460747   -0.710747 (VIOLATED)
_2128_/CLK                              0.750000    1.460746   -0.710746 (VIOLATED)
_2120_/CLK                              0.750000    1.460746   -0.710746 (VIOLATED)
_2215_/CLK                              0.750000    1.460746   -0.710746 (VIOLATED)
_2121_/CLK                              0.750000    1.460744   -0.710744 (VIOLATED)
_2176_/CLK                              0.750000    1.460744   -0.710744 (VIOLATED)
_2214_/CLK                              0.750000    1.460743   -0.710743 (VIOLATED)
_2125_/CLK                              0.750000    1.460741   -0.710741 (VIOLATED)
_2126_/CLK                              0.750000    1.460741   -0.710741 (VIOLATED)
_2127_/CLK                              0.750000    1.460741   -0.710741 (VIOLATED)
_2213_/CLK                              0.750000    1.460741   -0.710741 (VIOLATED)
_2172_/CLK                              0.750000    1.460740   -0.710740 (VIOLATED)
_2173_/CLK                              0.750000    1.460740   -0.710740 (VIOLATED)
_2175_/CLK                              0.750000    1.460740   -0.710740 (VIOLATED)
_2122_/CLK                              0.750000    1.460738   -0.710738 (VIOLATED)
_2212_/CLK                              0.750000    1.460738   -0.710738 (VIOLATED)
_2211_/CLK                              0.750000    1.460736   -0.710736 (VIOLATED)
_2123_/CLK                              0.750000    1.460732   -0.710732 (VIOLATED)
sys_clk                                 0.750000    1.460729   -0.710729 (VIOLATED)
_2124_/CLK                              0.750000    1.460729   -0.710729 (VIOLATED)
_1854_/B                                0.750000    1.401738   -0.651738 (VIOLATED)
_1855_/B                                0.750000    1.401738   -0.651738 (VIOLATED)
_1863_/B                                0.750000    1.401737   -0.651737 (VIOLATED)
_1867_/B                                0.750000    1.401737   -0.651737 (VIOLATED)
_1868_/B                                0.750000    1.401737   -0.651737 (VIOLATED)
_1875_/B                                0.750000    1.401737   -0.651737 (VIOLATED)
_1880_/B                                0.750000    1.401738   -0.651738 (VIOLATED)
_1881_/B1                               0.750000    1.401738   -0.651738 (VIOLATED)
_1887_/B                                0.750000    1.401738   -0.651738 (VIOLATED)
_1888_/A2                               0.750000    1.401738   -0.651738 (VIOLATED)
_1892_/B1                               0.750000    1.401738   -0.651738 (VIOLATED)
_1894_/B                                0.750000    1.401737   -0.651737 (VIOLATED)
_1895_/B                                0.750000    1.401737   -0.651737 (VIOLATED)
_1852_/Y                                0.750000    1.401734   -0.651734 (VIOLATED)
_1930_/B1                               0.750000    1.401734   -0.651734 (VIOLATED)
_1932_/A2                               0.750000    1.401734   -0.651734 (VIOLATED)
_1937_/A2_N                             0.750000    1.401734   -0.651734 (VIOLATED)
_1258_/B1                               0.750000    1.046691   -0.296691 (VIOLATED)
_1786_/A                                0.750000    1.046691   -0.296691 (VIOLATED)
_1791_/A                                0.750000    1.046691   -0.296691 (VIOLATED)
_1803_/A                                0.750000    1.046690   -0.296690 (VIOLATED)
_1810_/A                                0.750000    1.046690   -0.296690 (VIOLATED)
_1279_/B1                               0.750000    1.046690   -0.296690 (VIOLATED)
_1817_/A                                0.750000    1.046689   -0.296689 (VIOLATED)
_1823_/A                                0.750000    1.046689   -0.296689 (VIOLATED)
_1290_/B1                               0.750000    1.046688   -0.296688 (VIOLATED)
_2067_/A_N                              0.750000    1.046687   -0.296687 (VIOLATED)
_2068_/A_N                              0.750000    1.046687   -0.296687 (VIOLATED)
_2069_/A_N                              0.750000    1.046687   -0.296687 (VIOLATED)
_2070_/A_N                              0.750000    1.046686   -0.296686 (VIOLATED)
_2071_/A_N                              0.750000    1.046684   -0.296684 (VIOLATED)
_2072_/A_N                              0.750000    1.046682   -0.296682 (VIOLATED)
_2073_/A_N                              0.750000    1.046680   -0.296680 (VIOLATED)
_2074_/A_N                              0.750000    1.046678   -0.296678 (VIOLATED)
_2075_/A_N                              0.750000    1.046677   -0.296677 (VIOLATED)
_2076_/A_N                              0.750000    1.046675   -0.296675 (VIOLATED)
_2077_/A_N                              0.750000    1.046673   -0.296673 (VIOLATED)
_2078_/A_N                              0.750000    1.046672   -0.296672 (VIOLATED)
_2079_/A_N                              0.750000    1.046670   -0.296670 (VIOLATED)
_1734_/A                                0.750000    1.046668   -0.296668 (VIOLATED)
_1740_/A                                0.750000    1.046668   -0.296668 (VIOLATED)
_2080_/A_N                              0.750000    1.046668   -0.296668 (VIOLATED)
_1217_/B1                               0.750000    1.046668   -0.296668 (VIOLATED)
_1187_/B1                               0.750000    1.046667   -0.296667 (VIOLATED)
_1698_/A                                0.750000    1.046667   -0.296667 (VIOLATED)
_1705_/A                                0.750000    1.046667   -0.296667 (VIOLATED)
_1716_/A                                0.750000    1.046667   -0.296667 (VIOLATED)
_1725_/A                                0.750000    1.046667   -0.296667 (VIOLATED)
_1749_/A                                0.750000    1.046667   -0.296667 (VIOLATED)
_1755_/A                                0.750000    1.046667   -0.296667 (VIOLATED)
_1954_/A                                0.750000    1.046667   -0.296667 (VIOLATED)
_1687_/A                                0.750000    1.046666   -0.296666 (VIOLATED)
_1249_/B1                               0.750000    1.046666   -0.296666 (VIOLATED)
_1777_/A                                0.750000    1.046666   -0.296666 (VIOLATED)
_2082_/A_N                              0.750000    1.046665   -0.296665 (VIOLATED)
_1166_/B1                               0.750000    1.046665   -0.296665 (VIOLATED)
_2016_/A1                               0.750000    1.046664   -0.296664 (VIOLATED)
_1680_/A                                0.750000    1.046664   -0.296664 (VIOLATED)
_2083_/A_N                              0.750000    1.046664   -0.296664 (VIOLATED)
_1611_/B                                0.750000    1.046663   -0.296663 (VIOLATED)
_1064_/C1                               0.750000    1.046661   -0.296661 (VIOLATED)
_1649_/A                                0.750000    1.046661   -0.296661 (VIOLATED)
_1828_/B1                               0.750000    1.046661   -0.296661 (VIOLATED)
_1638_/A                                0.750000    1.046659   -0.296659 (VIOLATED)
_1639_/A                                0.750000    1.046659   -0.296659 (VIOLATED)
_2096_/A_N                              0.750000    1.046659   -0.296659 (VIOLATED)
_1596_/B1                               0.750000    1.046657   -0.296657 (VIOLATED)
_1859_/A1                               0.750000    1.046657   -0.296657 (VIOLATED)
_1599_/A                                0.750000    1.046655   -0.296655 (VIOLATED)
_2095_/A_N                              0.750000    1.046655   -0.296655 (VIOLATED)
_1664_/A                                0.750000    1.046654   -0.296654 (VIOLATED)
_1873_/A1                               0.750000    1.046654   -0.296654 (VIOLATED)
_1640_/A                                0.750000    1.046653   -0.296653 (VIOLATED)
_1671_/A                                0.750000    1.046653   -0.296653 (VIOLATED)
_2094_/A_N                              0.750000    1.046653   -0.296653 (VIOLATED)
_1879_/A1                               0.750000    1.046651   -0.296651 (VIOLATED)
_2081_/A_N                              0.750000    1.046651   -0.296651 (VIOLATED)
_2084_/A_N                              0.750000    1.046651   -0.296651 (VIOLATED)
_1141_/B1                               0.750000    1.046651   -0.296651 (VIOLATED)
_1657_/A                                0.750000    1.046651   -0.296651 (VIOLATED)
_2085_/A_N                              0.750000    1.046651   -0.296651 (VIOLATED)
_2086_/A_N                              0.750000    1.046651   -0.296651 (VIOLATED)
_1886_/A1                               0.750000    1.046650   -0.296650 (VIOLATED)
_2087_/A_N                              0.750000    1.046650   -0.296650 (VIOLATED)
_2088_/A_N                              0.750000    1.046651   -0.296651 (VIOLATED)
_2089_/A_N                              0.750000    1.046650   -0.296650 (VIOLATED)
_2093_/A_N                              0.750000    1.046651   -0.296651 (VIOLATED)
_2090_/A_N                              0.750000    1.046650   -0.296650 (VIOLATED)
_2091_/A_N                              0.750000    1.046650   -0.296650 (VIOLATED)
_1107_/B1                               0.750000    1.046650   -0.296650 (VIOLATED)
_2092_/A_N                              0.750000    1.046650   -0.296650 (VIOLATED)
_1052_/Y                                0.750000    1.046648   -0.296648 (VIOLATED)
_1120_/B1                               0.750000    1.046648   -0.296648 (VIOLATED)
_1604_/A                                0.750000    1.046648   -0.296648 (VIOLATED)
_1900_/A1                               0.750000    1.046648   -0.296648 (VIOLATED)
_1742_/A                                0.750000    1.044327   -0.294327 (VIOLATED)
_1743_/A                                0.750000    1.044327   -0.294327 (VIOLATED)
_1751_/A                                0.750000    1.044327   -0.294327 (VIOLATED)
_1727_/A                                0.750000    1.044326   -0.294326 (VIOLATED)
_1728_/A                                0.750000    1.044326   -0.294326 (VIOLATED)
_1736_/A                                0.750000    1.044326   -0.294326 (VIOLATED)
_1745_/B1                               0.750000    1.044326   -0.294326 (VIOLATED)
_1763_/A1                               0.750000    1.044326   -0.294326 (VIOLATED)
_1718_/A                                0.750000    1.044324   -0.294324 (VIOLATED)
_1719_/A                                0.750000    1.044324   -0.294324 (VIOLATED)
_1707_/A                                0.750000    1.044321   -0.294321 (VIOLATED)
_1708_/A                                0.750000    1.044321   -0.294321 (VIOLATED)
_2054_/A                                0.750000    1.044321   -0.294321 (VIOLATED)
_2055_/A                                0.750000    1.044321   -0.294321 (VIOLATED)
_1701_/A                                0.750000    1.044320   -0.294320 (VIOLATED)
_1757_/A                                0.750000    1.044320   -0.294320 (VIOLATED)
_1758_/A                                0.750000    1.044320   -0.294320 (VIOLATED)
_1769_/A                                0.750000    1.044321   -0.294321 (VIOLATED)
_1770_/A                                0.750000    1.044321   -0.294321 (VIOLATED)
_1821_/A                                0.750000    1.044321   -0.294321 (VIOLATED)
_1822_/A1                               0.750000    1.044321   -0.294321 (VIOLATED)
_1711_/B1                               0.750000    1.044320   -0.294320 (VIOLATED)
_1813_/A                                0.750000    1.044320   -0.294320 (VIOLATED)
_1814_/A                                0.750000    1.044320   -0.294320 (VIOLATED)
_1962_/B1_N                             0.750000    1.044320   -0.294320 (VIOLATED)
_1963_/B1_N                             0.750000    1.044320   -0.294320 (VIOLATED)
_1694_/A                                0.750000    1.044320   -0.294320 (VIOLATED)
_1805_/A                                0.750000    1.044319   -0.294319 (VIOLATED)
_1806_/A                                0.750000    1.044320   -0.294320 (VIOLATED)
_1794_/A                                0.750000    1.044319   -0.294319 (VIOLATED)
_1793_/A                                0.750000    1.044318   -0.294318 (VIOLATED)
_1779_/A                                0.750000    1.044318   -0.294318 (VIOLATED)
_1780_/A                                0.750000    1.044318   -0.294318 (VIOLATED)
_1788_/A                                0.750000    1.044318   -0.294318 (VIOLATED)
_1797_/B1                               0.750000    1.044318   -0.294318 (VIOLATED)
_1702_/A1                               0.750000    1.044317   -0.294317 (VIOLATED)
_1673_/A                                0.750000    1.044316   -0.294316 (VIOLATED)
_1674_/A                                0.750000    1.044316   -0.294316 (VIOLATED)
_1682_/A                                0.750000    1.044316   -0.294316 (VIOLATED)
_1683_/A                                0.750000    1.044316   -0.294316 (VIOLATED)
_1643_/B                                0.750000    1.044316   -0.294316 (VIOLATED)
_1833_/A                                0.750000    1.044315   -0.294315 (VIOLATED)
_1642_/B                                0.750000    1.044315   -0.294315 (VIOLATED)
_1666_/A0                               0.750000    1.044314   -0.294314 (VIOLATED)
_1827_/C_N                              0.750000    1.044314   -0.294314 (VIOLATED)
_1831_/A1                               0.750000    1.044314   -0.294314 (VIOLATED)
_1852_/C_N                              0.750000    1.044314   -0.294314 (VIOLATED)
_2184_/Q                                0.750000    1.044314   -0.294314 (VIOLATED)
_1052_/A                                0.750000    0.837634   -0.087634 (VIOLATED)
_1114_/B1                               0.750000    0.837633   -0.087633 (VIOLATED)
_1605_/A1                               0.750000    0.837633   -0.087633 (VIOLATED)
_1603_/S                                0.750000    0.837631   -0.087631 (VIOLATED)
_1602_/S                                0.750000    0.837629   -0.087629 (VIOLATED)
_1601_/S                                0.750000    0.837626   -0.087626 (VIOLATED)
_1600_/A1                               0.750000    0.837622   -0.087622 (VIOLATED)
_1101_/A                                0.750000    0.837622   -0.087622 (VIOLATED)
_1096_/B                                0.750000    0.837621   -0.087621 (VIOLATED)
_1089_/B                                0.750000    0.837621   -0.087621 (VIOLATED)
_1083_/B                                0.750000    0.837617   -0.087617 (VIOLATED)
_1610_/S                                0.750000    0.837608   -0.087608 (VIOLATED)
_1606_/S                                0.750000    0.837605   -0.087605 (VIOLATED)
_1127_/A                                0.750000    0.837604   -0.087604 (VIOLATED)
_1136_/A                                0.750000    0.837604   -0.087604 (VIOLATED)
_1070_/B1                               0.750000    0.837603   -0.087603 (VIOLATED)
_1077_/B                                0.750000    0.837603   -0.087603 (VIOLATED)
_1150_/B1                               0.750000    0.837603   -0.087603 (VIOLATED)
_1598_/S                                0.750000    0.837602   -0.087602 (VIOLATED)
_1156_/B1                               0.750000    0.837601   -0.087601 (VIOLATED)
_1849_/C                                0.750000    0.837601   -0.087601 (VIOLATED)
_1597_/S                                0.750000    0.837600   -0.087600 (VIOLATED)
_1609_/A                                0.750000    0.837598   -0.087598 (VIOLATED)
_1068_/B1                               0.750000    0.837598   -0.087598 (VIOLATED)
_1628_/A                                0.750000    0.837598   -0.087598 (VIOLATED)
_1629_/A                                0.750000    0.837598   -0.087598 (VIOLATED)
_2097_/A                                0.750000    0.837598   -0.087598 (VIOLATED)
_1607_/A                                0.750000    0.837598   -0.087598 (VIOLATED)
_1608_/A                                0.750000    0.837598   -0.087598 (VIOLATED)
_1067_/A                                0.750000    0.837597   -0.087597 (VIOLATED)
_1630_/A                                0.750000    0.837597   -0.087597 (VIOLATED)
_1062_/A                                0.750000    0.837596   -0.087596 (VIOLATED)
_1826_/B1                               0.750000    0.837594   -0.087594 (VIOLATED)
_1843_/A                                0.750000    0.837589   -0.087589 (VIOLATED)
_1172_/A                                0.750000    0.837587   -0.087587 (VIOLATED)
_1838_/B1                               0.750000    0.837585   -0.087585 (VIOLATED)
_1835_/A                                0.750000    0.837580   -0.087580 (VIOLATED)
_1636_/A                                0.750000    0.837578   -0.087578 (VIOLATED)
_2182_/D                                0.750000    0.837578   -0.087578 (VIOLATED)
_1635_/A                                0.750000    0.837578   -0.087578 (VIOLATED)
_1845_/A                                0.750000    0.837577   -0.087577 (VIOLATED)
_1182_/A                                0.750000    0.837575   -0.087576 (VIOLATED)
_1768_/A1                               0.750000    0.837574   -0.087574 (VIOLATED)
_1197_/A                                0.750000    0.837564   -0.087564 (VIOLATED)
_2015_/A1                               0.750000    0.837562   -0.087562 (VIOLATED)
_1203_/A                                0.750000    0.837559   -0.087559 (VIOLATED)
_1212_/A                                0.750000    0.837551   -0.087551 (VIOLATED)
_2066_/D                                0.750000    0.837551   -0.087551 (VIOLATED)
_1287_/A                                0.750000    0.837551   -0.087551 (VIOLATED)
_1274_/A                                0.750000    0.837551   -0.087551 (VIOLATED)
_1265_/A                                0.750000    0.837550   -0.087550 (VIOLATED)
_1244_/A                                0.750000    0.837546   -0.087546 (VIOLATED)
_1228_/A                                0.750000    0.837544   -0.087544 (VIOLATED)
_1234_/A                                0.750000    0.837542   -0.087542 (VIOLATED)
rst_n                                   0.750000    0.837540   -0.087540 (VIOLATED)

max fanout

Pin                                   Limit Fanout  Slack
---------------------------------------------------------
sys_clk                                   5    121   -116 (VIOLATED)
_1052_/Y                                  5     77    -72 (VIOLATED)
rst_n                                     5     54    -49 (VIOLATED)
_1638_/Y                                  5     51    -46 (VIOLATED)
_2184_/Q                                  5     47    -42 (VIOLATED)
_2132_/Q                                  5     34    -29 (VIOLATED)
_1440_/X                                  5     33    -28 (VIOLATED)
_1445_/Y                                  5     33    -28 (VIOLATED)
_1635_/X                                  5     26    -21 (VIOLATED)
_1636_/Y                                  5     26    -21 (VIOLATED)
_1963_/X                                  5     22    -17 (VIOLATED)
_1852_/Y                                  5     16    -11 (VIOLATED)
_1457_/X                                  5     10     -5 (VIOLATED)
_1642_/X                                  5      9     -4 (VIOLATED)
_1853_/X                                  5      9     -4 (VIOLATED)
_2146_/Q                                  5      9     -4 (VIOLATED)
_2221_/Q                                  5      9     -4 (VIOLATED)
_2100_/Q                                  5      8     -3 (VIOLATED)
_2182_/Q                                  5      8     -3 (VIOLATED)
_2228_/Q                                  5      8     -3 (VIOLATED)
div_val[16]                               5      7     -2 (VIOLATED)
div_val[4]                                5      7     -2 (VIOLATED)
_1643_/Y                                  5      7     -2 (VIOLATED)
_2145_/Q                                  5      7     -2 (VIOLATED)
_2222_/Q                                  5      7     -2 (VIOLATED)
_2225_/Q                                  5      7     -2 (VIOLATED)
_2233_/Q                                  5      7     -2 (VIOLATED)
div_val[0]                                5      6        (VIOLATED)
div_val[10]                               5      6        (VIOLATED)
div_val[13]                               5      6        (VIOLATED)
div_val[1]                                5      6        (VIOLATED)
div_val[22]                               5      6        (VIOLATED)
div_val[25]                               5      6        (VIOLATED)
div_val[28]                               5      6        (VIOLATED)
div_val[7]                                5      6        (VIOLATED)
div_val[8]                                5      6        (VIOLATED)
_1293_/X                                  5      6        (VIOLATED)
_1299_/X                                  5      6        (VIOLATED)
_1365_/X                                  5      6        (VIOLATED)
_1449_/X                                  5      6        (VIOLATED)
_1454_/X                                  5      6        (VIOLATED)
_1458_/X                                  5      6        (VIOLATED)
_1611_/Y                                  5      6        (VIOLATED)
_1962_/Y                                  5      6        (VIOLATED)
_2183_/Q                                  5      6        (VIOLATED)
_2234_/Q                                  5      6        (VIOLATED)
_2239_/Q                                  5      6        (VIOLATED)
_2242_/Q                                  5      6        (VIOLATED)

max capacitance

Pin                                        Limit         Cap       Slack
------------------------------------------------------------------------
sys_clk                                 0.200000    0.327606   -0.127606 (VIOLATED)
_1638_/Y                                0.141917    0.178472   -0.036555 (VIOLATED)
_1052_/Y                                0.200000    0.234426   -0.034426 (VIOLATED)
_2184_/Q                                0.200000    0.211623   -0.011623 (VIOLATED)



===========================================================================
report_parasitic_annotation -report_unannotated
============================================================================
Found 0 unannotated drivers.
Found 0 partially unannotated drivers.

===========================================================================
max slew violation count 372
Writing metric design__max_slew_violation__count__corner:nom_tt_025C_1v80: 372
max fanout violation count 48
Writing metric design__max_fanout_violation__count__corner:nom_tt_025C_1v80: 48
max cap violation count 4
Writing metric design__max_cap_violation__count__corner:nom_tt_025C_1v80: 4
============================================================================

===========================================================================
check_setup -verbose -unconstrained_endpoints -multiple_clock -no_clock -no_input_delay -loops -generated_clocks
===========================================================================
Warning: There are 33 unclocked register/latch pins.
  _2133_/CLK
  _2221_/CLK
  _2222_/CLK
  _2223_/CLK
  _2224_/CLK
  _2225_/CLK
  _2226_/CLK
  _2227_/CLK
  _2228_/CLK
  _2229_/CLK
  _2230_/CLK
  _2231_/CLK
  _2232_/CLK
  _2233_/CLK
  _2234_/CLK
  _2235_/CLK
  _2236_/CLK
  _2237_/CLK
  _2238_/CLK
  _2239_/CLK
  _2240_/CLK
  _2241_/CLK
  _2242_/CLK
  _2243_/CLK
  _2244_/CLK
  _2245_/CLK
  _2246_/CLK
  _2247_/CLK
  _2248_/CLK
  _2249_/CLK
  _2250_/CLK
  _2251_/CLK
  _2252_/CLK
Warning: There are 33 unconstrained endpoints.
  _2133_/D
  _2221_/D
  _2222_/D
  _2223_/D
  _2224_/D
  _2225_/D
  _2226_/D
  _2227_/D
  _2228_/D
  _2229_/D
  _2230_/D
  _2231_/D
  _2232_/D
  _2233_/D
  _2234_/D
  _2235_/D
  _2236_/D
  _2237_/D
  _2238_/D
  _2239_/D
  _2240_/D
  _2241_/D
  _2242_/D
  _2243_/D
  _2244_/D
  _2245_/D
  _2246_/D
  _2247_/D
  _2248_/D
  _2249_/D
  _2250_/D
  _2251_/D
  _2252_/D
