Clock: sys_clk
Sources: sys_clk 
Generated: no
Virtual: yes
Propagated: no
Period: 10.000000

===========================================================================
report_clock_properties
============================================================================
Clock                   Period          Waveform
----------------------------------------------------
sys_clk              10.000000    0.000000  5.000000

===========================================================================
report_clock_latency
============================================================================
Clock sys_clk
rise -> rise
    min     max
0.000000 0.000000 source latency
1.000434         network latency _2124_/CLK
        2.008790 network latency _2242_/CLK
---------------
1.000434 2.008790 latency
        1.008356 skew

rise -> fall
    min     max
0.000000 0.000000 source latency
1.749671         network latency _2221_/CLK
        1.755077 network latency _2242_/CLK
---------------
1.749671 1.755077 latency
        0.005406 skew

fall -> fall
    min     max
0.000000 0.000000 source latency
0.489621         network latency _2124_/CLK
        0.500286 network latency _2108_/CLK
---------------
0.489621 0.500286 latency
        0.010665 skew



===========================================================================
report_clock_min_period
============================================================================
sys_clk period_min = 7.02 fmax = 142.55
