Reading timing models for corner nom_tt_025C_1v80…
Reading timing library for the 'nom_tt_025C_1v80' corner at '/Users/refikyalcin/.ciel/ciel/sky130/versions/0fe599b2afb6708d281543108caf8310912f54af/sky130A/libs.ref/sky130_fd_sc_hd/lib/sky130_fd_sc_hd__tt_025C_1v80.lib'…
Reading timing models for corner nom_ff_n40C_1v95…
Reading timing library for the 'nom_ff_n40C_1v95' corner at '/Users/refikyalcin/.ciel/ciel/sky130/versions/0fe599b2afb6708d281543108caf8310912f54af/sky130A/libs.ref/sky130_fd_sc_hd/lib/sky130_fd_sc_hd__ff_n40C_1v95.lib'…
Reading timing models for corner nom_ss_100C_1v60…
Reading timing library for the 'nom_ss_100C_1v60' corner at '/Users/refikyalcin/.ciel/ciel/sky130/versions/0fe599b2afb6708d281543108caf8310912f54af/sky130A/libs.ref/sky130_fd_sc_hd/lib/sky130_fd_sc_hd__ss_100C_1v60.lib'…
Reading OpenROAD database at '/Users/refikyalcin/vlsi/digital/Tiny-PLL/openlane/runs/RUN_2025-12-22_14-00-22/34-openroad-cts/pll_top.odb'…
Reading design constraints file at '/nix/store/7x1qis8my0i44w1lx1yq2wiwh6yc774i-python3-3.11.9-env/lib/python3.11/site-packages/librelane/scripts/base.sdc'…
[INFO] Using clock sys_clk…
[INFO] Setting output delay to: 2.0
[INFO] Setting input delay to: 2.0
[INFO] Setting load to: 0.033442
[INFO] Setting clock uncertainty to: 0.25
[INFO] Setting clock transition to: 0.1499999999999999944488848768742172978818416595458984375
[INFO] Setting timing derate to: 5%
[INFO] Setting RC values…
[INFO RSZ-0094] Found 8 endpoints with setup violations.
[INFO RSZ-0099] Repairing 8 out of 8 (100.00%) violating endpoints...
   Iter   | Removed | Resized | Inserted | Cloned |  Pin  |    WNS   |   TNS      |  Viol  | Worst
          | Buffers |  Gates  | Buffers  |  Gates | Swaps |          |            | Endpts | Endpt
---------------------------------------------------------------------------------------------------
        0 |       0 |       0 |        0 |      0 |     0 |   -1.373 |       -4.9 |      8 | _2219_/D
       10 |       0 |       7 |        6 |      0 |     1 |   -0.705 |       -2.0 |      8 | _2219_/D
       20 |       0 |      15 |        6 |      0 |     3 |   -0.590 |       -1.3 |      8 | _2219_/D
       30 |       1 |      22 |        6 |      0 |     5 |   -0.202 |       -0.3 |      8 | _2219_/D
       40 |       1 |      26 |       12 |      0 |     9 |    0.036 |        0.0 |      8 | _2219_/D
       41 |       1 |      27 |       12 |      0 |     9 |    0.127 |        0.0 |      6 | _2219_/D
       42 |       1 |      27 |       12 |      0 |     9 |    0.127 |        0.0 |      5 | _2219_/D
       43 |       1 |      27 |       12 |      0 |     9 |    0.127 |        0.0 |      4 | _2219_/D
       44 |       1 |      27 |       12 |      0 |     9 |    0.127 |        0.0 |      3 | _2219_/D
       45 |       1 |      27 |       12 |      0 |     9 |    0.127 |        0.0 |      2 | _2219_/D
       46 |       1 |      27 |       12 |      0 |     9 |    0.127 |        0.0 |      1 | _2219_/D
       47 |       1 |      27 |       12 |      0 |     9 |    0.127 |        0.0 |      0 | _2219_/D
       48 |       1 |      27 |       12 |      0 |     9 |    0.127 |        0.0 |      0 | _2219_/D
    final |       1 |      27 |       12 |      0 |     9 |    0.127 |        0.0 |      0 | _2219_/D
---------------------------------------------------------------------------------------------------
[INFO RSZ-0059] Removed 1 buffers.
[INFO RSZ-0040] Inserted 9 buffers.
[INFO RSZ-0041] Resized 27 instances.
[INFO RSZ-0043] Swapped pins on 9 instances.
[INFO RSZ-0046] Found 65 endpoints with hold violations.
Iteration | Resized | Buffers | Cloned Gates |   WNS   |   TNS   | Endpoint
---------------------------------------------------------------------------
        0 |       0 |       0 |            0 |   0.045 |   0.000 | _2160_/D
    final |       0 |      69 |            0 |   0.100 |   0.000 | _2201_/D
---------------------------------------------------------------------------
[INFO RSZ-0032] Inserted 69 hold buffers.
Placement Analysis
---------------------------------
total displacement        472.3 u
average displacement        0.2 u
max displacement            8.7 u
original HPWL           24442.5 u
legalized HPWL          26062.0 u
delta HPWL                    7 %

[INFO DPL-0020] Mirrored 695 instances
[INFO DPL-0021] HPWL before           26062.0 u
[INFO DPL-0022] HPWL after            24736.3 u
[INFO DPL-0023] HPWL delta               -5.1 %
[INFO] Setting RC values…
Setting global connections for newly added cells…
[INFO] Setting global connections...
Updating metrics…
Cell type report:                       Count       Area
  Fill cell                               122     457.94
  Tap cell                                378     472.95
  Buffer                                    1       3.75
  Clock buffer                             22     307.80
  Timing Repair Buffer                    233    1640.32
  Inverter                                 28     105.10
  Clock inverter                           10     141.39
  Sequential cell                         154    3092.97
  Multi-Input combinational cell         1022    7438.38
  Total                                  1970   13660.60
Writing OpenROAD database to '/Users/refikyalcin/vlsi/digital/Tiny-PLL/openlane/runs/RUN_2025-12-22_14-00-22/36-openroad-resizertimingpostcts/pll_top.odb'…
Writing netlist to '/Users/refikyalcin/vlsi/digital/Tiny-PLL/openlane/runs/RUN_2025-12-22_14-00-22/36-openroad-resizertimingpostcts/pll_top.nl.v'…
Writing powered netlist to '/Users/refikyalcin/vlsi/digital/Tiny-PLL/openlane/runs/RUN_2025-12-22_14-00-22/36-openroad-resizertimingpostcts/pll_top.pnl.v'…
Writing layout to '/Users/refikyalcin/vlsi/digital/Tiny-PLL/openlane/runs/RUN_2025-12-22_14-00-22/36-openroad-resizertimingpostcts/pll_top.def'…
Writing timing constraints to '/Users/refikyalcin/vlsi/digital/Tiny-PLL/openlane/runs/RUN_2025-12-22_14-00-22/36-openroad-resizertimingpostcts/pll_top.sdc'…
