
===========================================================================
report_checks -unconstrained
===========================================================================
======================= min_ff_n40C_1v95 Corner ===================================

Startpoint: rst_n (input port clocked by sys_clk)
Endpoint: _2138_ (recovery check against rising-edge clock sys_clk)
Path Group: asynchronous
Path Type: max

Fanout         Cap        Slew       Delay        Time   Description
---------------------------------------------------------------------------------------------
                                  0.000000    0.000000   clock sys_clk (rise edge)
                                  0.000000    0.000000   clock network delay (propagated)
                                  2.000000    2.000000 ^ input external delay
     1    0.002666    0.013439    0.006866    2.006866 ^ rst_n (in)
                                                         rst_n (net)
                      0.013439    0.000000    2.006866 ^ input66/A (sky130_fd_sc_hd__clkbuf_1)
     1    0.005627    0.055661    0.064209    2.071074 ^ input66/X (sky130_fd_sc_hd__clkbuf_1)
                                                         net66 (net)
                      0.055661    0.000129    2.071204 ^ fanout261/A (sky130_fd_sc_hd__buf_1)
     2    0.017211    0.154207    0.140909    2.212113 ^ fanout261/X (sky130_fd_sc_hd__buf_1)
                                                         net261 (net)
                      0.154214    0.000870    2.212982 ^ fanout260/A (sky130_fd_sc_hd__buf_1)
     3    0.020614    0.182912    0.165269    2.378251 ^ fanout260/X (sky130_fd_sc_hd__buf_1)
                                                         net260 (net)
                      0.182917    0.000784    2.379035 ^ fanout257/A (sky130_fd_sc_hd__buf_1)
     2    0.015786    0.141867    0.136642    2.515677 ^ fanout257/X (sky130_fd_sc_hd__buf_1)
                                                         net257 (net)
                      0.141867    0.000081    2.515758 ^ fanout256/A (sky130_fd_sc_hd__buf_1)
     3    0.013924    0.126068    0.126251    2.642009 ^ fanout256/X (sky130_fd_sc_hd__buf_1)
                                                         net256 (net)
                      0.126070    0.000370    2.642379 ^ fanout252/A (sky130_fd_sc_hd__clkbuf_2)
     5    0.022962    0.099942    0.137069    2.779448 ^ fanout252/X (sky130_fd_sc_hd__clkbuf_2)
                                                         net252 (net)
                      0.099943    0.000514    2.779962 ^ _2138_/RESET_B (sky130_fd_sc_hd__dfrtp_1)
                                              2.779962   data arrival time

                                 10.000000   10.000000   clock sys_clk (rise edge)
                                  0.000000   10.000000   clock source latency
     1    0.024902    0.087725    0.061016   10.061016 ^ sys_clk (in)
                                                         sys_clk (net)
                      0.087780    0.000000   10.061016 ^ clkbuf_0_sys_clk/A (sky130_fd_sc_hd__clkbuf_16)
    16    0.109917    0.096135    0.150473   10.211490 ^ clkbuf_0_sys_clk/X (sky130_fd_sc_hd__clkbuf_16)
                                                         clknet_0_sys_clk (net)
                      0.096222    0.001786   10.213276 ^ clkbuf_4_8_0_sys_clk/A (sky130_fd_sc_hd__clkbuf_8)
    10    0.036087    0.056919    0.120956   10.334231 ^ clkbuf_4_8_0_sys_clk/X (sky130_fd_sc_hd__clkbuf_8)
                                                         clknet_4_8_0_sys_clk (net)
                      0.056933    0.000858   10.335090 ^ _2138_/CLK (sky130_fd_sc_hd__dfrtp_1)
                                 -0.250000   10.085090   clock uncertainty
                                  0.000000   10.085090   clock reconvergence pessimism
                                  0.134718   10.219808   library recovery time
                                             10.219808   data required time
---------------------------------------------------------------------------------------------
                                             10.219808   data required time
                                             -2.779962   data arrival time
---------------------------------------------------------------------------------------------
                                              7.439846   slack (MET)


Startpoint: rst_n (input port clocked by sys_clk)
Endpoint: _2179_ (rising edge-triggered flip-flop clocked by sys_clk)
Path Group: sys_clk
Path Type: max

Fanout         Cap        Slew       Delay        Time   Description
---------------------------------------------------------------------------------------------
                                  0.000000    0.000000   clock sys_clk (rise edge)
                                  0.000000    0.000000   clock network delay (propagated)
                                  2.000000    2.000000 ^ input external delay
     1    0.002666    0.013439    0.006866    2.006866 ^ rst_n (in)
                                                         rst_n (net)
                      0.013439    0.000000    2.006866 ^ input66/A (sky130_fd_sc_hd__clkbuf_1)
     1    0.005627    0.055661    0.064209    2.071074 ^ input66/X (sky130_fd_sc_hd__clkbuf_1)
                                                         net66 (net)
                      0.055661    0.000129    2.071204 ^ fanout261/A (sky130_fd_sc_hd__buf_1)
     2    0.017211    0.154207    0.140909    2.212113 ^ fanout261/X (sky130_fd_sc_hd__buf_1)
                                                         net261 (net)
                      0.154214    0.000870    2.212982 ^ fanout260/A (sky130_fd_sc_hd__buf_1)
     3    0.020614    0.182912    0.165269    2.378251 ^ fanout260/X (sky130_fd_sc_hd__buf_1)
                                                         net260 (net)
                      0.182917    0.000784    2.379035 ^ fanout257/A (sky130_fd_sc_hd__buf_1)
     2    0.015786    0.141867    0.136642    2.515677 ^ fanout257/X (sky130_fd_sc_hd__buf_1)
                                                         net257 (net)
                      0.141867    0.000081    2.515758 ^ fanout256/A (sky130_fd_sc_hd__buf_1)
     3    0.013924    0.126068    0.126251    2.642009 ^ fanout256/X (sky130_fd_sc_hd__buf_1)
                                                         net256 (net)
                      0.126068    0.000085    2.642095 ^ fanout255/A (sky130_fd_sc_hd__buf_1)
     3    0.012480    0.113786    0.117971    2.760066 ^ fanout255/X (sky130_fd_sc_hd__buf_1)
                                                         net255 (net)
                      0.113786    0.000087    2.760153 ^ fanout254/A (sky130_fd_sc_hd__dlymetal6s2s_1)
     5    0.020789    0.170519    0.169714    2.929867 ^ fanout254/X (sky130_fd_sc_hd__dlymetal6s2s_1)
                                                         net254 (net)
                      0.170522    0.000602    2.930469 ^ _1033_/A (sky130_fd_sc_hd__inv_2)
     1    0.003616    0.031227    0.012660    2.943129 v _1033_/Y (sky130_fd_sc_hd__inv_2)
                                                         _0453_ (net)
                      0.031228    0.000047    2.943176 v fanout240/A (sky130_fd_sc_hd__buf_1)
     2    0.009242    0.041164    0.077189    3.020364 v fanout240/X (sky130_fd_sc_hd__buf_1)
                                                         net240 (net)
                      0.041165    0.000225    3.020590 v fanout232/A (sky130_fd_sc_hd__buf_1)
     3    0.015438    0.064396    0.098966    3.119556 v fanout232/X (sky130_fd_sc_hd__buf_1)
                                                         net232 (net)
                      0.064396    0.000117    3.119673 v fanout227/A (sky130_fd_sc_hd__clkbuf_2)
     5    0.027142    0.074372    0.127492    3.247165 v fanout227/X (sky130_fd_sc_hd__clkbuf_2)
                                                         net227 (net)
                      0.074372    0.000193    3.247358 v _1594_/A (sky130_fd_sc_hd__nor2_1)
     1    0.004873    0.078102    0.097659    3.345017 ^ _1594_/Y (sky130_fd_sc_hd__nor2_1)
                                                         _0967_ (net)
                      0.078102    0.000098    3.345115 ^ fanout165/A (sky130_fd_sc_hd__buf_1)
     2    0.013012    0.118346    0.117941    3.463056 ^ fanout165/X (sky130_fd_sc_hd__buf_1)
                                                         net165 (net)
                      0.118346    0.000042    3.463098 ^ fanout164/A (sky130_fd_sc_hd__clkbuf_1)
     2    0.008810    0.082680    0.096123    3.559221 ^ fanout164/X (sky130_fd_sc_hd__clkbuf_1)
                                                         net164 (net)
                      0.082680    0.000074    3.559295 ^ fanout159/A (sky130_fd_sc_hd__buf_1)
     3    0.016041    0.144150    0.136066    3.695361 ^ fanout159/X (sky130_fd_sc_hd__buf_1)
                                                         net159 (net)
                      0.144151    0.000379    3.695740 ^ fanout158/A (sky130_fd_sc_hd__clkbuf_2)
     5    0.024774    0.107347    0.143696    3.839437 ^ fanout158/X (sky130_fd_sc_hd__clkbuf_2)
                                                         net158 (net)
                      0.107397    0.000930    3.840366 ^ fanout156/A (sky130_fd_sc_hd__dlymetal6s2s_1)
     5    0.021850    0.177894    0.174183    4.014549 ^ fanout156/X (sky130_fd_sc_hd__dlymetal6s2s_1)
                                                         net156 (net)
                      0.177894    0.000291    4.014840 ^ _2007_/A2 (sky130_fd_sc_hd__a21o_1)
     1    0.003469    0.032337    0.086605    4.101445 ^ _2007_/X (sky130_fd_sc_hd__a21o_1)
                                                         _0433_ (net)
                      0.032337    0.000041    4.101486 ^ _2008_/B1 (sky130_fd_sc_hd__a31o_1)
     1    0.002412    0.029797    0.049111    4.150597 ^ _2008_/X (sky130_fd_sc_hd__a31o_1)
                                                         _0110_ (net)
                      0.029797    0.000024    4.150621 ^ _2179_/D (sky130_fd_sc_hd__dfxtp_1)
                                              4.150621   data arrival time

                                 10.000000   10.000000   clock sys_clk (rise edge)
                                  0.000000   10.000000   clock source latency
     1    0.024902    0.087725    0.061016   10.061016 ^ sys_clk (in)
                                                         sys_clk (net)
                      0.087780    0.000000   10.061016 ^ clkbuf_0_sys_clk/A (sky130_fd_sc_hd__clkbuf_16)
    16    0.109917    0.096135    0.150473   10.211490 ^ clkbuf_0_sys_clk/X (sky130_fd_sc_hd__clkbuf_16)
                                                         clknet_0_sys_clk (net)
                      0.096226    0.001858   10.213347 ^ clkbuf_4_11_0_sys_clk/A (sky130_fd_sc_hd__clkbuf_8)
     9    0.034043    0.054471    0.119162   10.332509 ^ clkbuf_4_11_0_sys_clk/X (sky130_fd_sc_hd__clkbuf_8)
                                                         clknet_4_11_0_sys_clk (net)
                      0.054481    0.000715   10.333224 ^ _2179_/CLK (sky130_fd_sc_hd__dfxtp_1)
                                 -0.250000   10.083224   clock uncertainty
                                  0.000000   10.083224   clock reconvergence pessimism
                                 -0.028130   10.055095   library setup time
                                             10.055095   data required time
---------------------------------------------------------------------------------------------
                                             10.055095   data required time
                                             -4.150621   data arrival time
---------------------------------------------------------------------------------------------
                                              5.904474   slack (MET)




===========================================================================
report_checks --slack_max -0.01
============================================================================
======================= min_ff_n40C_1v95 Corner ===================================

No paths found.


===========================================================================
 report_check_types -max_slew -max_cap -max_fanout -violators
============================================================================
======================= min_ff_n40C_1v95 Corner ===================================

max fanout

Pin                                   Limit Fanout  Slack
---------------------------------------------------------
clkbuf_0_sys_clk/X                        5     16    -11 (VIOLATED)
clkbuf_4_0_0_sys_clk/X                    5     13     -8 (VIOLATED)
clkbuf_4_15_0_sys_clk/X                   5     10     -5 (VIOLATED)
clkbuf_4_1_0_sys_clk/X                    5     10     -5 (VIOLATED)
clkbuf_4_4_0_sys_clk/X                    5     10     -5 (VIOLATED)
clkbuf_4_8_0_sys_clk/X                    5     10     -5 (VIOLATED)
clkbuf_4_11_0_sys_clk/X                   5      9     -4 (VIOLATED)
clkbuf_4_2_0_sys_clk/X                    5      9     -4 (VIOLATED)
clkbuf_4_5_0_sys_clk/X                    5      9     -4 (VIOLATED)
clkbuf_4_13_0_sys_clk/X                   5      8     -3 (VIOLATED)
clkbuf_4_14_0_sys_clk/X                   5      8     -3 (VIOLATED)
clkbuf_4_7_0_sys_clk/X                    5      8     -3 (VIOLATED)
clkbuf_4_10_0_sys_clk/X                   5      7     -2 (VIOLATED)
clkbuf_4_9_0_sys_clk/X                    5      7     -2 (VIOLATED)
clkbuf_4_12_0_sys_clk/X                   5      6        (VIOLATED)
clkbuf_4_3_0_sys_clk/X                    5      6        (VIOLATED)
clkbuf_4_6_0_sys_clk/X                    5      6        (VIOLATED)



===========================================================================
report_parasitic_annotation -report_unannotated
============================================================================
Found 15 unannotated drivers.
 clkload0/Y
 clkload1/Y
 clkload10/Y
 clkload11/Y
 clkload12/Y
 clkload13/Y
 clkload14/Y
 clkload2/Y
 clkload3/Y
 clkload4/Y
 clkload5/Y
 clkload6/Y
 clkload7/Y
 clkload8/Y
 clkload9/Y
Found 0 partially unannotated drivers.

===========================================================================
max slew violation count 0
max fanout violation count 17
max cap violation count 0
============================================================================

===========================================================================
check_setup -verbose -unconstrained_endpoints -multiple_clock -no_clock -no_input_delay -loops -generated_clocks
===========================================================================
Warning: There are 33 unclocked register/latch pins.
  _2095_/CLK
  _2183_/CLK
  _2184_/CLK
  _2185_/CLK
  _2186_/CLK
  _2187_/CLK
  _2188_/CLK
  _2189_/CLK
  _2190_/CLK
  _2191_/CLK
  _2192_/CLK
  _2193_/CLK
  _2194_/CLK
  _2195_/CLK
  _2196_/CLK
  _2197_/CLK
  _2198_/CLK
  _2199_/CLK
  _2200_/CLK
  _2201_/CLK
  _2202_/CLK
  _2203_/CLK
  _2204_/CLK
  _2205_/CLK
  _2206_/CLK
  _2207_/CLK
  _2208_/CLK
  _2209_/CLK
  _2210_/CLK
  _2211_/CLK
  _2212_/CLK
  _2213_/CLK
  _2214_/CLK
Warning: There are 34 unconstrained endpoints.
  _2095_/D
  _2141_/D
  _2183_/D
  _2184_/D
  _2185_/D
  _2186_/D
  _2187_/D
  _2188_/D
  _2189_/D
  _2190_/D
  _2191_/D
  _2192_/D
  _2193_/D
  _2194_/D
  _2195_/D
  _2196_/D
  _2197_/D
  _2198_/D
  _2199_/D
  _2200_/D
  _2201_/D
  _2202_/D
  _2203_/D
  _2204_/D
  _2205_/D
  _2206_/D
  _2207_/D
  _2208_/D
  _2209_/D
  _2210_/D
  _2211_/D
  _2212_/D
  _2213_/D
  _2214_/D
