Clock: sys_clk
Sources: sys_clk 
Generated: no
Virtual: yes
Propagated: no
Period: 10.000000

===========================================================================
report_clock_properties
============================================================================
Clock                   Period          Waveform
----------------------------------------------------
sys_clk              10.000000    0.000000  5.000000

===========================================================================
report_clock_latency
============================================================================
Clock sys_clk
rise -> rise
    min     max
0.000000 0.000000 source latency
0.328511         network latency _2215_/CLK
        1.056894 network latency _2198_/CLK
---------------
0.328511 1.056894 latency
        0.728383 skew

rise -> fall
    min     max
0.000000 0.000000 source latency
0.708250         network latency _2212_/CLK
        0.930126 network latency _2198_/CLK
---------------
0.708250 0.930126 latency
        0.221876 skew

fall -> fall
    min     max
0.000000 0.000000 source latency
0.279152         network latency _2215_/CLK
        0.286983 network latency _2067_/CLK
---------------
0.279152 0.286983 latency
        0.007832 skew



===========================================================================
report_clock_min_period
============================================================================
sys_clk period_min = 3.71 fmax = 269.18
