Clock: sys_clk
Sources: sys_clk 
Generated: no
Virtual: no
Propagated: no
Period: 24.000000

===========================================================================
report_clock_properties
============================================================================
Clock                   Period          Waveform
----------------------------------------------------
sys_clk              24.000000    0.000000 12.000000

===========================================================================
report_clock_latency
============================================================================
Clock sys_clk
rise -> rise
    min     max
0.000000 0.000000 source latency
1.549010         network latency _2286_/CLK
        4.228465 network latency _2319_/CLK
---------------
1.549010 4.228465 latency
        2.679455 skew

rise -> fall
    min     max
0.000000 0.000000 source latency
3.017559         network latency _2319_/CLK
        3.017559 network latency _2319_/CLK
---------------
3.017559 3.017559 latency
        0.000000 skew

fall -> fall
    min     max
0.000000 0.000000 source latency
0.957837         network latency _2286_/CLK
        0.957837 network latency _2286_/CLK
---------------
0.957837 0.957837 latency
        0.000000 skew



===========================================================================
report_clock_min_period
============================================================================
sys_clk period_min = 27.40 fmax = 36.49
