
===========================================================================
report_checks -unconstrained
===========================================================================
======================= max_tt_025C_1v80 Corner ===================================

Startpoint: _2184_ (rising edge-triggered flip-flop clocked by sys_clk)
Endpoint: _2219_ (rising edge-triggered flip-flop clocked by sys_clk)
Path Group: sys_clk
Path Type: max

Fanout         Cap        Slew       Delay        Time   Description
---------------------------------------------------------------------------------------------
                                  0.000000    0.000000   clock sys_clk (rise edge)
                                  0.000000    0.000000   clock source latency
     1    0.025865    0.121524    0.085577    0.085577 ^ sys_clk (in)
                                                         sys_clk (net)
                      0.121672    0.000000    0.085577 ^ clkbuf_0_sys_clk/A (sky130_fd_sc_hd__clkbuf_16)
    16    0.120423    0.133896    0.224593    0.310170 ^ clkbuf_0_sys_clk/X (sky130_fd_sc_hd__clkbuf_16)
                                                         clknet_0_sys_clk (net)
                      0.134458    0.006975    0.317145 ^ clkbuf_4_6_0_sys_clk/A (sky130_fd_sc_hd__clkbuf_8)
     9    0.029485    0.065719    0.175861    0.493006 ^ clkbuf_4_6_0_sys_clk/X (sky130_fd_sc_hd__clkbuf_8)
                                                         clknet_4_6_0_sys_clk (net)
                      0.065754    0.001388    0.494394 ^ _2184_/CLK (sky130_fd_sc_hd__dfxtp_4)
     3    0.012923    0.054307    0.356636    0.851030 ^ _2184_/Q (sky130_fd_sc_hd__dfxtp_4)
                                                         lf_inst.error_in[1] (net)
                      0.054307    0.000784    0.851814 ^ fanout130/A (sky130_fd_sc_hd__buf_6)
    10    0.050798    0.107927    0.149163    1.000977 ^ fanout130/X (sky130_fd_sc_hd__buf_6)
                                                         net130 (net)
                      0.108037    0.002843    1.003820 ^ _1852_/C_N (sky130_fd_sc_hd__nor3b_1)
     1    0.004386    0.198315    0.220878    1.224697 ^ _1852_/Y (sky130_fd_sc_hd__nor3b_1)
                                                         _0303_ (net)
                      0.198315    0.000301    1.224999 ^ fanout117/A (sky130_fd_sc_hd__buf_4)
     7    0.030195    0.092763    0.196423    1.421422 ^ fanout117/X (sky130_fd_sc_hd__buf_4)
                                                         net117 (net)
                      0.092826    0.002196    1.423618 ^ fanout116/A (sky130_fd_sc_hd__clkbuf_4)
    10    0.043416    0.137800    0.220437    1.644055 ^ fanout116/X (sky130_fd_sc_hd__clkbuf_4)
                                                         net116 (net)
                      0.137867    0.002801    1.646856 ^ _1855_/B (sky130_fd_sc_hd__xnor2_1)
     4    0.011432    0.104286    0.129446    1.776301 v _1855_/Y (sky130_fd_sc_hd__xnor2_1)
                                                         _0306_ (net)
                      0.104286    0.000508    1.776810 v _1870_/B1 (sky130_fd_sc_hd__o221a_1)
     2    0.006312    0.064074    0.263436    2.040246 v _1870_/X (sky130_fd_sc_hd__o221a_1)
                                                         _0319_ (net)
                      0.064075    0.000387    2.040634 v _1872_/C (sky130_fd_sc_hd__or3_4)
     5    0.015596    0.084569    0.361898    2.402532 v _1872_/X (sky130_fd_sc_hd__or3_4)
                                                         _0321_ (net)
                      0.084627    0.001154    2.403686 v _1893_/A1 (sky130_fd_sc_hd__o21ba_1)
     2    0.007544    0.057169    0.216154    2.619840 v _1893_/X (sky130_fd_sc_hd__o21ba_1)
                                                         _0338_ (net)
                      0.057172    0.000485    2.620325 v _1897_/A (sky130_fd_sc_hd__nor2_2)
     3    0.011882    0.150141    0.164999    2.785324 ^ _1897_/Y (sky130_fd_sc_hd__nor2_2)
                                                         _0342_ (net)
                      0.150148    0.000794    2.786118 ^ _1923_/A (sky130_fd_sc_hd__nand4_2)
     2    0.010797    0.123851    0.129534    2.915651 v _1923_/Y (sky130_fd_sc_hd__nand4_2)
                                                         _0364_ (net)
                      0.123872    0.000830    2.916481 v _1950_/B (sky130_fd_sc_hd__or2_1)
     2    0.006827    0.066754    0.256429    3.172910 v _1950_/X (sky130_fd_sc_hd__or2_1)
                                                         _0387_ (net)
                      0.066754    0.000292    3.173202 v _1968_/A2 (sky130_fd_sc_hd__a311o_1)
     3    0.014227    0.106638    0.376094    3.549296 v _1968_/X (sky130_fd_sc_hd__a311o_1)
                                                         _0403_ (net)
                      0.106644    0.000939    3.550235 v _1984_/A (sky130_fd_sc_hd__or2_1)
     3    0.010308    0.080880    0.285512    3.835747 v _1984_/X (sky130_fd_sc_hd__or2_1)
                                                         _0417_ (net)
                      0.080883    0.000634    3.836381 v _2007_/A2 (sky130_fd_sc_hd__a2111o_1)
     3    0.011944    0.103515    0.471690    4.308071 v _2007_/X (sky130_fd_sc_hd__a2111o_1)
                                                         _0436_ (net)
                      0.103523    0.001009    4.309080 v _2039_/A1 (sky130_fd_sc_hd__a211o_1)
     3    0.013196    0.093507    0.327157    4.636237 v _2039_/X (sky130_fd_sc_hd__a211o_1)
                                                         _0464_ (net)
                      0.093509    0.000600    4.636837 v _2057_/A2 (sky130_fd_sc_hd__a211o_1)
     2    0.010832    0.083414    0.348526    4.985363 v _2057_/X (sky130_fd_sc_hd__a211o_1)
                                                         _0480_ (net)
                      0.083420    0.000759    4.986122 v _2059_/A2 (sky130_fd_sc_hd__a31oi_4)
     3    0.008784    0.146024    0.183890    5.170012 ^ _2059_/Y (sky130_fd_sc_hd__a31oi_4)
                                                         _0482_ (net)
                      0.146024    0.000498    5.170510 ^ _2060_/B (sky130_fd_sc_hd__nor2_1)
     1    0.003560    0.042632    0.060896    5.231406 v _2060_/Y (sky130_fd_sc_hd__nor2_1)
                                                         _0483_ (net)
                      0.042633    0.000233    5.231639 v _2061_/B1 (sky130_fd_sc_hd__a221o_1)
     1    0.001919    0.046820    0.277663    5.509303 v _2061_/X (sky130_fd_sc_hd__a221o_1)
                                                         _0118_ (net)
                      0.046820    0.000138    5.509440 v _2219_/D (sky130_fd_sc_hd__dfxtp_1)
                                              5.509440   data arrival time

                                 10.000000   10.000000   clock sys_clk (rise edge)
                                  0.000000   10.000000   clock source latency
     1    0.025865    0.121524    0.085578   10.085578 ^ sys_clk (in)
                                                         sys_clk (net)
                      0.121672    0.000000   10.085578 ^ clkbuf_0_sys_clk/A (sky130_fd_sc_hd__clkbuf_16)
    16    0.120423    0.133896    0.224592   10.310170 ^ clkbuf_0_sys_clk/X (sky130_fd_sc_hd__clkbuf_16)
                                                         clknet_0_sys_clk (net)
                      0.134594    0.007742   10.317912 ^ clkbuf_4_15_0_sys_clk/A (sky130_fd_sc_hd__clkbuf_8)
    10    0.038511    0.080038    0.185774   10.503686 ^ clkbuf_4_15_0_sys_clk/X (sky130_fd_sc_hd__clkbuf_8)
                                                         clknet_4_15_0_sys_clk (net)
                      0.080355    0.003626   10.507312 ^ _2219_/CLK (sky130_fd_sc_hd__dfxtp_1)
                                 -0.250000   10.257312   clock uncertainty
                                  0.000000   10.257312   clock reconvergence pessimism
                                 -0.103068   10.154243   library setup time
                                             10.154243   data required time
---------------------------------------------------------------------------------------------
                                             10.154243   data required time
                                             -5.509440   data arrival time
---------------------------------------------------------------------------------------------
                                              4.644803   slack (MET)




===========================================================================
report_checks --slack_max -0.01
============================================================================
======================= max_tt_025C_1v80 Corner ===================================

No paths found.


===========================================================================
 report_check_types -max_slew -max_cap -max_fanout -violators
============================================================================
======================= max_tt_025C_1v80 Corner ===================================

max fanout

Pin                                   Limit Fanout  Slack
---------------------------------------------------------
clkbuf_0_sys_clk/X                       10     16     -6 (VIOLATED)
clkbuf_4_4_0_sys_clk/X                   10     11        (VIOLATED)
clkbuf_4_7_0_sys_clk/X                   10     11        (VIOLATED)



===========================================================================
report_parasitic_annotation -report_unannotated
============================================================================
Found 15 unannotated drivers.
 clkload0/X
 clkload1/X
 clkload10/Y
 clkload11/Y
 clkload12/Y
 clkload13/Y
 clkload14/X
 clkload2/Y
 clkload3/Y
 clkload4/X
 clkload5/Y
 clkload6/Y
 clkload7/Y
 clkload8/Y
 clkload9/X
Found 0 partially unannotated drivers.

===========================================================================
max slew violation count 0
max fanout violation count 3
max cap violation count 0
============================================================================

===========================================================================
check_setup -verbose -unconstrained_endpoints -multiple_clock -no_clock -no_input_delay -loops -generated_clocks
===========================================================================
Warning: There are 33 unclocked register/latch pins.
  _2133_/CLK
  _2221_/CLK
  _2222_/CLK
  _2223_/CLK
  _2224_/CLK
  _2225_/CLK
  _2226_/CLK
  _2227_/CLK
  _2228_/CLK
  _2229_/CLK
  _2230_/CLK
  _2231_/CLK
  _2232_/CLK
  _2233_/CLK
  _2234_/CLK
  _2235_/CLK
  _2236_/CLK
  _2237_/CLK
  _2238_/CLK
  _2239_/CLK
  _2240_/CLK
  _2241_/CLK
  _2242_/CLK
  _2243_/CLK
  _2244_/CLK
  _2245_/CLK
  _2246_/CLK
  _2247_/CLK
  _2248_/CLK
  _2249_/CLK
  _2250_/CLK
  _2251_/CLK
  _2252_/CLK
Warning: There are 33 unconstrained endpoints.
  _2133_/D
  _2221_/D
  _2222_/D
  _2223_/D
  _2224_/D
  _2225_/D
  _2226_/D
  _2227_/D
  _2228_/D
  _2229_/D
  _2230_/D
  _2231_/D
  _2232_/D
  _2233_/D
  _2234_/D
  _2235_/D
  _2236_/D
  _2237_/D
  _2238_/D
  _2239_/D
  _2240_/D
  _2241_/D
  _2242_/D
  _2243_/D
  _2244_/D
  _2245_/D
  _2246_/D
  _2247_/D
  _2248_/D
  _2249_/D
  _2250_/D
  _2251_/D
  _2252_/D
