Clock: sys_clk
Sources: sys_clk 
Generated: no
Virtual: no
Propagated: no
Period: 24.000000

===========================================================================
report_clock_properties
============================================================================
Clock                   Period          Waveform
----------------------------------------------------
sys_clk              24.000000    0.000000 12.000000

===========================================================================
report_clock_latency
============================================================================
Clock sys_clk
rise -> rise
    min     max
0.000000 0.000000 source latency
0.627298         network latency _2286_/CLK
        1.610426 network latency _2319_/CLK
---------------
0.627298 1.610426 latency
        0.983128 skew

rise -> fall
    min     max
0.000000 0.000000 source latency
1.163317         network latency _2319_/CLK
        1.163317 network latency _2319_/CLK
---------------
1.163317 1.163317 latency
        0.000000 skew

fall -> fall
    min     max
0.000000 0.000000 source latency
0.395883         network latency _2286_/CLK
        0.395883 network latency _2286_/CLK
---------------
0.395883 0.395883 latency
        0.000000 skew



===========================================================================
report_clock_min_period
============================================================================
sys_clk period_min = 9.45 fmax = 105.77
