Reading OpenROAD database at '/Users/refikyalcin/vlsi/digital/Tiny-PLL/openlane/runs/RUN_2025-12-22_14-46-57/20-openroad-generatepdn/pll_top.odb'…
Reading library file at '/Users/refikyalcin/.ciel/ciel/sky130/versions/0fe599b2afb6708d281543108caf8310912f54af/sky130A/libs.ref/sky130_fd_sc_hd/lib/sky130_fd_sc_hd__tt_025C_1v80.lib'…
Reading design constraints file at '/nix/store/7x1qis8my0i44w1lx1yq2wiwh6yc774i-python3-3.11.9-env/lib/python3.11/site-packages/librelane/scripts/base.sdc'…
[INFO] Using clock sys_clk…
[INFO] Setting output delay to: 2.0
[INFO] Setting input delay to: 2.0
[INFO] Setting load to: 0.033442
[INFO] Setting clock uncertainty to: 0.25
[INFO] Setting clock transition to: 0.1499999999999999944488848768742172978818416595458984375
[INFO] Setting timing derate to: 5%
+ global_placement -density 0.57276 -skip_io -pad_right 0 -pad_left 0 -init_wirelength_coef 0.25
[INFO GPL-0002] DBU: 1000
[INFO GPL-0003] SiteSize: (  0.460  2.720 ) um
[INFO GPL-0004] CoreBBox: (  5.520 10.880 ) ( 173.420 176.800 ) um
[INFO GPL-0006] NumInstances:              1705
[INFO GPL-0007] NumPlaceInstances:         1205
[INFO GPL-0008] NumFixedInstances:          500
[INFO GPL-0009] NumDummyInstances:            0
[INFO GPL-0010] NumNets:                   1272
[INFO GPL-0011] NumPins:                   4458
[INFO GPL-0012] DieBBox:  (  0.000  0.000 ) ( 179.015 189.735 ) um
[INFO GPL-0013] CoreBBox: (  5.520 10.880 ) ( 173.420 176.800 ) um
[INFO GPL-0016] CoreArea:             27857.968 um^2
[INFO GPL-0017] NonPlaceInstsArea:      930.893 um^2
[INFO GPL-0018] PlaceInstsArea:       12697.178 um^2
[INFO GPL-0019] Util:                    47.154 %
[INFO GPL-0020] StdInstsArea:         12697.178 um^2
[INFO GPL-0021] MacroInstsArea:           0.000 um^2
[INFO GPL-0031] FillerInit:NumGCells:      1471
[INFO GPL-0032] FillerInit:NumGNets:       1272
[INFO GPL-0033] FillerInit:NumGPins:       4458
[INFO GPL-0023] TargetDensity:            0.573
[INFO GPL-0024] AvrgPlaceInstArea:       10.537 um^2
[INFO GPL-0025] IdealBinArea:            18.397 um^2
[INFO GPL-0026] IdealBinCnt:               1514
[INFO GPL-0027] TotalBinArea:         27857.968 um^2
[INFO GPL-0028] BinCnt:        32     32
[INFO GPL-0029] BinSize: (  5.247  5.185 )
[INFO GPL-0030] NumBins: 1024
[NesterovSolve] Iter:    1 overflow: 0.995 HPWL: 3299708
[NesterovSolve] Iter:   10 overflow: 0.990 HPWL: 2454501
[NesterovSolve] Iter:   20 overflow: 0.990 HPWL: 2441819
[NesterovSolve] Iter:   30 overflow: 0.990 HPWL: 2437237
[NesterovSolve] Iter:   40 overflow: 0.990 HPWL: 2437199
[NesterovSolve] Iter:   50 overflow: 0.990 HPWL: 2437733
[NesterovSolve] Iter:   60 overflow: 0.990 HPWL: 2438375
[NesterovSolve] Iter:   70 overflow: 0.990 HPWL: 2439892
[NesterovSolve] Iter:   80 overflow: 0.990 HPWL: 2443337
[NesterovSolve] Iter:   90 overflow: 0.990 HPWL: 2449973
[NesterovSolve] Iter:  100 overflow: 0.990 HPWL: 2462734
[NesterovSolve] Iter:  110 overflow: 0.989 HPWL: 2491252
[NesterovSolve] Iter:  120 overflow: 0.985 HPWL: 2559918
[NesterovSolve] Iter:  130 overflow: 0.977 HPWL: 2668807
[NesterovSolve] Iter:  140 overflow: 0.966 HPWL: 2870406
[NesterovSolve] Iter:  150 overflow: 0.947 HPWL: 3287813
[NesterovSolve] Iter:  160 overflow: 0.927 HPWL: 3689485
[NesterovSolve] Iter:  170 overflow: 0.911 HPWL: 4062005
[NesterovSolve] Iter:  180 overflow: 0.889 HPWL: 4552390
[NesterovSolve] Iter:  190 overflow: 0.863 HPWL: 5073708
[NesterovSolve] Iter:  200 overflow: 0.832 HPWL: 5625345
[NesterovSolve] Iter:  210 overflow: 0.795 HPWL: 6264655
[NesterovSolve] Iter:  220 overflow: 0.765 HPWL: 6875472
[NesterovSolve] Iter:  230 overflow: 0.727 HPWL: 7536402
[NesterovSolve] Iter:  240 overflow: 0.680 HPWL: 8187876
[NesterovSolve] Iter:  250 overflow: 0.649 HPWL: 8903702
[NesterovSolve] Iter:  260 overflow: 0.603 HPWL: 9639865
[NesterovSolve] Iter:  270 overflow: 0.565 HPWL: 10289977
[NesterovSolve] Iter:  280 overflow: 0.520 HPWL: 10947644
[NesterovSolve] Iter:  290 overflow: 0.481 HPWL: 11505390
[NesterovSolve] Iter:  300 overflow: 0.434 HPWL: 12079774
[NesterovSolve] Iter:  310 overflow: 0.385 HPWL: 12554142
[NesterovSolve] Iter:  320 overflow: 0.345 HPWL: 12976819
[NesterovSolve] Iter:  330 overflow: 0.310 HPWL: 13201031
[NesterovSolve] Iter:  340 overflow: 0.279 HPWL: 13446569
[NesterovSolve] Iter:  350 overflow: 0.248 HPWL: 13697027
[NesterovSolve] Iter:  360 overflow: 0.220 HPWL: 13880627
[NesterovSolve] Iter:  370 overflow: 0.196 HPWL: 14072905
[NesterovSolve] Iter:  380 overflow: 0.172 HPWL: 14267601
[NesterovSolve] Iter:  390 overflow: 0.146 HPWL: 14442416
[NesterovSolve] Iter:  400 overflow: 0.123 HPWL: 14607406
[NesterovSolve] Iter:  410 overflow: 0.101 HPWL: 14771310
[NesterovSolve] Finished with Overflow: 0.098794
[INFO] Setting RC values…
Setting global connections for newly added cells…
[INFO] Setting global connections...
Updating metrics…
Cell type report:                       Count       Area
  Fill cell                               122     457.94
  Tap cell                                378     472.95
  Buffer                                    1       5.00
  Inverter                                 28     105.10
  Sequential cell                         154    3275.64
  Multi-Input combinational cell         1022    9311.43
  Total                                  1705   13628.07
Writing OpenROAD database to '/Users/refikyalcin/vlsi/digital/Tiny-PLL/openlane/runs/RUN_2025-12-22_14-46-57/23-openroad-globalplacementskipio/pll_top.odb'…
Writing netlist to '/Users/refikyalcin/vlsi/digital/Tiny-PLL/openlane/runs/RUN_2025-12-22_14-46-57/23-openroad-globalplacementskipio/pll_top.nl.v'…
Writing powered netlist to '/Users/refikyalcin/vlsi/digital/Tiny-PLL/openlane/runs/RUN_2025-12-22_14-46-57/23-openroad-globalplacementskipio/pll_top.pnl.v'…
Writing layout to '/Users/refikyalcin/vlsi/digital/Tiny-PLL/openlane/runs/RUN_2025-12-22_14-46-57/23-openroad-globalplacementskipio/pll_top.def'…
Writing timing constraints to '/Users/refikyalcin/vlsi/digital/Tiny-PLL/openlane/runs/RUN_2025-12-22_14-46-57/23-openroad-globalplacementskipio/pll_top.sdc'…
