[INFO PSM-0040] All shapes on net VDD are connected.
########## IR report #################
Net              : VDD
Corner           : nom_tt_025C_5v00
Supply voltage   : 5.00e+00 V
Worstcase voltage: 5.00e+00 V
Average voltage  : 5.00e+00 V
Average IR drop  : 2.87e-05 V
Worstcase IR drop: 8.73e-05 V
Percentage drop  : 0.00 %
######################################
[INFO PSM-0040] All shapes on net VSS are connected.
########## IR report #################
Net              : VSS
Corner           : nom_tt_025C_5v00
Supply voltage   : 0.00e+00 V
Worstcase voltage: 9.10e-05 V
Average voltage  : 2.78e-05 V
Average IR drop  : 2.78e-05 V
Worstcase IR drop: 9.10e-05 V
Percentage drop  : 0.00 %
######################################
