Clock: sys_clk
Sources: sys_clk 
Generated: no
Virtual: yes
Propagated: no
Period: 10.000000

===========================================================================
report_clock_properties
============================================================================
Clock                   Period          Waveform
----------------------------------------------------
sys_clk              10.000000    0.000000  5.000000

===========================================================================
report_clock_latency
============================================================================
Clock sys_clk
rise -> rise
    min     max
0.000000 0.000000 source latency
0.342190         network latency _2208_/CLK
        1.075454 network latency _2234_/CLK
---------------
0.342190 1.075454 latency
        0.733263 skew

rise -> fall
    min     max
0.000000 0.000000 source latency
0.780698         network latency _2252_/CLK
        0.942214 network latency _2234_/CLK
---------------
0.780698 0.942214 latency
        0.161515 skew

fall -> fall
    min     max
0.000000 0.000000 source latency
0.290333         network latency _2208_/CLK
        0.299587 network latency _2124_/CLK
---------------
0.290333 0.299587 latency
        0.009254 skew



===========================================================================
report_clock_min_period
============================================================================
sys_clk period_min = 3.46 fmax = 288.75
