Clock: sys_clk
Sources: sys_clk 
Generated: no
Virtual: yes
Propagated: no
Period: 10.000000

===========================================================================
report_clock_properties
============================================================================
Clock                   Period          Waveform
----------------------------------------------------
sys_clk              10.000000    0.000000  5.000000

===========================================================================
report_clock_latency
============================================================================
Clock sys_clk
rise -> rise
    min     max
0.000000 0.000000 source latency
0.432178         network latency _2208_/CLK
        1.366181 network latency _2234_/CLK
---------------
0.432178 1.366181 latency
        0.934003 skew

rise -> fall
    min     max
0.000000 0.000000 source latency
1.009617         network latency _2252_/CLK
        1.230283 network latency _2234_/CLK
---------------
1.009617 1.230283 latency
        0.220666 skew

fall -> fall
    min     max
0.000000 0.000000 source latency
0.381660         network latency _2208_/CLK
        0.388447 network latency _2131_/CLK
---------------
0.381660 0.388447 latency
        0.006787 skew



===========================================================================
report_clock_min_period
============================================================================
sys_clk period_min = 5.25 fmax = 190.31
