
===========================================================================
report_checks -unconstrained
===========================================================================
======================= nom_ss_100C_1v60 Corner ===================================

Startpoint: rst_n (input port clocked by sys_clk)
Endpoint: _2138_ (recovery check against rising-edge clock sys_clk)
Path Group: asynchronous
Path Type: max

Fanout         Cap        Slew       Delay        Time   Description
---------------------------------------------------------------------------------------------
                      0.150000    0.000000    0.000000   clock sys_clk (rise edge)
                                  0.000000    0.000000   clock network delay (ideal)
                                  2.000000    2.000000 ^ input external delay
    55    0.145464    1.045152    0.729536    2.729537 ^ rst_n (in)
                                                         rst_n (net)
                      1.045152    0.000000    2.729537 ^ _2138_/RESET_B (sky130_fd_sc_hd__dfrtp_2)
                                              2.729537   data arrival time

                      0.150000   10.000000   10.000000   clock sys_clk (rise edge)
                                  0.000000   10.000000   clock network delay (ideal)
                                 -0.250000    9.750000   clock uncertainty
                                  0.000000    9.750000   clock reconvergence pessimism
                                              9.750000 ^ _2138_/CLK (sky130_fd_sc_hd__dfrtp_2)
                                  0.056856    9.806857   library recovery time
                                              9.806857   data required time
---------------------------------------------------------------------------------------------
                                              9.806857   data required time
                                             -2.729537   data arrival time
---------------------------------------------------------------------------------------------
                                              7.077320   slack (MET)


Startpoint: _2146_ (rising edge-triggered flip-flop clocked by sys_clk)
Endpoint: _2181_ (rising edge-triggered flip-flop clocked by sys_clk)
Path Group: sys_clk
Path Type: max

Fanout         Cap        Slew       Delay        Time   Description
---------------------------------------------------------------------------------------------
                      0.150000    0.000000    0.000000   clock sys_clk (rise edge)
                                  0.000000    0.000000   clock network delay (ideal)
                      0.150000    0.000000    0.000000 ^ _2146_/CLK (sky130_fd_sc_hd__dfxtp_2)
    48    0.190300    1.488661    1.712032    1.712032 ^ _2146_/Q (sky130_fd_sc_hd__dfxtp_2)
                                                         lf_inst.error_in[1] (net)
                      1.488661    0.000000    1.712032 ^ _1819_/C_N (sky130_fd_sc_hd__nor3b_2)
    19    0.097024    2.500763    2.437798    4.149830 ^ _1819_/Y (sky130_fd_sc_hd__nor3b_2)
                                                         _0271_ (net)
                      2.500763    0.000000    4.149830 ^ _1844_/B (sky130_fd_sc_hd__xnor2_2)
     4    0.009106    0.347992    0.605821    4.755651 v _1844_/Y (sky130_fd_sc_hd__xnor2_2)
                                                         _0293_ (net)
                      0.347992    0.000000    4.755651 v _1859_/A (sky130_fd_sc_hd__or3b_2)
     1    0.001220    0.145369    1.138056    5.893707 v _1859_/X (sky130_fd_sc_hd__or3b_2)
                                                         _0305_ (net)
                      0.145369    0.000000    5.893707 v _1860_/D (sky130_fd_sc_hd__or4_2)
     2    0.005693    0.247709    1.370421    7.264128 v _1860_/X (sky130_fd_sc_hd__or4_2)
                                                         _0306_ (net)
                      0.247709    0.000000    7.264128 v _1865_/A1 (sky130_fd_sc_hd__a21oi_2)
     4    0.013356    0.320217    0.401244    7.665372 ^ _1865_/Y (sky130_fd_sc_hd__a21oi_2)
                                                         _0311_ (net)
                      0.320217    0.000000    7.665372 ^ _1915_/B (sky130_fd_sc_hd__and4b_2)
     1    0.004608    0.117407    0.547003    8.212375 ^ _1915_/X (sky130_fd_sc_hd__and4b_2)
                                                         _0353_ (net)
                      0.117407    0.000000    8.212375 ^ _1917_/B1 (sky130_fd_sc_hd__a211oi_2)
     2    0.003675    0.127737    0.093582    8.305957 v _1917_/Y (sky130_fd_sc_hd__a211oi_2)
                                                         _0355_ (net)
                      0.127737    0.000000    8.305957 v _1932_/A2 (sky130_fd_sc_hd__a2111o_2)
     3    0.007888    0.142350    0.947772    9.253729 v _1932_/X (sky130_fd_sc_hd__a2111o_2)
                                                         _0368_ (net)
                      0.142350    0.000000    9.253729 v _1948_/C (sky130_fd_sc_hd__or4b_2)
     3    0.009275    0.272439    1.560717   10.814445 v _1948_/X (sky130_fd_sc_hd__or4b_2)
                                                         _0382_ (net)
                      0.272439    0.000000   10.814445 v _1973_/A2 (sky130_fd_sc_hd__a2111o_2)
     3    0.008008    0.142931    1.004583   11.819029 v _1973_/X (sky130_fd_sc_hd__a2111o_2)
                                                         _0403_ (net)
                      0.142931    0.000000   11.819029 v _1980_/A1 (sky130_fd_sc_hd__a21o_2)
     1    0.002279    0.055568    0.367712   12.186741 v _1980_/X (sky130_fd_sc_hd__a21o_2)
                                                         _0410_ (net)
                      0.055568    0.000000   12.186741 v _2001_/A1 (sky130_fd_sc_hd__o31a_2)
     3    0.007952    0.116121    0.679987   12.866728 v _2001_/X (sky130_fd_sc_hd__o31a_2)
                                                         _0427_ (net)
                      0.116121    0.000000   12.866728 v _2018_/A1 (sky130_fd_sc_hd__o311a_2)
     2    0.008422    0.126150    0.801680   13.668407 v _2018_/X (sky130_fd_sc_hd__o311a_2)
                                                         _0442_ (net)
                      0.126150    0.000000   13.668407 v _2020_/B (sky130_fd_sc_hd__nor2_2)
     3    0.007456    0.181009    0.199860   13.868267 ^ _2020_/Y (sky130_fd_sc_hd__nor2_2)
                                                         _0444_ (net)
                      0.181009    0.000000   13.868267 ^ _2021_/A_N (sky130_fd_sc_hd__and3b_2)
     1    0.002208    0.069706    0.455113   14.323380 v _2021_/X (sky130_fd_sc_hd__and3b_2)
                                                         _0445_ (net)
                      0.069706    0.000000   14.323380 v _2022_/C1 (sky130_fd_sc_hd__a211o_2)
     1    0.001577    0.074230    0.487852   14.811232 v _2022_/X (sky130_fd_sc_hd__a211o_2)
                                                         _0112_ (net)
                      0.074230    0.000000   14.811232 v _2181_/D (sky130_fd_sc_hd__dfxtp_2)
                                             14.811232   data arrival time

                      0.150000   10.000000   10.000000   clock sys_clk (rise edge)
                                  0.000000   10.000000   clock network delay (ideal)
                                 -0.250000    9.750000   clock uncertainty
                                  0.000000    9.750000   clock reconvergence pessimism
                                              9.750000 ^ _2181_/CLK (sky130_fd_sc_hd__dfxtp_2)
                                 -0.254476    9.495523   library setup time
                                              9.495523   data required time
---------------------------------------------------------------------------------------------
                                              9.495523   data required time
                                            -14.811232   data arrival time
---------------------------------------------------------------------------------------------
                                             -5.315708   slack (VIOLATED)




===========================================================================
report_checks --slack_max -0.01
============================================================================
======================= nom_ss_100C_1v60 Corner ===================================

Startpoint: _2146_ (rising edge-triggered flip-flop clocked by sys_clk)
Endpoint: _2181_ (rising edge-triggered flip-flop clocked by sys_clk)
Path Group: sys_clk
Path Type: max

Fanout         Cap        Slew       Delay        Time   Description
---------------------------------------------------------------------------------------------
                      0.150000    0.000000    0.000000   clock sys_clk (rise edge)
                                  0.000000    0.000000   clock network delay (ideal)
                      0.150000    0.000000    0.000000 ^ _2146_/CLK (sky130_fd_sc_hd__dfxtp_2)
    48    0.190300    1.488661    1.712032    1.712032 ^ _2146_/Q (sky130_fd_sc_hd__dfxtp_2)
                                                         lf_inst.error_in[1] (net)
                      1.488661    0.000000    1.712032 ^ _1819_/C_N (sky130_fd_sc_hd__nor3b_2)
    19    0.097024    2.500763    2.437798    4.149830 ^ _1819_/Y (sky130_fd_sc_hd__nor3b_2)
                                                         _0271_ (net)
                      2.500763    0.000000    4.149830 ^ _1844_/B (sky130_fd_sc_hd__xnor2_2)
     4    0.009106    0.347992    0.605821    4.755651 v _1844_/Y (sky130_fd_sc_hd__xnor2_2)
                                                         _0293_ (net)
                      0.347992    0.000000    4.755651 v _1859_/A (sky130_fd_sc_hd__or3b_2)
     1    0.001220    0.145369    1.138056    5.893707 v _1859_/X (sky130_fd_sc_hd__or3b_2)
                                                         _0305_ (net)
                      0.145369    0.000000    5.893707 v _1860_/D (sky130_fd_sc_hd__or4_2)
     2    0.005693    0.247709    1.370421    7.264128 v _1860_/X (sky130_fd_sc_hd__or4_2)
                                                         _0306_ (net)
                      0.247709    0.000000    7.264128 v _1865_/A1 (sky130_fd_sc_hd__a21oi_2)
     4    0.013356    0.320217    0.401244    7.665372 ^ _1865_/Y (sky130_fd_sc_hd__a21oi_2)
                                                         _0311_ (net)
                      0.320217    0.000000    7.665372 ^ _1915_/B (sky130_fd_sc_hd__and4b_2)
     1    0.004608    0.117407    0.547003    8.212375 ^ _1915_/X (sky130_fd_sc_hd__and4b_2)
                                                         _0353_ (net)
                      0.117407    0.000000    8.212375 ^ _1917_/B1 (sky130_fd_sc_hd__a211oi_2)
     2    0.003675    0.127737    0.093582    8.305957 v _1917_/Y (sky130_fd_sc_hd__a211oi_2)
                                                         _0355_ (net)
                      0.127737    0.000000    8.305957 v _1932_/A2 (sky130_fd_sc_hd__a2111o_2)
     3    0.007888    0.142350    0.947772    9.253729 v _1932_/X (sky130_fd_sc_hd__a2111o_2)
                                                         _0368_ (net)
                      0.142350    0.000000    9.253729 v _1948_/C (sky130_fd_sc_hd__or4b_2)
     3    0.009275    0.272439    1.560717   10.814445 v _1948_/X (sky130_fd_sc_hd__or4b_2)
                                                         _0382_ (net)
                      0.272439    0.000000   10.814445 v _1973_/A2 (sky130_fd_sc_hd__a2111o_2)
     3    0.008008    0.142931    1.004583   11.819029 v _1973_/X (sky130_fd_sc_hd__a2111o_2)
                                                         _0403_ (net)
                      0.142931    0.000000   11.819029 v _1980_/A1 (sky130_fd_sc_hd__a21o_2)
     1    0.002279    0.055568    0.367712   12.186741 v _1980_/X (sky130_fd_sc_hd__a21o_2)
                                                         _0410_ (net)
                      0.055568    0.000000   12.186741 v _2001_/A1 (sky130_fd_sc_hd__o31a_2)
     3    0.007952    0.116121    0.679987   12.866728 v _2001_/X (sky130_fd_sc_hd__o31a_2)
                                                         _0427_ (net)
                      0.116121    0.000000   12.866728 v _2018_/A1 (sky130_fd_sc_hd__o311a_2)
     2    0.008422    0.126150    0.801680   13.668407 v _2018_/X (sky130_fd_sc_hd__o311a_2)
                                                         _0442_ (net)
                      0.126150    0.000000   13.668407 v _2020_/B (sky130_fd_sc_hd__nor2_2)
     3    0.007456    0.181009    0.199860   13.868267 ^ _2020_/Y (sky130_fd_sc_hd__nor2_2)
                                                         _0444_ (net)
                      0.181009    0.000000   13.868267 ^ _2021_/A_N (sky130_fd_sc_hd__and3b_2)
     1    0.002208    0.069706    0.455113   14.323380 v _2021_/X (sky130_fd_sc_hd__and3b_2)
                                                         _0445_ (net)
                      0.069706    0.000000   14.323380 v _2022_/C1 (sky130_fd_sc_hd__a211o_2)
     1    0.001577    0.074230    0.487852   14.811232 v _2022_/X (sky130_fd_sc_hd__a211o_2)
                                                         _0112_ (net)
                      0.074230    0.000000   14.811232 v _2181_/D (sky130_fd_sc_hd__dfxtp_2)
                                             14.811232   data arrival time

                      0.150000   10.000000   10.000000   clock sys_clk (rise edge)
                                  0.000000   10.000000   clock network delay (ideal)
                                 -0.250000    9.750000   clock uncertainty
                                  0.000000    9.750000   clock reconvergence pessimism
                                              9.750000 ^ _2181_/CLK (sky130_fd_sc_hd__dfxtp_2)
                                 -0.254476    9.495523   library setup time
                                              9.495523   data required time
---------------------------------------------------------------------------------------------
                                              9.495523   data required time
                                            -14.811232   data arrival time
---------------------------------------------------------------------------------------------
                                             -5.315708   slack (VIOLATED)




===========================================================================
 report_check_types -max_slew -max_cap -max_fanout -violators
============================================================================
======================= nom_ss_100C_1v60 Corner ===================================

max slew

Pin                                        Limit        Slew       Slack
------------------------------------------------------------------------
_1819_/Y                                0.750000    2.500763   -1.750763 (VIOLATED)
_1821_/B                                0.750000    2.500763   -1.750763 (VIOLATED)
_1822_/B                                0.750000    2.500763   -1.750763 (VIOLATED)
_1823_/B                                0.750000    2.500763   -1.750763 (VIOLATED)
_1829_/B                                0.750000    2.500763   -1.750763 (VIOLATED)
_1832_/B                                0.750000    2.500763   -1.750763 (VIOLATED)
_1836_/B                                0.750000    2.500763   -1.750763 (VIOLATED)
_1837_/B                                0.750000    2.500763   -1.750763 (VIOLATED)
_1844_/B                                0.750000    2.500763   -1.750763 (VIOLATED)
_1848_/B                                0.750000    2.500763   -1.750763 (VIOLATED)
_1849_/B1                               0.750000    2.500763   -1.750763 (VIOLATED)
_1856_/A2                               0.750000    2.500763   -1.750763 (VIOLATED)
_1861_/B1                               0.750000    2.500763   -1.750763 (VIOLATED)
_1863_/B                                0.750000    2.500763   -1.750763 (VIOLATED)
_1869_/A2                               0.750000    2.500763   -1.750763 (VIOLATED)
_1876_/B                                0.750000    2.500763   -1.750763 (VIOLATED)
_1881_/B                                0.750000    2.500763   -1.750763 (VIOLATED)
_1895_/B1                               0.750000    2.500763   -1.750763 (VIOLATED)
_1897_/A2                               0.750000    2.500763   -1.750763 (VIOLATED)
_1902_/B1                               0.750000    2.500763   -1.750763 (VIOLATED)
_1594_/Y                                0.750000    2.220819   -1.470819 (VIOLATED)
_1597_/A2                               0.750000    2.220819   -1.470819 (VIOLATED)
_1606_/A2                               0.750000    2.220819   -1.470819 (VIOLATED)
_1613_/B1                               0.750000    2.220819   -1.470819 (VIOLATED)
_1619_/A2                               0.750000    2.220819   -1.470819 (VIOLATED)
_1626_/A2                               0.750000    2.220819   -1.470819 (VIOLATED)
_1636_/A2                               0.750000    2.220819   -1.470819 (VIOLATED)
_1641_/A2                               0.750000    2.220819   -1.470819 (VIOLATED)
_1660_/A2                               0.750000    2.220819   -1.470819 (VIOLATED)
_1671_/A2                               0.750000    2.220819   -1.470819 (VIOLATED)
_1680_/A2                               0.750000    2.220819   -1.470819 (VIOLATED)
_1690_/A2                               0.750000    2.220819   -1.470819 (VIOLATED)
_1696_/A2                               0.750000    2.220819   -1.470819 (VIOLATED)
_1705_/A                                0.750000    2.220819   -1.470819 (VIOLATED)
_1706_/A2                               0.750000    2.220819   -1.470819 (VIOLATED)
_1712_/A2                               0.750000    2.220819   -1.470819 (VIOLATED)
_1729_/A2                               0.750000    2.220819   -1.470819 (VIOLATED)
_1738_/A2                               0.750000    2.220819   -1.470819 (VIOLATED)
_1743_/A2                               0.750000    2.220819   -1.470819 (VIOLATED)
_1753_/A2                               0.750000    2.220819   -1.470819 (VIOLATED)
_1760_/A2                               0.750000    2.220819   -1.470819 (VIOLATED)
_1767_/A2                               0.750000    2.220819   -1.470819 (VIOLATED)
_1773_/A2                               0.750000    2.220819   -1.470819 (VIOLATED)
_1817_/B1                               0.750000    2.220819   -1.470819 (VIOLATED)
_1818_/B2                               0.750000    2.220819   -1.470819 (VIOLATED)
_1828_/B2                               0.750000    2.220819   -1.470819 (VIOLATED)
_1835_/A2                               0.750000    2.220819   -1.470819 (VIOLATED)
_1842_/B2                               0.750000    2.220819   -1.470819 (VIOLATED)
_1847_/A2                               0.750000    2.220819   -1.470819 (VIOLATED)
_1854_/A2                               0.750000    2.220819   -1.470819 (VIOLATED)
_1858_/A2                               0.750000    2.220819   -1.470819 (VIOLATED)
_1867_/B2                               0.750000    2.220819   -1.470819 (VIOLATED)
_1875_/A2                               0.750000    2.220819   -1.470819 (VIOLATED)
_1880_/A2                               0.750000    2.220819   -1.470819 (VIOLATED)
_1894_/A2                               0.750000    2.220819   -1.470819 (VIOLATED)
_1899_/A2                               0.750000    2.220819   -1.470819 (VIOLATED)
_1906_/A2                               0.750000    2.220819   -1.470819 (VIOLATED)
_1912_/A2                               0.750000    2.220819   -1.470819 (VIOLATED)
_1927_/A2                               0.750000    2.220819   -1.470819 (VIOLATED)
_1936_/A2                               0.750000    2.220819   -1.470819 (VIOLATED)
_1943_/A2                               0.750000    2.220819   -1.470819 (VIOLATED)
_1951_/A2                               0.750000    2.220819   -1.470819 (VIOLATED)
_1958_/A2                               0.750000    2.220819   -1.470819 (VIOLATED)
_1972_/A2                               0.750000    2.220819   -1.470819 (VIOLATED)
_1988_/A2                               0.750000    2.220819   -1.470819 (VIOLATED)
_1993_/A2                               0.750000    2.220819   -1.470819 (VIOLATED)
_1997_/A2                               0.750000    2.220819   -1.470819 (VIOLATED)
_2007_/A2                               0.750000    2.220819   -1.470819 (VIOLATED)
_2014_/A2                               0.750000    2.220819   -1.470819 (VIOLATED)
_2022_/A2                               0.750000    2.220819   -1.470819 (VIOLATED)
_2025_/A2                               0.750000    2.220819   -1.470819 (VIOLATED)
_2027_/Y                                0.750000    1.683395   -0.933395 (VIOLATED)
_2028_/B                                0.750000    1.683395   -0.933395 (VIOLATED)
_2029_/B                                0.750000    1.683395   -0.933395 (VIOLATED)
_2030_/B                                0.750000    1.683395   -0.933395 (VIOLATED)
_2031_/B                                0.750000    1.683395   -0.933395 (VIOLATED)
_2032_/B                                0.750000    1.683395   -0.933395 (VIOLATED)
_2033_/B                                0.750000    1.683395   -0.933395 (VIOLATED)
_2034_/B                                0.750000    1.683395   -0.933395 (VIOLATED)
_2035_/B                                0.750000    1.683395   -0.933395 (VIOLATED)
_2036_/B                                0.750000    1.683395   -0.933395 (VIOLATED)
_2037_/B                                0.750000    1.683395   -0.933395 (VIOLATED)
_2038_/B                                0.750000    1.683395   -0.933395 (VIOLATED)
_2039_/B                                0.750000    1.683395   -0.933395 (VIOLATED)
_2040_/B                                0.750000    1.683395   -0.933395 (VIOLATED)
_2041_/B                                0.750000    1.683395   -0.933395 (VIOLATED)
_2042_/B                                0.750000    1.683395   -0.933395 (VIOLATED)
_2043_/B                                0.750000    1.683395   -0.933395 (VIOLATED)
_2044_/B                                0.750000    1.683395   -0.933395 (VIOLATED)
_2045_/B                                0.750000    1.683395   -0.933395 (VIOLATED)
_2046_/B                                0.750000    1.683395   -0.933395 (VIOLATED)
_2047_/B                                0.750000    1.683395   -0.933395 (VIOLATED)
_2048_/B                                0.750000    1.683395   -0.933395 (VIOLATED)
_2049_/B                                0.750000    1.683395   -0.933395 (VIOLATED)
_2050_/B                                0.750000    1.683395   -0.933395 (VIOLATED)
_2051_/B                                0.750000    1.683395   -0.933395 (VIOLATED)
_2052_/B                                0.750000    1.683395   -0.933395 (VIOLATED)
_2053_/B                                0.750000    1.683395   -0.933395 (VIOLATED)
_2054_/B                                0.750000    1.683395   -0.933395 (VIOLATED)
_2055_/B                                0.750000    1.683395   -0.933395 (VIOLATED)
_2056_/B                                0.750000    1.683395   -0.933395 (VIOLATED)
_2057_/B                                0.750000    1.683395   -0.933395 (VIOLATED)
_2058_/B                                0.750000    1.683395   -0.933395 (VIOLATED)
_2059_/B                                0.750000    1.683395   -0.933395 (VIOLATED)
_1598_/B                                0.750000    1.488661   -0.738661 (VIOLATED)
_1599_/B                                0.750000    1.488661   -0.738661 (VIOLATED)
_1620_/A0                               0.750000    1.488661   -0.738661 (VIOLATED)
_1627_/A                                0.750000    1.488661   -0.738661 (VIOLATED)
_1628_/A                                0.750000    1.488661   -0.738661 (VIOLATED)
_1637_/A                                0.750000    1.488661   -0.738661 (VIOLATED)
_1642_/B1                               0.750000    1.488661   -0.738661 (VIOLATED)
_1646_/A                                0.750000    1.488661   -0.738661 (VIOLATED)
_1647_/A                                0.750000    1.488661   -0.738661 (VIOLATED)
_1655_/A                                0.750000    1.488661   -0.738661 (VIOLATED)
_1661_/A                                0.750000    1.488661   -0.738661 (VIOLATED)
_1662_/A                                0.750000    1.488661   -0.738661 (VIOLATED)
_1665_/B1                               0.750000    1.488661   -0.738661 (VIOLATED)
_1672_/A                                0.750000    1.488661   -0.738661 (VIOLATED)
_1673_/A                                0.750000    1.488661   -0.738661 (VIOLATED)
_1681_/A                                0.750000    1.488661   -0.738661 (VIOLATED)
_1682_/A                                0.750000    1.488661   -0.738661 (VIOLATED)
_1691_/A                                0.750000    1.488661   -0.738661 (VIOLATED)
_1697_/A                                0.750000    1.488661   -0.738661 (VIOLATED)
_1698_/A                                0.750000    1.488661   -0.738661 (VIOLATED)
_1700_/B1                               0.750000    1.488661   -0.738661 (VIOLATED)
_1707_/A                                0.750000    1.488661   -0.738661 (VIOLATED)
_1713_/A                                0.750000    1.488661   -0.738661 (VIOLATED)
_1718_/A1                               0.750000    1.488661   -0.738661 (VIOLATED)
_1724_/A                                0.750000    1.488661   -0.738661 (VIOLATED)
_1725_/B1                               0.750000    1.488661   -0.738661 (VIOLATED)
_1730_/A                                0.750000    1.488661   -0.738661 (VIOLATED)
_1732_/B1                               0.750000    1.488661   -0.738661 (VIOLATED)
_1739_/A                                0.750000    1.488661   -0.738661 (VIOLATED)
_1740_/A1                               0.750000    1.488661   -0.738661 (VIOLATED)
_1744_/A                                0.750000    1.488661   -0.738661 (VIOLATED)
_1745_/A                                0.750000    1.488661   -0.738661 (VIOLATED)
_1747_/B1                               0.750000    1.488661   -0.738661 (VIOLATED)
_1754_/A                                0.750000    1.488661   -0.738661 (VIOLATED)
_1755_/A                                0.750000    1.488661   -0.738661 (VIOLATED)
_1762_/A                                0.750000    1.488661   -0.738661 (VIOLATED)
_1763_/A                                0.750000    1.488661   -0.738661 (VIOLATED)
_1770_/A                                0.750000    1.488661   -0.738661 (VIOLATED)
_1771_/A1                               0.750000    1.488661   -0.738661 (VIOLATED)
_1793_/C_N                              0.750000    1.488661   -0.738661 (VIOLATED)
_1797_/A1                               0.750000    1.488661   -0.738661 (VIOLATED)
_1799_/A                                0.750000    1.488661   -0.738661 (VIOLATED)
_1819_/C_N                              0.750000    1.488661   -0.738661 (VIOLATED)
_1820_/C_N                              0.750000    1.488661   -0.738661 (VIOLATED)
_1928_/B1_N                             0.750000    1.488661   -0.738661 (VIOLATED)
_1929_/B1_N                             0.750000    1.488661   -0.738661 (VIOLATED)
_2015_/A                                0.750000    1.488661   -0.738661 (VIOLATED)
_2016_/A                                0.750000    1.488661   -0.738661 (VIOLATED)
_2146_/Q                                0.750000    1.488661   -0.738661 (VIOLATED)
rst_n                                   0.750000    1.045152   -0.295152 (VIOLATED)
_1033_/A                                0.750000    1.045152   -0.295152 (VIOLATED)
_1042_/A                                0.750000    1.045152   -0.295152 (VIOLATED)
_1047_/A                                0.750000    1.045152   -0.295152 (VIOLATED)
_1048_/B1                               0.750000    1.045152   -0.295152 (VIOLATED)
_1050_/B1                               0.750000    1.045152   -0.295152 (VIOLATED)
_1057_/B                                0.750000    1.045152   -0.295152 (VIOLATED)
_1063_/B                                0.750000    1.045152   -0.295152 (VIOLATED)
_1069_/B                                0.750000    1.045152   -0.295152 (VIOLATED)
_1076_/B                                0.750000    1.045152   -0.295152 (VIOLATED)
_1081_/B1                               0.750000    1.045152   -0.295152 (VIOLATED)
_1095_/B1                               0.750000    1.045152   -0.295152 (VIOLATED)
_1109_/A                                0.750000    1.045152   -0.295152 (VIOLATED)
_1118_/A                                0.750000    1.045152   -0.295152 (VIOLATED)
_1147_/A                                0.750000    1.045152   -0.295152 (VIOLATED)
_1166_/B1                               0.750000    1.045152   -0.295152 (VIOLATED)
_1175_/A                                0.750000    1.045152   -0.295152 (VIOLATED)
_1193_/A                                0.750000    1.045152   -0.295152 (VIOLATED)
_1198_/B1                               0.750000    1.045152   -0.295152 (VIOLATED)
_1208_/A                                0.750000    1.045152   -0.295152 (VIOLATED)
_1226_/A                                0.750000    1.045152   -0.295152 (VIOLATED)
_1242_/A                                0.750000    1.045152   -0.295152 (VIOLATED)
_1248_/A                                0.750000    1.045152   -0.295152 (VIOLATED)
_1270_/A                                0.750000    1.045152   -0.295152 (VIOLATED)
_1574_/B1                               0.750000    1.045152   -0.295152 (VIOLATED)
_1575_/S                                0.750000    1.045152   -0.295152 (VIOLATED)
_1576_/S                                0.750000    1.045152   -0.295152 (VIOLATED)
_1578_/A1                               0.750000    1.045152   -0.295152 (VIOLATED)
_1579_/S                                0.750000    1.045152   -0.295152 (VIOLATED)
_1581_/A1                               0.750000    1.045152   -0.295152 (VIOLATED)
_1583_/A1                               0.750000    1.045152   -0.295152 (VIOLATED)
_1585_/A1                               0.750000    1.045152   -0.295152 (VIOLATED)
_1586_/S                                0.750000    1.045152   -0.295152 (VIOLATED)
_1587_/S                                0.750000    1.045152   -0.295152 (VIOLATED)
_1591_/A                                0.750000    1.045152   -0.295152 (VIOLATED)
_1592_/A                                0.750000    1.045152   -0.295152 (VIOLATED)
_1653_/A                                0.750000    1.045152   -0.295152 (VIOLATED)
_1723_/A1                               0.750000    1.045152   -0.295152 (VIOLATED)
_1792_/B1                               0.750000    1.045152   -0.295152 (VIOLATED)
_1801_/A                                0.750000    1.045152   -0.295152 (VIOLATED)
_1804_/B1                               0.750000    1.045152   -0.295152 (VIOLATED)
_1809_/A                                0.750000    1.045152   -0.295152 (VIOLATED)
_1811_/A                                0.750000    1.045152   -0.295152 (VIOLATED)
_1816_/A1                               0.750000    1.045152   -0.295152 (VIOLATED)
_1817_/A1                               0.750000    1.045152   -0.295152 (VIOLATED)
_1884_/S                                0.750000    1.045152   -0.295152 (VIOLATED)
_1966_/B1                               0.750000    1.045152   -0.295152 (VIOLATED)
_1982_/A1                               0.750000    1.045152   -0.295152 (VIOLATED)
_2027_/A                                0.750000    1.045152   -0.295152 (VIOLATED)
_2138_/RESET_B                          0.750000    1.045152   -0.295152 (VIOLATED)
_2139_/RESET_B                          0.750000    1.045152   -0.295152 (VIOLATED)
_2140_/RESET_B                          0.750000    1.045152   -0.295152 (VIOLATED)
_2141_/RESET_B                          0.750000    1.045152   -0.295152 (VIOLATED)
_2142_/RESET_B                          0.750000    1.045152   -0.295152 (VIOLATED)
_2143_/RESET_B                          0.750000    1.045152   -0.295152 (VIOLATED)
_2144_/D                                0.750000    1.045152   -0.295152 (VIOLATED)
pll_out                                 0.750000    0.785117   -0.035117 (VIOLATED)
_1272_/A                                0.750000    0.785117   -0.035117 (VIOLATED)
_2094_/Q                                0.750000    0.785117   -0.035117 (VIOLATED)
_2095_/CLK                              0.750000    0.785117   -0.035117 (VIOLATED)
_2183_/CLK                              0.750000    0.785117   -0.035117 (VIOLATED)
_2184_/CLK                              0.750000    0.785117   -0.035117 (VIOLATED)
_2185_/CLK                              0.750000    0.785117   -0.035117 (VIOLATED)
_2186_/CLK                              0.750000    0.785117   -0.035117 (VIOLATED)
_2187_/CLK                              0.750000    0.785117   -0.035117 (VIOLATED)
_2188_/CLK                              0.750000    0.785117   -0.035117 (VIOLATED)
_2189_/CLK                              0.750000    0.785117   -0.035117 (VIOLATED)
_2190_/CLK                              0.750000    0.785117   -0.035117 (VIOLATED)
_2191_/CLK                              0.750000    0.785117   -0.035117 (VIOLATED)
_2192_/CLK                              0.750000    0.785117   -0.035117 (VIOLATED)
_2193_/CLK                              0.750000    0.785117   -0.035117 (VIOLATED)
_2194_/CLK                              0.750000    0.785117   -0.035117 (VIOLATED)
_2195_/CLK                              0.750000    0.785117   -0.035117 (VIOLATED)
_2196_/CLK                              0.750000    0.785117   -0.035117 (VIOLATED)
_2197_/CLK                              0.750000    0.785117   -0.035117 (VIOLATED)
_2198_/CLK                              0.750000    0.785117   -0.035117 (VIOLATED)
_2199_/CLK                              0.750000    0.785117   -0.035117 (VIOLATED)
_2200_/CLK                              0.750000    0.785117   -0.035117 (VIOLATED)
_2201_/CLK                              0.750000    0.785117   -0.035117 (VIOLATED)
_2202_/CLK                              0.750000    0.785117   -0.035117 (VIOLATED)
_2203_/CLK                              0.750000    0.785117   -0.035117 (VIOLATED)
_2204_/CLK                              0.750000    0.785117   -0.035117 (VIOLATED)
_2205_/CLK                              0.750000    0.785117   -0.035117 (VIOLATED)
_2206_/CLK                              0.750000    0.785117   -0.035117 (VIOLATED)
_2207_/CLK                              0.750000    0.785117   -0.035117 (VIOLATED)
_2208_/CLK                              0.750000    0.785117   -0.035117 (VIOLATED)
_2209_/CLK                              0.750000    0.785117   -0.035117 (VIOLATED)
_2210_/CLK                              0.750000    0.785117   -0.035117 (VIOLATED)
_2211_/CLK                              0.750000    0.785117   -0.035117 (VIOLATED)
_2212_/CLK                              0.750000    0.785117   -0.035117 (VIOLATED)
_2213_/CLK                              0.750000    0.785117   -0.035117 (VIOLATED)
_2214_/CLK                              0.750000    0.785117   -0.035117 (VIOLATED)
_1928_/Y                                0.750000    0.752078   -0.002078 (VIOLATED)
_1938_/C                                0.750000    0.752078   -0.002078 (VIOLATED)
_1940_/B1                               0.750000    0.752078   -0.002078 (VIOLATED)
_1961_/B                                0.750000    0.752078   -0.002078 (VIOLATED)
_1969_/B                                0.750000    0.752078   -0.002078 (VIOLATED)
_1994_/B                                0.750000    0.752078   -0.002078 (VIOLATED)
_2000_/A2                               0.750000    0.752078   -0.002078 (VIOLATED)
_2009_/B1                               0.750000    0.752078   -0.002078 (VIOLATED)

max fanout

Pin                                   Limit Fanout  Slack
---------------------------------------------------------
rst_n                                     5     55    -50 (VIOLATED)
_1594_/Y                                  5     50    -45 (VIOLATED)
_2146_/Q                                  5     48    -43 (VIOLATED)
_1033_/Y                                  5     46    -41 (VIOLATED)
_2094_/Q                                  5     34    -29 (VIOLATED)
_2027_/Y                                  5     32    -27 (VIOLATED)
_1591_/X                                  5     31    -26 (VIOLATED)
_1592_/Y                                  5     20    -15 (VIOLATED)
_1929_/X                                  5     20    -15 (VIOLATED)
_1819_/Y                                  5     19    -14 (VIOLATED)
_1598_/X                                  5     11     -6 (VIOLATED)
_2062_/Q                                  5     10     -5 (VIOLATED)
_2183_/Q                                  5      9     -4 (VIOLATED)
_2131_/Q                                  5      8     -3 (VIOLATED)
_2144_/Q                                  5      8     -3 (VIOLATED)
div_val[10]                               5      7     -2 (VIOLATED)
div_val[25]                               5      7     -2 (VIOLATED)
div_val[26]                               5      7     -2 (VIOLATED)
div_val[4]                                5      7     -2 (VIOLATED)
_1599_/Y                                  5      7     -2 (VIOLATED)
_1820_/X                                  5      7     -2 (VIOLATED)
_1928_/Y                                  5      7     -2 (VIOLATED)
_2107_/Q                                  5      7     -2 (VIOLATED)
_2145_/Q                                  5      7     -2 (VIOLATED)
_2196_/Q                                  5      7     -2 (VIOLATED)
div_val[11]                               5      6        (VIOLATED)
div_val[13]                               5      6        (VIOLATED)
div_val[16]                               5      6        (VIOLATED)
div_val[19]                               5      6        (VIOLATED)
div_val[22]                               5      6        (VIOLATED)
div_val[27]                               5      6        (VIOLATED)
div_val[28]                               5      6        (VIOLATED)
div_val[2]                                5      6        (VIOLATED)
div_val[7]                                5      6        (VIOLATED)
_1287_/X                                  5      6        (VIOLATED)
_1291_/X                                  5      6        (VIOLATED)
_1440_/X                                  5      6        (VIOLATED)
_1595_/X                                  5      6        (VIOLATED)
_1774_/Y                                  5      6        (VIOLATED)
_2184_/Q                                  5      6        (VIOLATED)
_2185_/Q                                  5      6        (VIOLATED)
_2187_/Q                                  5      6        (VIOLATED)
_2205_/Q                                  5      6        (VIOLATED)

max capacitance

Pin                                        Limit         Cap       Slack
------------------------------------------------------------------------
_1594_/Y                                0.086070    0.130916   -0.044846 (VIOLATED)
_1819_/Y                                0.054942    0.097024   -0.042082 (VIOLATED)
_2027_/Y                                0.117197    0.149824   -0.032627 (VIOLATED)



===========================================================================
report_parasitic_annotation -report_unannotated
============================================================================
Found 1253 unannotated drivers.
 div_val[0]
 div_val[10]
 div_val[11]
 div_val[12]
 div_val[13]
 div_val[14]
 div_val[15]
 div_val[16]
 div_val[17]
 div_val[18]
 div_val[19]
 div_val[1]
 div_val[20]
 div_val[21]
 div_val[22]
 div_val[23]
 div_val[24]
 div_val[25]
 div_val[26]
 div_val[27]
 div_val[28]
 div_val[29]
 div_val[2]
 div_val[30]
 div_val[31]
 div_val[3]
 div_val[4]
 div_val[5]
 div_val[6]
 div_val[7]
 div_val[8]
 div_val[9]
 initial_freq[0]
 initial_freq[10]
 initial_freq[11]
 initial_freq[12]
 initial_freq[13]
 initial_freq[14]
 initial_freq[15]
 initial_freq[16]
 initial_freq[17]
 initial_freq[18]
 initial_freq[19]
 initial_freq[1]
 initial_freq[20]
 initial_freq[21]
 initial_freq[22]
 initial_freq[23]
 initial_freq[24]
 initial_freq[25]
 initial_freq[26]
 initial_freq[27]
 initial_freq[28]
 initial_freq[29]
 initial_freq[2]
 initial_freq[30]
 initial_freq[31]
 initial_freq[3]
 initial_freq[4]
 initial_freq[5]
 initial_freq[6]
 initial_freq[7]
 initial_freq[8]
 initial_freq[9]
 ref_clk
 rst_n
 sys_clk
 _1031_/Y
 _1032_/Y
 _1033_/Y
 _1034_/Y
 _1035_/Y
 _1036_/Y
 _1037_/Y
 _1038_/X
 _1039_/Y
 _1040_/X
 _1041_/Y
 _1042_/X
 _1043_/X
 _1044_/X
 _1045_/X
 _1046_/X
 _1047_/X
 _1048_/X
 _1049_/Y
 _1050_/Y
 _1051_/Y
 _1052_/X
 _1053_/Y
 _1054_/X
 _1055_/X
 _1056_/X
 _1057_/X
 _1058_/Y
 _1059_/X
 _1060_/X
 _1061_/X
 _1062_/X
 _1063_/X
 _1064_/Y
 _1065_/X
 _1066_/X
 _1067_/X
 _1068_/X
 _1069_/X
 _1070_/Y
 _1071_/Y
 _1072_/X
 _1073_/X
 _1074_/X
 _1075_/X
 _1076_/X
 _1077_/X
 _1078_/Y
 _1079_/X
 _1080_/Y
 _1081_/X
 _1082_/X
 _1083_/X
 _1084_/X
 _1085_/X
 _1086_/X
 _1087_/Y
 _1088_/X
 _1089_/Y
 _1090_/Y
 _1091_/X
 _1092_/X
 _1093_/X
 _1094_/Y
 _1095_/X
 _1096_/X
 _1097_/X
 _1098_/Y
 _1099_/Y
 _1100_/X
 _1101_/X
 _1102_/X
 _1103_/Y
 _1104_/X
 _1105_/X
 _1106_/Y
 _1107_/Y
 _1108_/X
 _1109_/X
 _1110_/X
 _1111_/Y
 _1112_/Y
 _1113_/Y
 _1114_/X
 _1115_/X
 _1116_/X
 _1117_/X
 _1118_/X
 _1119_/Y
 _1120_/Y
 _1121_/Y
 _1122_/Y
 _1123_/X
 _1124_/Y
 _1125_/X
 _1126_/X
 _1127_/X
 _1128_/X
 _1129_/Y
 _1130_/Y
 _1131_/X
 _1132_/X
 _1133_/Y
 _1134_/X
 _1135_/Y
 _1136_/Y
 _1137_/X
 _1138_/Y
 _1139_/Y
 _1140_/X
 _1141_/Y
 _1142_/X
 _1143_/Y
 _1144_/Y
 _1145_/X
 _1146_/Y
 _1147_/X
 _1148_/Y
 _1149_/X
 _1150_/X
 _1151_/Y
 _1152_/Y
 _1153_/X
 _1154_/Y
 _1155_/X
 _1156_/Y
 _1157_/X
 _1158_/X
 _1159_/X
 _1160_/Y
 _1161_/X
 _1162_/Y
 _1163_/Y
 _1164_/X
 _1165_/X
 _1166_/Y
 _1167_/Y
 _1168_/X
 _1169_/Y
 _1170_/Y
 _1171_/X
 _1172_/Y
 _1173_/Y
 _1174_/X
 _1175_/Y
 _1176_/Y
 _1177_/Y
 _1178_/Y
 _1179_/Y
 _1180_/Y
 _1181_/X
 _1182_/Y
 _1183_/X
 _1184_/Y
 _1185_/X
 _1186_/Y
 _1187_/Y
 _1188_/X
 _1189_/Y
 _1190_/Y
 _1191_/X
 _1192_/Y
 _1193_/X
 _1194_/Y
 _1195_/Y
 _1196_/X
 _1197_/Y
 _1198_/Y
 _1199_/Y
 _1200_/X
 _1201_/Y
 _1202_/X
 _1203_/Y
 _1204_/X
 _1205_/Y
 _1206_/X
 _1207_/Y
 _1208_/X
 _1209_/X
 _1210_/Y
 _1211_/Y
 _1212_/Y
 _1213_/X
 _1214_/Y
 _1215_/X
 _1216_/Y
 _1217_/X
 _1218_/X
 _1219_/X
 _1220_/Y
 _1221_/Y
 _1222_/X
 _1223_/Y
 _1224_/X
 _1225_/Y
 _1226_/X
 _1227_/X
 _1228_/Y
 _1229_/Y
 _1230_/Y
 _1231_/X
 _1232_/Y
 _1233_/X
 _1234_/Y
 _1235_/Y
 _1236_/Y
 _1237_/Y
 _1238_/Y
 _1239_/Y
 _1240_/X
 _1241_/Y
 _1242_/X
 _1243_/Y
 _1244_/X
 _1245_/Y
 _1246_/Y
 _1247_/X
 _1248_/X
 _1249_/X
 _1250_/Y
 _1251_/Y
 _1252_/X
 _1253_/X
 _1254_/X
 _1255_/X
 _1256_/X
 _1257_/X
 _1258_/X
 _1259_/Y
 _1260_/Y
 _1261_/Y
 _1262_/Y
 _1263_/X
 _1264_/Y
 _1265_/Y
 _1266_/X
 _1267_/Y
 _1268_/X
 _1269_/X
 _1270_/Y
 _1271_/Y
 _1272_/Y
 _1273_/Y
 _1274_/X
 _1275_/Y
 _1276_/X
 _1277_/X
 _1278_/Y
 _1279_/X
 _1280_/Y
 _1281_/X
 _1282_/X
 _1283_/X
 _1284_/X
 _1285_/X
 _1286_/X
 _1287_/X
 _1288_/X
 _1289_/X
 _1290_/X
 _1291_/X
 _1292_/X
 _1293_/X
 _1294_/X
 _1295_/X
 _1296_/X
 _1297_/Y
 _1298_/X
 _1299_/Y
 _1300_/X
 _1301_/X
 _1302_/X
 _1303_/Y
 _1304_/X
 _1305_/X
 _1306_/Y
 _1307_/X
 _1308_/X
 _1309_/X
 _1310_/X
 _1311_/X
 _1312_/Y
 _1313_/Y
 _1314_/X
 _1315_/Y
 _1316_/X
 _1317_/X
 _1318_/X
 _1319_/Y
 _1320_/X
 _1321_/Y
 _1322_/X
 _1323_/X
 _1324_/X
 _1325_/Y
 _1326_/X
 _1327_/X
 _1328_/X
 _1329_/Y
 _1330_/X
 _1331_/X
 _1332_/X
 _1333_/Y
 _1334_/X
 _1335_/Y
 _1336_/X
 _1337_/X
 _1338_/X
 _1339_/Y
 _1340_/Y
 _1341_/X
 _1342_/X
 _1343_/Y
 _1344_/X
 _1345_/X
 _1346_/X
 _1347_/X
 _1348_/X
 _1349_/X
 _1350_/X
 _1351_/X
 _1352_/X
 _1353_/Y
 _1354_/X
 _1355_/Y
 _1356_/X
 _1357_/X
 _1358_/X
 _1359_/X
 _1360_/X
 _1361_/Y
 _1362_/X
 _1363_/X
 _1364_/Y
 _1365_/X
 _1366_/Y
 _1367_/Y
 _1368_/X
 _1369_/X
 _1370_/X
 _1371_/Y
 _1372_/X
 _1373_/X
 _1374_/Y
 _1375_/X
 _1376_/Y
 _1377_/Y
 _1378_/Y
 _1379_/X
 _1380_/X
 _1381_/Y
 _1382_/Y
 _1383_/Y
 _1384_/X
 _1385_/X
 _1386_/Y
 _1387_/X
 _1388_/Y
 _1389_/X
 _1390_/X
 _1391_/Y
 _1392_/Y
 _1393_/X
 _1394_/Y
 _1395_/X
 _1396_/Y
 _1397_/X
 _1398_/X
 _1399_/X
 _1400_/Y
 _1401_/X
 _1402_/X
 _1403_/X
 _1404_/Y
 _1405_/X
 _1406_/Y
 _1407_/X
 _1408_/X
 _1409_/X
 _1410_/X
 _1411_/Y
 _1412_/Y
 _1413_/X
 _1414_/X
 _1415_/X
 _1416_/Y
 _1417_/X
 _1418_/X
 _1419_/X
 _1420_/X
 _1421_/Y
 _1422_/Y
 _1423_/Y
 _1424_/Y
 _1425_/X
 _1426_/X
 _1427_/X
 _1428_/Y
 _1429_/X
 _1430_/X
 _1431_/X
 _1432_/X
 _1433_/X
 _1434_/Y
 _1435_/X
 _1436_/X
 _1437_/X
 _1438_/X
 _1439_/X
 _1440_/X
 _1441_/X
 _1442_/X
 _1443_/X
 _1444_/X
 _1445_/X
 _1446_/X
 _1447_/X
 _1448_/Y
 _1449_/X
 _1450_/X
 _1451_/X
 _1452_/X
 _1453_/Y
 _1454_/Y
 _1455_/X
 _1456_/Y
 _1457_/Y
 _1458_/Y
 _1459_/X
 _1460_/X
 _1461_/Y
 _1462_/X
 _1463_/Y
 _1464_/X
 _1465_/X
 _1466_/Y
 _1467_/X
 _1468_/Y
 _1469_/Y
 _1470_/Y
 _1471_/X
 _1472_/X
 _1473_/Y
 _1474_/Y
 _1475_/Y
 _1476_/X
 _1477_/X
 _1478_/Y
 _1479_/X
 _1480_/Y
 _1481_/Y
 _1482_/X
 _1483_/Y
 _1484_/Y
 _1485_/X
 _1486_/Y
 _1487_/Y
 _1488_/Y
 _1489_/Y
 _1490_/X
 _1491_/Y
 _1492_/Y
 _1493_/Y
 _1494_/Y
 _1495_/Y
 _1496_/X
 _1497_/Y
 _1498_/X
 _1499_/X
 _1500_/X
 _1501_/X
 _1502_/Y
 _1503_/Y
 _1504_/X
 _1505_/Y
 _1506_/X
 _1507_/X
 _1508_/X
 _1509_/X
 _1510_/X
 _1511_/Y
 _1512_/X
 _1513_/Y
 _1514_/X
 _1515_/Y
 _1516_/Y
 _1517_/Y
 _1518_/Y
 _1519_/Y
 _1520_/X
 _1521_/Y
 _1522_/X
 _1523_/X
 _1524_/X
 _1525_/Y
 _1526_/X
 _1527_/X
 _1528_/X
 _1529_/X
 _1530_/X
 _1531_/Y
 _1532_/X
 _1533_/X
 _1534_/X
 _1535_/X
 _1536_/Y
 _1537_/Y
 _1538_/X
 _1539_/X
 _1540_/X
 _1541_/X
 _1542_/X
 _1543_/X
 _1544_/Y
 _1545_/Y
 _1546_/X
 _1547_/Y
 _1548_/Y
 _1549_/X
 _1550_/X
 _1551_/X
 _1552_/X
 _1553_/X
 _1554_/X
 _1555_/Y
 _1556_/Y
 _1557_/X
 _1558_/Y
 _1559_/X
 _1560_/X
 _1561_/X
 _1562_/X
 _1563_/Y
 _1564_/Y
 _1565_/Y
 _1566_/X
 _1567_/X
 _1568_/X
 _1569_/X
 _1570_/X
 _1571_/X
 _1572_/Y
 _1573_/X
 _1574_/X
 _1575_/X
 _1576_/X
 _1577_/X
 _1578_/X
 _1579_/X
 _1580_/X
 _1581_/X
 _1582_/X
 _1583_/X
 _1584_/X
 _1585_/X
 _1586_/X
 _1587_/X
 _1588_/X
 _1589_/X
 _1590_/Y
 _1591_/X
 _1592_/Y
 _1593_/Y
 _1594_/Y
 _1595_/X
 _1596_/X
 _1597_/X
 _1598_/X
 _1599_/Y
 _1600_/X
 _1601_/X
 _1602_/Y
 _1603_/Y
 _1604_/Y
 _1605_/X
 _1606_/X
 _1607_/Y
 _1608_/Y
 _1609_/X
 _1610_/X
 _1611_/Y
 _1612_/Y
 _1613_/X
 _1614_/Y
 _1615_/Y
 _1616_/Y
 _1617_/Y
 _1618_/X
 _1619_/X
 _1620_/X
 _1621_/Y
 _1622_/X
 _1623_/Y
 _1624_/Y
 _1625_/X
 _1626_/X
 _1627_/Y
 _1628_/Y
 _1629_/X
 _1630_/X
 _1631_/X
 _1632_/Y
 _1633_/X
 _1634_/Y
 _1635_/X
 _1636_/X
 _1637_/X
 _1638_/X
 _1639_/Y
 _1640_/X
 _1641_/X
 _1642_/X
 _1643_/X
 _1644_/X
 _1645_/Y
 _1646_/X
 _1647_/Y
 _1648_/Y
 _1649_/X
 _1650_/Y
 _1651_/Y
 _1652_/Y
 _1653_/X
 _1654_/X
 _1655_/Y
 _1656_/Y
 _1657_/X
 _1658_/Y
 _1659_/X
 _1660_/X
 _1661_/X
 _1662_/Y
 _1663_/Y
 _1664_/X
 _1665_/Y
 _1666_/X
 _1667_/Y
 _1668_/Y
 _1669_/Y
 _1670_/X
 _1671_/X
 _1672_/Y
 _1673_/X
 _1674_/Y
 _1675_/Y
 _1676_/Y
 _1677_/X
 _1678_/X
 _1679_/X
 _1680_/X
 _1681_/Y
 _1682_/X
 _1683_/Y
 _1684_/Y
 _1685_/Y
 _1686_/X
 _1687_/Y
 _1688_/Y
 _1689_/X
 _1690_/X
 _1691_/X
 _1692_/X
 _1693_/Y
 _1694_/Y
 _1695_/X
 _1696_/X
 _1697_/Y
 _1698_/X
 _1699_/Y
 _1700_/X
 _1701_/X
 _1702_/Y
 _1703_/Y
 _1704_/X
 _1705_/Y
 _1706_/X
 _1707_/X
 _1708_/X
 _1709_/Y
 _1710_/Y
 _1711_/X
 _1712_/X
 _1713_/Y
 _1714_/Y
 _1715_/X
 _1716_/Y
 _1717_/X
 _1718_/X
 _1719_/X
 _1720_/Y
 _1721_/Y
 _1722_/Y
 _1723_/X
 _1724_/X
 _1725_/X
 _1726_/Y
 _1727_/Y
 _1728_/X
 _1729_/X
 _1730_/X
 _1731_/X
 _1732_/X
 _1733_/Y
 _1734_/X
 _1735_/Y
 _1736_/Y
 _1737_/X
 _1738_/X
 _1739_/X
 _1740_/X
 _1741_/X
 _1742_/X
 _1743_/X
 _1744_/X
 _1745_/Y
 _1746_/X
 _1747_/X
 _1748_/X
 _1749_/Y
 _1750_/Y
 _1751_/Y
 _1752_/X
 _1753_/X
 _1754_/X
 _1755_/Y
 _1756_/Y
 _1757_/Y
 _1758_/Y
 _1759_/X
 _1760_/X
 _1761_/X
 _1762_/Y
 _1763_/X
 _1764_/Y
 _1765_/X
 _1766_/X
 _1767_/X
 _1768_/X
 _1769_/Y
 _1770_/Y
 _1771_/X
 _1772_/X
 _1773_/X
 _1774_/Y
 _1775_/X
 _1776_/Y
 _1777_/Y
 _1778_/Y
 _1779_/X
 _1780_/X
 _1781_/X
 _1782_/X
 _1783_/X
 _1784_/Y
 _1785_/Y
 _1786_/Y
 _1787_/Y
 _1788_/X
 _1789_/X
 _1790_/X
 _1791_/X
 _1792_/X
 _1793_/X
 _1794_/Y
 _1795_/Y
 _1796_/Y
 _1797_/Y
 _1798_/X
 _1799_/Y
 _1800_/X
 _1801_/X
 _1802_/Y
 _1803_/X
 _1804_/X
 _1805_/X
 _1806_/Y
 _1807_/X
 _1808_/X
 _1809_/X
 _1810_/X
 _1811_/X
 _1812_/X
 _1813_/X
 _1814_/X
 _1815_/Y
 _1816_/Y
 _1817_/X
 _1818_/X
 _1819_/Y
 _1820_/X
 _1821_/Y
 _1822_/Y
 _1823_/X
 _1824_/Y
 _1825_/Y
 _1826_/Y
 _1827_/X
 _1828_/X
 _1829_/Y
 _1830_/Y
 _1831_/Y
 _1832_/Y
 _1833_/X
 _1834_/Y
 _1835_/X
 _1836_/X
 _1837_/Y
 _1838_/Y
 _1839_/X
 _1840_/Y
 _1841_/X
 _1842_/X
 _1843_/X
 _1844_/Y
 _1845_/X
 _1846_/Y
 _1847_/X
 _1848_/Y
 _1849_/Y
 _1850_/X
 _1851_/Y
 _1852_/X
 _1853_/Y
 _1854_/X
 _1855_/Y
 _1856_/Y
 _1857_/Y
 _1858_/X
 _1859_/X
 _1860_/X
 _1861_/X
 _1862_/Y
 _1863_/Y
 _1864_/X
 _1865_/Y
 _1866_/Y
 _1867_/X
 _1868_/X
 _1869_/Y
 _1870_/Y
 _1871_/X
 _1872_/Y
 _1873_/Y
 _1874_/Y
 _1875_/X
 _1876_/Y
 _1877_/X
 _1878_/X
 _1879_/Y
 _1880_/X
 _1881_/Y
 _1882_/X
 _1883_/Y
 _1884_/X
 _1885_/X
 _1886_/Y
 _1887_/X
 _1888_/X
 _1889_/Y
 _1890_/X
 _1891_/X
 _1892_/X
 _1893_/Y
 _1894_/X
 _1895_/Y
 _1896_/X
 _1897_/Y
 _1898_/Y
 _1899_/X
 _1900_/Y
 _1901_/Y
 _1902_/X
 _1903_/X
 _1904_/X
 _1905_/Y
 _1906_/X
 _1907_/X
 _1908_/Y
 _1909_/Y
 _1910_/X
 _1911_/Y
 _1912_/X
 _1913_/Y
 _1914_/Y
 _1915_/X
 _1916_/X
 _1917_/Y
 _1918_/X
 _1919_/X
 _1920_/X
 _1921_/X
 _1922_/Y
 _1923_/X
 _1924_/Y
 _1925_/Y
 _1926_/X
 _1927_/X
 _1928_/Y
 _1929_/X
 _1930_/X
 _1931_/Y
 _1932_/X
 _1933_/X
 _1934_/X
 _1935_/Y
 _1936_/X
 _1937_/X
 _1938_/Y
 _1939_/Y
 _1940_/Y
 _1941_/Y
 _1942_/Y
 _1943_/X
 _1944_/Y
 _1945_/X
 _1946_/X
 _1947_/X
 _1948_/X
 _1949_/Y
 _1950_/X
 _1951_/Y
 _1952_/Y
 _1953_/Y
 _1954_/Y
 _1955_/Y
 _1956_/X
 _1957_/Y
 _1958_/X
 _1959_/Y
 _1960_/X
 _1961_/Y
 _1962_/Y
 _1963_/X
 _1964_/X
 _1965_/X
 _1966_/Y
 _1967_/Y
 _1968_/X
 _1969_/Y
 _1970_/Y
 _1971_/X
 _1972_/X
 _1973_/X
 _1974_/X
 _1975_/Y
 _1976_/Y
 _1977_/Y
 _1978_/X
 _1979_/Y
 _1980_/X
 _1981_/Y
 _1982_/X
 _1983_/Y
 _1984_/Y
 _1985_/X
 _1986_/Y
 _1987_/X
 _1988_/X
 _1989_/Y
 _1990_/Y
 _1991_/X
 _1992_/X
 _1993_/X
 _1994_/Y
 _1995_/X
 _1996_/Y
 _1997_/Y
 _1998_/Y
 _1999_/X
 _2000_/Y
 _2001_/X
 _2002_/X
 _2003_/Y
 _2004_/Y
 _2005_/Y
 _2006_/X
 _2007_/X
 _2008_/X
 _2009_/X
 _2010_/Y
 _2011_/Y
 _2012_/X
 _2013_/Y
 _2014_/X
 _2015_/X
 _2016_/Y
 _2017_/X
 _2018_/X
 _2019_/Y
 _2020_/Y
 _2021_/X
 _2022_/X
 _2023_/X
 _2024_/Y
 _2025_/X
 _2026_/X
 _2027_/Y
 _2028_/Y
 _2029_/Y
 _2030_/Y
 _2031_/Y
 _2032_/Y
 _2033_/Y
 _2034_/Y
 _2035_/Y
 _2036_/Y
 _2037_/Y
 _2038_/Y
 _2039_/Y
 _2040_/Y
 _2041_/Y
 _2042_/Y
 _2043_/Y
 _2044_/Y
 _2045_/Y
 _2046_/Y
 _2047_/Y
 _2048_/Y
 _2049_/Y
 _2050_/Y
 _2051_/Y
 _2052_/Y
 _2053_/Y
 _2054_/Y
 _2055_/Y
 _2056_/Y
 _2057_/Y
 _2058_/Y
 _2059_/Y
 _2060_/X
 _2061_/X
 _2062_/Q
 _2063_/Q
 _2064_/Q
 _2065_/Q
 _2066_/Q
 _2067_/Q
 _2068_/Q
 _2069_/Q
 _2070_/Q
 _2071_/Q
 _2072_/Q
 _2073_/Q
 _2074_/Q
 _2075_/Q
 _2076_/Q
 _2077_/Q
 _2078_/Q
 _2079_/Q
 _2080_/Q
 _2081_/Q
 _2082_/Q
 _2083_/Q
 _2084_/Q
 _2085_/Q
 _2086_/Q
 _2087_/Q
 _2088_/Q
 _2089_/Q
 _2090_/Q
 _2091_/Q
 _2092_/Q
 _2093_/Q
 _2094_/Q
 _2095_/Q
 _2096_/Q
 _2097_/Q
 _2098_/Q
 _2099_/Q
 _2100_/Q
 _2101_/Q
 _2102_/Q
 _2103_/Q
 _2104_/Q
 _2105_/Q
 _2106_/Q
 _2107_/Q
 _2108_/Q
 _2109_/Q
 _2110_/Q
 _2111_/Q
 _2112_/Q
 _2113_/Q
 _2114_/Q
 _2115_/Q
 _2116_/Q
 _2117_/Q
 _2118_/Q
 _2119_/Q
 _2120_/Q
 _2121_/Q
 _2122_/Q
 _2123_/Q
 _2124_/Q
 _2125_/Q
 _2126_/Q
 _2127_/Q
 _2128_/Q
 _2129_/Q
 _2130_/Q
 _2131_/Q
 _2132_/Q
 _2133_/Q
 _2134_/Q
 _2135_/Q
 _2136_/Q
 _2137_/Q
 _2138_/Q
 _2139_/Q
 _2140_/Q
 _2141_/Q
 _2142_/Q
 _2143_/Q
 _2144_/Q
 _2145_/Q
 _2146_/Q
 _2147_/Q
 _2148_/Q
 _2149_/Q
 _2150_/Q
 _2151_/Q
 _2152_/Q
 _2153_/Q
 _2154_/Q
 _2155_/Q
 _2156_/Q
 _2157_/Q
 _2158_/Q
 _2159_/Q
 _2160_/Q
 _2161_/Q
 _2162_/Q
 _2163_/Q
 _2164_/Q
 _2165_/Q
 _2166_/Q
 _2167_/Q
 _2168_/Q
 _2169_/Q
 _2170_/Q
 _2171_/Q
 _2172_/Q
 _2173_/Q
 _2174_/Q
 _2175_/Q
 _2176_/Q
 _2177_/Q
 _2178_/Q
 _2179_/Q
 _2180_/Q
 _2181_/Q
 _2182_/Q
 _2183_/Q
 _2184_/Q
 _2185_/Q
 _2186_/Q
 _2187_/Q
 _2188_/Q
 _2189_/Q
 _2190_/Q
 _2191_/Q
 _2192_/Q
 _2193_/Q
 _2194_/Q
 _2195_/Q
 _2196_/Q
 _2197_/Q
 _2198_/Q
 _2199_/Q
 _2200_/Q
 _2201_/Q
 _2202_/Q
 _2203_/Q
 _2204_/Q
 _2205_/Q
 _2206_/Q
 _2207_/Q
 _2208_/Q
 _2209_/Q
 _2210_/Q
 _2211_/Q
 _2212_/Q
 _2213_/Q
 _2214_/Q
 _2215_/Q
 _2216_/X
Found 0 partially unannotated drivers.

===========================================================================
max slew violation count 253
max fanout violation count 43
max cap violation count 3
============================================================================

===========================================================================
check_setup -verbose -unconstrained_endpoints -multiple_clock -no_clock -no_input_delay -loops -generated_clocks
===========================================================================
Warning: There are 33 unclocked register/latch pins.
  _2095_/CLK
  _2183_/CLK
  _2184_/CLK
  _2185_/CLK
  _2186_/CLK
  _2187_/CLK
  _2188_/CLK
  _2189_/CLK
  _2190_/CLK
  _2191_/CLK
  _2192_/CLK
  _2193_/CLK
  _2194_/CLK
  _2195_/CLK
  _2196_/CLK
  _2197_/CLK
  _2198_/CLK
  _2199_/CLK
  _2200_/CLK
  _2201_/CLK
  _2202_/CLK
  _2203_/CLK
  _2204_/CLK
  _2205_/CLK
  _2206_/CLK
  _2207_/CLK
  _2208_/CLK
  _2209_/CLK
  _2210_/CLK
  _2211_/CLK
  _2212_/CLK
  _2213_/CLK
  _2214_/CLK
Warning: There are 34 unconstrained endpoints.
  _2095_/D
  _2141_/D
  _2183_/D
  _2184_/D
  _2185_/D
  _2186_/D
  _2187_/D
  _2188_/D
  _2189_/D
  _2190_/D
  _2191_/D
  _2192_/D
  _2193_/D
  _2194_/D
  _2195_/D
  _2196_/D
  _2197_/D
  _2198_/D
  _2199_/D
  _2200_/D
  _2201_/D
  _2202_/D
  _2203_/D
  _2204_/D
  _2205_/D
  _2206_/D
  _2207_/D
  _2208_/D
  _2209_/D
  _2210_/D
  _2211_/D
  _2212_/D
  _2213_/D
  _2214_/D
