Clock: sys_clk
Sources: sys_clk 
Generated: no
Virtual: no
Propagated: no
Period: 10.000000

===========================================================================
report_clock_properties
============================================================================
Clock                   Period          Waveform
----------------------------------------------------
sys_clk              10.000000    0.000000  5.000000

===========================================================================
report_clock_latency
============================================================================
Clock sys_clk
rise -> rise
    min     max
0.000000 0.000000 source latency
1.045470         network latency _2062_/CLK
        1.213362 network latency _2095_/CLK
---------------
1.045470 1.213362 latency
        0.167892 skew

rise -> fall
    min     max
0.000000 0.000000 source latency
0.935287         network latency _2095_/CLK
        0.935287 network latency _2095_/CLK
---------------
0.935287 0.935287 latency
        0.000000 skew

fall -> fall
    min     max
0.000000 0.000000 source latency
0.588107         network latency _2062_/CLK
        0.588107 network latency _2062_/CLK
---------------
0.588107 0.588107 latency
        0.000000 skew



===========================================================================
report_clock_min_period
============================================================================
sys_clk period_min = 15.32 fmax = 65.29
