
===========================================================================
report_checks -unconstrained
===========================================================================
======================= nom_tt_025C_1v80 Corner ===================================

Startpoint: _2184_ (rising edge-triggered flip-flop clocked by sys_clk)
Endpoint: _2219_ (rising edge-triggered flip-flop clocked by sys_clk)
Path Group: sys_clk
Path Type: max

Fanout         Cap        Slew       Delay        Time   Description
---------------------------------------------------------------------------------------------
                                  0.000000    0.000000   clock sys_clk (rise edge)
                                  0.000000    0.000000   clock source latency
   121    0.327214    1.459027    1.010256    1.010256 ^ sys_clk (in)
                                                         sys_clk (net)
                      1.459159    0.000000    1.010256 ^ _2184_/CLK (sky130_fd_sc_hd__dfxtp_2)
    47    0.212885    1.050335    1.261823    2.272079 ^ _2184_/Q (sky130_fd_sc_hd__dfxtp_2)
                                                         lf_inst.error_in[1] (net)
                      1.050335    0.001611    2.273691 ^ _1852_/C_N (sky130_fd_sc_hd__nor3b_2)
    16    0.088813    1.402252    1.246825    3.520515 ^ _1852_/Y (sky130_fd_sc_hd__nor3b_2)
                                                         _0303_ (net)
                      1.402255    0.001868    3.522384 ^ _1855_/B (sky130_fd_sc_hd__xnor2_2)
     4    0.014322    0.225070    0.205393    3.727777 v _1855_/Y (sky130_fd_sc_hd__xnor2_2)
                                                         _0306_ (net)
                      0.225070    0.000031    3.727808 v _1870_/B1 (sky130_fd_sc_hd__o221a_2)
     2    0.006076    0.050720    0.322671    4.050479 v _1870_/X (sky130_fd_sc_hd__o221a_2)
                                                         _0319_ (net)
                      0.050720    0.000022    4.050501 v _1872_/C (sky130_fd_sc_hd__or3_2)
     5    0.014968    0.114662    0.469053    4.519554 v _1872_/X (sky130_fd_sc_hd__or3_2)
                                                         _0321_ (net)
                      0.114662    0.000082    4.519636 v _1893_/A1 (sky130_fd_sc_hd__o21ba_2)
     2    0.009028    0.049713    0.252759    4.772394 v _1893_/X (sky130_fd_sc_hd__o21ba_2)
                                                         _0338_ (net)
                      0.049713    0.000028    4.772422 v _1897_/A (sky130_fd_sc_hd__nor2_2)
     3    0.011562    0.151416    0.159913    4.932335 ^ _1897_/Y (sky130_fd_sc_hd__nor2_2)
                                                         _0342_ (net)
                      0.151416    0.000047    4.932382 ^ _1923_/A (sky130_fd_sc_hd__nand4_2)
     2    0.009138    0.109682    0.121137    5.053519 v _1923_/Y (sky130_fd_sc_hd__nand4_2)
                                                         _0364_ (net)
                      0.109682    0.000105    5.053624 v _1950_/B (sky130_fd_sc_hd__or2_2)
     2    0.005227    0.062073    0.303942    5.357566 v _1950_/X (sky130_fd_sc_hd__or2_2)
                                                         _0387_ (net)
                      0.062073    0.000032    5.357598 v _1968_/A2 (sky130_fd_sc_hd__a311o_2)
     3    0.010222    0.074448    0.393151    5.750749 v _1968_/X (sky130_fd_sc_hd__a311o_2)
                                                         _0403_ (net)
                      0.074448    0.000107    5.750856 v _1984_/A (sky130_fd_sc_hd__or2_2)
     3    0.010387    0.075940    0.332986    6.083842 v _1984_/X (sky130_fd_sc_hd__or2_2)
                                                         _0417_ (net)
                      0.075940    0.000089    6.083931 v _2007_/A2 (sky130_fd_sc_hd__a2111o_2)
     3    0.011013    0.086656    0.507126    6.591057 v _2007_/X (sky130_fd_sc_hd__a2111o_2)
                                                         _0436_ (net)
                      0.086656    0.000105    6.591162 v _2039_/A1 (sky130_fd_sc_hd__a211o_2)
     3    0.010768    0.069497    0.334937    6.926099 v _2039_/X (sky130_fd_sc_hd__a211o_2)
                                                         _0464_ (net)
                      0.069497    0.000075    6.926174 v _2057_/A1 (sky130_fd_sc_hd__a211o_2)
     2    0.006485    0.057200    0.311262    7.237436 v _2057_/X (sky130_fd_sc_hd__a211o_2)
                                                         _0480_ (net)
                      0.057200    0.000018    7.237454 v _2059_/A3 (sky130_fd_sc_hd__a31oi_2)
     3    0.011555    0.220790    0.246655    7.484109 ^ _2059_/Y (sky130_fd_sc_hd__a31oi_2)
                                                         _0482_ (net)
                      0.220790    0.000033    7.484142 ^ _2060_/B (sky130_fd_sc_hd__nor2_2)
     1    0.003020    0.043787    0.047625    7.531767 v _2060_/Y (sky130_fd_sc_hd__nor2_2)
                                                         _0483_ (net)
                      0.043787    0.000014    7.531782 v _2061_/B1 (sky130_fd_sc_hd__a221o_2)
     1    0.001765    0.049624    0.316837    7.848619 v _2061_/X (sky130_fd_sc_hd__a221o_2)
                                                         _0118_ (net)
                      0.049624    0.000000    7.848620 v _2219_/D (sky130_fd_sc_hd__dfxtp_2)
                                              7.848620   data arrival time

                                 10.000000   10.000000   clock sys_clk (rise edge)
                                  0.000000   10.000000   clock source latency
   121    0.327214    1.459027    1.002904   11.002904 ^ sys_clk (in)
                                                         sys_clk (net)
                      1.459044    0.000000   11.002904 ^ _2219_/CLK (sky130_fd_sc_hd__dfxtp_2)
                                 -0.250000   10.752904   clock uncertainty
                                  0.000000   10.752904   clock reconvergence pessimism
                                  0.076310   10.829213   library setup time
                                             10.829213   data required time
---------------------------------------------------------------------------------------------
                                             10.829213   data required time
                                             -7.848620   data arrival time
---------------------------------------------------------------------------------------------
                                              2.980594   slack (MET)




===========================================================================
report_checks --slack_max -0.01
============================================================================
======================= nom_tt_025C_1v80 Corner ===================================

No paths found.


===========================================================================
 report_check_types -max_slew -max_cap -max_fanout -violators
============================================================================
======================= nom_tt_025C_1v80 Corner ===================================

max slew

Pin                                        Limit        Slew       Slack
------------------------------------------------------------------------
_1641_/A2                               0.750000    1.864367   -1.114367 (VIOLATED)
_1650_/A2                               0.750000    1.864368   -1.114368 (VIOLATED)
_1859_/B2                               0.750000    1.864368   -1.114368 (VIOLATED)
_1866_/A2                               0.750000    1.864368   -1.114368 (VIOLATED)
_1873_/B2                               0.750000    1.864368   -1.114368 (VIOLATED)
_1879_/B2                               0.750000    1.864367   -1.114367 (VIOLATED)
_1886_/B2                               0.750000    1.864367   -1.114367 (VIOLATED)
_1890_/A2                               0.750000    1.864367   -1.114367 (VIOLATED)
_1900_/B2                               0.750000    1.864367   -1.114367 (VIOLATED)
_1907_/A2                               0.750000    1.864367   -1.114367 (VIOLATED)
_1658_/A2                               0.750000    1.864366   -1.114366 (VIOLATED)
_1920_/A2                               0.750000    1.864366   -1.114366 (VIOLATED)
_1735_/A2                               0.750000    1.864365   -1.114365 (VIOLATED)
_1741_/A2                               0.750000    1.864365   -1.114365 (VIOLATED)
_1750_/A2                               0.750000    1.864365   -1.114365 (VIOLATED)
_1914_/A2                               0.750000    1.864366   -1.114366 (VIOLATED)
_1929_/A2                               0.750000    1.864365   -1.114365 (VIOLATED)
_1987_/A2                               0.750000    1.864365   -1.114365 (VIOLATED)
_1994_/A2                               0.750000    1.864365   -1.114365 (VIOLATED)
_2001_/A2                               0.750000    1.864365   -1.114365 (VIOLATED)
_2006_/A2                               0.750000    1.864365   -1.114365 (VIOLATED)
_1638_/Y                                0.750000    1.864362   -1.114362 (VIOLATED)
_1665_/A2                               0.750000    1.864362   -1.114362 (VIOLATED)
_1672_/A2                               0.750000    1.864362   -1.114362 (VIOLATED)
_1681_/A2                               0.750000    1.864362   -1.114362 (VIOLATED)
_1688_/A2                               0.750000    1.864362   -1.114362 (VIOLATED)
_1699_/A                                0.750000    1.864362   -1.114362 (VIOLATED)
_1700_/A2                               0.750000    1.864362   -1.114362 (VIOLATED)
_1706_/A2                               0.750000    1.864362   -1.114362 (VIOLATED)
_1717_/A2                               0.750000    1.864362   -1.114362 (VIOLATED)
_1726_/A2                               0.750000    1.864362   -1.114362 (VIOLATED)
_1756_/A2                               0.750000    1.864362   -1.114362 (VIOLATED)
_1778_/A2                               0.750000    1.864362   -1.114362 (VIOLATED)
_1787_/A2                               0.750000    1.864362   -1.114362 (VIOLATED)
_1792_/A2                               0.750000    1.864362   -1.114362 (VIOLATED)
_1804_/A2                               0.750000    1.864362   -1.114362 (VIOLATED)
_1811_/A2                               0.750000    1.864362   -1.114362 (VIOLATED)
_1818_/A2                               0.750000    1.864362   -1.114362 (VIOLATED)
_1824_/A2                               0.750000    1.864362   -1.114362 (VIOLATED)
_1934_/A2                               0.750000    1.864362   -1.114362 (VIOLATED)
_1941_/A2                               0.750000    1.864362   -1.114362 (VIOLATED)
_1946_/A2                               0.750000    1.864362   -1.114362 (VIOLATED)
_1961_/A2                               0.750000    1.864362   -1.114362 (VIOLATED)
_1971_/A2                               0.750000    1.864362   -1.114362 (VIOLATED)
_1978_/A2                               0.750000    1.864362   -1.114362 (VIOLATED)
_2024_/A2                               0.750000    1.864362   -1.114362 (VIOLATED)
_2031_/A2                               0.750000    1.864362   -1.114362 (VIOLATED)
_2037_/A2                               0.750000    1.864362   -1.114362 (VIOLATED)
_2046_/A2                               0.750000    1.864362   -1.114362 (VIOLATED)
_2053_/A2                               0.750000    1.864362   -1.114362 (VIOLATED)
_2061_/A2                               0.750000    1.864362   -1.114362 (VIOLATED)
_2064_/A2                               0.750000    1.864362   -1.114362 (VIOLATED)
_2140_/CLK                              0.750000    1.459171   -0.709171 (VIOLATED)
_2196_/CLK                              0.750000    1.459172   -0.709172 (VIOLATED)
_2108_/CLK                              0.750000    1.459170   -0.709170 (VIOLATED)
_2109_/CLK                              0.750000    1.459170   -0.709170 (VIOLATED)
_2141_/CLK                              0.750000    1.459170   -0.709170 (VIOLATED)
_2197_/CLK                              0.750000    1.459171   -0.709171 (VIOLATED)
_2198_/CLK                              0.750000    1.459170   -0.709170 (VIOLATED)
_2110_/CLK                              0.750000    1.459169   -0.709169 (VIOLATED)
_2112_/CLK                              0.750000    1.459169   -0.709168 (VIOLATED)
_2199_/CLK                              0.750000    1.459169   -0.709169 (VIOLATED)
_2111_/CLK                              0.750000    1.459168   -0.709168 (VIOLATED)
_2200_/CLK                              0.750000    1.459167   -0.709168 (VIOLATED)
_2113_/CLK                              0.750000    1.459166   -0.709166 (VIOLATED)
_2161_/CLK                              0.750000    1.459166   -0.709166 (VIOLATED)
_2201_/CLK                              0.750000    1.459166   -0.709166 (VIOLATED)
_2114_/CLK                              0.750000    1.459164   -0.709164 (VIOLATED)
_2202_/CLK                              0.750000    1.459161   -0.709161 (VIOLATED)
_2142_/CLK                              0.750000    1.459160   -0.709160 (VIOLATED)
_2143_/CLK                              0.750000    1.459160   -0.709160 (VIOLATED)
_2144_/CLK                              0.750000    1.459160   -0.709160 (VIOLATED)
_2154_/CLK                              0.750000    1.459159   -0.709159 (VIOLATED)
_2184_/CLK                              0.750000    1.459159   -0.709159 (VIOLATED)
_2107_/CLK                              0.750000    1.459155   -0.709155 (VIOLATED)
_2138_/CLK                              0.750000    1.459154   -0.709154 (VIOLATED)
_2139_/CLK                              0.750000    1.459155   -0.709155 (VIOLATED)
_2162_/CLK                              0.750000    1.459156   -0.709156 (VIOLATED)
_2194_/CLK                              0.750000    1.459154   -0.709154 (VIOLATED)
_2195_/CLK                              0.750000    1.459155   -0.709155 (VIOLATED)
_2106_/CLK                              0.750000    1.459154   -0.709154 (VIOLATED)
_2104_/CLK                              0.750000    1.459151   -0.709151 (VIOLATED)
_2105_/CLK                              0.750000    1.459152   -0.709152 (VIOLATED)
_2137_/CLK                              0.750000    1.459149   -0.709149 (VIOLATED)
_2155_/CLK                              0.750000    1.459149   -0.709150 (VIOLATED)
_2156_/CLK                              0.750000    1.459150   -0.709150 (VIOLATED)
_2157_/CLK                              0.750000    1.459150   -0.709150 (VIOLATED)
_2163_/CLK                              0.750000    1.459151   -0.709151 (VIOLATED)
_2158_/CLK                              0.750000    1.459149   -0.709149 (VIOLATED)
_2192_/CLK                              0.750000    1.459149   -0.709149 (VIOLATED)
_2187_/CLK                              0.750000    1.459148   -0.709148 (VIOLATED)
_2193_/CLK                              0.750000    1.459149   -0.709149 (VIOLATED)
_2136_/CLK                              0.750000    1.459146   -0.709146 (VIOLATED)
_2153_/CLK                              0.750000    1.459147   -0.709147 (VIOLATED)
_2183_/CLK                              0.750000    1.459146   -0.709147 (VIOLATED)
_2189_/CLK                              0.750000    1.459147   -0.709147 (VIOLATED)
_2103_/CLK                              0.750000    1.459144   -0.709144 (VIOLATED)
_2253_/CLK                              0.750000    1.459143   -0.709143 (VIOLATED)
_2191_/CLK                              0.750000    1.459141   -0.709141 (VIOLATED)
_2135_/CLK                              0.750000    1.459137   -0.709137 (VIOLATED)
_2190_/CLK                              0.750000    1.459135   -0.709135 (VIOLATED)
_2159_/CLK                              0.750000    1.459134   -0.709134 (VIOLATED)
_2134_/CLK                              0.750000    1.459132   -0.709132 (VIOLATED)
_2146_/CLK                              0.750000    1.459133   -0.709133 (VIOLATED)
_2160_/CLK                              0.750000    1.459133   -0.709133 (VIOLATED)
_2188_/CLK                              0.750000    1.459129   -0.709129 (VIOLATED)
_2149_/CLK                              0.750000    1.459128   -0.709128 (VIOLATED)
_2152_/CLK                              0.750000    1.459126   -0.709127 (VIOLATED)
_2174_/CLK                              0.750000    1.459126   -0.709126 (VIOLATED)
_2182_/CLK                              0.750000    1.459126   -0.709126 (VIOLATED)
_2203_/CLK                              0.750000    1.459120   -0.709120 (VIOLATED)
_2167_/CLK                              0.750000    1.459115   -0.709115 (VIOLATED)
_2100_/CLK                              0.750000    1.459114   -0.709114 (VIOLATED)
_2164_/CLK                              0.750000    1.459114   -0.709114 (VIOLATED)
_2204_/CLK                              0.750000    1.459114   -0.709114 (VIOLATED)
_2165_/CLK                              0.750000    1.459113   -0.709113 (VIOLATED)
_2166_/CLK                              0.750000    1.459109   -0.709109 (VIOLATED)
_2205_/CLK                              0.750000    1.459107   -0.709107 (VIOLATED)
_2168_/CLK                              0.750000    1.459101   -0.709101 (VIOLATED)
_2206_/CLK                              0.750000    1.459101   -0.709101 (VIOLATED)
_2207_/CLK                              0.750000    1.459092   -0.709092 (VIOLATED)
_2208_/CLK                              0.750000    1.459076   -0.709076 (VIOLATED)
_2169_/CLK                              0.750000    1.459067   -0.709067 (VIOLATED)
_2170_/CLK                              0.750000    1.459066   -0.709066 (VIOLATED)
_2171_/CLK                              0.750000    1.459064   -0.709064 (VIOLATED)
_2209_/CLK                              0.750000    1.459056   -0.709056 (VIOLATED)
_2101_/CLK                              0.750000    1.459053   -0.709053 (VIOLATED)
_2102_/CLK                              0.750000    1.459053   -0.709053 (VIOLATED)
_2145_/CLK                              0.750000    1.459053   -0.709053 (VIOLATED)
_2147_/CLK                              0.750000    1.459053   -0.709053 (VIOLATED)
_2148_/CLK                              0.750000    1.459053   -0.709053 (VIOLATED)
_2151_/CLK                              0.750000    1.459052   -0.709052 (VIOLATED)
_2115_/CLK                              0.750000    1.459051   -0.709051 (VIOLATED)
_2150_/CLK                              0.750000    1.459051   -0.709051 (VIOLATED)
_2116_/CLK                              0.750000    1.459049   -0.709049 (VIOLATED)
_2117_/CLK                              0.750000    1.459048   -0.709048 (VIOLATED)
_2118_/CLK                              0.750000    1.459047   -0.709047 (VIOLATED)
_2119_/CLK                              0.750000    1.459046   -0.709046 (VIOLATED)
_2178_/CLK                              0.750000    1.459045   -0.709045 (VIOLATED)
_2120_/CLK                              0.750000    1.459044   -0.709044 (VIOLATED)
_2129_/CLK                              0.750000    1.459044   -0.709044 (VIOLATED)
_2130_/CLK                              0.750000    1.459044   -0.709044 (VIOLATED)
_2131_/CLK                              0.750000    1.459044   -0.709044 (VIOLATED)
_2132_/CLK                              0.750000    1.459044   -0.709044 (VIOLATED)
_2179_/CLK                              0.750000    1.459045   -0.709045 (VIOLATED)
_2177_/CLK                              0.750000    1.459044   -0.709044 (VIOLATED)
_2180_/CLK                              0.750000    1.459045   -0.709045 (VIOLATED)
_2181_/CLK                              0.750000    1.459045   -0.709045 (VIOLATED)
_2185_/CLK                              0.750000    1.459045   -0.709045 (VIOLATED)
_2186_/CLK                              0.750000    1.459045   -0.709045 (VIOLATED)
_2210_/CLK                              0.750000    1.459046   -0.709046 (VIOLATED)
_2216_/CLK                              0.750000    1.459043   -0.709043 (VIOLATED)
_2217_/CLK                              0.750000    1.459043   -0.709043 (VIOLATED)
_2218_/CLK                              0.750000    1.459044   -0.709044 (VIOLATED)
_2219_/CLK                              0.750000    1.459044   -0.709044 (VIOLATED)
_2220_/CLK                              0.750000    1.459044   -0.709045 (VIOLATED)
_2121_/CLK                              0.750000    1.459042   -0.709042 (VIOLATED)
_2128_/CLK                              0.750000    1.459043   -0.709043 (VIOLATED)
_2215_/CLK                              0.750000    1.459042   -0.709042 (VIOLATED)
_2126_/CLK                              0.750000    1.459040   -0.709040 (VIOLATED)
_2127_/CLK                              0.750000    1.459040   -0.709040 (VIOLATED)
_2176_/CLK                              0.750000    1.459041   -0.709041 (VIOLATED)
_2214_/CLK                              0.750000    1.459040   -0.709040 (VIOLATED)
_2125_/CLK                              0.750000    1.459038   -0.709038 (VIOLATED)
_2213_/CLK                              0.750000    1.459038   -0.709038 (VIOLATED)
_2122_/CLK                              0.750000    1.459037   -0.709037 (VIOLATED)
_2173_/CLK                              0.750000    1.459037   -0.709037 (VIOLATED)
_2175_/CLK                              0.750000    1.459037   -0.709037 (VIOLATED)
_2172_/CLK                              0.750000    1.459036   -0.709037 (VIOLATED)
_2212_/CLK                              0.750000    1.459035   -0.709035 (VIOLATED)
_2211_/CLK                              0.750000    1.459034   -0.709034 (VIOLATED)
_2123_/CLK                              0.750000    1.459030   -0.709030 (VIOLATED)
sys_clk                                 0.750000    1.459027   -0.709027 (VIOLATED)
_2124_/CLK                              0.750000    1.459027   -0.709027 (VIOLATED)
_1854_/B                                0.750000    1.402255   -0.652255 (VIOLATED)
_1855_/B                                0.750000    1.402255   -0.652255 (VIOLATED)
_1863_/B                                0.750000    1.402255   -0.652255 (VIOLATED)
_1867_/B                                0.750000    1.402254   -0.652254 (VIOLATED)
_1868_/B                                0.750000    1.402254   -0.652254 (VIOLATED)
_1875_/B                                0.750000    1.402254   -0.652254 (VIOLATED)
_1880_/B                                0.750000    1.402255   -0.652255 (VIOLATED)
_1881_/B1                               0.750000    1.402255   -0.652255 (VIOLATED)
_1887_/B                                0.750000    1.402255   -0.652255 (VIOLATED)
_1888_/A2                               0.750000    1.402255   -0.652255 (VIOLATED)
_1892_/B1                               0.750000    1.402255   -0.652255 (VIOLATED)
_1894_/B                                0.750000    1.402254   -0.652254 (VIOLATED)
_1895_/B                                0.750000    1.402254   -0.652254 (VIOLATED)
_1852_/Y                                0.750000    1.402252   -0.652252 (VIOLATED)
_1930_/B1                               0.750000    1.402252   -0.652252 (VIOLATED)
_1932_/A2                               0.750000    1.402252   -0.652252 (VIOLATED)
_1937_/A2_N                             0.750000    1.402252   -0.652252 (VIOLATED)
_1742_/A                                0.750000    1.050345   -0.300345 (VIOLATED)
_1743_/A                                0.750000    1.050345   -0.300345 (VIOLATED)
_1751_/A                                0.750000    1.050345   -0.300345 (VIOLATED)
_1727_/A                                0.750000    1.050344   -0.300344 (VIOLATED)
_1728_/A                                0.750000    1.050344   -0.300344 (VIOLATED)
_1736_/A                                0.750000    1.050344   -0.300344 (VIOLATED)
_1745_/B1                               0.750000    1.050344   -0.300344 (VIOLATED)
_1763_/A1                               0.750000    1.050344   -0.300344 (VIOLATED)
_1718_/A                                0.750000    1.050342   -0.300342 (VIOLATED)
_1719_/A                                0.750000    1.050342   -0.300342 (VIOLATED)
_1779_/A                                0.750000    1.050341   -0.300341 (VIOLATED)
_1780_/A                                0.750000    1.050341   -0.300341 (VIOLATED)
_1757_/A                                0.750000    1.050341   -0.300341 (VIOLATED)
_1758_/A                                0.750000    1.050341   -0.300341 (VIOLATED)
_1769_/A                                0.750000    1.050341   -0.300341 (VIOLATED)
_1770_/A                                0.750000    1.050341   -0.300341 (VIOLATED)
_1788_/A                                0.750000    1.050341   -0.300341 (VIOLATED)
_1797_/B1                               0.750000    1.050341   -0.300341 (VIOLATED)
_1707_/A                                0.750000    1.050340   -0.300340 (VIOLATED)
_1708_/A                                0.750000    1.050340   -0.300340 (VIOLATED)
_1831_/A1                               0.750000    1.050339   -0.300340 (VIOLATED)
_1833_/A                                0.750000    1.050339   -0.300340 (VIOLATED)
_1962_/B1_N                             0.750000    1.050339   -0.300339 (VIOLATED)
_1963_/B1_N                             0.750000    1.050339   -0.300339 (VIOLATED)
_1701_/A                                0.750000    1.050338   -0.300338 (VIOLATED)
_1711_/B1                               0.750000    1.050339   -0.300339 (VIOLATED)
_1694_/A                                0.750000    1.050338   -0.300338 (VIOLATED)
_1702_/A1                               0.750000    1.050335   -0.300335 (VIOLATED)
_1642_/B                                0.750000    1.050335   -0.300335 (VIOLATED)
_1643_/B                                0.750000    1.050335   -0.300335 (VIOLATED)
_1666_/A0                               0.750000    1.050335   -0.300335 (VIOLATED)
_1673_/A                                0.750000    1.050335   -0.300335 (VIOLATED)
_1674_/A                                0.750000    1.050335   -0.300335 (VIOLATED)
_1682_/A                                0.750000    1.050335   -0.300335 (VIOLATED)
_1683_/A                                0.750000    1.050335   -0.300335 (VIOLATED)
_1793_/A                                0.750000    1.050335   -0.300335 (VIOLATED)
_1794_/A                                0.750000    1.050335   -0.300335 (VIOLATED)
_1805_/A                                0.750000    1.050335   -0.300335 (VIOLATED)
_1806_/A                                0.750000    1.050335   -0.300335 (VIOLATED)
_1813_/A                                0.750000    1.050335   -0.300335 (VIOLATED)
_1814_/A                                0.750000    1.050335   -0.300335 (VIOLATED)
_1821_/A                                0.750000    1.050335   -0.300335 (VIOLATED)
_1822_/A1                               0.750000    1.050335   -0.300335 (VIOLATED)
_1827_/C_N                              0.750000    1.050335   -0.300335 (VIOLATED)
_1852_/C_N                              0.750000    1.050335   -0.300335 (VIOLATED)
_2054_/A                                0.750000    1.050335   -0.300335 (VIOLATED)
_2055_/A                                0.750000    1.050335   -0.300335 (VIOLATED)
_2184_/Q                                0.750000    1.050335   -0.300335 (VIOLATED)
_1279_/B1                               0.750000    1.048050   -0.298050 (VIOLATED)
_1791_/A                                0.750000    1.048050   -0.298050 (VIOLATED)
_1803_/A                                0.750000    1.048050   -0.298050 (VIOLATED)
_1810_/A                                0.750000    1.048050   -0.298050 (VIOLATED)
_1817_/A                                0.750000    1.048050   -0.298050 (VIOLATED)
_1823_/A                                0.750000    1.048050   -0.298050 (VIOLATED)
_1290_/B1                               0.750000    1.048049   -0.298049 (VIOLATED)
_2067_/A_N                              0.750000    1.048048   -0.298048 (VIOLATED)
_2068_/A_N                              0.750000    1.048048   -0.298048 (VIOLATED)
_2069_/A_N                              0.750000    1.048048   -0.298048 (VIOLATED)
_2070_/A_N                              0.750000    1.048048   -0.298048 (VIOLATED)
_1734_/A                                0.750000    1.048047   -0.298047 (VIOLATED)
_1740_/A                                0.750000    1.048047   -0.298047 (VIOLATED)
_1217_/B1                               0.750000    1.048046   -0.298046 (VIOLATED)
_1749_/A                                0.750000    1.048046   -0.298046 (VIOLATED)
_2071_/A_N                              0.750000    1.048046   -0.298046 (VIOLATED)
_1755_/A                                0.750000    1.048046   -0.298045 (VIOLATED)
_1258_/B1                               0.750000    1.048045   -0.298045 (VIOLATED)
_1249_/B1                               0.750000    1.048045   -0.298045 (VIOLATED)
_1786_/A                                0.750000    1.048045   -0.298045 (VIOLATED)
_1777_/A                                0.750000    1.048044   -0.298044 (VIOLATED)
_2072_/A_N                              0.750000    1.048045   -0.298045 (VIOLATED)
_2073_/A_N                              0.750000    1.048044   -0.298044 (VIOLATED)
_2016_/A1                               0.750000    1.048042   -0.298042 (VIOLATED)
_2074_/A_N                              0.750000    1.048042   -0.298042 (VIOLATED)
_2075_/A_N                              0.750000    1.048041   -0.298041 (VIOLATED)
_2076_/A_N                              0.750000    1.048040   -0.298040 (VIOLATED)
_1187_/B1                               0.750000    1.048039   -0.298039 (VIOLATED)
_1716_/A                                0.750000    1.048040   -0.298040 (VIOLATED)
_1725_/A                                0.750000    1.048040   -0.298040 (VIOLATED)
_1698_/A                                0.750000    1.048039   -0.298039 (VIOLATED)
_1705_/A                                0.750000    1.048039   -0.298039 (VIOLATED)
_1954_/A                                0.750000    1.048039   -0.298039 (VIOLATED)
_1687_/A                                0.750000    1.048039   -0.298039 (VIOLATED)
_2077_/A_N                              0.750000    1.048038   -0.298038 (VIOLATED)
_1166_/B1                               0.750000    1.048037   -0.298037 (VIOLATED)
_2078_/A_N                              0.750000    1.048037   -0.298037 (VIOLATED)
_1639_/A                                0.750000    1.048036   -0.298036 (VIOLATED)
_1638_/A                                0.750000    1.048036   -0.298036 (VIOLATED)
_1680_/A                                0.750000    1.048036   -0.298036 (VIOLATED)
_2079_/A_N                              0.750000    1.048036   -0.298036 (VIOLATED)
_1611_/B                                0.750000    1.048035   -0.298035 (VIOLATED)
_2080_/A_N                              0.750000    1.048034   -0.298034 (VIOLATED)
_1649_/A                                0.750000    1.048033   -0.298033 (VIOLATED)
_2082_/A_N                              0.750000    1.048032   -0.298032 (VIOLATED)
_2083_/A_N                              0.750000    1.048032   -0.298032 (VIOLATED)
_1064_/C1                               0.750000    1.048031   -0.298031 (VIOLATED)
_1828_/B1                               0.750000    1.048031   -0.298031 (VIOLATED)
_2096_/A_N                              0.750000    1.048030   -0.298030 (VIOLATED)
_1859_/A1                               0.750000    1.048029   -0.298029 (VIOLATED)
_1596_/B1                               0.750000    1.048028   -0.298028 (VIOLATED)
_1671_/A                                0.750000    1.048027   -0.298027 (VIOLATED)
_1599_/A                                0.750000    1.048026   -0.298027 (VIOLATED)
_1664_/A                                0.750000    1.048026   -0.298026 (VIOLATED)
_1640_/A                                0.750000    1.048025   -0.298025 (VIOLATED)
_1873_/A1                               0.750000    1.048025   -0.298025 (VIOLATED)
_2095_/A_N                              0.750000    1.048025   -0.298025 (VIOLATED)
_2094_/A_N                              0.750000    1.048024   -0.298024 (VIOLATED)
_1141_/B1                               0.750000    1.048023   -0.298023 (VIOLATED)
_1879_/A1                               0.750000    1.048023   -0.298023 (VIOLATED)
_1657_/A                                0.750000    1.048023   -0.298023 (VIOLATED)
_1886_/A1                               0.750000    1.048022   -0.298022 (VIOLATED)
_2081_/A_N                              0.750000    1.048022   -0.298022 (VIOLATED)
_2084_/A_N                              0.750000    1.048022   -0.298022 (VIOLATED)
_2085_/A_N                              0.750000    1.048022   -0.298022 (VIOLATED)
_2086_/A_N                              0.750000    1.048022   -0.298022 (VIOLATED)
_1107_/B1                               0.750000    1.048021   -0.298021 (VIOLATED)
_1900_/A1                               0.750000    1.048021   -0.298021 (VIOLATED)
_2087_/A_N                              0.750000    1.048021   -0.298021 (VIOLATED)
_2088_/A_N                              0.750000    1.048021   -0.298021 (VIOLATED)
_2093_/A_N                              0.750000    1.048022   -0.298022 (VIOLATED)
_2089_/A_N                              0.750000    1.048021   -0.298021 (VIOLATED)
_2090_/A_N                              0.750000    1.048021   -0.298021 (VIOLATED)
_1052_/Y                                0.750000    1.048020   -0.298020 (VIOLATED)
_1120_/B1                               0.750000    1.048020   -0.298020 (VIOLATED)
_1604_/A                                0.750000    1.048020   -0.298020 (VIOLATED)
_2091_/A_N                              0.750000    1.048020   -0.298020 (VIOLATED)
_2092_/A_N                              0.750000    1.048020   -0.298020 (VIOLATED)
_1052_/A                                0.750000    0.825658   -0.075658 (VIOLATED)
_1114_/B1                               0.750000    0.825657   -0.075657 (VIOLATED)
_1603_/S                                0.750000    0.825656   -0.075656 (VIOLATED)
_1602_/S                                0.750000    0.825654   -0.075654 (VIOLATED)
_1601_/S                                0.750000    0.825651   -0.075651 (VIOLATED)
_1101_/A                                0.750000    0.825649   -0.075649 (VIOLATED)
_1096_/B                                0.750000    0.825649   -0.075649 (VIOLATED)
_1089_/B                                0.750000    0.825649   -0.075649 (VIOLATED)
_1600_/A1                               0.750000    0.825647   -0.075647 (VIOLATED)
_1610_/S                                0.750000    0.825644   -0.075644 (VIOLATED)
_1070_/B1                               0.750000    0.825643   -0.075643 (VIOLATED)
_1083_/B                                0.750000    0.825643   -0.075643 (VIOLATED)
_1077_/B                                0.750000    0.825642   -0.075642 (VIOLATED)
_1598_/S                                0.750000    0.825636   -0.075636 (VIOLATED)
_1605_/A1                               0.750000    0.825636   -0.075636 (VIOLATED)
_1606_/S                                0.750000    0.825636   -0.075636 (VIOLATED)
_1127_/A                                0.750000    0.825635   -0.075635 (VIOLATED)
_1136_/A                                0.750000    0.825634   -0.075634 (VIOLATED)
_1150_/B1                               0.750000    0.825633   -0.075633 (VIOLATED)
_1156_/B1                               0.750000    0.825631   -0.075631 (VIOLATED)
_1849_/C                                0.750000    0.825631   -0.075631 (VIOLATED)
_1597_/S                                0.750000    0.825628   -0.075628 (VIOLATED)
_1607_/A                                0.750000    0.825627   -0.075627 (VIOLATED)
_1608_/A                                0.750000    0.825627   -0.075627 (VIOLATED)
_1609_/A                                0.750000    0.825627   -0.075627 (VIOLATED)
_1062_/A                                0.750000    0.825626   -0.075626 (VIOLATED)
_1068_/B1                               0.750000    0.825624   -0.075624 (VIOLATED)
_1826_/B1                               0.750000    0.825623   -0.075624 (VIOLATED)
_2097_/A                                0.750000    0.825622   -0.075622 (VIOLATED)
_1628_/A                                0.750000    0.825622   -0.075622 (VIOLATED)
_1629_/A                                0.750000    0.825622   -0.075622 (VIOLATED)
_1067_/A                                0.750000    0.825621   -0.075622 (VIOLATED)
_1630_/A                                0.750000    0.825621   -0.075621 (VIOLATED)
_1843_/A                                0.750000    0.825617   -0.075617 (VIOLATED)
_1838_/B1                               0.750000    0.825613   -0.075613 (VIOLATED)
_1835_/A                                0.750000    0.825611   -0.075611 (VIOLATED)
_1636_/A                                0.750000    0.825608   -0.075608 (VIOLATED)
_1172_/A                                0.750000    0.825608   -0.075608 (VIOLATED)
_1845_/A                                0.750000    0.825607   -0.075607 (VIOLATED)
_1635_/A                                0.750000    0.825607   -0.075607 (VIOLATED)
_2182_/D                                0.750000    0.825604   -0.075604 (VIOLATED)
_1768_/A1                               0.750000    0.825601   -0.075601 (VIOLATED)
_1182_/A                                0.750000    0.825599   -0.075599 (VIOLATED)
_2015_/A1                               0.750000    0.825589   -0.075589 (VIOLATED)
_1197_/A                                0.750000    0.825587   -0.075587 (VIOLATED)
_1203_/A                                0.750000    0.825583   -0.075583 (VIOLATED)
_2066_/D                                0.750000    0.825577   -0.075577 (VIOLATED)
_1287_/A                                0.750000    0.825577   -0.075577 (VIOLATED)
_1274_/A                                0.750000    0.825576   -0.075576 (VIOLATED)
_1212_/A                                0.750000    0.825576   -0.075576 (VIOLATED)
_1265_/A                                0.750000    0.825576   -0.075576 (VIOLATED)
_1244_/A                                0.750000    0.825572   -0.075572 (VIOLATED)
_1228_/A                                0.750000    0.825570   -0.075570 (VIOLATED)
_1234_/A                                0.750000    0.825568   -0.075568 (VIOLATED)
rst_n                                   0.750000    0.825566   -0.075566 (VIOLATED)

max fanout

Pin                                   Limit Fanout  Slack
---------------------------------------------------------
sys_clk                                  10    121   -111 (VIOLATED)
_1052_/Y                                 10     77    -67 (VIOLATED)
rst_n                                    10     54    -44 (VIOLATED)
_1638_/Y                                 10     51    -41 (VIOLATED)
_2184_/Q                                 10     47    -37 (VIOLATED)
_2132_/Q                                 10     34    -24 (VIOLATED)
_1440_/X                                 10     33    -23 (VIOLATED)
_1445_/Y                                 10     33    -23 (VIOLATED)
_1635_/X                                 10     26    -16 (VIOLATED)
_1636_/Y                                 10     26    -16 (VIOLATED)
_1963_/X                                 10     22    -12 (VIOLATED)
_1852_/Y                                 10     16     -6 (VIOLATED)

max capacitance

Pin                                        Limit         Cap       Slack
------------------------------------------------------------------------
sys_clk                                 0.200000    0.327214   -0.127214 (VIOLATED)
_1638_/Y                                0.141917    0.180490   -0.038572 (VIOLATED)
_1052_/Y                                0.200000    0.234754   -0.034754 (VIOLATED)
_2184_/Q                                0.200000    0.212885   -0.012885 (VIOLATED)



===========================================================================
report_parasitic_annotation -report_unannotated
============================================================================
Found 0 unannotated drivers.
Found 0 partially unannotated drivers.

===========================================================================
max slew violation count 372
Writing metric design__max_slew_violation__count__corner:nom_tt_025C_1v80: 372
max fanout violation count 12
Writing metric design__max_fanout_violation__count__corner:nom_tt_025C_1v80: 12
max cap violation count 4
Writing metric design__max_cap_violation__count__corner:nom_tt_025C_1v80: 4
============================================================================

===========================================================================
check_setup -verbose -unconstrained_endpoints -multiple_clock -no_clock -no_input_delay -loops -generated_clocks
===========================================================================
Warning: There are 33 unclocked register/latch pins.
  _2133_/CLK
  _2221_/CLK
  _2222_/CLK
  _2223_/CLK
  _2224_/CLK
  _2225_/CLK
  _2226_/CLK
  _2227_/CLK
  _2228_/CLK
  _2229_/CLK
  _2230_/CLK
  _2231_/CLK
  _2232_/CLK
  _2233_/CLK
  _2234_/CLK
  _2235_/CLK
  _2236_/CLK
  _2237_/CLK
  _2238_/CLK
  _2239_/CLK
  _2240_/CLK
  _2241_/CLK
  _2242_/CLK
  _2243_/CLK
  _2244_/CLK
  _2245_/CLK
  _2246_/CLK
  _2247_/CLK
  _2248_/CLK
  _2249_/CLK
  _2250_/CLK
  _2251_/CLK
  _2252_/CLK
Warning: There are 33 unconstrained endpoints.
  _2133_/D
  _2221_/D
  _2222_/D
  _2223_/D
  _2224_/D
  _2225_/D
  _2226_/D
  _2227_/D
  _2228_/D
  _2229_/D
  _2230_/D
  _2231_/D
  _2232_/D
  _2233_/D
  _2234_/D
  _2235_/D
  _2236_/D
  _2237_/D
  _2238_/D
  _2239_/D
  _2240_/D
  _2241_/D
  _2242_/D
  _2243_/D
  _2244_/D
  _2245_/D
  _2246_/D
  _2247_/D
  _2248_/D
  _2249_/D
  _2250_/D
  _2251_/D
  _2252_/D
