
Magic 8.3 revision 489 - Compiled on Thu Aug 22 13:34:25 UTC 2024.
Starting magic under Tcl interpreter
Using the terminal as the console.
Using NULL graphics device.
Processing system .magicrc file
Sourcing design .magicrc for technology gf180mcuC ...
10 Magic internal units = 1 Lambda
Input style import: scaleFactor=10, multiplier=2
The following types are not handled by extraction and will be treated as non-electrical types:
    obsactive mvobsactive filldiff fillpoly m1hole obsm1 fillm1 obsv1 m2hole obsm2 fillm2 obsv2 m3hole obsm3 fillm3 m4hole obsm4 fillm4 m5hole obsm5 fillm5 glass fillblock lvstext obscomment 
Scaled tech values by 10 / 1 to match internal grid scaling
Loading gf180mcuC Device Generator Menu ...
Loading "/nix/store/7x1qis8my0i44w1lx1yq2wiwh6yc774i-python3-3.11.9-env/lib/python3.11/site-packages/librelane/scripts/magic/wrapper.tcl" from command line.
> lef read /Users/refikyalcin/.ciel/ciel/gf180mcu/versions/0fe599b2afb6708d281543108caf8310912f54af/gf180mcuC/libs.ref/gf180mcu_fd_sc_mcu7t5v0/techlef/gf180mcu_fd_sc_mcu7t5v0__nom.tlef
Reading LEF data from file /Users/refikyalcin/.ciel/ciel/gf180mcu/versions/0fe599b2afb6708d281543108caf8310912f54af/gf180mcuC/libs.ref/gf180mcu_fd_sc_mcu7t5v0/techlef/gf180mcu_fd_sc_mcu7t5v0__nom.tlef.
This action cannot be undone.
LEF read, Line 88 (Message): Unknown keyword "MINWIDTH" in LEF file; ignoring.
LEF read, Line 95 (Message): Unknown keyword "ANTENNAMODEL" in LEF file; ignoring.
LEF read, Line 105 (Message): Unknown keyword "DENSITYCHECKWINDOW" in LEF file; ignoring.
LEF read, Line 106 (Message): Unknown keyword "DENSITYCHECKSTEP" in LEF file; ignoring.
LEF read, Line 120 (Message): Unknown keyword "ARRAYSPACING" in LEF file; ignoring.
LEF read, Line 125 (Message): Unknown keyword "ANTENNAMODEL" in LEF file; ignoring.
LEF read, Line 137 (Message): Unknown keyword "MINWIDTH" in LEF file; ignoring.
LEF read, Line 144 (Message): Unknown keyword "ANTENNAMODEL" in LEF file; ignoring.
LEF read, Line 145 (Message): Unknown keyword "ANTENNADIFFSIDEAREARATIO" in LEF file; ignoring.
LEF read, Line 146 (Message): Unknown keyword "ANTENNAGATEPLUSDIFF" in LEF file; ignoring.
LEF read, Line 155 (Message): Unknown keyword "DENSITYCHECKWINDOW" in LEF file; ignoring.
LEF read, Line 156 (Message): Unknown keyword "DENSITYCHECKSTEP" in LEF file; ignoring.
LEF read, Line 172 (Message): Unknown keyword "ARRAYSPACING" in LEF file; ignoring.
LEF read, Line 177 (Message): Unknown keyword "ANTENNAMODEL" in LEF file; ignoring.
LEF read, Line 189 (Message): Unknown keyword "MINWIDTH" in LEF file; ignoring.
LEF read, Line 196 (Message): Unknown keyword "ANTENNAMODEL" in LEF file; ignoring.
LEF read, Line 197 (Message): Unknown keyword "ANTENNADIFFSIDEAREARATIO" in LEF file; ignoring.
LEF read, Line 198 (Message): Unknown keyword "ANTENNAGATEPLUSDIFF" in LEF file; ignoring.
LEF read, Line 207 (Message): Unknown keyword "DENSITYCHECKWINDOW" in LEF file; ignoring.
LEF read, Line 208 (Message): Unknown keyword "DENSITYCHECKSTEP" in LEF file; ignoring.
LEF read, Line 224 (Message): Unknown keyword "ARRAYSPACING" in LEF file; ignoring.
LEF read, Line 229 (Message): Unknown keyword "ANTENNAMODEL" in LEF file; ignoring.
LEF read, Line 241 (Message): Unknown keyword "MINWIDTH" in LEF file; ignoring.
LEF read, Line 248 (Message): Unknown keyword "ANTENNAMODEL" in LEF file; ignoring.
LEF read, Line 249 (Message): Unknown keyword "ANTENNADIFFSIDEAREARATIO" in LEF file; ignoring.
LEF read, Line 250 (Message): Unknown keyword "ANTENNAGATEPLUSDIFF" in LEF file; ignoring.
LEF read, Line 259 (Message): Unknown keyword "DENSITYCHECKWINDOW" in LEF file; ignoring.
LEF read, Line 260 (Message): Unknown keyword "DENSITYCHECKSTEP" in LEF file; ignoring.
LEF read, Line 277 (Message): Unknown keyword "ARRAYSPACING" in LEF file; ignoring.
LEF read, Line 282 (Message): Unknown keyword "ANTENNAMODEL" in LEF file; ignoring.
LEF read, Line 296 (Message): Unknown keyword "MINWIDTH" in LEF file; ignoring.
LEF read, Line 308 (Message): Unknown keyword "ANTENNAMODEL" in LEF file; ignoring.
LEF read, Line 309 (Message): Unknown keyword "ANTENNADIFFSIDEAREARATIO" in LEF file; ignoring.
LEF read, Line 310 (Message): Unknown keyword "ANTENNAGATEPLUSDIFF" in LEF file; ignoring.
LEF read, Line 315 (Message): Unknown keyword "DENSITYCHECKWINDOW" in LEF file; ignoring.
LEF read, Line 316 (Message): Unknown keyword "DENSITYCHECKSTEP" in LEF file; ignoring.
LEF read: Processed 1380 lines.
> lef read /Users/refikyalcin/.ciel/ciel/gf180mcu/versions/0fe599b2afb6708d281543108caf8310912f54af/gf180mcuC/libs.ref/gf180mcu_fd_sc_mcu7t5v0/lef/gf180mcu_fd_sc_mcu7t5v0.lef
Reading LEF data from file /Users/refikyalcin/.ciel/ciel/gf180mcu/versions/0fe599b2afb6708d281543108caf8310912f54af/gf180mcuC/libs.ref/gf180mcu_fd_sc_mcu7t5v0/lef/gf180mcu_fd_sc_mcu7t5v0.lef.
This action cannot be undone.
LEF read: Processed 26334 lines.
> def read /Users/refikyalcin/vlsi/digital/Tiny-PLL/openlane/runs/RUN_2025-12-22_15-30-35/52-odb-cellfrequencytables/pll_top.def -noblockage -labels
Reading DEF data from file /Users/refikyalcin/vlsi/digital/Tiny-PLL/openlane/runs/RUN_2025-12-22_15-30-35/52-odb-cellfrequencytables/pll_top.def.
This action cannot be undone.
  Processed 4 vias total.
  Processed 4362 subcell instances total.
  Processed 103 pins total.
  Processed 2 special nets total.
  Processed 1755 nets total.
DEF read: Processed 29098 lines.
Moving label "VSS" from metal1 to via1 in cell pll_top.
Moving label "_0475_" from metal3 to via2 in cell pll_top.
Moving label "_0596_" from metal2 to via2 in cell pll_top.
Moving label "_0885_" from metal3 to via2 in cell pll_top.
Moving label "net114" from metal2 to via2 in cell pll_top.
Processing pll_top
Extracting gf180mcu_fd_sc_mcu7t5v0__endcap into gf180mcu_fd_sc_mcu7t5v0__endcap.ext:
Extracting gf180mcu_fd_sc_mcu7t5v0__fillcap_4 into gf180mcu_fd_sc_mcu7t5v0__fillcap_4.ext:
Extracting gf180mcu_fd_sc_mcu7t5v0__fill_2 into gf180mcu_fd_sc_mcu7t5v0__fill_2.ext:
Extracting gf180mcu_fd_sc_mcu7t5v0__filltie into gf180mcu_fd_sc_mcu7t5v0__filltie.ext:
Extracting gf180mcu_fd_sc_mcu7t5v0__fill_1 into gf180mcu_fd_sc_mcu7t5v0__fill_1.ext:
Extracting gf180mcu_fd_sc_mcu7t5v0__clkbuf_1 into gf180mcu_fd_sc_mcu7t5v0__clkbuf_1.ext:
Extracting gf180mcu_fd_sc_mcu7t5v0__fillcap_16 into gf180mcu_fd_sc_mcu7t5v0__fillcap_16.ext:
Extracting gf180mcu_fd_sc_mcu7t5v0__dffq_1 into gf180mcu_fd_sc_mcu7t5v0__dffq_1.ext:
Extracting gf180mcu_fd_sc_mcu7t5v0__fillcap_32 into gf180mcu_fd_sc_mcu7t5v0__fillcap_32.ext:
Extracting gf180mcu_fd_sc_mcu7t5v0__nor2_1 into gf180mcu_fd_sc_mcu7t5v0__nor2_1.ext:
Extracting gf180mcu_fd_sc_mcu7t5v0__and2_1 into gf180mcu_fd_sc_mcu7t5v0__and2_1.ext:
Extracting gf180mcu_fd_sc_mcu7t5v0__xor2_1 into gf180mcu_fd_sc_mcu7t5v0__xor2_1.ext:
Extracting gf180mcu_fd_sc_mcu7t5v0__buf_1 into gf180mcu_fd_sc_mcu7t5v0__buf_1.ext:
Extracting gf180mcu_fd_sc_mcu7t5v0__nor4_2 into gf180mcu_fd_sc_mcu7t5v0__nor4_2.ext:
Extracting gf180mcu_fd_sc_mcu7t5v0__aoi21_1 into gf180mcu_fd_sc_mcu7t5v0__aoi21_1.ext:
Extracting gf180mcu_fd_sc_mcu7t5v0__fillcap_8 into gf180mcu_fd_sc_mcu7t5v0__fillcap_8.ext:
Extracting gf180mcu_fd_sc_mcu7t5v0__mux2_2 into gf180mcu_fd_sc_mcu7t5v0__mux2_2.ext:
Extracting gf180mcu_fd_sc_mcu7t5v0__clkbuf_3 into gf180mcu_fd_sc_mcu7t5v0__clkbuf_3.ext:
Extracting gf180mcu_fd_sc_mcu7t5v0__aoi221_2 into gf180mcu_fd_sc_mcu7t5v0__aoi221_2.ext:
Extracting gf180mcu_fd_sc_mcu7t5v0__nand2_1 into gf180mcu_fd_sc_mcu7t5v0__nand2_1.ext:
Extracting gf180mcu_fd_sc_mcu7t5v0__oai31_1 into gf180mcu_fd_sc_mcu7t5v0__oai31_1.ext:
Extracting gf180mcu_fd_sc_mcu7t5v0__oai21_1 into gf180mcu_fd_sc_mcu7t5v0__oai21_1.ext:
Extracting gf180mcu_fd_sc_mcu7t5v0__or3_1 into gf180mcu_fd_sc_mcu7t5v0__or3_1.ext:
Extracting gf180mcu_fd_sc_mcu7t5v0__xor3_1 into gf180mcu_fd_sc_mcu7t5v0__xor3_1.ext:
Extracting gf180mcu_fd_sc_mcu7t5v0__and3_1 into gf180mcu_fd_sc_mcu7t5v0__and3_1.ext:
Extracting gf180mcu_fd_sc_mcu7t5v0__oai21_2 into gf180mcu_fd_sc_mcu7t5v0__oai21_2.ext:
Extracting gf180mcu_fd_sc_mcu7t5v0__or2_1 into gf180mcu_fd_sc_mcu7t5v0__or2_1.ext:
Extracting gf180mcu_fd_sc_mcu7t5v0__nor3_2 into gf180mcu_fd_sc_mcu7t5v0__nor3_2.ext:
Extracting gf180mcu_fd_sc_mcu7t5v0__nand3_1 into gf180mcu_fd_sc_mcu7t5v0__nand3_1.ext:
Extracting gf180mcu_fd_sc_mcu7t5v0__oai211_1 into gf180mcu_fd_sc_mcu7t5v0__oai211_1.ext:
Extracting gf180mcu_fd_sc_mcu7t5v0__xnor2_1 into gf180mcu_fd_sc_mcu7t5v0__xnor2_1.ext:
Extracting gf180mcu_fd_sc_mcu7t5v0__nand2_2 into gf180mcu_fd_sc_mcu7t5v0__nand2_2.ext:
Extracting gf180mcu_fd_sc_mcu7t5v0__clkbuf_2 into gf180mcu_fd_sc_mcu7t5v0__clkbuf_2.ext:
Extracting gf180mcu_fd_sc_mcu7t5v0__oai32_1 into gf180mcu_fd_sc_mcu7t5v0__oai32_1.ext:
Extracting gf180mcu_fd_sc_mcu7t5v0__aoi222_2 into gf180mcu_fd_sc_mcu7t5v0__aoi222_2.ext:
Extracting gf180mcu_fd_sc_mcu7t5v0__clkinv_1 into gf180mcu_fd_sc_mcu7t5v0__clkinv_1.ext:
Extracting gf180mcu_fd_sc_mcu7t5v0__nor4_4 into gf180mcu_fd_sc_mcu7t5v0__nor4_4.ext:
Extracting gf180mcu_fd_sc_mcu7t5v0__aoi21_2 into gf180mcu_fd_sc_mcu7t5v0__aoi21_2.ext:
Extracting gf180mcu_fd_sc_mcu7t5v0__aoi22_1 into gf180mcu_fd_sc_mcu7t5v0__aoi22_1.ext:
Extracting gf180mcu_fd_sc_mcu7t5v0__aoi21_4 into gf180mcu_fd_sc_mcu7t5v0__aoi21_4.ext:
Extracting gf180mcu_fd_sc_mcu7t5v0__oai211_2 into gf180mcu_fd_sc_mcu7t5v0__oai211_2.ext:
Extracting gf180mcu_fd_sc_mcu7t5v0__oai31_2 into gf180mcu_fd_sc_mcu7t5v0__oai31_2.ext:
Extracting gf180mcu_fd_sc_mcu7t5v0__inv_2 into gf180mcu_fd_sc_mcu7t5v0__inv_2.ext:
Extracting gf180mcu_fd_sc_mcu7t5v0__nand4_1 into gf180mcu_fd_sc_mcu7t5v0__nand4_1.ext:
Extracting gf180mcu_fd_sc_mcu7t5v0__or4_1 into gf180mcu_fd_sc_mcu7t5v0__or4_1.ext:
Extracting gf180mcu_fd_sc_mcu7t5v0__clkbuf_4 into gf180mcu_fd_sc_mcu7t5v0__clkbuf_4.ext:
Extracting gf180mcu_fd_sc_mcu7t5v0__clkbuf_8 into gf180mcu_fd_sc_mcu7t5v0__clkbuf_8.ext:
Extracting gf180mcu_fd_sc_mcu7t5v0__and4_1 into gf180mcu_fd_sc_mcu7t5v0__and4_1.ext:
Extracting gf180mcu_fd_sc_mcu7t5v0__oai32_2 into gf180mcu_fd_sc_mcu7t5v0__oai32_2.ext:
Extracting gf180mcu_fd_sc_mcu7t5v0__clkinv_4 into gf180mcu_fd_sc_mcu7t5v0__clkinv_4.ext:
Extracting gf180mcu_fd_sc_mcu7t5v0__aoi211_2 into gf180mcu_fd_sc_mcu7t5v0__aoi211_2.ext:
Extracting gf180mcu_fd_sc_mcu7t5v0__nor3_1 into gf180mcu_fd_sc_mcu7t5v0__nor3_1.ext:
Extracting gf180mcu_fd_sc_mcu7t5v0__oai22_1 into gf180mcu_fd_sc_mcu7t5v0__oai22_1.ext:
Extracting gf180mcu_fd_sc_mcu7t5v0__oai22_2 into gf180mcu_fd_sc_mcu7t5v0__oai22_2.ext:
Extracting gf180mcu_fd_sc_mcu7t5v0__inv_1 into gf180mcu_fd_sc_mcu7t5v0__inv_1.ext:
Extracting gf180mcu_fd_sc_mcu7t5v0__buf_2 into gf180mcu_fd_sc_mcu7t5v0__buf_2.ext:
Extracting gf180mcu_fd_sc_mcu7t5v0__nand3_2 into gf180mcu_fd_sc_mcu7t5v0__nand3_2.ext:
Extracting gf180mcu_fd_sc_mcu7t5v0__nand4_4 into gf180mcu_fd_sc_mcu7t5v0__nand4_4.ext:
Extracting gf180mcu_fd_sc_mcu7t5v0__clkinv_2 into gf180mcu_fd_sc_mcu7t5v0__clkinv_2.ext:
Extracting gf180mcu_fd_sc_mcu7t5v0__aoi221_1 into gf180mcu_fd_sc_mcu7t5v0__aoi221_1.ext:
Extracting gf180mcu_fd_sc_mcu7t5v0__xnor2_2 into gf180mcu_fd_sc_mcu7t5v0__xnor2_2.ext:
Extracting gf180mcu_fd_sc_mcu7t5v0__oai222_4 into gf180mcu_fd_sc_mcu7t5v0__oai222_4.ext:
Extracting gf180mcu_fd_sc_mcu7t5v0__aoi211_1 into gf180mcu_fd_sc_mcu7t5v0__aoi211_1.ext:
Extracting gf180mcu_fd_sc_mcu7t5v0__inv_3 into gf180mcu_fd_sc_mcu7t5v0__inv_3.ext:
Extracting gf180mcu_fd_sc_mcu7t5v0__nor3_4 into gf180mcu_fd_sc_mcu7t5v0__nor3_4.ext:
Extracting gf180mcu_fd_sc_mcu7t5v0__dffq_2 into gf180mcu_fd_sc_mcu7t5v0__dffq_2.ext:
Extracting gf180mcu_fd_sc_mcu7t5v0__oai22_4 into gf180mcu_fd_sc_mcu7t5v0__oai22_4.ext:
Extracting gf180mcu_fd_sc_mcu7t5v0__fillcap_64 into gf180mcu_fd_sc_mcu7t5v0__fillcap_64.ext:
Extracting gf180mcu_fd_sc_mcu7t5v0__aoi221_4 into gf180mcu_fd_sc_mcu7t5v0__aoi221_4.ext:
Extracting gf180mcu_fd_sc_mcu7t5v0__aoi222_1 into gf180mcu_fd_sc_mcu7t5v0__aoi222_1.ext:
Extracting gf180mcu_fd_sc_mcu7t5v0__nand4_2 into gf180mcu_fd_sc_mcu7t5v0__nand4_2.ext:
Extracting gf180mcu_fd_sc_mcu7t5v0__oai211_4 into gf180mcu_fd_sc_mcu7t5v0__oai211_4.ext:
Extracting gf180mcu_fd_sc_mcu7t5v0__aoi22_2 into gf180mcu_fd_sc_mcu7t5v0__aoi22_2.ext:
Extracting gf180mcu_fd_sc_mcu7t5v0__nor2_2 into gf180mcu_fd_sc_mcu7t5v0__nor2_2.ext:
Extracting gf180mcu_fd_sc_mcu7t5v0__xor2_2 into gf180mcu_fd_sc_mcu7t5v0__xor2_2.ext:
Extracting gf180mcu_fd_sc_mcu7t5v0__oai221_4 into gf180mcu_fd_sc_mcu7t5v0__oai221_4.ext:
Extracting gf180mcu_fd_sc_mcu7t5v0__clkbuf_16 into gf180mcu_fd_sc_mcu7t5v0__clkbuf_16.ext:
Extracting gf180mcu_fd_sc_mcu7t5v0__oai31_4 into gf180mcu_fd_sc_mcu7t5v0__oai31_4.ext:
Extracting gf180mcu_fd_sc_mcu7t5v0__aoi211_4 into gf180mcu_fd_sc_mcu7t5v0__aoi211_4.ext:
Extracting gf180mcu_fd_sc_mcu7t5v0__nor4_1 into gf180mcu_fd_sc_mcu7t5v0__nor4_1.ext:
Extracting gf180mcu_fd_sc_mcu7t5v0__or4_2 into gf180mcu_fd_sc_mcu7t5v0__or4_2.ext:
Extracting gf180mcu_fd_sc_mcu7t5v0__oai33_1 into gf180mcu_fd_sc_mcu7t5v0__oai33_1.ext:
Extracting gf180mcu_fd_sc_mcu7t5v0__oai221_2 into gf180mcu_fd_sc_mcu7t5v0__oai221_2.ext:
Extracting gf180mcu_fd_sc_mcu7t5v0__xor3_2 into gf180mcu_fd_sc_mcu7t5v0__xor3_2.ext:
Extracting gf180mcu_fd_sc_mcu7t5v0__inv_4 into gf180mcu_fd_sc_mcu7t5v0__inv_4.ext:
Extracting pll_top into pll_top.ext:
exttospice finished.
