Reading library file at '/Users/refikyalcin/.ciel/ciel/gf180mcu/versions/0fe599b2afb6708d281543108caf8310912f54af/gf180mcuC/libs.ref/gf180mcu_fd_sc_mcu7t5v0/lib/gf180mcu_fd_sc_mcu7t5v0__tt_025C_5v00.lib'…
Reading technology LEF file at '/Users/refikyalcin/.ciel/ciel/gf180mcu/versions/0fe599b2afb6708d281543108caf8310912f54af/gf180mcuC/libs.ref/gf180mcu_fd_sc_mcu7t5v0/techlef/gf180mcu_fd_sc_mcu7t5v0__nom.tlef'…
[INFO ODB-0388] unsupported LEF58_EOLENCLOSURE property for layer Via1 :"
  	EOLENCLOSURE 0.34 0.06 ;"
[INFO ODB-0388] unsupported LEF58_EOLENCLOSURE property for layer Via2 :" EOLENCLOSURE 0.34 0.06 ; "
[INFO ODB-0388] unsupported LEF58_EOLENCLOSURE property for layer Via3 :" EOLENCLOSURE 0.34 0.06 ; "
[INFO ODB-0388] unsupported LEF58_EOLENCLOSURE property for layer Via4 :" EOLENCLOSURE 0.34 0.06 ; "
[INFO ODB-0227] LEF file: /Users/refikyalcin/.ciel/ciel/gf180mcu/versions/0fe599b2afb6708d281543108caf8310912f54af/gf180mcuC/libs.ref/gf180mcu_fd_sc_mcu7t5v0/techlef/gf180mcu_fd_sc_mcu7t5v0__nom.tlef, created 15 layers, 60 vias
Reading cell LEF file at '/Users/refikyalcin/.ciel/ciel/gf180mcu/versions/0fe599b2afb6708d281543108caf8310912f54af/gf180mcuC/libs.ref/gf180mcu_fd_sc_mcu7t5v0/lef/gf180mcu_fd_sc_mcu7t5v0.lef'…
[WARNING ODB-0220] WARNING (LEFPARS-2008): NOWIREEXTENSIONATPIN statement is obsolete in version 5.6 or later.
The NOWIREEXTENSIONATPIN statement will be ignored. See file /Users/refikyalcin/.ciel/ciel/gf180mcu/versions/0fe599b2afb6708d281543108caf8310912f54af/gf180mcuC/libs.ref/gf180mcu_fd_sc_mcu7t5v0/lef/gf180mcu_fd_sc_mcu7t5v0.lef at line 2.

[INFO ODB-0227] LEF file: /Users/refikyalcin/.ciel/ciel/gf180mcu/versions/0fe599b2afb6708d281543108caf8310912f54af/gf180mcuC/libs.ref/gf180mcu_fd_sc_mcu7t5v0/lef/gf180mcu_fd_sc_mcu7t5v0.lef, created 229 library cells
Reading top-level netlist at '/Users/refikyalcin/vlsi/digital/Tiny-PLL/openlane/runs/RUN_2025-12-22_15-30-35/06-yosys-synthesis/pll_top.nl.v'…
Linking design 'pll_top' from netlist…
Reading design constraints file at '/nix/store/7x1qis8my0i44w1lx1yq2wiwh6yc774i-python3-3.11.9-env/lib/python3.11/site-packages/librelane/scripts/base.sdc'…
[INFO] Using clock sys_clk…
[INFO] Setting output delay to: 4.8
[INFO] Setting input delay to: 4.8
[INFO] Setting load to: 0.07291
[INFO] Setting clock uncertainty to: 0.25
[INFO] Setting clock transition to: 0.1499999999999999944488848768742172978818416595458984375
[INFO] Setting timing derate to: 5%
Using site height: 3.92 and site width: 0.56…
[INFO] Using relative sizing for the floorplan.
[INFO IFP-0001] Added 65 rows of 460 site GF018hv5v_mcu_sc7.
[INFO IFP-0030] Inserted 0 tiecells using gf180mcu_fd_sc_mcu7t5v0__tiel/ZN.
[INFO IFP-0030] Inserted 0 tiecells using gf180mcu_fd_sc_mcu7t5v0__tieh/Z.
[INFO] Extracting DIE_AREA and CORE_AREA from the floorplan
[INFO] Floorplanned on a die area of 0.0 0.0 271.55 289.47 (µm).
[INFO] Floorplanned on a core area of 6.72 15.68 264.32 270.48 (µm).
Writing metric design__die__bbox: 0.0 0.0 271.55 289.47
Writing metric design__core__bbox: 6.72 15.68 264.32 270.48
Setting global connections for newly added cells…
[INFO] Setting global connections...
Updating metrics…
Cell type report:                       Count       Area
  Buffer                                    1      13.17
  Inverter                                 81     711.24
  Sequential cell                         154    9803.76
  Multi-Input combinational cell         1062   19451.67
  Total                                  1298   29979.85
Writing OpenROAD database to '/Users/refikyalcin/vlsi/digital/Tiny-PLL/openlane/runs/RUN_2025-12-22_15-30-35/13-openroad-floorplan/pll_top.odb'…
Writing netlist to '/Users/refikyalcin/vlsi/digital/Tiny-PLL/openlane/runs/RUN_2025-12-22_15-30-35/13-openroad-floorplan/pll_top.nl.v'…
Writing powered netlist to '/Users/refikyalcin/vlsi/digital/Tiny-PLL/openlane/runs/RUN_2025-12-22_15-30-35/13-openroad-floorplan/pll_top.pnl.v'…
Writing layout to '/Users/refikyalcin/vlsi/digital/Tiny-PLL/openlane/runs/RUN_2025-12-22_15-30-35/13-openroad-floorplan/pll_top.def'…
Writing timing constraints to '/Users/refikyalcin/vlsi/digital/Tiny-PLL/openlane/runs/RUN_2025-12-22_15-30-35/13-openroad-floorplan/pll_top.sdc'…
