                                                                        Cells by Master                                                                         
┏━━━━━━━━━━━━━━━━━━━━━━━━━━━━━━━━━━━━━━━━━━━━━━━━━━━━━━━━━━━━━━━━━━━━━━━━━━━━━━━━━━━━━━━━━━━━━━━━━━━━━━━━━━━━━━━━━━━━━━━━━━━━━━━━━━━━━┳━━━━━━━━━━━━━━━━━━━━━━━━┓
┃ Cell                                                                                                                                ┃ Count                  ┃
┡━━━━━━━━━━━━━━━━━━━━━━━━━━━━━━━━━━━━━━━━━━━━━━━━━━━━━━━━━━━━━━━━━━━━━━━━━━━━━━━━━━━━━━━━━━━━━━━━━━━━━━━━━━━━━━━━━━━━━━━━━━━━━━━━━━━━━╇━━━━━━━━━━━━━━━━━━━━━━━━┩
│ gf180mcu_fd_sc_mcu7t5v0__and2_1                                                                                                     │ 38                     │
│ gf180mcu_fd_sc_mcu7t5v0__and3_1                                                                                                     │ 10                     │
│ gf180mcu_fd_sc_mcu7t5v0__and4_1                                                                                                     │ 10                     │
│ gf180mcu_fd_sc_mcu7t5v0__aoi211_1                                                                                                   │ 4                      │
│ gf180mcu_fd_sc_mcu7t5v0__aoi211_2                                                                                                   │ 5                      │
│ gf180mcu_fd_sc_mcu7t5v0__aoi211_4                                                                                                   │ 2                      │
│ gf180mcu_fd_sc_mcu7t5v0__aoi21_1                                                                                                    │ 66                     │
│ gf180mcu_fd_sc_mcu7t5v0__aoi21_2                                                                                                    │ 4                      │
│ gf180mcu_fd_sc_mcu7t5v0__aoi21_4                                                                                                    │ 1                      │
│ gf180mcu_fd_sc_mcu7t5v0__aoi221_1                                                                                                   │ 5                      │
│ gf180mcu_fd_sc_mcu7t5v0__aoi221_2                                                                                                   │ 3                      │
│ gf180mcu_fd_sc_mcu7t5v0__aoi221_4                                                                                                   │ 3                      │
│ gf180mcu_fd_sc_mcu7t5v0__aoi222_1                                                                                                   │ 1                      │
│ gf180mcu_fd_sc_mcu7t5v0__aoi222_2                                                                                                   │ 3                      │
│ gf180mcu_fd_sc_mcu7t5v0__aoi22_1                                                                                                    │ 28                     │
│ gf180mcu_fd_sc_mcu7t5v0__aoi22_2                                                                                                    │ 4                      │
│ gf180mcu_fd_sc_mcu7t5v0__buf_1                                                                                                      │ 125                    │
│ gf180mcu_fd_sc_mcu7t5v0__buf_2                                                                                                      │ 15                     │
│ gf180mcu_fd_sc_mcu7t5v0__clkbuf_1                                                                                                   │ 183                    │
│ gf180mcu_fd_sc_mcu7t5v0__clkbuf_16                                                                                                  │ 1                      │
│ gf180mcu_fd_sc_mcu7t5v0__clkbuf_2                                                                                                   │ 17                     │
│ gf180mcu_fd_sc_mcu7t5v0__clkbuf_3                                                                                                   │ 34                     │
│ gf180mcu_fd_sc_mcu7t5v0__clkbuf_4                                                                                                   │ 5                      │
│ gf180mcu_fd_sc_mcu7t5v0__clkbuf_8                                                                                                   │ 16                     │
│ gf180mcu_fd_sc_mcu7t5v0__clkinv_1                                                                                                   │ 62                     │
│ gf180mcu_fd_sc_mcu7t5v0__clkinv_2                                                                                                   │ 2                      │
│ gf180mcu_fd_sc_mcu7t5v0__clkinv_4                                                                                                   │ 5                      │
│ gf180mcu_fd_sc_mcu7t5v0__dffq_1                                                                                                     │ 153                    │
│ gf180mcu_fd_sc_mcu7t5v0__dffq_2                                                                                                     │ 1                      │
│ gf180mcu_fd_sc_mcu7t5v0__endcap                                                                                                     │ 130                    │
│ gf180mcu_fd_sc_mcu7t5v0__fill_1                                                                                                     │ 596                    │
│ gf180mcu_fd_sc_mcu7t5v0__fill_2                                                                                                     │ 552                    │
│ gf180mcu_fd_sc_mcu7t5v0__fillcap_16                                                                                                 │ 142                    │
│ gf180mcu_fd_sc_mcu7t5v0__fillcap_32                                                                                                 │ 60                     │
│ gf180mcu_fd_sc_mcu7t5v0__fillcap_4                                                                                                  │ 444                    │
│ gf180mcu_fd_sc_mcu7t5v0__fillcap_64                                                                                                 │ 7                      │
│ gf180mcu_fd_sc_mcu7t5v0__fillcap_8                                                                                                  │ 293                    │
│ gf180mcu_fd_sc_mcu7t5v0__filltie                                                                                                    │ 435                    │
│ gf180mcu_fd_sc_mcu7t5v0__inv_1                                                                                                      │ 15                     │
│ gf180mcu_fd_sc_mcu7t5v0__inv_2                                                                                                      │ 4                      │
│ gf180mcu_fd_sc_mcu7t5v0__inv_3                                                                                                      │ 2                      │
│ gf180mcu_fd_sc_mcu7t5v0__inv_4                                                                                                      │ 1                      │
│ gf180mcu_fd_sc_mcu7t5v0__mux2_2                                                                                                     │ 5                      │
│ gf180mcu_fd_sc_mcu7t5v0__nand2_1                                                                                                    │ 253                    │
│ gf180mcu_fd_sc_mcu7t5v0__nand2_2                                                                                                    │ 9                      │
│ gf180mcu_fd_sc_mcu7t5v0__nand3_1                                                                                                    │ 44                     │
│ gf180mcu_fd_sc_mcu7t5v0__nand3_2                                                                                                    │ 6                      │
│ gf180mcu_fd_sc_mcu7t5v0__nand4_1                                                                                                    │ 5                      │
│ gf180mcu_fd_sc_mcu7t5v0__nand4_2                                                                                                    │ 7                      │
│ gf180mcu_fd_sc_mcu7t5v0__nand4_4                                                                                                    │ 4                      │
│ gf180mcu_fd_sc_mcu7t5v0__nor2_1                                                                                                     │ 118                    │
│ gf180mcu_fd_sc_mcu7t5v0__nor2_2                                                                                                     │ 6                      │
│ gf180mcu_fd_sc_mcu7t5v0__nor3_1                                                                                                     │ 16                     │
│ gf180mcu_fd_sc_mcu7t5v0__nor3_2                                                                                                     │ 6                      │
│ gf180mcu_fd_sc_mcu7t5v0__nor3_4                                                                                                     │ 1                      │
│ gf180mcu_fd_sc_mcu7t5v0__nor4_1                                                                                                     │ 2                      │
│ gf180mcu_fd_sc_mcu7t5v0__nor4_2                                                                                                     │ 3                      │
│ gf180mcu_fd_sc_mcu7t5v0__nor4_4                                                                                                     │ 12                     │
│ gf180mcu_fd_sc_mcu7t5v0__oai211_1                                                                                                   │ 33                     │
│ gf180mcu_fd_sc_mcu7t5v0__oai211_2                                                                                                   │ 3                      │
│ gf180mcu_fd_sc_mcu7t5v0__oai211_4                                                                                                   │ 4                      │
│ gf180mcu_fd_sc_mcu7t5v0__oai21_1                                                                                                    │ 67                     │
│ gf180mcu_fd_sc_mcu7t5v0__oai21_2                                                                                                    │ 11                     │
│ gf180mcu_fd_sc_mcu7t5v0__oai221_2                                                                                                   │ 2                      │
│ gf180mcu_fd_sc_mcu7t5v0__oai221_4                                                                                                   │ 2                      │
│ gf180mcu_fd_sc_mcu7t5v0__oai222_4                                                                                                   │ 1                      │
│ gf180mcu_fd_sc_mcu7t5v0__oai22_1                                                                                                    │ 9                      │
│ gf180mcu_fd_sc_mcu7t5v0__oai22_2                                                                                                    │ 3                      │
│ gf180mcu_fd_sc_mcu7t5v0__oai22_4                                                                                                    │ 2                      │
│ gf180mcu_fd_sc_mcu7t5v0__oai31_1                                                                                                    │ 13                     │
│ gf180mcu_fd_sc_mcu7t5v0__oai31_2                                                                                                    │ 3                      │
│ gf180mcu_fd_sc_mcu7t5v0__oai31_4                                                                                                    │ 1                      │
│ gf180mcu_fd_sc_mcu7t5v0__oai32_1                                                                                                    │ 2                      │
│ gf180mcu_fd_sc_mcu7t5v0__oai32_2                                                                                                    │ 1                      │
│ gf180mcu_fd_sc_mcu7t5v0__oai33_1                                                                                                    │ 1                      │
│ gf180mcu_fd_sc_mcu7t5v0__or2_1                                                                                                      │ 23                     │
│ gf180mcu_fd_sc_mcu7t5v0__or3_1                                                                                                      │ 5                      │
│ gf180mcu_fd_sc_mcu7t5v0__or4_1                                                                                                      │ 4                      │
│ gf180mcu_fd_sc_mcu7t5v0__or4_2                                                                                                      │ 1                      │
│ gf180mcu_fd_sc_mcu7t5v0__xnor2_1                                                                                                    │ 34                     │
│ gf180mcu_fd_sc_mcu7t5v0__xnor2_2                                                                                                    │ 3                      │
│ gf180mcu_fd_sc_mcu7t5v0__xor2_1                                                                                                     │ 128                    │
│ gf180mcu_fd_sc_mcu7t5v0__xor2_2                                                                                                     │ 5                      │
│ gf180mcu_fd_sc_mcu7t5v0__xor3_1                                                                                                     │ 16                     │
│ gf180mcu_fd_sc_mcu7t5v0__xor3_2                                                                                                     │ 1                      │
└─────────────────────────────────────────────────────────────────────────────────────────────────────────────────────────────────────┴────────────────────────┘
