Clock: sys_clk
Sources: sys_clk 
Generated: no
Virtual: yes
Propagated: no
Period: 10.000000

===========================================================================
report_clock_properties
============================================================================
Clock                   Period          Waveform
----------------------------------------------------
sys_clk              10.000000    0.000000  5.000000

===========================================================================
report_clock_latency
============================================================================
Clock sys_clk
rise -> rise
    min     max
0.000000 0.000000 source latency
0.491775         network latency _2208_/CLK
        1.602141 network latency _2234_/CLK
---------------
0.491775 1.602141 latency
        1.110367 skew

rise -> fall
    min     max
0.000000 0.000000 source latency
1.158885         network latency _2252_/CLK
        1.404964 network latency _2234_/CLK
---------------
1.158885 1.404964 latency
        0.246080 skew

fall -> fall
    min     max
0.000000 0.000000 source latency
0.420003         network latency _2208_/CLK
        0.432185 network latency _2124_/CLK
---------------
0.420003 0.432185 latency
        0.012183 skew



===========================================================================
report_clock_min_period
============================================================================
sys_clk period_min = 5.36 fmax = 186.73
