Starting…
Running 'Verilator.Lint' at '../../digital/Tiny-PLL/openlane/runs/RUN_2025-12-22_15-30-35/01-verilator-lint'…
Logging subprocess to [repr.filename]'../../digital/Tiny-PLL/openlane/runs/RUN_2025-12-22_15-30-35/01-verilator-lint/verilator-lint.log'[/repr.filename]…
Running 'Checker.LintTimingConstructs' at '../../digital/Tiny-PLL/openlane/runs/RUN_2025-12-22_15-30-35/02-checker-linttimingconstructs'…
Check for Lint Timing Errors clear.
Running 'Checker.LintErrors' at '../../digital/Tiny-PLL/openlane/runs/RUN_2025-12-22_15-30-35/03-checker-linterrors'…
Check for Lint errors clear.
Running 'Checker.LintWarnings' at '../../digital/Tiny-PLL/openlane/runs/RUN_2025-12-22_15-30-35/04-checker-lintwarnings'…
Check for Lint warnings clear.
Running 'Yosys.JsonHeader' at '../../digital/Tiny-PLL/openlane/runs/RUN_2025-12-22_15-30-35/05-yosys-jsonheader'…
Logging subprocess to [repr.filename]'../../digital/Tiny-PLL/openlane/runs/RUN_2025-12-22_15-30-35/05-yosys-jsonheader/yosys-jsonheader.log'[/repr.filename]…
Running 'Yosys.Synthesis' at '../../digital/Tiny-PLL/openlane/runs/RUN_2025-12-22_15-30-35/06-yosys-synthesis'…
Logging subprocess to [repr.filename]'../../digital/Tiny-PLL/openlane/runs/RUN_2025-12-22_15-30-35/06-yosys-synthesis/yosys-synthesis.log'[/repr.filename]…
Parsing synthesis checks…
Running 'Checker.YosysUnmappedCells' at '../../digital/Tiny-PLL/openlane/runs/RUN_2025-12-22_15-30-35/07-checker-yosysunmappedcells'…
Check for Unmapped Yosys instances clear.
Running 'Checker.YosysSynthChecks' at '../../digital/Tiny-PLL/openlane/runs/RUN_2025-12-22_15-30-35/08-checker-yosyssynthchecks'…
Check for Yosys check errors clear.
Running 'Checker.NetlistAssignStatements' at '../../digital/Tiny-PLL/openlane/runs/RUN_2025-12-22_15-30-35/09-checker-netlistassignstatements'…
Running 'OpenROAD.CheckSDCFiles' at '../../digital/Tiny-PLL/openlane/runs/RUN_2025-12-22_15-30-35/10-openroad-checksdcfiles'…
'PNR_SDC_FILE' is not defined. Using generic fallback SDC for OpenROAD PnR steps.
'SIGNOFF_SDC_FILE' is not defined. Using generic fallback SDC for OpenROAD PnR steps.
Running 'OpenROAD.CheckMacroInstances' at '../../digital/Tiny-PLL/openlane/runs/RUN_2025-12-22_15-30-35/11-openroad-checkmacroinstances'…
No macros found, skipping instance check…
Running 'OpenROAD.STAPrePNR' at '../../digital/Tiny-PLL/openlane/runs/RUN_2025-12-22_15-30-35/12-openroad-staprepnr'…
Starting STA for the nom_tt_025C_5v00 timing corner…
Starting STA for the nom_ss_125C_4v50 timing corner…
Starting STA for the nom_ff_n40C_5v50 timing corner…
Skipping corner min_tt_025C_5v00 for STA (identical to nom_tt_025C_5v00 at this stage)…
Skipping corner min_ss_125C_4v50 for STA (identical to nom_ss_125C_4v50 at this stage)…
Skipping corner min_ff_n40C_5v50 for STA (identical to nom_ff_n40C_5v50 at this stage)…
Skipping corner max_tt_025C_5v00 for STA (identical to nom_tt_025C_5v00 at this stage)…
Skipping corner max_ss_125C_4v50 for STA (identical to nom_ss_125C_4v50 at this stage)…
Skipping corner max_ff_n40C_5v50 for STA (identical to nom_ff_n40C_5v50 at this stage)…
Logging subprocess to [repr.filename]'../../digital/Tiny-PLL/openlane/runs/RUN_2025-12-22_15-30-35/12-openroad-staprepnr/nom_ss_125C_4v50/sta.log'[/repr.filename]…
Logging subprocess to [repr.filename]'../../digital/Tiny-PLL/openlane/runs/RUN_2025-12-22_15-30-35/12-openroad-staprepnr/nom_tt_025C_5v00/sta.log'[/repr.filename]…
Logging subprocess to [repr.filename]'../../digital/Tiny-PLL/openlane/runs/RUN_2025-12-22_15-30-35/12-openroad-staprepnr/nom_ff_n40C_5v50/sta.log'[/repr.filename]…
Finished STA for the nom_ff_n40C_5v50 timing corner.
Finished STA for the nom_tt_025C_5v00 timing corner.
Finished STA for the nom_ss_125C_4v50 timing corner.
Running 'OpenROAD.Floorplan' at '../../digital/Tiny-PLL/openlane/runs/RUN_2025-12-22_15-30-35/13-openroad-floorplan'…
Logging subprocess to [repr.filename]'../../digital/Tiny-PLL/openlane/runs/RUN_2025-12-22_15-30-35/13-openroad-floorplan/openroad-floorplan.log'[/repr.filename]…
Running 'Odb.CheckMacroAntennaProperties' at '../../digital/Tiny-PLL/openlane/runs/RUN_2025-12-22_15-30-35/14-odb-checkmacroantennaproperties'…
No cells provided, skipping…
Running 'Odb.SetPowerConnections' at '../../digital/Tiny-PLL/openlane/runs/RUN_2025-12-22_15-30-35/15-odb-setpowerconnections'…
Logging subprocess to [repr.filename]'../../digital/Tiny-PLL/openlane/runs/RUN_2025-12-22_15-30-35/15-odb-setpowerconnections/odb-setpowerconnections.log'[/repr.filename]…
Running 'Odb.ManualMacroPlacement' at '../../digital/Tiny-PLL/openlane/runs/RUN_2025-12-22_15-30-35/16-odb-manualmacroplacement'…
No instances found, skipping 'Odb.ManualMacroPlacement'…
Running 'OpenROAD.CutRows' at '../../digital/Tiny-PLL/openlane/runs/RUN_2025-12-22_15-30-35/17-openroad-cutrows'…
Logging subprocess to [repr.filename]'../../digital/Tiny-PLL/openlane/runs/RUN_2025-12-22_15-30-35/17-openroad-cutrows/openroad-cutrows.log'[/repr.filename]…
Running 'OpenROAD.TapEndcapInsertion' at '../../digital/Tiny-PLL/openlane/runs/RUN_2025-12-22_15-30-35/18-openroad-tapendcapinsertion'…
Logging subprocess to [repr.filename]'../../digital/Tiny-PLL/openlane/runs/RUN_2025-12-22_15-30-35/18-openroad-tapendcapinsertion/openroad-tapendcapinsertion.log'[/repr.filename]…
Running 'Odb.AddPDNObstructions' at '../../digital/Tiny-PLL/openlane/runs/RUN_2025-12-22_15-30-35/19-odb-addpdnobstructions'…
'PDN_OBSTRUCTIONS' is not defined. Skipping 'Odb.AddPDNObstructions'…
Running 'OpenROAD.GeneratePDN' at '../../digital/Tiny-PLL/openlane/runs/RUN_2025-12-22_15-30-35/20-openroad-generatepdn'…
'FP_PDN_CFG' not explicitly set, setting it to /nix/store/7x1qis8my0i44w1lx1yq2wiwh6yc774i-python3-3.11.9-env/lib/python3.11/site-packages/librelane/scripts/openroad/common/pdn_cfg.tcl…
Logging subprocess to [repr.filename]'../../digital/Tiny-PLL/openlane/runs/RUN_2025-12-22_15-30-35/20-openroad-generatepdn/openroad-generatepdn.log'[/repr.filename]…
Running 'Odb.RemovePDNObstructions' at '../../digital/Tiny-PLL/openlane/runs/RUN_2025-12-22_15-30-35/21-odb-removepdnobstructions'…
'PDN_OBSTRUCTIONS' is not defined. Skipping 'Odb.RemovePDNObstructions'…
Running 'Odb.AddRoutingObstructions' at '../../digital/Tiny-PLL/openlane/runs/RUN_2025-12-22_15-30-35/22-odb-addroutingobstructions'…
'ROUTING_OBSTRUCTIONS' is not defined. Skipping 'Odb.AddRoutingObstructions'…
Running 'OpenROAD.GlobalPlacementSkipIO' at '../../digital/Tiny-PLL/openlane/runs/RUN_2025-12-22_15-30-35/23-openroad-globalplacementskipio'…
Logging subprocess to [repr.filename]'../../digital/Tiny-PLL/openlane/runs/RUN_2025-12-22_15-30-35/23-openroad-globalplacementskipio/openroad-globalplacementskipio.log'[/repr.filename]…
Running 'OpenROAD.IOPlacement' at '../../digital/Tiny-PLL/openlane/runs/RUN_2025-12-22_15-30-35/24-openroad-ioplacement'…
Logging subprocess to [repr.filename]'../../digital/Tiny-PLL/openlane/runs/RUN_2025-12-22_15-30-35/24-openroad-ioplacement/openroad-ioplacement.log'[/repr.filename]…
Running 'Odb.CustomIOPlacement' at '../../digital/Tiny-PLL/openlane/runs/RUN_2025-12-22_15-30-35/25-odb-customioplacement'…
No custom floorplan file configured, skipping…
Running 'Odb.ApplyDEFTemplate' at '../../digital/Tiny-PLL/openlane/runs/RUN_2025-12-22_15-30-35/26-odb-applydeftemplate'…
No DEF template provided, skipping…
Running 'OpenROAD.GlobalPlacement' at '../../digital/Tiny-PLL/openlane/runs/RUN_2025-12-22_15-30-35/27-openroad-globalplacement'…
Logging subprocess to [repr.filename]'../../digital/Tiny-PLL/openlane/runs/RUN_2025-12-22_15-30-35/27-openroad-globalplacement/openroad-globalplacement.log'[/repr.filename]…
Running 'Odb.WriteVerilogHeader' at '../../digital/Tiny-PLL/openlane/runs/RUN_2025-12-22_15-30-35/28-odb-writeverilogheader'…
Logging subprocess to [repr.filename]'../../digital/Tiny-PLL/openlane/runs/RUN_2025-12-22_15-30-35/28-odb-writeverilogheader/odb-writeverilogheader.log'[/repr.filename]…
Running 'Checker.PowerGridViolations' at '../../digital/Tiny-PLL/openlane/runs/RUN_2025-12-22_15-30-35/29-checker-powergridviolations'…
Check for power grid violations (as reported by OpenROAD PSM- you may ignore these if LVS passes) clear.
Running 'OpenROAD.STAMidPNR' at '../../digital/Tiny-PLL/openlane/runs/RUN_2025-12-22_15-30-35/30-openroad-stamidpnr'…
Logging subprocess to [repr.filename]'../../digital/Tiny-PLL/openlane/runs/RUN_2025-12-22_15-30-35/30-openroad-stamidpnr/openroad-stamidpnr.log'[/repr.filename]…
[GRT-0097] No global routing found for nets.
Running 'OpenROAD.RepairDesignPostGPL' at '../../digital/Tiny-PLL/openlane/runs/RUN_2025-12-22_15-30-35/31-openroad-repairdesignpostgpl'…
Logging subprocess to [repr.filename]'../../digital/Tiny-PLL/openlane/runs/RUN_2025-12-22_15-30-35/31-openroad-repairdesignpostgpl/openroad-repairdesignpostgpl.log'[/repr.filename]…
Running 'Odb.ManualGlobalPlacement' at '../../digital/Tiny-PLL/openlane/runs/RUN_2025-12-22_15-30-35/32-odb-manualglobalplacement'…
'MANUAL_GLOBAL_PLACEMENTS' not set, skipping…
Running 'OpenROAD.DetailedPlacement' at '../../digital/Tiny-PLL/openlane/runs/RUN_2025-12-22_15-30-35/33-openroad-detailedplacement'…
Logging subprocess to [repr.filename]'../../digital/Tiny-PLL/openlane/runs/RUN_2025-12-22_15-30-35/33-openroad-detailedplacement/openroad-detailedplacement.log'[/repr.filename]…
Running 'OpenROAD.CTS' at '../../digital/Tiny-PLL/openlane/runs/RUN_2025-12-22_15-30-35/34-openroad-cts'…
Logging subprocess to [repr.filename]'../../digital/Tiny-PLL/openlane/runs/RUN_2025-12-22_15-30-35/34-openroad-cts/openroad-cts.log'[/repr.filename]…
Running 'OpenROAD.STAMidPNR-1' at '../../digital/Tiny-PLL/openlane/runs/RUN_2025-12-22_15-30-35/35-openroad-stamidpnr-1'…
Logging subprocess to [repr.filename]'../../digital/Tiny-PLL/openlane/runs/RUN_2025-12-22_15-30-35/35-openroad-stamidpnr-1/openroad-stamidpnr-1.log'[/repr.filename]…
[GRT-0097] No global routing found for nets.
Running 'OpenROAD.ResizerTimingPostCTS' at '../../digital/Tiny-PLL/openlane/runs/RUN_2025-12-22_15-30-35/36-openroad-resizertimingpostcts'…
Logging subprocess to [repr.filename]'../../digital/Tiny-PLL/openlane/runs/RUN_2025-12-22_15-30-35/36-openroad-resizertimingpostcts/openroad-resizertimingpostcts.log'[/repr.filename]…
Running 'OpenROAD.STAMidPNR-2' at '../../digital/Tiny-PLL/openlane/runs/RUN_2025-12-22_15-30-35/37-openroad-stamidpnr-2'…
Logging subprocess to [repr.filename]'../../digital/Tiny-PLL/openlane/runs/RUN_2025-12-22_15-30-35/37-openroad-stamidpnr-2/openroad-stamidpnr-2.log'[/repr.filename]…
[GRT-0097] No global routing found for nets.
Running 'OpenROAD.GlobalRouting' at '../../digital/Tiny-PLL/openlane/runs/RUN_2025-12-22_15-30-35/38-openroad-globalrouting'…
Logging subprocess to [repr.filename]'../../digital/Tiny-PLL/openlane/runs/RUN_2025-12-22_15-30-35/38-openroad-globalrouting/openroad-globalrouting.log'[/repr.filename]…
Running 'OpenROAD.CheckAntennas' at '../../digital/Tiny-PLL/openlane/runs/RUN_2025-12-22_15-30-35/39-openroad-checkantennas'…
Logging subprocess to [repr.filename]'../../digital/Tiny-PLL/openlane/runs/RUN_2025-12-22_15-30-35/39-openroad-checkantennas/openroad-checkantennas.log'[/repr.filename]…
Gating variable for step 'OpenROAD.RepairDesignPostGRT' set to 'False'- the step will be skipped.
Skipping step 'Repair Design (Post-Global Routing)'…
Running 'Odb.DiodesOnPorts' at '../../digital/Tiny-PLL/openlane/runs/RUN_2025-12-22_15-30-35/40-odb-diodesonports'…
'DIODE_ON_PORTS' is set to 'none': skipping…
Gating variable for step 'Odb.HeuristicDiodeInsertion' set to 'False'- the step will be skipped.
Skipping step 'Heuristic Diode Insertion'…
Running 'OpenROAD.RepairAntennas' at '../../digital/Tiny-PLL/openlane/runs/RUN_2025-12-22_15-30-35/41-openroad-repairantennas'…
Running 'DiodeInsertion' at '../../digital/Tiny-PLL/openlane/runs/RUN_2025-12-22_15-30-35/41-openroad-repairantennas/1-diodeinsertion'…
Logging subprocess to [repr.filename]'../../digital/Tiny-PLL/openlane/runs/RUN_2025-12-22_15-30-35/41-openroad-repairantennas/1-diodeinsertion/diodeinsertion.log'[/repr.filename]…
Running 'OpenROAD.CheckAntennas' at '../../digital/Tiny-PLL/openlane/runs/RUN_2025-12-22_15-30-35/41-openroad-repairantennas/2-openroad-checkantennas'…
Logging subprocess to [repr.filename]'../../digital/Tiny-PLL/openlane/runs/RUN_2025-12-22_15-30-35/41-openroad-repairantennas/2-openroad-checkantennas/openroad-checkantennas.log'[/repr.filename]…
Gating variable for step 'OpenROAD.ResizerTimingPostGRT' set to 'False'- the step will be skipped.
Skipping step 'Resizer Timing Optimizations (Post-Global Routing)'…
Running 'OpenROAD.STAMidPNR-3' at '../../digital/Tiny-PLL/openlane/runs/RUN_2025-12-22_15-30-35/42-openroad-stamidpnr-3'…
Logging subprocess to [repr.filename]'../../digital/Tiny-PLL/openlane/runs/RUN_2025-12-22_15-30-35/42-openroad-stamidpnr-3/openroad-stamidpnr-3.log'[/repr.filename]…
Running 'OpenROAD.DetailedRouting' at '../../digital/Tiny-PLL/openlane/runs/RUN_2025-12-22_15-30-35/43-openroad-detailedrouting'…
Running TritonRoute with 14 threads…
Logging subprocess to [repr.filename]'../../digital/Tiny-PLL/openlane/runs/RUN_2025-12-22_15-30-35/43-openroad-detailedrouting/openroad-detailedrouting.log'[/repr.filename]…
[DRT-0349] LEF58_ENCLOSURE with no CUTCLASS is not supported. Skipping for layer Via1
[DRT-0349] LEF58_ENCLOSURE with no CUTCLASS is not supported. Skipping for layer Via1
[DRT-0349] LEF58_ENCLOSURE with no CUTCLASS is not supported. Skipping for layer Via2
[DRT-0349] LEF58_ENCLOSURE with no CUTCLASS is not supported. Skipping for layer Via2
[DRT-0349] LEF58_ENCLOSURE with no CUTCLASS is not supported. Skipping for layer Via3
[DRT-0349] LEF58_ENCLOSURE with no CUTCLASS is not supported. Skipping for layer Via3
[DRT-0349] LEF58_ENCLOSURE with no CUTCLASS is not supported. Skipping for layer Via4
[DRT-0349] LEF58_ENCLOSURE with no CUTCLASS is not supported. Skipping for layer Via4
Running 'Odb.RemoveRoutingObstructions' at '../../digital/Tiny-PLL/openlane/runs/RUN_2025-12-22_15-30-35/44-odb-removeroutingobstructions'…
'ROUTING_OBSTRUCTIONS' is not defined. Skipping 'Odb.RemoveRoutingObstructions'…
Running 'OpenROAD.CheckAntennas-1' at '../../digital/Tiny-PLL/openlane/runs/RUN_2025-12-22_15-30-35/45-openroad-checkantennas-1'…
Logging subprocess to [repr.filename]'../../digital/Tiny-PLL/openlane/runs/RUN_2025-12-22_15-30-35/45-openroad-checkantennas-1/openroad-checkantennas-1.log'[/repr.filename]…
Running 'Checker.TrDRC' at '../../digital/Tiny-PLL/openlane/runs/RUN_2025-12-22_15-30-35/46-checker-trdrc'…
Check for Routing DRC errors clear.
Running 'Odb.ReportDisconnectedPins' at '../../digital/Tiny-PLL/openlane/runs/RUN_2025-12-22_15-30-35/47-odb-reportdisconnectedpins'…
Logging subprocess to [repr.filename]'../../digital/Tiny-PLL/openlane/runs/RUN_2025-12-22_15-30-35/47-odb-reportdisconnectedpins/odb-reportdisconnectedpins.log'[/repr.filename]…
Running 'Checker.DisconnectedPins' at '../../digital/Tiny-PLL/openlane/runs/RUN_2025-12-22_15-30-35/48-checker-disconnectedpins'…
Check for critical disconnected pins clear.
Running 'Odb.ReportWireLength' at '../../digital/Tiny-PLL/openlane/runs/RUN_2025-12-22_15-30-35/49-odb-reportwirelength'…
Logging subprocess to [repr.filename]'../../digital/Tiny-PLL/openlane/runs/RUN_2025-12-22_15-30-35/49-odb-reportwirelength/odb-reportwirelength.log'[/repr.filename]…
Running 'Checker.WireLength' at '../../digital/Tiny-PLL/openlane/runs/RUN_2025-12-22_15-30-35/50-checker-wirelength'…
Threshold for Threshold-surpassing long wires is not set. The checker will be skipped.
Running 'OpenROAD.FillInsertion' at '../../digital/Tiny-PLL/openlane/runs/RUN_2025-12-22_15-30-35/51-openroad-fillinsertion'…
Logging subprocess to [repr.filename]'../../digital/Tiny-PLL/openlane/runs/RUN_2025-12-22_15-30-35/51-openroad-fillinsertion/openroad-fillinsertion.log'[/repr.filename]…
Running 'Odb.CellFrequencyTables' at '../../digital/Tiny-PLL/openlane/runs/RUN_2025-12-22_15-30-35/52-odb-cellfrequencytables'…
Logging subprocess to [repr.filename]'../../digital/Tiny-PLL/openlane/runs/RUN_2025-12-22_15-30-35/52-odb-cellfrequencytables/buffer_list.txt'[/repr.filename]…
Logging subprocess to [repr.filename]'../../digital/Tiny-PLL/openlane/runs/RUN_2025-12-22_15-30-35/52-odb-cellfrequencytables/odb-cellfrequencytables.log'[/repr.filename]…
Running 'OpenROAD.RCX' at '../../digital/Tiny-PLL/openlane/runs/RUN_2025-12-22_15-30-35/53-openroad-rcx'…
Running RCX for corners matching nom_* (/Users/refikyalcin/vlsi/digital/Tiny-PLL/openlane/runs/RUN_2025-12-22_15-30-35/53-openroad-rcx/nom/rcx.log)…
Running RCX for corners matching min_* (/Users/refikyalcin/vlsi/digital/Tiny-PLL/openlane/runs/RUN_2025-12-22_15-30-35/53-openroad-rcx/min/rcx.log)…
Running RCX for corners matching max_* (/Users/refikyalcin/vlsi/digital/Tiny-PLL/openlane/runs/RUN_2025-12-22_15-30-35/53-openroad-rcx/max/rcx.log)…
Logging subprocess to [repr.filename]'../../digital/Tiny-PLL/openlane/runs/RUN_2025-12-22_15-30-35/53-openroad-rcx/nom/rcx.log'[/repr.filename]…
Logging subprocess to [repr.filename]'../../digital/Tiny-PLL/openlane/runs/RUN_2025-12-22_15-30-35/53-openroad-rcx/min/rcx.log'[/repr.filename]…
Logging subprocess to [repr.filename]'../../digital/Tiny-PLL/openlane/runs/RUN_2025-12-22_15-30-35/53-openroad-rcx/max/rcx.log'[/repr.filename]…
Finished RCX for corners matching nom_*.
Finished RCX for corners matching max_*.
Finished RCX for corners matching min_*.
Running 'OpenROAD.STAPostPNR' at '../../digital/Tiny-PLL/openlane/runs/RUN_2025-12-22_15-30-35/54-openroad-stapostpnr'…
Starting STA for the nom_tt_025C_5v00 timing corner…
Starting STA for the nom_ss_125C_4v50 timing corner…
Starting STA for the nom_ff_n40C_5v50 timing corner…
Starting STA for the min_tt_025C_5v00 timing corner…
Starting STA for the min_ss_125C_4v50 timing corner…
Starting STA for the min_ff_n40C_5v50 timing corner…
Starting STA for the max_tt_025C_5v00 timing corner…
Logging subprocess to [repr.filename]'../../digital/Tiny-PLL/openlane/runs/RUN_2025-12-22_15-30-35/54-openroad-stapostpnr/nom_tt_025C_5v00/sta.log'[/repr.filename]…
Starting STA for the max_ss_125C_4v50 timing corner…
Starting STA for the max_ff_n40C_5v50 timing corner…
Logging subprocess to [repr.filename]'../../digital/Tiny-PLL/openlane/runs/RUN_2025-12-22_15-30-35/54-openroad-stapostpnr/nom_ss_125C_4v50/sta.log'[/repr.filename]…
Logging subprocess to [repr.filename]'../../digital/Tiny-PLL/openlane/runs/RUN_2025-12-22_15-30-35/54-openroad-stapostpnr/min_ss_125C_4v50/sta.log'[/repr.filename]…
Logging subprocess to [repr.filename]'../../digital/Tiny-PLL/openlane/runs/RUN_2025-12-22_15-30-35/54-openroad-stapostpnr/nom_ff_n40C_5v50/sta.log'[/repr.filename]…
Logging subprocess to [repr.filename]'../../digital/Tiny-PLL/openlane/runs/RUN_2025-12-22_15-30-35/54-openroad-stapostpnr/max_tt_025C_5v00/sta.log'[/repr.filename]…
Logging subprocess to [repr.filename]'../../digital/Tiny-PLL/openlane/runs/RUN_2025-12-22_15-30-35/54-openroad-stapostpnr/min_tt_025C_5v00/sta.log'[/repr.filename]…
Logging subprocess to [repr.filename]'../../digital/Tiny-PLL/openlane/runs/RUN_2025-12-22_15-30-35/54-openroad-stapostpnr/min_ff_n40C_5v50/sta.log'[/repr.filename]…
Logging subprocess to [repr.filename]'../../digital/Tiny-PLL/openlane/runs/RUN_2025-12-22_15-30-35/54-openroad-stapostpnr/max_ff_n40C_5v50/sta.log'[/repr.filename]…
Logging subprocess to [repr.filename]'../../digital/Tiny-PLL/openlane/runs/RUN_2025-12-22_15-30-35/54-openroad-stapostpnr/max_ss_125C_4v50/sta.log'[/repr.filename]…
Finished STA for the nom_tt_025C_5v00 timing corner.
Finished STA for the nom_ss_125C_4v50 timing corner.
Logging subprocess to [repr.filename]'../../digital/Tiny-PLL/openlane/runs/RUN_2025-12-22_15-30-35/54-openroad-stapostpnr/nom_ss_125C_4v50/filter_unannotated.log'[/repr.filename]…
Logging subprocess to [repr.filename]'../../digital/Tiny-PLL/openlane/runs/RUN_2025-12-22_15-30-35/54-openroad-stapostpnr/nom_tt_025C_5v00/filter_unannotated.log'[/repr.filename]…
Finished STA for the min_ss_125C_4v50 timing corner.
Finished STA for the nom_ff_n40C_5v50 timing corner.
Logging subprocess to [repr.filename]'../../digital/Tiny-PLL/openlane/runs/RUN_2025-12-22_15-30-35/54-openroad-stapostpnr/min_ss_125C_4v50/filter_unannotated.log'[/repr.filename]…
Logging subprocess to [repr.filename]'../../digital/Tiny-PLL/openlane/runs/RUN_2025-12-22_15-30-35/54-openroad-stapostpnr/nom_ff_n40C_5v50/filter_unannotated.log'[/repr.filename]…
Finished STA for the max_tt_025C_5v00 timing corner.
Logging subprocess to [repr.filename]'../../digital/Tiny-PLL/openlane/runs/RUN_2025-12-22_15-30-35/54-openroad-stapostpnr/max_tt_025C_5v00/filter_unannotated.log'[/repr.filename]…
Finished STA for the min_ff_n40C_5v50 timing corner.
Finished STA for the max_ff_n40C_5v50 timing corner.
Finished STA for the min_tt_025C_5v00 timing corner.
Logging subprocess to [repr.filename]'../../digital/Tiny-PLL/openlane/runs/RUN_2025-12-22_15-30-35/54-openroad-stapostpnr/max_ff_n40C_5v50/filter_unannotated.log'[/repr.filename]…
Logging subprocess to [repr.filename]'../../digital/Tiny-PLL/openlane/runs/RUN_2025-12-22_15-30-35/54-openroad-stapostpnr/min_tt_025C_5v00/filter_unannotated.log'[/repr.filename]…
Finished STA for the max_ss_125C_4v50 timing corner.
Logging subprocess to [repr.filename]'../../digital/Tiny-PLL/openlane/runs/RUN_2025-12-22_15-30-35/54-openroad-stapostpnr/min_ff_n40C_5v50/filter_unannotated.log'[/repr.filename]…
Logging subprocess to [repr.filename]'../../digital/Tiny-PLL/openlane/runs/RUN_2025-12-22_15-30-35/54-openroad-stapostpnr/max_ss_125C_4v50/filter_unannotated.log'[/repr.filename]…
Running 'OpenROAD.IRDropReport' at '../../digital/Tiny-PLL/openlane/runs/RUN_2025-12-22_15-30-35/55-openroad-irdropreport'…
'VSRC_LOC_FILES' was not given a value, which may make the results of IR drop analysis inaccurate. If you are not integrating a top-level chip for manufacture, you may ignore this warning, otherwise, see the documentation for 'VSRC_LOC_FILES'.
Logging subprocess to [repr.filename]'../../digital/Tiny-PLL/openlane/runs/RUN_2025-12-22_15-30-35/55-openroad-irdropreport/openroad-irdropreport.log'[/repr.filename]…
[INFO PSM-0040] All shapes on net VDD are connected.
########## IR report #################
Net              : VDD
Corner           : nom_tt_025C_5v00
Supply voltage   : 5.00e+00 V
Worstcase voltage: 5.00e+00 V
Average voltage  : 5.00e+00 V
Average IR drop  : 2.87e-05 V
Worstcase IR drop: 8.73e-05 V
Percentage drop  : 0.00 %
######################################
[INFO PSM-0040] All shapes on net VSS are connected.
########## IR report #################
Net              : VSS
Corner           : nom_tt_025C_5v00
Supply voltage   : 0.00e+00 V
Worstcase voltage: 9.10e-05 V
Average voltage  : 2.78e-05 V
Average IR drop  : 2.78e-05 V
Worstcase IR drop: 9.10e-05 V
Percentage drop  : 0.00 %
######################################

Running 'Magic.StreamOut' at '../../digital/Tiny-PLL/openlane/runs/RUN_2025-12-22_15-30-35/56-magic-streamout'…
Logging subprocess to [repr.filename]'../../digital/Tiny-PLL/openlane/runs/RUN_2025-12-22_15-30-35/56-magic-streamout/magic-streamout.log'[/repr.filename]…
Running 'KLayout.StreamOut' at '../../digital/Tiny-PLL/openlane/runs/RUN_2025-12-22_15-30-35/57-klayout-streamout'…
Logging subprocess to [repr.filename]'../../digital/Tiny-PLL/openlane/runs/RUN_2025-12-22_15-30-35/57-klayout-streamout/klayout-streamout.log'[/repr.filename]…
Running 'Magic.WriteLEF' at '../../digital/Tiny-PLL/openlane/runs/RUN_2025-12-22_15-30-35/58-magic-writelef'…
Logging subprocess to [repr.filename]'../../digital/Tiny-PLL/openlane/runs/RUN_2025-12-22_15-30-35/58-magic-writelef/magic-writelef.log'[/repr.filename]…
Running 'Odb.CheckDesignAntennaProperties' at '../../digital/Tiny-PLL/openlane/runs/RUN_2025-12-22_15-30-35/59-odb-checkdesignantennaproperties'…
Logging subprocess to [repr.filename]'../../digital/Tiny-PLL/openlane/runs/RUN_2025-12-22_15-30-35/59-odb-checkdesignantennaproperties/odb-checkdesignantennaproperties.log'[/repr.filename]…
Running 'KLayout.XOR' at '../../digital/Tiny-PLL/openlane/runs/RUN_2025-12-22_15-30-35/60-klayout-xor'…
Running XOR with 14 threads…
Logging subprocess to [repr.filename]'../../digital/Tiny-PLL/openlane/runs/RUN_2025-12-22_15-30-35/60-klayout-xor/klayout-xor.log'[/repr.filename]…
Running 'Checker.XOR' at '../../digital/Tiny-PLL/openlane/runs/RUN_2025-12-22_15-30-35/61-checker-xor'…
Check for XOR differences clear.
Running 'Magic.DRC' at '../../digital/Tiny-PLL/openlane/runs/RUN_2025-12-22_15-30-35/62-magic-drc'…
Logging subprocess to [repr.filename]'../../digital/Tiny-PLL/openlane/runs/RUN_2025-12-22_15-30-35/62-magic-drc/magic-drc.log'[/repr.filename]…
Running 'KLayout.DRC' at '../../digital/Tiny-PLL/openlane/runs/RUN_2025-12-22_15-30-35/63-klayout-drc'…
KLayout DRC is not supported for the gf180mcuC PDK. This step will be skipped.
Running 'Checker.MagicDRC' at '../../digital/Tiny-PLL/openlane/runs/RUN_2025-12-22_15-30-35/64-checker-magicdrc'…
Check for Magic DRC errors clear.
Running 'Checker.KLayoutDRC' at '../../digital/Tiny-PLL/openlane/runs/RUN_2025-12-22_15-30-35/65-checker-klayoutdrc'…
The KLayout DRC errors metric was not found. Are you sure the relevant step was run?
Running 'Magic.SpiceExtraction' at '../../digital/Tiny-PLL/openlane/runs/RUN_2025-12-22_15-30-35/66-magic-spiceextraction'…
Logging subprocess to [repr.filename]'../../digital/Tiny-PLL/openlane/runs/RUN_2025-12-22_15-30-35/66-magic-spiceextraction/magic-spiceextraction.log'[/repr.filename]…
Running 'Checker.IllegalOverlap' at '../../digital/Tiny-PLL/openlane/runs/RUN_2025-12-22_15-30-35/67-checker-illegaloverlap'…
Check for Magic Illegal Overlap errors clear.
Running 'Netgen.LVS' at '../../digital/Tiny-PLL/openlane/runs/RUN_2025-12-22_15-30-35/68-netgen-lvs'…
Logging subprocess to [repr.filename]'../../digital/Tiny-PLL/openlane/runs/RUN_2025-12-22_15-30-35/68-netgen-lvs/netgen-lvs.log'[/repr.filename]…
Running 'Checker.LVS' at '../../digital/Tiny-PLL/openlane/runs/RUN_2025-12-22_15-30-35/69-checker-lvs'…
Check for LVS errors clear.
Gating variable for step 'Yosys.EQY' set to 'False'- the step will be skipped.
Skipping step 'Equivalence Check'…
Running 'Checker.SetupViolations' at '../../digital/Tiny-PLL/openlane/runs/RUN_2025-12-22_15-30-35/70-checker-setupviolations'…
Setup violations found in the following corners:
* max_ss_125C_4v50
* nom_ss_125C_4v50
No setup violations found
Running 'Checker.HoldViolations' at '../../digital/Tiny-PLL/openlane/runs/RUN_2025-12-22_15-30-35/71-checker-holdviolations'…
No hold violations found
Running 'Checker.MaxSlewViolations' at '../../digital/Tiny-PLL/openlane/runs/RUN_2025-12-22_15-30-35/72-checker-maxslewviolations'…
No max slew violations found
Running 'Checker.MaxCapViolations' at '../../digital/Tiny-PLL/openlane/runs/RUN_2025-12-22_15-30-35/73-checker-maxcapviolations'…
Max Cap violations found in the following corners:
* max_ff_n40C_5v50
* max_ss_125C_4v50
* max_tt_025C_5v00
* min_ff_n40C_5v50
* min_ss_125C_4v50
* min_tt_025C_5v00
* nom_ff_n40C_5v50
* nom_ss_125C_4v50
* nom_tt_025C_5v00
No max cap violations found
Running 'Misc.ReportManufacturability' at '../../digital/Tiny-PLL/openlane/runs/RUN_2025-12-22_15-30-35/74-misc-reportmanufacturability'…
klayout__drc_error__count not reported. KLayout.DRC may have been skipped.
Saving views to '/Users/refikyalcin/vlsi/digital/Tiny-PLL/openlane/runs/RUN_2025-12-22_15-30-35/final'…
Flow complete.
