
===========================================================================
report_checks -unconstrained
===========================================================================
======================= max_tt_025C_1v80 Corner ===================================

Startpoint: rst_n (input port clocked by sys_clk)
Endpoint: _2138_ (recovery check against rising-edge clock sys_clk)
Path Group: asynchronous
Path Type: max

Fanout         Cap        Slew       Delay        Time   Description
---------------------------------------------------------------------------------------------
                                  0.000000    0.000000   clock sys_clk (rise edge)
                                  0.000000    0.000000   clock network delay (propagated)
                                  2.000000    2.000000 ^ input external delay
     1    0.002630    0.019000    0.009761    2.009761 ^ rst_n (in)
                                                         rst_n (net)
                      0.019000    0.000000    2.009761 ^ input66/A (sky130_fd_sc_hd__clkbuf_1)
     1    0.006095    0.080675    0.097644    2.107405 ^ input66/X (sky130_fd_sc_hd__clkbuf_1)
                                                         net66 (net)
                      0.080708    0.000489    2.107894 ^ fanout261/A (sky130_fd_sc_hd__buf_1)
     2    0.020019    0.239443    0.227089    2.334984 ^ fanout261/X (sky130_fd_sc_hd__buf_1)
                                                         net261 (net)
                      0.239473    0.002215    2.337198 ^ fanout260/A (sky130_fd_sc_hd__buf_1)
     3    0.023635    0.280028    0.282776    2.619975 ^ fanout260/X (sky130_fd_sc_hd__buf_1)
                                                         net260 (net)
                      0.280069    0.002818    2.622793 ^ fanout257/A (sky130_fd_sc_hd__buf_1)
     2    0.018233    0.218346    0.246322    2.869115 ^ fanout257/X (sky130_fd_sc_hd__buf_1)
                                                         net257 (net)
                      0.218351    0.000826    2.869941 ^ fanout256/A (sky130_fd_sc_hd__buf_1)
     3    0.015181    0.184036    0.213710    3.083650 ^ fanout256/X (sky130_fd_sc_hd__buf_1)
                                                         net256 (net)
                      0.184050    0.001349    3.084999 ^ fanout252/A (sky130_fd_sc_hd__clkbuf_2)
     5    0.024234    0.136996    0.214038    3.299037 ^ fanout252/X (sky130_fd_sc_hd__clkbuf_2)
                                                         net252 (net)
                      0.137098    0.002128    3.301165 ^ _2138_/RESET_B (sky130_fd_sc_hd__dfrtp_1)
                                              3.301165   data arrival time

                                 10.000000   10.000000   clock sys_clk (rise edge)
                                  0.000000   10.000000   clock source latency
     1    0.028482    0.133169    0.093813   10.093813 ^ sys_clk (in)
                                                         sys_clk (net)
                      0.133327    0.000000   10.093813 ^ clkbuf_0_sys_clk/A (sky130_fd_sc_hd__clkbuf_16)
    16    0.118726    0.132374    0.227337   10.321151 ^ clkbuf_0_sys_clk/X (sky130_fd_sc_hd__clkbuf_16)
                                                         clknet_0_sys_clk (net)
                      0.132949    0.007000   10.328150 ^ clkbuf_4_8_0_sys_clk/A (sky130_fd_sc_hd__clkbuf_8)
    10    0.037415    0.078285    0.184115   10.512265 ^ clkbuf_4_8_0_sys_clk/X (sky130_fd_sc_hd__clkbuf_8)
                                                         clknet_4_8_0_sys_clk (net)
                      0.078576    0.003448   10.515713 ^ _2138_/CLK (sky130_fd_sc_hd__dfrtp_1)
                                 -0.250000   10.265713   clock uncertainty
                                  0.000000   10.265713   clock reconvergence pessimism
                                  0.216908   10.482621   library recovery time
                                             10.482621   data required time
---------------------------------------------------------------------------------------------
                                             10.482621   data required time
                                             -3.301165   data arrival time
---------------------------------------------------------------------------------------------
                                              7.181457   slack (MET)


Startpoint: _2146_ (rising edge-triggered flip-flop clocked by sys_clk)
Endpoint: _2181_ (rising edge-triggered flip-flop clocked by sys_clk)
Path Group: sys_clk
Path Type: max

Fanout         Cap        Slew       Delay        Time   Description
---------------------------------------------------------------------------------------------
                                  0.000000    0.000000   clock sys_clk (rise edge)
                                  0.000000    0.000000   clock source latency
     1    0.028482    0.133169    0.093813    0.093813 ^ sys_clk (in)
                                                         sys_clk (net)
                      0.133327    0.000000    0.093813 ^ clkbuf_0_sys_clk/A (sky130_fd_sc_hd__clkbuf_16)
    16    0.118726    0.132374    0.227338    0.321150 ^ clkbuf_0_sys_clk/X (sky130_fd_sc_hd__clkbuf_16)
                                                         clknet_0_sys_clk (net)
                      0.132960    0.007068    0.328218 ^ clkbuf_4_9_0_sys_clk/A (sky130_fd_sc_hd__clkbuf_8)
     7    0.036982    0.077321    0.184128    0.512346 ^ clkbuf_4_9_0_sys_clk/X (sky130_fd_sc_hd__clkbuf_8)
                                                         clknet_4_9_0_sys_clk (net)
                      0.077362    0.001652    0.513998 ^ _2146_/CLK (sky130_fd_sc_hd__dfxtp_2)
     3    0.017356    0.053103    0.348846    0.862844 v _2146_/Q (sky130_fd_sc_hd__dfxtp_2)
                                                         lf_inst.error_in[1] (net)
                      0.053177    0.000934    0.863778 v fanout187/A (sky130_fd_sc_hd__buf_6)
     3    0.013519    0.028177    0.122222    0.986000 v fanout187/X (sky130_fd_sc_hd__buf_6)
                                                         net187 (net)
                      0.028225    0.000846    0.986846 v fanout185/A (sky130_fd_sc_hd__buf_6)
     5    0.015216    0.029720    0.113235    1.100081 v fanout185/X (sky130_fd_sc_hd__buf_6)
                                                         net185 (net)
                      0.029741    0.000714    1.100795 v _1819_/C_N (sky130_fd_sc_hd__nor3b_2)
     1    0.004590    0.056474    0.146549    1.247344 v _1819_/Y (sky130_fd_sc_hd__nor3b_2)
                                                         _0271_ (net)
                      0.056475    0.000320    1.247664 v fanout140/A (sky130_fd_sc_hd__clkbuf_2)
     2    0.008265    0.041847    0.120216    1.367880 v fanout140/X (sky130_fd_sc_hd__clkbuf_2)
                                                         net140 (net)
                      0.041853    0.000509    1.368388 v fanout138/A (sky130_fd_sc_hd__buf_6)
     5    0.027302    0.038728    0.129070    1.497459 v fanout138/X (sky130_fd_sc_hd__buf_6)
                                                         net138 (net)
                      0.039173    0.002957    1.500416 v fanout137/A (sky130_fd_sc_hd__buf_8)
     5    0.027282    0.035593    0.125306    1.625722 v fanout137/X (sky130_fd_sc_hd__buf_8)
                                                         net137 (net)
                      0.035891    0.002318    1.628039 v fanout136/A (sky130_fd_sc_hd__buf_8)
     5    0.028515    0.036253    0.125161    1.753200 v fanout136/X (sky130_fd_sc_hd__buf_8)
                                                         net136 (net)
                      0.036382    0.001850    1.755049 v _1844_/B (sky130_fd_sc_hd__xnor2_4)
     4    0.012225    0.080732    0.127249    1.882298 v _1844_/Y (sky130_fd_sc_hd__xnor2_4)
                                                         _0293_ (net)
                      0.080732    0.000350    1.882649 v _1859_/A (sky130_fd_sc_hd__or3b_4)
     1    0.003444    0.063638    0.394689    2.277338 v _1859_/X (sky130_fd_sc_hd__or3b_4)
                                                         _0305_ (net)
                      0.063638    0.000250    2.277587 v _1860_/C (sky130_fd_sc_hd__or4_4)
     2    0.015696    0.105266    0.519290    2.796877 v _1860_/X (sky130_fd_sc_hd__or4_4)
                                                         _0306_ (net)
                      0.105266    0.001266    2.798143 v _1865_/A2 (sky130_fd_sc_hd__a21oi_4)
     4    0.017114    0.166086    0.216287    3.014431 ^ _1865_/Y (sky130_fd_sc_hd__a21oi_4)
                                                         _0311_ (net)
                      0.166092    0.000985    3.015416 ^ _1915_/B (sky130_fd_sc_hd__and4b_1)
     1    0.006449    0.089093    0.234147    3.249563 ^ _1915_/X (sky130_fd_sc_hd__and4b_1)
                                                         _0353_ (net)
                      0.089094    0.000526    3.250089 ^ _1917_/C1 (sky130_fd_sc_hd__a211oi_2)
     2    0.008154    0.085557    0.053211    3.303300 v _1917_/Y (sky130_fd_sc_hd__a211oi_2)
                                                         _0355_ (net)
                      0.085558    0.000598    3.303898 v _1932_/A1 (sky130_fd_sc_hd__a2111o_1)
     3    0.011671    0.102063    0.425548    3.729446 v _1932_/X (sky130_fd_sc_hd__a2111o_1)
                                                         _0368_ (net)
                      0.102070    0.000945    3.730392 v _1948_/B (sky130_fd_sc_hd__or4b_4)
     3    0.009167    0.092886    0.544406    4.274798 v _1948_/X (sky130_fd_sc_hd__or4b_4)
                                                         _0382_ (net)
                      0.092886    0.000691    4.275489 v _1973_/A1 (sky130_fd_sc_hd__a2111o_1)
     3    0.013497    0.110364    0.437036    4.712526 v _1973_/X (sky130_fd_sc_hd__a2111o_1)
                                                         _0403_ (net)
                      0.110377    0.001269    4.713795 v _1980_/A2 (sky130_fd_sc_hd__a21o_1)
     1    0.002922    0.033490    0.197213    4.911008 v _1980_/X (sky130_fd_sc_hd__a21o_1)
                                                         _0410_ (net)
                      0.033490    0.000195    4.911203 v _2001_/A3 (sky130_fd_sc_hd__o31a_1)
     3    0.014057    0.095537    0.285734    5.196937 v _2001_/X (sky130_fd_sc_hd__o31a_1)
                                                         _0427_ (net)
                      0.095552    0.001208    5.198145 v _2018_/A2 (sky130_fd_sc_hd__o311a_4)
     2    0.011802    0.062304    0.382663    5.580809 v _2018_/X (sky130_fd_sc_hd__o311a_4)
                                                         _0442_ (net)
                      0.062304    0.000804    5.581612 v _2020_/B (sky130_fd_sc_hd__nor2_4)
     3    0.007254    0.077434    0.089550    5.671162 ^ _2020_/Y (sky130_fd_sc_hd__nor2_4)
                                                         _0444_ (net)
                      0.077434    0.000274    5.671436 ^ _2021_/A_N (sky130_fd_sc_hd__and3b_1)
     1    0.002859    0.037160    0.175465    5.846900 v _2021_/X (sky130_fd_sc_hd__and3b_1)
                                                         _0445_ (net)
                      0.037160    0.000194    5.847095 v _2022_/C1 (sky130_fd_sc_hd__a211o_1)
     1    0.002108    0.043207    0.212165    6.059259 v _2022_/X (sky130_fd_sc_hd__a211o_1)
                                                         _0112_ (net)
                      0.043207    0.000149    6.059408 v _2181_/D (sky130_fd_sc_hd__dfxtp_1)
                                              6.059408   data arrival time

                                 10.000000   10.000000   clock sys_clk (rise edge)
                                  0.000000   10.000000   clock source latency
     1    0.028482    0.133169    0.093813   10.093813 ^ sys_clk (in)
                                                         sys_clk (net)
                      0.133327    0.000000   10.093813 ^ clkbuf_0_sys_clk/A (sky130_fd_sc_hd__clkbuf_16)
    16    0.118726    0.132374    0.227337   10.321151 ^ clkbuf_0_sys_clk/X (sky130_fd_sc_hd__clkbuf_16)
                                                         clknet_0_sys_clk (net)
                      0.133018    0.007399   10.328549 ^ clkbuf_4_10_0_sys_clk/A (sky130_fd_sc_hd__clkbuf_8)
     7    0.036311    0.076263    0.183338   10.511887 ^ clkbuf_4_10_0_sys_clk/X (sky130_fd_sc_hd__clkbuf_8)
                                                         clknet_4_10_0_sys_clk (net)
                      0.076364    0.002448   10.514335 ^ _2181_/CLK (sky130_fd_sc_hd__dfxtp_1)
                                 -0.250000   10.264335   clock uncertainty
                                  0.000000   10.264335   clock reconvergence pessimism
                                 -0.102417   10.161918   library setup time
                                             10.161918   data required time
---------------------------------------------------------------------------------------------
                                             10.161918   data required time
                                             -6.059408   data arrival time
---------------------------------------------------------------------------------------------
                                              4.102509   slack (MET)




===========================================================================
report_checks --slack_max -0.01
============================================================================
======================= max_tt_025C_1v80 Corner ===================================

No paths found.


===========================================================================
 report_check_types -max_slew -max_cap -max_fanout -violators
============================================================================
======================= max_tt_025C_1v80 Corner ===================================

max fanout

Pin                                   Limit Fanout  Slack
---------------------------------------------------------
clkbuf_0_sys_clk/X                        5     16    -11 (VIOLATED)
clkbuf_4_0_0_sys_clk/X                    5     13     -8 (VIOLATED)
clkbuf_4_15_0_sys_clk/X                   5     10     -5 (VIOLATED)
clkbuf_4_1_0_sys_clk/X                    5     10     -5 (VIOLATED)
clkbuf_4_4_0_sys_clk/X                    5     10     -5 (VIOLATED)
clkbuf_4_8_0_sys_clk/X                    5     10     -5 (VIOLATED)
clkbuf_4_11_0_sys_clk/X                   5      9     -4 (VIOLATED)
clkbuf_4_2_0_sys_clk/X                    5      9     -4 (VIOLATED)
clkbuf_4_5_0_sys_clk/X                    5      9     -4 (VIOLATED)
clkbuf_4_13_0_sys_clk/X                   5      8     -3 (VIOLATED)
clkbuf_4_14_0_sys_clk/X                   5      8     -3 (VIOLATED)
clkbuf_4_7_0_sys_clk/X                    5      8     -3 (VIOLATED)
clkbuf_4_10_0_sys_clk/X                   5      7     -2 (VIOLATED)
clkbuf_4_9_0_sys_clk/X                    5      7     -2 (VIOLATED)
clkbuf_4_12_0_sys_clk/X                   5      6        (VIOLATED)
clkbuf_4_3_0_sys_clk/X                    5      6        (VIOLATED)
clkbuf_4_6_0_sys_clk/X                    5      6        (VIOLATED)



===========================================================================
report_parasitic_annotation -report_unannotated
============================================================================
Found 15 unannotated drivers.
 clkload0/Y
 clkload1/Y
 clkload10/Y
 clkload11/Y
 clkload12/Y
 clkload13/Y
 clkload14/Y
 clkload2/Y
 clkload3/Y
 clkload4/Y
 clkload5/Y
 clkload6/Y
 clkload7/Y
 clkload8/Y
 clkload9/Y
Found 0 partially unannotated drivers.

===========================================================================
max slew violation count 0
max fanout violation count 17
max cap violation count 0
============================================================================

===========================================================================
check_setup -verbose -unconstrained_endpoints -multiple_clock -no_clock -no_input_delay -loops -generated_clocks
===========================================================================
Warning: There are 33 unclocked register/latch pins.
  _2095_/CLK
  _2183_/CLK
  _2184_/CLK
  _2185_/CLK
  _2186_/CLK
  _2187_/CLK
  _2188_/CLK
  _2189_/CLK
  _2190_/CLK
  _2191_/CLK
  _2192_/CLK
  _2193_/CLK
  _2194_/CLK
  _2195_/CLK
  _2196_/CLK
  _2197_/CLK
  _2198_/CLK
  _2199_/CLK
  _2200_/CLK
  _2201_/CLK
  _2202_/CLK
  _2203_/CLK
  _2204_/CLK
  _2205_/CLK
  _2206_/CLK
  _2207_/CLK
  _2208_/CLK
  _2209_/CLK
  _2210_/CLK
  _2211_/CLK
  _2212_/CLK
  _2213_/CLK
  _2214_/CLK
Warning: There are 34 unconstrained endpoints.
  _2095_/D
  _2141_/D
  _2183_/D
  _2184_/D
  _2185_/D
  _2186_/D
  _2187_/D
  _2188_/D
  _2189_/D
  _2190_/D
  _2191_/D
  _2192_/D
  _2193_/D
  _2194_/D
  _2195_/D
  _2196_/D
  _2197_/D
  _2198_/D
  _2199_/D
  _2200_/D
  _2201_/D
  _2202_/D
  _2203_/D
  _2204_/D
  _2205_/D
  _2206_/D
  _2207_/D
  _2208_/D
  _2209_/D
  _2210_/D
  _2211_/D
  _2212_/D
  _2213_/D
  _2214_/D
