Clock: sys_clk
Sources: sys_clk 
Generated: no
Virtual: yes
Propagated: no
Period: 10.000000

===========================================================================
report_clock_properties
============================================================================
Clock                   Period          Waveform
----------------------------------------------------
sys_clk              10.000000    0.000000  5.000000

===========================================================================
report_clock_latency
============================================================================
Clock sys_clk
rise -> rise
    min     max
0.000000 0.000000 source latency
0.505462         network latency _2215_/CLK
        1.699390 network latency _2198_/CLK
---------------
0.505462 1.699390 latency
        1.193928 skew

rise -> fall
    min     max
0.000000 0.000000 source latency
1.111526         network latency _2212_/CLK
        1.470443 network latency _2198_/CLK
---------------
1.111526 1.470443 latency
        0.358917 skew

fall -> fall
    min     max
0.000000 0.000000 source latency
0.427842         network latency _2215_/CLK
        0.441115 network latency _2064_/CLK
---------------
0.427842 0.441115 latency
        0.013272 skew



===========================================================================
report_clock_min_period
============================================================================
sys_clk period_min = 5.90 fmax = 169.56
