
===========================================================================
report_checks -unconstrained
===========================================================================
======================= max_ss_100C_1v60 Corner ===================================

Startpoint: _2184_ (rising edge-triggered flip-flop clocked by sys_clk)
Endpoint: _2219_ (rising edge-triggered flip-flop clocked by sys_clk)
Path Group: sys_clk
Path Type: max

Fanout         Cap        Slew       Delay        Time   Description
---------------------------------------------------------------------------------------------
                                  0.000000    0.000000   clock sys_clk (rise edge)
                                  0.000000    0.000000   clock source latency
     1    0.025865    0.191217    0.132615    0.132615 ^ sys_clk (in)
                                                         sys_clk (net)
                      0.191309    0.000000    0.132615 ^ clkbuf_0_sys_clk/A (sky130_fd_sc_hd__clkbuf_16)
    16    0.120327    0.205732    0.388976    0.521591 ^ clkbuf_0_sys_clk/X (sky130_fd_sc_hd__clkbuf_16)
                                                         clknet_0_sys_clk (net)
                      0.206185    0.006985    0.528576 ^ clkbuf_4_6_0_sys_clk/A (sky130_fd_sc_hd__clkbuf_8)
     9    0.028269    0.103690    0.316730    0.845306 ^ clkbuf_4_6_0_sys_clk/X (sky130_fd_sc_hd__clkbuf_8)
                                                         clknet_4_6_0_sys_clk (net)
                      0.103706    0.001321    0.846627 ^ _2184_/CLK (sky130_fd_sc_hd__dfxtp_4)
     3    0.012672    0.092433    0.729272    1.575898 ^ _2184_/Q (sky130_fd_sc_hd__dfxtp_4)
                                                         lf_inst.error_in[1] (net)
                      0.092433    0.000773    1.576671 ^ fanout130/A (sky130_fd_sc_hd__buf_6)
    10    0.050157    0.169096    0.265273    1.841945 ^ fanout130/X (sky130_fd_sc_hd__buf_6)
                                                         net130 (net)
                      0.169224    0.002661    1.844606 ^ _1642_/B (sky130_fd_sc_hd__and2b_2)
     2    0.011837    0.126253    0.363451    2.208057 ^ _1642_/X (sky130_fd_sc_hd__and2b_2)
                                                         _1020_ (net)
                      0.126254    0.000709    2.208766 ^ rebuffer1/A (sky130_fd_sc_hd__dlygate4sd1_1)
     6    0.015774    0.245197    0.529659    2.738425 ^ rebuffer1/X (sky130_fd_sc_hd__dlygate4sd1_1)
                                                         net157 (net)
                      0.245198    0.001068    2.739493 ^ _1645_/B (sky130_fd_sc_hd__or2_1)
     3    0.012538    0.199371    0.335503    3.074996 ^ _1645_/X (sky130_fd_sc_hd__or2_1)
                                                         _1023_ (net)
                      0.199371    0.000523    3.075518 ^ _1661_/A2 (sky130_fd_sc_hd__a211oi_2)
     4    0.014483    0.190091    0.251856    3.327374 v _1661_/Y (sky130_fd_sc_hd__a211oi_2)
                                                         _1037_ (net)
                      0.190099    0.001340    3.328714 v _1676_/C (sky130_fd_sc_hd__or4_1)
     2    0.007333    0.231643    1.226342    4.555056 v _1676_/X (sky130_fd_sc_hd__or4_1)
                                                         _0153_ (net)
                      0.231643    0.000469    4.555524 v _1677_/A2 (sky130_fd_sc_hd__a21o_1)
     2    0.005470    0.081155    0.406135    4.961659 v _1677_/X (sky130_fd_sc_hd__a21o_1)
                                                         _0154_ (net)
                      0.081155    0.000322    4.961982 v _1679_/A (sky130_fd_sc_hd__and2_1)
     3    0.013101    0.148235    0.362966    5.324947 v _1679_/X (sky130_fd_sc_hd__and2_1)
                                                         _0156_ (net)
                      0.148236    0.000830    5.325778 v _1936_/B (sky130_fd_sc_hd__xnor2_1)
     3    0.011833    0.225291    0.343686    5.669463 v _1936_/Y (sky130_fd_sc_hd__xnor2_1)
                                                         _0375_ (net)
                      0.225291    0.000702    5.670165 v _1949_/B1 (sky130_fd_sc_hd__a211o_1)
     2    0.007370    0.125614    0.607008    6.277173 v _1949_/X (sky130_fd_sc_hd__a211o_1)
                                                         _0386_ (net)
                      0.125615    0.000633    6.277806 v _1968_/A1 (sky130_fd_sc_hd__a311o_1)
     3    0.014230    0.192497    0.642451    6.920258 v _1968_/X (sky130_fd_sc_hd__a311o_1)
                                                         _0403_ (net)
                      0.192498    0.000937    6.921196 v _1984_/A (sky130_fd_sc_hd__or2_1)
     3    0.010392    0.164215    0.627296    7.548491 v _1984_/X (sky130_fd_sc_hd__or2_1)
                                                         _0417_ (net)
                      0.164215    0.000640    7.549131 v _2007_/A2 (sky130_fd_sc_hd__a2111o_1)
     3    0.011962    0.198911    0.922088    8.471219 v _2007_/X (sky130_fd_sc_hd__a2111o_1)
                                                         _0436_ (net)
                      0.198913    0.001005    8.472224 v _2039_/A1 (sky130_fd_sc_hd__a211o_1)
     3    0.013299    0.175098    0.643531    9.115755 v _2039_/X (sky130_fd_sc_hd__a211o_1)
                                                         _0464_ (net)
                      0.175098    0.000607    9.116362 v _2057_/A2 (sky130_fd_sc_hd__a211o_1)
     2    0.010884    0.157487    0.662869    9.779230 v _2057_/X (sky130_fd_sc_hd__a211o_1)
                                                         _0480_ (net)
                      0.157488    0.000765    9.779995 v _2059_/A2 (sky130_fd_sc_hd__a31oi_4)
     3    0.008659    0.218386    0.314930   10.094925 ^ _2059_/Y (sky130_fd_sc_hd__a31oi_4)
                                                         _0482_ (net)
                      0.218386    0.000491   10.095416 ^ _2060_/B (sky130_fd_sc_hd__nor2_1)
     1    0.003625    0.067871    0.135893   10.231310 v _2060_/Y (sky130_fd_sc_hd__nor2_1)
                                                         _0483_ (net)
                      0.067872    0.000239   10.231548 v _2061_/B1 (sky130_fd_sc_hd__a221o_1)
     1    0.001858    0.082460    0.523668   10.755217 v _2061_/X (sky130_fd_sc_hd__a221o_1)
                                                         _0118_ (net)
                      0.082460    0.000133   10.755350 v _2219_/D (sky130_fd_sc_hd__dfxtp_1)
                                             10.755350   data arrival time

                                 10.000000   10.000000   clock sys_clk (rise edge)
                                  0.000000   10.000000   clock source latency
     1    0.025865    0.191217    0.132615   10.132615 ^ sys_clk (in)
                                                         sys_clk (net)
                      0.191309    0.000000   10.132615 ^ clkbuf_0_sys_clk/A (sky130_fd_sc_hd__clkbuf_16)
    16    0.120327    0.205732    0.388976   10.521591 ^ clkbuf_0_sys_clk/X (sky130_fd_sc_hd__clkbuf_16)
                                                         clknet_0_sys_clk (net)
                      0.206271    0.007756   10.529346 ^ clkbuf_4_15_0_sys_clk/A (sky130_fd_sc_hd__clkbuf_8)
    10    0.037074    0.122620    0.333666   10.863013 ^ clkbuf_4_15_0_sys_clk/X (sky130_fd_sc_hd__clkbuf_8)
                                                         clknet_4_15_0_sys_clk (net)
                      0.122746    0.003482   10.866495 ^ _2219_/CLK (sky130_fd_sc_hd__dfxtp_1)
                                 -0.250000   10.616494   clock uncertainty
                                  0.000000   10.616494   clock reconvergence pessimism
                                 -0.259946   10.356548   library setup time
                                             10.356548   data required time
---------------------------------------------------------------------------------------------
                                             10.356548   data required time
                                            -10.755350   data arrival time
---------------------------------------------------------------------------------------------
                                             -0.398802   slack (VIOLATED)




===========================================================================
report_checks --slack_max -0.01
============================================================================
======================= max_ss_100C_1v60 Corner ===================================

Startpoint: _2184_ (rising edge-triggered flip-flop clocked by sys_clk)
Endpoint: _2219_ (rising edge-triggered flip-flop clocked by sys_clk)
Path Group: sys_clk
Path Type: max

Fanout         Cap        Slew       Delay        Time   Description
---------------------------------------------------------------------------------------------
                                  0.000000    0.000000   clock sys_clk (rise edge)
                                  0.000000    0.000000   clock source latency
     1    0.025865    0.191217    0.132615    0.132615 ^ sys_clk (in)
                                                         sys_clk (net)
                      0.191309    0.000000    0.132615 ^ clkbuf_0_sys_clk/A (sky130_fd_sc_hd__clkbuf_16)
    16    0.120327    0.205732    0.388976    0.521591 ^ clkbuf_0_sys_clk/X (sky130_fd_sc_hd__clkbuf_16)
                                                         clknet_0_sys_clk (net)
                      0.206185    0.006985    0.528576 ^ clkbuf_4_6_0_sys_clk/A (sky130_fd_sc_hd__clkbuf_8)
     9    0.028269    0.103690    0.316730    0.845306 ^ clkbuf_4_6_0_sys_clk/X (sky130_fd_sc_hd__clkbuf_8)
                                                         clknet_4_6_0_sys_clk (net)
                      0.103706    0.001321    0.846627 ^ _2184_/CLK (sky130_fd_sc_hd__dfxtp_4)
     3    0.012672    0.092433    0.729272    1.575898 ^ _2184_/Q (sky130_fd_sc_hd__dfxtp_4)
                                                         lf_inst.error_in[1] (net)
                      0.092433    0.000773    1.576671 ^ fanout130/A (sky130_fd_sc_hd__buf_6)
    10    0.050157    0.169096    0.265273    1.841945 ^ fanout130/X (sky130_fd_sc_hd__buf_6)
                                                         net130 (net)
                      0.169224    0.002661    1.844606 ^ _1642_/B (sky130_fd_sc_hd__and2b_2)
     2    0.011837    0.126253    0.363451    2.208057 ^ _1642_/X (sky130_fd_sc_hd__and2b_2)
                                                         _1020_ (net)
                      0.126254    0.000709    2.208766 ^ rebuffer1/A (sky130_fd_sc_hd__dlygate4sd1_1)
     6    0.015774    0.245197    0.529659    2.738425 ^ rebuffer1/X (sky130_fd_sc_hd__dlygate4sd1_1)
                                                         net157 (net)
                      0.245198    0.001068    2.739493 ^ _1645_/B (sky130_fd_sc_hd__or2_1)
     3    0.012538    0.199371    0.335503    3.074996 ^ _1645_/X (sky130_fd_sc_hd__or2_1)
                                                         _1023_ (net)
                      0.199371    0.000523    3.075518 ^ _1661_/A2 (sky130_fd_sc_hd__a211oi_2)
     4    0.014483    0.190091    0.251856    3.327374 v _1661_/Y (sky130_fd_sc_hd__a211oi_2)
                                                         _1037_ (net)
                      0.190099    0.001340    3.328714 v _1676_/C (sky130_fd_sc_hd__or4_1)
     2    0.007333    0.231643    1.226342    4.555056 v _1676_/X (sky130_fd_sc_hd__or4_1)
                                                         _0153_ (net)
                      0.231643    0.000469    4.555524 v _1677_/A2 (sky130_fd_sc_hd__a21o_1)
     2    0.005470    0.081155    0.406135    4.961659 v _1677_/X (sky130_fd_sc_hd__a21o_1)
                                                         _0154_ (net)
                      0.081155    0.000322    4.961982 v _1679_/A (sky130_fd_sc_hd__and2_1)
     3    0.013101    0.148235    0.362966    5.324947 v _1679_/X (sky130_fd_sc_hd__and2_1)
                                                         _0156_ (net)
                      0.148236    0.000830    5.325778 v _1936_/B (sky130_fd_sc_hd__xnor2_1)
     3    0.011833    0.225291    0.343686    5.669463 v _1936_/Y (sky130_fd_sc_hd__xnor2_1)
                                                         _0375_ (net)
                      0.225291    0.000702    5.670165 v _1949_/B1 (sky130_fd_sc_hd__a211o_1)
     2    0.007370    0.125614    0.607008    6.277173 v _1949_/X (sky130_fd_sc_hd__a211o_1)
                                                         _0386_ (net)
                      0.125615    0.000633    6.277806 v _1968_/A1 (sky130_fd_sc_hd__a311o_1)
     3    0.014230    0.192497    0.642451    6.920258 v _1968_/X (sky130_fd_sc_hd__a311o_1)
                                                         _0403_ (net)
                      0.192498    0.000937    6.921196 v _1984_/A (sky130_fd_sc_hd__or2_1)
     3    0.010392    0.164215    0.627296    7.548491 v _1984_/X (sky130_fd_sc_hd__or2_1)
                                                         _0417_ (net)
                      0.164215    0.000640    7.549131 v _2007_/A2 (sky130_fd_sc_hd__a2111o_1)
     3    0.011962    0.198911    0.922088    8.471219 v _2007_/X (sky130_fd_sc_hd__a2111o_1)
                                                         _0436_ (net)
                      0.198913    0.001005    8.472224 v _2039_/A1 (sky130_fd_sc_hd__a211o_1)
     3    0.013299    0.175098    0.643531    9.115755 v _2039_/X (sky130_fd_sc_hd__a211o_1)
                                                         _0464_ (net)
                      0.175098    0.000607    9.116362 v _2057_/A2 (sky130_fd_sc_hd__a211o_1)
     2    0.010884    0.157487    0.662869    9.779230 v _2057_/X (sky130_fd_sc_hd__a211o_1)
                                                         _0480_ (net)
                      0.157488    0.000765    9.779995 v _2059_/A2 (sky130_fd_sc_hd__a31oi_4)
     3    0.008659    0.218386    0.314930   10.094925 ^ _2059_/Y (sky130_fd_sc_hd__a31oi_4)
                                                         _0482_ (net)
                      0.218386    0.000491   10.095416 ^ _2060_/B (sky130_fd_sc_hd__nor2_1)
     1    0.003625    0.067871    0.135893   10.231310 v _2060_/Y (sky130_fd_sc_hd__nor2_1)
                                                         _0483_ (net)
                      0.067872    0.000239   10.231548 v _2061_/B1 (sky130_fd_sc_hd__a221o_1)
     1    0.001858    0.082460    0.523668   10.755217 v _2061_/X (sky130_fd_sc_hd__a221o_1)
                                                         _0118_ (net)
                      0.082460    0.000133   10.755350 v _2219_/D (sky130_fd_sc_hd__dfxtp_1)
                                             10.755350   data arrival time

                                 10.000000   10.000000   clock sys_clk (rise edge)
                                  0.000000   10.000000   clock source latency
     1    0.025865    0.191217    0.132615   10.132615 ^ sys_clk (in)
                                                         sys_clk (net)
                      0.191309    0.000000   10.132615 ^ clkbuf_0_sys_clk/A (sky130_fd_sc_hd__clkbuf_16)
    16    0.120327    0.205732    0.388976   10.521591 ^ clkbuf_0_sys_clk/X (sky130_fd_sc_hd__clkbuf_16)
                                                         clknet_0_sys_clk (net)
                      0.206271    0.007756   10.529346 ^ clkbuf_4_15_0_sys_clk/A (sky130_fd_sc_hd__clkbuf_8)
    10    0.037074    0.122620    0.333666   10.863013 ^ clkbuf_4_15_0_sys_clk/X (sky130_fd_sc_hd__clkbuf_8)
                                                         clknet_4_15_0_sys_clk (net)
                      0.122746    0.003482   10.866495 ^ _2219_/CLK (sky130_fd_sc_hd__dfxtp_1)
                                 -0.250000   10.616494   clock uncertainty
                                  0.000000   10.616494   clock reconvergence pessimism
                                 -0.259946   10.356548   library setup time
                                             10.356548   data required time
---------------------------------------------------------------------------------------------
                                             10.356548   data required time
                                            -10.755350   data arrival time
---------------------------------------------------------------------------------------------
                                             -0.398802   slack (VIOLATED)




===========================================================================
 report_check_types -max_slew -max_cap -max_fanout -violators
============================================================================
======================= max_ss_100C_1v60 Corner ===================================

max slew

Pin                                        Limit        Slew       Slack
------------------------------------------------------------------------
_2040_/Y                                0.750000    0.865838   -0.115838 (VIOLATED)
_2044_/B                                0.750000    0.865838   -0.115838 (VIOLATED)
max_cap111/A                            0.750000    0.865838   -0.115838 (VIOLATED)

max fanout

Pin                                   Limit Fanout  Slack
---------------------------------------------------------
clkbuf_0_sys_clk/X                       10     16     -6 (VIOLATED)
clkbuf_4_4_0_sys_clk/X                   10     11        (VIOLATED)
clkbuf_4_7_0_sys_clk/X                   10     11        (VIOLATED)



===========================================================================
report_parasitic_annotation -report_unannotated
============================================================================
Found 15 unannotated drivers.
 clkload0/X
 clkload1/X
 clkload10/Y
 clkload11/Y
 clkload12/Y
 clkload13/Y
 clkload14/X
 clkload2/Y
 clkload3/Y
 clkload4/X
 clkload5/Y
 clkload6/Y
 clkload7/Y
 clkload8/Y
 clkload9/X
Found 0 partially unannotated drivers.

===========================================================================
max slew violation count 3
max fanout violation count 3
max cap violation count 0
============================================================================

===========================================================================
check_setup -verbose -unconstrained_endpoints -multiple_clock -no_clock -no_input_delay -loops -generated_clocks
===========================================================================
Warning: There are 33 unclocked register/latch pins.
  _2133_/CLK
  _2221_/CLK
  _2222_/CLK
  _2223_/CLK
  _2224_/CLK
  _2225_/CLK
  _2226_/CLK
  _2227_/CLK
  _2228_/CLK
  _2229_/CLK
  _2230_/CLK
  _2231_/CLK
  _2232_/CLK
  _2233_/CLK
  _2234_/CLK
  _2235_/CLK
  _2236_/CLK
  _2237_/CLK
  _2238_/CLK
  _2239_/CLK
  _2240_/CLK
  _2241_/CLK
  _2242_/CLK
  _2243_/CLK
  _2244_/CLK
  _2245_/CLK
  _2246_/CLK
  _2247_/CLK
  _2248_/CLK
  _2249_/CLK
  _2250_/CLK
  _2251_/CLK
  _2252_/CLK
Warning: There are 33 unconstrained endpoints.
  _2133_/D
  _2221_/D
  _2222_/D
  _2223_/D
  _2224_/D
  _2225_/D
  _2226_/D
  _2227_/D
  _2228_/D
  _2229_/D
  _2230_/D
  _2231_/D
  _2232_/D
  _2233_/D
  _2234_/D
  _2235_/D
  _2236_/D
  _2237_/D
  _2238_/D
  _2239_/D
  _2240_/D
  _2241_/D
  _2242_/D
  _2243_/D
  _2244_/D
  _2245_/D
  _2246_/D
  _2247_/D
  _2248_/D
  _2249_/D
  _2250_/D
  _2251_/D
  _2252_/D
