
===========================================================================
report_checks -unconstrained
===========================================================================
======================= nom_tt_025C_5v00 Corner ===================================

Startpoint: rst_n (input port clocked by sys_clk)
Endpoint: _2391_ (rising edge-triggered flip-flop clocked by sys_clk)
Path Group: sys_clk
Path Type: max

Fanout         Cap        Slew       Delay        Time   Description
---------------------------------------------------------------------------------------------
                      0.150000    0.000000    0.000000   clock sys_clk (rise edge)
                                  0.000000    0.000000   clock network delay (ideal)
                                  4.800000    4.800000 ^ input external delay
    45    0.205462    3.445026    1.916690    6.716690 ^ rst_n (in)
                                                         rst_n (net)
                      3.445026    0.000000    6.716690 ^ _1149_/I (gf180mcu_fd_sc_mcu7t5v0__clkinv_1)
    58    0.268445    4.332075    3.347443   10.064133 v _1149_/ZN (gf180mcu_fd_sc_mcu7t5v0__clkinv_1)
                                                         _0566_ (net)
                      4.332075    0.000000   10.064133 v _1805_/A1 (gf180mcu_fd_sc_mcu7t5v0__nor2_1)
    55    0.258028    7.865769    5.552698   15.616831 ^ _1805_/ZN (gf180mcu_fd_sc_mcu7t5v0__nor2_1)
                                                         _0173_ (net)
                      7.865769    0.000000   15.616831 ^ _2140_/C (gf180mcu_fd_sc_mcu7t5v0__aoi221_1)
     1    0.004011    1.914414    0.261759   15.878590 v _2140_/ZN (gf180mcu_fd_sc_mcu7t5v0__aoi221_1)
                                                         _0463_ (net)
                      1.914414    0.000000   15.878590 v _2141_/B (gf180mcu_fd_sc_mcu7t5v0__aoi21_1)
     1    0.002389    0.746788    0.483730   16.362320 ^ _2141_/ZN (gf180mcu_fd_sc_mcu7t5v0__aoi21_1)
                                                         _0104_ (net)
                      0.746788    0.000000   16.362320 ^ _2391_/D (gf180mcu_fd_sc_mcu7t5v0__dffq_1)
                                             16.362320   data arrival time

                      0.150000   24.000000   24.000000   clock sys_clk (rise edge)
                                  0.000000   24.000000   clock network delay (ideal)
                                 -0.250000   23.750000   clock uncertainty
                                  0.000000   23.750000   clock reconvergence pessimism
                                             23.750000 ^ _2391_/CLK (gf180mcu_fd_sc_mcu7t5v0__dffq_1)
                                 -0.250040   23.499960   library setup time
                                             23.499960   data required time
---------------------------------------------------------------------------------------------
                                             23.499960   data required time
                                            -16.362320   data arrival time
---------------------------------------------------------------------------------------------
                                              7.137640   slack (MET)




===========================================================================
report_checks --slack_max -0.01
============================================================================
======================= nom_tt_025C_5v00 Corner ===================================

No paths found.


===========================================================================
 report_check_types -max_slew -max_cap -max_fanout -violators
============================================================================
======================= nom_tt_025C_5v00 Corner ===================================

max slew

Pin                                        Limit        Slew       Slack
------------------------------------------------------------------------
_1805_/ZN                               3.000000    7.865769   -4.865770 (VIOLATED)
_1806_/A2                               3.000000    7.865769   -4.865770 (VIOLATED)
_1817_/A2                               3.000000    7.865769   -4.865770 (VIOLATED)
_1825_/A2                               3.000000    7.865769   -4.865770 (VIOLATED)
_1833_/C1                               3.000000    7.865769   -4.865770 (VIOLATED)
_1840_/A2                               3.000000    7.865769   -4.865770 (VIOLATED)
_1850_/A2                               3.000000    7.865769   -4.865770 (VIOLATED)
_1857_/A2                               3.000000    7.865769   -4.865770 (VIOLATED)
_1870_/A2                               3.000000    7.865769   -4.865770 (VIOLATED)
_1879_/A2                               3.000000    7.865769   -4.865770 (VIOLATED)
_1887_/A2                               3.000000    7.865769   -4.865770 (VIOLATED)
_1893_/B1                               3.000000    7.865769   -4.865770 (VIOLATED)
_1904_/A2                               3.000000    7.865769   -4.865770 (VIOLATED)
_1910_/A2                               3.000000    7.865769   -4.865770 (VIOLATED)
_1922_/A2                               3.000000    7.865769   -4.865770 (VIOLATED)
_1930_/A2                               3.000000    7.865769   -4.865770 (VIOLATED)
_1944_/A2                               3.000000    7.865769   -4.865770 (VIOLATED)
_1950_/A2                               3.000000    7.865769   -4.865770 (VIOLATED)
_1961_/A2                               3.000000    7.865769   -4.865770 (VIOLATED)
_1969_/A2                               3.000000    7.865769   -4.865770 (VIOLATED)
_1978_/A2                               3.000000    7.865769   -4.865770 (VIOLATED)
_1985_/A2                               3.000000    7.865769   -4.865770 (VIOLATED)
_1993_/A2                               3.000000    7.865769   -4.865770 (VIOLATED)
_2000_/A2                               3.000000    7.865769   -4.865770 (VIOLATED)
_2032_/S                                3.000000    7.865769   -4.865770 (VIOLATED)
_2039_/A2                               3.000000    7.865769   -4.865770 (VIOLATED)
_2044_/A2                               3.000000    7.865769   -4.865770 (VIOLATED)
_2051_/A2                               3.000000    7.865769   -4.865770 (VIOLATED)
_2056_/A2                               3.000000    7.865769   -4.865770 (VIOLATED)
_2067_/A2                               3.000000    7.865769   -4.865770 (VIOLATED)
_2073_/A2                               3.000000    7.865769   -4.865770 (VIOLATED)
_2081_/B2                               3.000000    7.865769   -4.865770 (VIOLATED)
_2088_/A2                               3.000000    7.865769   -4.865770 (VIOLATED)
_2096_/A2                               3.000000    7.865769   -4.865770 (VIOLATED)
_2101_/A2                               3.000000    7.865769   -4.865770 (VIOLATED)
_2112_/B2                               3.000000    7.865769   -4.865770 (VIOLATED)
_2119_/A2                               3.000000    7.865769   -4.865770 (VIOLATED)
_2126_/A2                               3.000000    7.865769   -4.865770 (VIOLATED)
_2130_/A2                               3.000000    7.865769   -4.865770 (VIOLATED)
_2140_/C                                3.000000    7.865769   -4.865770 (VIOLATED)
_2141_/A2                               3.000000    7.865769   -4.865770 (VIOLATED)
_2146_/A2                               3.000000    7.865769   -4.865770 (VIOLATED)
_2157_/A2                               3.000000    7.865769   -4.865770 (VIOLATED)
_2162_/B2                               3.000000    7.865769   -4.865770 (VIOLATED)
_2170_/A2                               3.000000    7.865769   -4.865770 (VIOLATED)
_2177_/A2                               3.000000    7.865769   -4.865770 (VIOLATED)
_2183_/A2                               3.000000    7.865769   -4.865770 (VIOLATED)
_2188_/A2                               3.000000    7.865769   -4.865770 (VIOLATED)
_2199_/A2                               3.000000    7.865769   -4.865770 (VIOLATED)
_2205_/A2                               3.000000    7.865769   -4.865770 (VIOLATED)
_2213_/A2                               3.000000    7.865769   -4.865770 (VIOLATED)
_2219_/A2                               3.000000    7.865769   -4.865770 (VIOLATED)
_2229_/A2                               3.000000    7.865769   -4.865770 (VIOLATED)
_2238_/A2                               3.000000    7.865769   -4.865770 (VIOLATED)
_2245_/A2                               3.000000    7.865769   -4.865770 (VIOLATED)
_2249_/A2                               3.000000    7.865769   -4.865770 (VIOLATED)
_2034_/ZN                               3.000000    5.925685   -2.925685 (VIOLATED)
_2038_/A3                               3.000000    5.925685   -2.925685 (VIOLATED)
_2042_/A2                               3.000000    5.925685   -2.925685 (VIOLATED)
_2043_/A2                               3.000000    5.925685   -2.925685 (VIOLATED)
_2046_/A2                               3.000000    5.925685   -2.925685 (VIOLATED)
_2047_/A2                               3.000000    5.925685   -2.925685 (VIOLATED)
_2059_/B                                3.000000    5.925685   -2.925685 (VIOLATED)
_2061_/A2                               3.000000    5.925685   -2.925685 (VIOLATED)
_2069_/A2                               3.000000    5.925685   -2.925685 (VIOLATED)
_2070_/A2                               3.000000    5.925685   -2.925685 (VIOLATED)
_2072_/A2                               3.000000    5.925685   -2.925685 (VIOLATED)
_2077_/A2                               3.000000    5.925685   -2.925685 (VIOLATED)
_2078_/A2                               3.000000    5.925685   -2.925685 (VIOLATED)
_2083_/A2                               3.000000    5.925685   -2.925685 (VIOLATED)
_2084_/A2                               3.000000    5.925685   -2.925685 (VIOLATED)
_2085_/A2                               3.000000    5.925685   -2.925685 (VIOLATED)
_2086_/A2                               3.000000    5.925685   -2.925685 (VIOLATED)
_2090_/A2                               3.000000    5.925685   -2.925685 (VIOLATED)
_2091_/A2                               3.000000    5.925685   -2.925685 (VIOLATED)
_2098_/A3                               3.000000    5.925685   -2.925685 (VIOLATED)
_2103_/A2                               3.000000    5.925685   -2.925685 (VIOLATED)
_2104_/A2                               3.000000    5.925685   -2.925685 (VIOLATED)
_2108_/A2                               3.000000    5.925685   -2.925685 (VIOLATED)
_2114_/A2                               3.000000    5.925685   -2.925685 (VIOLATED)
_2135_/B1                               3.000000    5.925685   -2.925685 (VIOLATED)
_1149_/ZN                               3.000000    4.469120   -1.469120 (VIOLATED)
_1197_/A1                               3.000000    4.469120   -1.469120 (VIOLATED)
_1198_/B                                3.000000    4.469120   -1.469120 (VIOLATED)
_1202_/A1                               3.000000    4.469120   -1.469120 (VIOLATED)
_1203_/B                                3.000000    4.469120   -1.469120 (VIOLATED)
_1230_/A1                               3.000000    4.469120   -1.469120 (VIOLATED)
_1269_/A1                               3.000000    4.469120   -1.469120 (VIOLATED)
_1304_/A1                               3.000000    4.469120   -1.469120 (VIOLATED)
_1319_/A1                               3.000000    4.469120   -1.469120 (VIOLATED)
_1336_/A1                               3.000000    4.469120   -1.469120 (VIOLATED)
_1383_/A1                               3.000000    4.469120   -1.469120 (VIOLATED)
_1392_/A1                               3.000000    4.469120   -1.469120 (VIOLATED)
_1399_/A1                               3.000000    4.469120   -1.469120 (VIOLATED)
_1407_/A1                               3.000000    4.469120   -1.469120 (VIOLATED)
_1412_/A1                               3.000000    4.469120   -1.469120 (VIOLATED)
_1418_/A1                               3.000000    4.469120   -1.469120 (VIOLATED)
_1754_/B                                3.000000    4.469120   -1.469120 (VIOLATED)
_1755_/A1                               3.000000    4.469120   -1.469120 (VIOLATED)
_1756_/A1                               3.000000    4.469120   -1.469120 (VIOLATED)
_1757_/A1                               3.000000    4.469120   -1.469120 (VIOLATED)
_1758_/A1                               3.000000    4.469120   -1.469120 (VIOLATED)
_1759_/A1                               3.000000    4.469120   -1.469120 (VIOLATED)
_1762_/A1                               3.000000    4.469120   -1.469120 (VIOLATED)
_1763_/A1                               3.000000    4.469120   -1.469120 (VIOLATED)
_1764_/A1                               3.000000    4.469120   -1.469120 (VIOLATED)
_1767_/A1                               3.000000    4.469120   -1.469120 (VIOLATED)
_1770_/A1                               3.000000    4.469120   -1.469120 (VIOLATED)
_1776_/A1                               3.000000    4.469120   -1.469120 (VIOLATED)
_1805_/A1                               3.000000    4.469120   -1.469120 (VIOLATED)
_1807_/A1                               3.000000    4.469120   -1.469120 (VIOLATED)
_1818_/A1                               3.000000    4.469120   -1.469120 (VIOLATED)
_1824_/A1                               3.000000    4.469120   -1.469120 (VIOLATED)
_1833_/A1                               3.000000    4.469120   -1.469120 (VIOLATED)
_1839_/A1                               3.000000    4.469120   -1.469120 (VIOLATED)
_1851_/A1                               3.000000    4.469120   -1.469120 (VIOLATED)
_1856_/A1                               3.000000    4.469120   -1.469120 (VIOLATED)
_1871_/A1                               3.000000    4.469120   -1.469120 (VIOLATED)
_1878_/A1                               3.000000    4.469120   -1.469120 (VIOLATED)
_1888_/A1                               3.000000    4.469120   -1.469120 (VIOLATED)
_1893_/A1                               3.000000    4.469120   -1.469120 (VIOLATED)
_1903_/A1                               3.000000    4.469120   -1.469120 (VIOLATED)
_1911_/A1                               3.000000    4.469120   -1.469120 (VIOLATED)
_1923_/A1                               3.000000    4.469120   -1.469120 (VIOLATED)
_1929_/A1                               3.000000    4.469120   -1.469120 (VIOLATED)
_1951_/A1                               3.000000    4.469120   -1.469120 (VIOLATED)
_1962_/A1                               3.000000    4.469120   -1.469120 (VIOLATED)
_1968_/A1                               3.000000    4.469120   -1.469120 (VIOLATED)
_1979_/A1                               3.000000    4.469120   -1.469120 (VIOLATED)
_1986_/A1                               3.000000    4.469120   -1.469120 (VIOLATED)
_1994_/A1                               3.000000    4.469120   -1.469120 (VIOLATED)
_1999_/A1                               3.000000    4.469120   -1.469120 (VIOLATED)
_2003_/A1                               3.000000    4.469120   -1.469120 (VIOLATED)
_2023_/C                                3.000000    4.469120   -1.469120 (VIOLATED)
_2081_/A1                               3.000000    4.469120   -1.469120 (VIOLATED)
_2112_/A1                               3.000000    4.469120   -1.469120 (VIOLATED)
_2139_/A1                               3.000000    4.469120   -1.469120 (VIOLATED)
_2140_/A1                               3.000000    4.469120   -1.469120 (VIOLATED)
_2162_/A1                               3.000000    4.469120   -1.469120 (VIOLATED)
_2251_/A1                               3.000000    4.469120   -1.469120 (VIOLATED)
_1146_/I                                3.000000    4.046891   -1.046891 (VIOLATED)
_1810_/A1                               3.000000    4.046891   -1.046891 (VIOLATED)
_1812_/A1                               3.000000    4.046891   -1.046891 (VIOLATED)
_1813_/A1                               3.000000    4.046891   -1.046891 (VIOLATED)
_1827_/A1                               3.000000    4.046891   -1.046891 (VIOLATED)
_1836_/I0                               3.000000    4.046891   -1.046891 (VIOLATED)
_1845_/A1                               3.000000    4.046891   -1.046891 (VIOLATED)
_1847_/A1                               3.000000    4.046891   -1.046891 (VIOLATED)
_1854_/A1                               3.000000    4.046891   -1.046891 (VIOLATED)
_1863_/B                                3.000000    4.046891   -1.046891 (VIOLATED)
_1866_/A1                               3.000000    4.046891   -1.046891 (VIOLATED)
_1867_/A1                               3.000000    4.046891   -1.046891 (VIOLATED)
_1874_/A1                               3.000000    4.046891   -1.046891 (VIOLATED)
_1881_/B                                3.000000    4.046891   -1.046891 (VIOLATED)
_1883_/A1                               3.000000    4.046891   -1.046891 (VIOLATED)
_1884_/A1                               3.000000    4.046891   -1.046891 (VIOLATED)
_1891_/A1                               3.000000    4.046891   -1.046891 (VIOLATED)
_1895_/A1                               3.000000    4.046891   -1.046891 (VIOLATED)
_1896_/A1                               3.000000    4.046891   -1.046891 (VIOLATED)
_1898_/B                                3.000000    4.046891   -1.046891 (VIOLATED)
_1907_/A1                               3.000000    4.046891   -1.046891 (VIOLATED)
_1913_/B                                3.000000    4.046891   -1.046891 (VIOLATED)
_1916_/A1                               3.000000    4.046891   -1.046891 (VIOLATED)
_1917_/A1                               3.000000    4.046891   -1.046891 (VIOLATED)
_1925_/A1                               3.000000    4.046891   -1.046891 (VIOLATED)
_1932_/A1                               3.000000    4.046891   -1.046891 (VIOLATED)
_1933_/A1                               3.000000    4.046891   -1.046891 (VIOLATED)
_1938_/A1                               3.000000    4.046891   -1.046891 (VIOLATED)
_1946_/A1                               3.000000    4.046891   -1.046891 (VIOLATED)
_1947_/A1                               3.000000    4.046891   -1.046891 (VIOLATED)
_1955_/A1                               3.000000    4.046891   -1.046891 (VIOLATED)
_1956_/A1                               3.000000    4.046891   -1.046891 (VIOLATED)
_1965_/A1                               3.000000    4.046891   -1.046891 (VIOLATED)
_1966_/A1                               3.000000    4.046891   -1.046891 (VIOLATED)
_1971_/A1                               3.000000    4.046891   -1.046891 (VIOLATED)
_1982_/A1                               3.000000    4.046891   -1.046891 (VIOLATED)
_1989_/A1                               3.000000    4.046891   -1.046891 (VIOLATED)
_1990_/A1                               3.000000    4.046891   -1.046891 (VIOLATED)
_1991_/A1                               3.000000    4.046891   -1.046891 (VIOLATED)
_1998_/A1                               3.000000    4.046891   -1.046891 (VIOLATED)
_2010_/A1                               3.000000    4.046891   -1.046891 (VIOLATED)
_2013_/A1                               3.000000    4.046891   -1.046891 (VIOLATED)
_2035_/A1                               3.000000    4.046891   -1.046891 (VIOLATED)
_2150_/B                                3.000000    4.046891   -1.046891 (VIOLATED)
_2240_/A1                               3.000000    4.046891   -1.046891 (VIOLATED)
_2370_/Q                                3.000000    4.046891   -1.046891 (VIOLATED)
rst_n                                   3.000000    3.445026   -0.445026 (VIOLATED)
_1149_/I                                3.000000    3.445026   -0.445026 (VIOLATED)
_1206_/B                                3.000000    3.445026   -0.445026 (VIOLATED)
_1210_/B                                3.000000    3.445026   -0.445026 (VIOLATED)
_1215_/B                                3.000000    3.445026   -0.445026 (VIOLATED)
_1220_/B                                3.000000    3.445026   -0.445026 (VIOLATED)
_1225_/B                                3.000000    3.445026   -0.445026 (VIOLATED)
_1236_/B                                3.000000    3.445026   -0.445026 (VIOLATED)
_1243_/A1                               3.000000    3.445026   -0.445026 (VIOLATED)
_1249_/B                                3.000000    3.445026   -0.445026 (VIOLATED)
_1254_/B                                3.000000    3.445026   -0.445026 (VIOLATED)
_1263_/B                                3.000000    3.445026   -0.445026 (VIOLATED)
_1281_/A1                               3.000000    3.445026   -0.445026 (VIOLATED)
_1286_/B                                3.000000    3.445026   -0.445026 (VIOLATED)
_1296_/B                                3.000000    3.445026   -0.445026 (VIOLATED)
_1313_/B                                3.000000    3.445026   -0.445026 (VIOLATED)
_1330_/A1                               3.000000    3.445026   -0.445026 (VIOLATED)
_1343_/B                                3.000000    3.445026   -0.445026 (VIOLATED)
_1348_/B                                3.000000    3.445026   -0.445026 (VIOLATED)
_1357_/B                                3.000000    3.445026   -0.445026 (VIOLATED)
_1364_/A1                               3.000000    3.445026   -0.445026 (VIOLATED)
_1376_/A1                               3.000000    3.445026   -0.445026 (VIOLATED)
_1422_/B                                3.000000    3.445026   -0.445026 (VIOLATED)
_1760_/A1                               3.000000    3.445026   -0.445026 (VIOLATED)
_1765_/A1                               3.000000    3.445026   -0.445026 (VIOLATED)
_1768_/A1                               3.000000    3.445026   -0.445026 (VIOLATED)
_1771_/A1                               3.000000    3.445026   -0.445026 (VIOLATED)
_1773_/S                                3.000000    3.445026   -0.445026 (VIOLATED)
_1774_/A1                               3.000000    3.445026   -0.445026 (VIOLATED)
_1775_/A1                               3.000000    3.445026   -0.445026 (VIOLATED)
_1777_/S                                3.000000    3.445026   -0.445026 (VIOLATED)
_1778_/A2                               3.000000    3.445026   -0.445026 (VIOLATED)
_1796_/A1                               3.000000    3.445026   -0.445026 (VIOLATED)
_1797_/A1                               3.000000    3.445026   -0.445026 (VIOLATED)
_1798_/A1                               3.000000    3.445026   -0.445026 (VIOLATED)
_1802_/A1                               3.000000    3.445026   -0.445026 (VIOLATED)
_1803_/A1                               3.000000    3.445026   -0.445026 (VIOLATED)
_1943_/A1                               3.000000    3.445026   -0.445026 (VIOLATED)
_2005_/B                                3.000000    3.445026   -0.445026 (VIOLATED)
_2014_/B                                3.000000    3.445026   -0.445026 (VIOLATED)
_2018_/B                                3.000000    3.445026   -0.445026 (VIOLATED)
_2025_/A1                               3.000000    3.445026   -0.445026 (VIOLATED)
_2027_/A1                               3.000000    3.445026   -0.445026 (VIOLATED)
_2030_/A2                               3.000000    3.445026   -0.445026 (VIOLATED)
_2267_/A1                               3.000000    3.445026   -0.445026 (VIOLATED)
_2368_/D                                3.000000    3.445026   -0.445026 (VIOLATED)
_2149_/ZN                               3.000000    3.388013   -0.388013 (VIOLATED)
_2151_/A2                               3.000000    3.388013   -0.388013 (VIOLATED)
_2160_/A3                               3.000000    3.388013   -0.388013 (VIOLATED)
_2164_/A2                               3.000000    3.388013   -0.388013 (VIOLATED)
_2173_/A2                               3.000000    3.388013   -0.388013 (VIOLATED)
_2174_/A3                               3.000000    3.388013   -0.388013 (VIOLATED)
_2175_/A2                               3.000000    3.388013   -0.388013 (VIOLATED)
_2185_/A3                               3.000000    3.388013   -0.388013 (VIOLATED)
_2186_/A2                               3.000000    3.388013   -0.388013 (VIOLATED)
_2187_/A2                               3.000000    3.388013   -0.388013 (VIOLATED)
_2192_/B                                3.000000    3.388013   -0.388013 (VIOLATED)
_2195_/A2                               3.000000    3.388013   -0.388013 (VIOLATED)
_2197_/A2                               3.000000    3.388013   -0.388013 (VIOLATED)
_2201_/A2                               3.000000    3.388013   -0.388013 (VIOLATED)
_2202_/A2                               3.000000    3.388013   -0.388013 (VIOLATED)
_2203_/A2                               3.000000    3.388013   -0.388013 (VIOLATED)
_2207_/A2                               3.000000    3.388013   -0.388013 (VIOLATED)
_2208_/A2                               3.000000    3.388013   -0.388013 (VIOLATED)
_2215_/A2                               3.000000    3.388013   -0.388013 (VIOLATED)
_2216_/A3                               3.000000    3.388013   -0.388013 (VIOLATED)
_2224_/A2                               3.000000    3.388013   -0.388013 (VIOLATED)
pll_out                                 3.000000    3.145477   -0.145477 (VIOLATED)
_1421_/A1                               3.000000    3.145477   -0.145477 (VIOLATED)
_2318_/Q                                3.000000    3.145477   -0.145477 (VIOLATED)
_2319_/CLK                              3.000000    3.145477   -0.145477 (VIOLATED)
_2407_/CLK                              3.000000    3.145477   -0.145477 (VIOLATED)
_2408_/CLK                              3.000000    3.145477   -0.145477 (VIOLATED)
_2409_/CLK                              3.000000    3.145477   -0.145477 (VIOLATED)
_2410_/CLK                              3.000000    3.145477   -0.145477 (VIOLATED)
_2411_/CLK                              3.000000    3.145477   -0.145477 (VIOLATED)
_2412_/CLK                              3.000000    3.145477   -0.145477 (VIOLATED)
_2413_/CLK                              3.000000    3.145477   -0.145477 (VIOLATED)
_2414_/CLK                              3.000000    3.145477   -0.145477 (VIOLATED)
_2415_/CLK                              3.000000    3.145477   -0.145477 (VIOLATED)
_2416_/CLK                              3.000000    3.145477   -0.145477 (VIOLATED)
_2417_/CLK                              3.000000    3.145477   -0.145477 (VIOLATED)
_2418_/CLK                              3.000000    3.145477   -0.145477 (VIOLATED)
_2419_/CLK                              3.000000    3.145477   -0.145477 (VIOLATED)
_2420_/CLK                              3.000000    3.145477   -0.145477 (VIOLATED)
_2421_/CLK                              3.000000    3.145477   -0.145477 (VIOLATED)
_2422_/CLK                              3.000000    3.145477   -0.145477 (VIOLATED)
_2423_/CLK                              3.000000    3.145477   -0.145477 (VIOLATED)
_2424_/CLK                              3.000000    3.145477   -0.145477 (VIOLATED)
_2425_/CLK                              3.000000    3.145477   -0.145477 (VIOLATED)
_2426_/CLK                              3.000000    3.145477   -0.145477 (VIOLATED)
_2427_/CLK                              3.000000    3.145477   -0.145477 (VIOLATED)
_2428_/CLK                              3.000000    3.145477   -0.145477 (VIOLATED)
_2429_/CLK                              3.000000    3.145477   -0.145477 (VIOLATED)
_2430_/CLK                              3.000000    3.145477   -0.145477 (VIOLATED)
_2431_/CLK                              3.000000    3.145477   -0.145477 (VIOLATED)
_2432_/CLK                              3.000000    3.145477   -0.145477 (VIOLATED)
_2433_/CLK                              3.000000    3.145477   -0.145477 (VIOLATED)
_2434_/CLK                              3.000000    3.145477   -0.145477 (VIOLATED)
_2435_/CLK                              3.000000    3.145477   -0.145477 (VIOLATED)
_2436_/CLK                              3.000000    3.145477   -0.145477 (VIOLATED)
_2437_/CLK                              3.000000    3.145477   -0.145477 (VIOLATED)
_2438_/CLK                              3.000000    3.145477   -0.145477 (VIOLATED)

max fanout

Pin                                   Limit Fanout  Slack
---------------------------------------------------------
_1149_/ZN                                 4     58    -54 (VIOLATED)
_1805_/ZN                                 4     55    -51 (VIOLATED)
rst_n                                     4     45    -41 (VIOLATED)
_2370_/Q                                  4     45    -41 (VIOLATED)
_2318_/Q                                  4     34    -30 (VIOLATED)
_2251_/Z                                  4     31    -27 (VIOLATED)
_1802_/Z                                  4     27    -23 (VIOLATED)
_1803_/ZN                                 4     25    -21 (VIOLATED)
_2034_/ZN                                 4     24    -20 (VIOLATED)
_2149_/ZN                                 4     20    -16 (VIOLATED)
_1146_/ZN                                 4     13     -9 (VIOLATED)
_2286_/Q                                  4     12     -8 (VIOLATED)
_1183_/ZN                                 4     10     -6 (VIOLATED)
_1809_/ZN                                 4     10     -6 (VIOLATED)
_2419_/Q                                  4     10     -6 (VIOLATED)
_2407_/Q                                  4      9     -5 (VIOLATED)
_2420_/Q                                  4      9     -5 (VIOLATED)
_2369_/Q                                  4      8     -4 (VIOLATED)
_2414_/Q                                  4      8     -4 (VIOLATED)
div_val[28]                               4      7     -3 (VIOLATED)
_1447_/Z                                  4      7     -3 (VIOLATED)
_1603_/Z                                  4      7     -3 (VIOLATED)
_2332_/Q                                  4      7     -3 (VIOLATED)
_2368_/Q                                  4      7     -3 (VIOLATED)
_2412_/Q                                  4      7     -3 (VIOLATED)
_2413_/Q                                  4      7     -3 (VIOLATED)
div_val[25]                               4      6     -2 (VIOLATED)
div_val[26]                               4      6     -2 (VIOLATED)
div_val[29]                               4      6     -2 (VIOLATED)
div_val[30]                               4      6     -2 (VIOLATED)
div_val[4]                                4      6     -2 (VIOLATED)
_1175_/ZN                                 4      6     -2 (VIOLATED)
_1596_/Z                                  4      6     -2 (VIOLATED)
_1608_/ZN                                 4      6     -2 (VIOLATED)
_1778_/ZN                                 4      6     -2 (VIOLATED)
_2150_/ZN                                 4      6     -2 (VIOLATED)
_2408_/Q                                  4      6     -2 (VIOLATED)
_2409_/Q                                  4      6     -2 (VIOLATED)
_2417_/Q                                  4      6     -2 (VIOLATED)
_2421_/Q                                  4      6     -2 (VIOLATED)
_2428_/Q                                  4      6     -2 (VIOLATED)
_2429_/Q                                  4      6     -2 (VIOLATED)
_2430_/Q                                  4      6     -2 (VIOLATED)
_2436_/Q                                  4      6     -2 (VIOLATED)
div_val[0]                                4      5        (VIOLATED)
div_val[10]                               4      5        (VIOLATED)
div_val[11]                               4      5        (VIOLATED)
div_val[13]                               4      5        (VIOLATED)
div_val[14]                               4      5        (VIOLATED)
div_val[1]                                4      5        (VIOLATED)
div_val[20]                               4      5        (VIOLATED)
div_val[2]                                4      5        (VIOLATED)
div_val[5]                                4      5        (VIOLATED)
_1154_/ZN                                 4      5        (VIOLATED)
_1168_/ZN                                 4      5        (VIOLATED)
_1182_/ZN                                 4      5        (VIOLATED)
_1306_/Z                                  4      5        (VIOLATED)
_1425_/Z                                  4      5        (VIOLATED)
_1593_/Z                                  4      5        (VIOLATED)
_1810_/ZN                                 4      5        (VIOLATED)
_2331_/Q                                  4      5        (VIOLATED)
_2339_/Q                                  4      5        (VIOLATED)
_2346_/Q                                  4      5        (VIOLATED)
_2371_/Q                                  4      5        (VIOLATED)
_2393_/Q                                  4      5        (VIOLATED)
_2411_/Q                                  4      5        (VIOLATED)
_2418_/Q                                  4      5        (VIOLATED)
_2422_/Q                                  4      5        (VIOLATED)
_2423_/Q                                  4      5        (VIOLATED)
_2433_/Q                                  4      5        (VIOLATED)

max capacitance

Pin                                        Limit         Cap       Slack
------------------------------------------------------------------------
_1805_/ZN                               0.125100    0.258028   -0.132928 (VIOLATED)
_1149_/ZN                               0.200000    0.268445   -0.068445 (VIOLATED)
_2034_/ZN                               0.084260    0.130755   -0.046495 (VIOLATED)
_2370_/Q                                0.200000    0.242433   -0.042433 (VIOLATED)
rst_n                                   0.200000    0.205462   -0.005462 (VIOLATED)



===========================================================================
report_parasitic_annotation -report_unannotated
============================================================================
Found 1365 unannotated drivers.
 div_val[0]
 div_val[10]
 div_val[11]
 div_val[12]
 div_val[13]
 div_val[14]
 div_val[15]
 div_val[16]
 div_val[17]
 div_val[18]
 div_val[19]
 div_val[1]
 div_val[20]
 div_val[21]
 div_val[22]
 div_val[23]
 div_val[24]
 div_val[25]
 div_val[26]
 div_val[27]
 div_val[28]
 div_val[29]
 div_val[2]
 div_val[30]
 div_val[31]
 div_val[3]
 div_val[4]
 div_val[5]
 div_val[6]
 div_val[7]
 div_val[8]
 div_val[9]
 initial_freq[0]
 initial_freq[10]
 initial_freq[11]
 initial_freq[12]
 initial_freq[13]
 initial_freq[14]
 initial_freq[15]
 initial_freq[16]
 initial_freq[17]
 initial_freq[18]
 initial_freq[19]
 initial_freq[1]
 initial_freq[20]
 initial_freq[21]
 initial_freq[22]
 initial_freq[23]
 initial_freq[24]
 initial_freq[25]
 initial_freq[26]
 initial_freq[27]
 initial_freq[28]
 initial_freq[29]
 initial_freq[2]
 initial_freq[30]
 initial_freq[31]
 initial_freq[3]
 initial_freq[4]
 initial_freq[5]
 initial_freq[6]
 initial_freq[7]
 initial_freq[8]
 initial_freq[9]
 ref_clk
 rst_n
 sys_clk
 _1143_/ZN
 _1144_/ZN
 _1145_/ZN
 _1146_/ZN
 _1147_/ZN
 _1148_/ZN
 _1149_/ZN
 _1150_/ZN
 _1151_/ZN
 _1152_/ZN
 _1153_/ZN
 _1154_/ZN
 _1155_/ZN
 _1156_/ZN
 _1157_/ZN
 _1158_/ZN
 _1159_/ZN
 _1160_/ZN
 _1161_/ZN
 _1162_/ZN
 _1163_/ZN
 _1164_/ZN
 _1165_/ZN
 _1166_/ZN
 _1167_/ZN
 _1168_/ZN
 _1169_/ZN
 _1170_/ZN
 _1171_/ZN
 _1172_/ZN
 _1173_/ZN
 _1174_/ZN
 _1175_/ZN
 _1176_/ZN
 _1177_/ZN
 _1178_/ZN
 _1179_/ZN
 _1180_/ZN
 _1181_/ZN
 _1182_/ZN
 _1183_/ZN
 _1184_/ZN
 _1185_/ZN
 _1186_/ZN
 _1187_/ZN
 _1188_/ZN
 _1189_/ZN
 _1190_/ZN
 _1191_/ZN
 _1192_/ZN
 _1193_/ZN
 _1194_/ZN
 _1195_/ZN
 _1196_/ZN
 _1197_/ZN
 _1198_/ZN
 _1199_/ZN
 _1200_/ZN
 _1201_/ZN
 _1202_/ZN
 _1203_/ZN
 _1204_/ZN
 _1205_/ZN
 _1206_/ZN
 _1207_/ZN
 _1208_/ZN
 _1209_/ZN
 _1210_/ZN
 _1211_/ZN
 _1212_/Z
 _1213_/Z
 _1214_/ZN
 _1215_/ZN
 _1216_/ZN
 _1217_/ZN
 _1218_/ZN
 _1219_/ZN
 _1220_/ZN
 _1221_/ZN
 _1222_/Z
 _1223_/Z
 _1224_/ZN
 _1225_/ZN
 _1226_/ZN
 _1227_/ZN
 _1228_/ZN
 _1229_/Z
 _1230_/ZN
 _1231_/ZN
 _1232_/ZN
 _1233_/Z
 _1234_/ZN
 _1235_/ZN
 _1236_/ZN
 _1237_/ZN
 _1238_/ZN
 _1239_/Z
 _1240_/ZN
 _1241_/ZN
 _1242_/ZN
 _1243_/ZN
 _1244_/ZN
 _1245_/ZN
 _1246_/ZN
 _1247_/Z
 _1248_/ZN
 _1249_/ZN
 _1250_/ZN
 _1251_/ZN
 _1252_/Z
 _1253_/ZN
 _1254_/ZN
 _1255_/ZN
 _1256_/ZN
 _1257_/ZN
 _1258_/ZN
 _1259_/ZN
 _1260_/ZN
 _1261_/ZN
 _1262_/ZN
 _1263_/ZN
 _1264_/ZN
 _1265_/ZN
 _1266_/ZN
 _1267_/ZN
 _1268_/Z
 _1269_/ZN
 _1270_/ZN
 _1271_/ZN
 _1272_/ZN
 _1273_/ZN
 _1274_/ZN
 _1275_/ZN
 _1276_/ZN
 _1277_/ZN
 _1278_/ZN
 _1279_/ZN
 _1280_/ZN
 _1281_/ZN
 _1282_/ZN
 _1283_/ZN
 _1284_/Z
 _1285_/ZN
 _1286_/ZN
 _1287_/ZN
 _1288_/ZN
 _1289_/ZN
 _1290_/Z
 _1291_/ZN
 _1292_/ZN
 _1293_/ZN
 _1294_/ZN
 _1295_/ZN
 _1296_/ZN
 _1297_/ZN
 _1298_/ZN
 _1299_/Z
 _1300_/ZN
 _1301_/ZN
 _1302_/ZN
 _1303_/Z
 _1304_/ZN
 _1305_/ZN
 _1306_/Z
 _1307_/ZN
 _1308_/ZN
 _1309_/ZN
 _1310_/ZN
 _1311_/ZN
 _1312_/ZN
 _1313_/ZN
 _1314_/ZN
 _1315_/ZN
 _1316_/Z
 _1317_/ZN
 _1318_/ZN
 _1319_/ZN
 _1320_/ZN
 _1321_/ZN
 _1322_/ZN
 _1323_/ZN
 _1324_/ZN
 _1325_/ZN
 _1326_/ZN
 _1327_/ZN
 _1328_/ZN
 _1329_/ZN
 _1330_/ZN
 _1331_/ZN
 _1332_/ZN
 _1333_/ZN
 _1334_/ZN
 _1335_/Z
 _1336_/ZN
 _1337_/ZN
 _1338_/ZN
 _1339_/ZN
 _1340_/ZN
 _1341_/ZN
 _1342_/ZN
 _1343_/ZN
 _1344_/ZN
 _1345_/ZN
 _1346_/Z
 _1347_/ZN
 _1348_/ZN
 _1349_/ZN
 _1350_/ZN
 _1351_/Z
 _1352_/ZN
 _1353_/ZN
 _1354_/ZN
 _1355_/ZN
 _1356_/ZN
 _1357_/ZN
 _1358_/ZN
 _1359_/Z
 _1360_/ZN
 _1361_/ZN
 _1362_/ZN
 _1363_/ZN
 _1364_/Z
 _1365_/ZN
 _1366_/Z
 _1367_/ZN
 _1368_/ZN
 _1369_/ZN
 _1370_/ZN
 _1371_/ZN
 _1372_/ZN
 _1373_/ZN
 _1374_/Z
 _1375_/Z
 _1376_/ZN
 _1377_/ZN
 _1378_/Z
 _1379_/ZN
 _1380_/ZN
 _1381_/ZN
 _1382_/Z
 _1383_/ZN
 _1384_/ZN
 _1385_/ZN
 _1386_/Z
 _1387_/ZN
 _1388_/ZN
 _1389_/ZN
 _1390_/ZN
 _1391_/Z
 _1392_/ZN
 _1393_/ZN
 _1394_/ZN
 _1395_/ZN
 _1396_/ZN
 _1397_/ZN
 _1398_/Z
 _1399_/ZN
 _1400_/ZN
 _1401_/Z
 _1402_/ZN
 _1403_/ZN
 _1404_/ZN
 _1405_/ZN
 _1406_/Z
 _1407_/ZN
 _1408_/ZN
 _1409_/ZN
 _1410_/Z
 _1411_/Z
 _1412_/ZN
 _1413_/Z
 _1414_/ZN
 _1415_/Z
 _1416_/ZN
 _1417_/ZN
 _1418_/ZN
 _1419_/Z
 _1420_/Z
 _1421_/Z
 _1422_/ZN
 _1423_/ZN
 _1424_/Z
 _1425_/Z
 _1426_/ZN
 _1427_/ZN
 _1428_/ZN
 _1429_/ZN
 _1430_/ZN
 _1431_/ZN
 _1432_/Z
 _1433_/Z
 _1434_/Z
 _1435_/ZN
 _1436_/ZN
 _1437_/ZN
 _1438_/Z
 _1439_/ZN
 _1440_/ZN
 _1441_/ZN
 _1442_/ZN
 _1443_/ZN
 _1444_/ZN
 _1445_/ZN
 _1446_/ZN
 _1447_/Z
 _1448_/ZN
 _1449_/Z
 _1450_/ZN
 _1451_/ZN
 _1452_/Z
 _1453_/ZN
 _1454_/ZN
 _1455_/Z
 _1456_/ZN
 _1457_/ZN
 _1458_/Z
 _1459_/ZN
 _1460_/ZN
 _1461_/ZN
 _1462_/ZN
 _1463_/ZN
 _1464_/Z
 _1465_/Z
 _1466_/ZN
 _1467_/ZN
 _1468_/ZN
 _1469_/Z
 _1470_/Z
 _1471_/ZN
 _1472_/ZN
 _1473_/Z
 _1474_/ZN
 _1475_/ZN
 _1476_/Z
 _1477_/ZN
 _1478_/Z
 _1479_/Z
 _1480_/ZN
 _1481_/Z
 _1482_/ZN
 _1483_/ZN
 _1484_/ZN
 _1485_/Z
 _1486_/Z
 _1487_/Z
 _1488_/ZN
 _1489_/ZN
 _1490_/ZN
 _1491_/ZN
 _1492_/ZN
 _1493_/Z
 _1494_/ZN
 _1495_/Z
 _1496_/ZN
 _1497_/ZN
 _1498_/ZN
 _1499_/ZN
 _1500_/ZN
 _1501_/ZN
 _1502_/Z
 _1503_/ZN
 _1504_/Z
 _1505_/ZN
 _1506_/Z
 _1507_/ZN
 _1508_/Z
 _1509_/ZN
 _1510_/Z
 _1511_/ZN
 _1512_/Z
 _1513_/ZN
 _1514_/ZN
 _1515_/ZN
 _1516_/ZN
 _1517_/ZN
 _1518_/ZN
 _1519_/ZN
 _1520_/Z
 _1521_/ZN
 _1522_/Z
 _1523_/ZN
 _1524_/Z
 _1525_/ZN
 _1526_/ZN
 _1527_/ZN
 _1528_/ZN
 _1529_/ZN
 _1530_/ZN
 _1531_/ZN
 _1532_/ZN
 _1533_/ZN
 _1534_/Z
 _1535_/ZN
 _1536_/ZN
 _1537_/ZN
 _1538_/ZN
 _1539_/ZN
 _1540_/ZN
 _1541_/ZN
 _1542_/ZN
 _1543_/ZN
 _1544_/ZN
 _1545_/Z
 _1546_/ZN
 _1547_/ZN
 _1548_/ZN
 _1549_/ZN
 _1550_/ZN
 _1551_/ZN
 _1552_/ZN
 _1553_/ZN
 _1554_/ZN
 _1555_/ZN
 _1556_/Z
 _1557_/ZN
 _1558_/ZN
 _1559_/ZN
 _1560_/ZN
 _1561_/ZN
 _1562_/ZN
 _1563_/Z
 _1564_/ZN
 _1565_/ZN
 _1566_/Z
 _1567_/ZN
 _1568_/Z
 _1569_/ZN
 _1570_/ZN
 _1571_/Z
 _1572_/ZN
 _1573_/Z
 _1574_/Z
 _1575_/ZN
 _1576_/ZN
 _1577_/ZN
 _1578_/Z
 _1579_/ZN
 _1580_/Z
 _1581_/Z
 _1582_/ZN
 _1583_/Z
 _1584_/ZN
 _1585_/Z
 _1586_/ZN
 _1587_/ZN
 _1588_/ZN
 _1589_/Z
 _1590_/ZN
 _1591_/ZN
 _1592_/ZN
 _1593_/Z
 _1594_/ZN
 _1595_/ZN
 _1596_/Z
 _1597_/ZN
 _1598_/ZN
 _1599_/ZN
 _1600_/ZN
 _1601_/ZN
 _1602_/Z
 _1603_/Z
 _1604_/ZN
 _1605_/ZN
 _1606_/ZN
 _1607_/Z
 _1608_/ZN
 _1609_/ZN
 _1610_/ZN
 _1611_/ZN
 _1612_/ZN
 _1613_/ZN
 _1614_/ZN
 _1615_/ZN
 _1616_/ZN
 _1617_/ZN
 _1618_/Z
 _1619_/Z
 _1620_/Z
 _1621_/ZN
 _1622_/ZN
 _1623_/Z
 _1624_/Z
 _1625_/ZN
 _1626_/ZN
 _1627_/ZN
 _1628_/ZN
 _1629_/ZN
 _1630_/ZN
 _1631_/ZN
 _1632_/ZN
 _1633_/Z
 _1634_/Z
 _1635_/ZN
 _1636_/Z
 _1637_/ZN
 _1638_/ZN
 _1639_/ZN
 _1640_/Z
 _1641_/ZN
 _1642_/Z
 _1643_/ZN
 _1644_/ZN
 _1645_/ZN
 _1646_/Z
 _1647_/ZN
 _1648_/ZN
 _1649_/ZN
 _1650_/ZN
 _1651_/ZN
 _1652_/ZN
 _1653_/Z
 _1654_/Z
 _1655_/ZN
 _1656_/Z
 _1657_/ZN
 _1658_/Z
 _1659_/Z
 _1660_/ZN
 _1661_/ZN
 _1662_/ZN
 _1663_/ZN
 _1664_/ZN
 _1665_/ZN
 _1666_/ZN
 _1667_/Z
 _1668_/ZN
 _1669_/Z
 _1670_/Z
 _1671_/ZN
 _1672_/ZN
 _1673_/ZN
 _1674_/Z
 _1675_/Z
 _1676_/ZN
 _1677_/Z
 _1678_/ZN
 _1679_/ZN
 _1680_/ZN
 _1681_/ZN
 _1682_/ZN
 _1683_/Z
 _1684_/ZN
 _1685_/Z
 _1686_/ZN
 _1687_/ZN
 _1688_/ZN
 _1689_/Z
 _1690_/ZN
 _1691_/ZN
 _1692_/ZN
 _1693_/ZN
 _1694_/ZN
 _1695_/ZN
 _1696_/Z
 _1697_/Z
 _1698_/ZN
 _1699_/Z
 _1700_/ZN
 _1701_/Z
 _1702_/Z
 _1703_/ZN
 _1704_/ZN
 _1705_/ZN
 _1706_/Z
 _1707_/ZN
 _1708_/ZN
 _1709_/ZN
 _1710_/ZN
 _1711_/Z
 _1712_/Z
 _1713_/ZN
 _1714_/ZN
 _1715_/ZN
 _1716_/ZN
 _1717_/ZN
 _1718_/ZN
 _1719_/ZN
 _1720_/ZN
 _1721_/ZN
 _1722_/ZN
 _1723_/ZN
 _1724_/ZN
 _1725_/ZN
 _1726_/ZN
 _1727_/ZN
 _1728_/ZN
 _1729_/ZN
 _1730_/ZN
 _1731_/ZN
 _1732_/ZN
 _1733_/ZN
 _1734_/ZN
 _1735_/ZN
 _1736_/ZN
 _1737_/Z
 _1738_/ZN
 _1739_/ZN
 _1740_/ZN
 _1741_/ZN
 _1742_/ZN
 _1743_/Z
 _1744_/ZN
 _1745_/Z
 _1746_/ZN
 _1747_/ZN
 _1748_/ZN
 _1749_/ZN
 _1750_/ZN
 _1751_/ZN
 _1752_/ZN
 _1753_/ZN
 _1754_/ZN
 _1755_/ZN
 _1756_/ZN
 _1757_/ZN
 _1758_/ZN
 _1759_/ZN
 _1760_/ZN
 _1761_/ZN
 _1762_/ZN
 _1763_/ZN
 _1764_/ZN
 _1765_/ZN
 _1766_/ZN
 _1767_/ZN
 _1768_/ZN
 _1769_/ZN
 _1770_/ZN
 _1771_/ZN
 _1772_/ZN
 _1773_/Z
 _1774_/Z
 _1775_/Z
 _1776_/ZN
 _1777_/Z
 _1778_/ZN
 _1779_/ZN
 _1780_/Z
 _1781_/ZN
 _1782_/ZN
 _1783_/Z
 _1784_/ZN
 _1785_/ZN
 _1786_/Z
 _1787_/ZN
 _1788_/ZN
 _1789_/ZN
 _1790_/ZN
 _1791_/Z
 _1792_/ZN
 _1793_/Z
 _1794_/ZN
 _1795_/ZN
 _1796_/Z
 _1797_/Z
 _1798_/Z
 _1799_/ZN
 _1800_/ZN
 _1801_/Z
 _1802_/Z
 _1803_/ZN
 _1804_/ZN
 _1805_/ZN
 _1806_/ZN
 _1807_/ZN
 _1808_/ZN
 _1809_/ZN
 _1810_/ZN
 _1811_/ZN
 _1812_/ZN
 _1813_/ZN
 _1814_/ZN
 _1815_/Z
 _1816_/ZN
 _1817_/ZN
 _1818_/ZN
 _1819_/ZN
 _1820_/ZN
 _1821_/ZN
 _1822_/Z
 _1823_/Z
 _1824_/ZN
 _1825_/ZN
 _1826_/ZN
 _1827_/ZN
 _1828_/ZN
 _1829_/ZN
 _1830_/ZN
 _1831_/ZN
 _1832_/ZN
 _1833_/ZN
 _1834_/ZN
 _1835_/ZN
 _1836_/Z
 _1837_/Z
 _1838_/Z
 _1839_/ZN
 _1840_/ZN
 _1841_/ZN
 _1842_/ZN
 _1843_/ZN
 _1844_/ZN
 _1845_/ZN
 _1846_/ZN
 _1847_/Z
 _1848_/Z
 _1849_/ZN
 _1850_/ZN
 _1851_/ZN
 _1852_/ZN
 _1853_/ZN
 _1854_/Z
 _1855_/Z
 _1856_/ZN
 _1857_/ZN
 _1858_/ZN
 _1859_/ZN
 _1860_/ZN
 _1861_/Z
 _1862_/ZN
 _1863_/ZN
 _1864_/ZN
 _1865_/ZN
 _1866_/ZN
 _1867_/Z
 _1868_/ZN
 _1869_/ZN
 _1870_/ZN
 _1871_/ZN
 _1872_/ZN
 _1873_/ZN
 _1874_/Z
 _1875_/ZN
 _1876_/Z
 _1877_/Z
 _1878_/ZN
 _1879_/ZN
 _1880_/ZN
 _1881_/ZN
 _1882_/ZN
 _1883_/Z
 _1884_/Z
 _1885_/Z
 _1886_/ZN
 _1887_/ZN
 _1888_/ZN
 _1889_/ZN
 _1890_/ZN
 _1891_/Z
 _1892_/Z
 _1893_/ZN
 _1894_/ZN
 _1895_/Z
 _1896_/Z
 _1897_/ZN
 _1898_/ZN
 _1899_/ZN
 _1900_/ZN
 _1901_/ZN
 _1902_/Z
 _1903_/ZN
 _1904_/ZN
 _1905_/ZN
 _1906_/ZN
 _1907_/Z
 _1908_/ZN
 _1909_/ZN
 _1910_/ZN
 _1911_/ZN
 _1912_/ZN
 _1913_/ZN
 _1914_/ZN
 _1915_/ZN
 _1916_/Z
 _1917_/Z
 _1918_/ZN
 _1919_/ZN
 _1920_/Z
 _1921_/ZN
 _1922_/ZN
 _1923_/ZN
 _1924_/ZN
 _1925_/Z
 _1926_/ZN
 _1927_/Z
 _1928_/ZN
 _1929_/ZN
 _1930_/ZN
 _1931_/ZN
 _1932_/ZN
 _1933_/Z
 _1934_/Z
 _1935_/ZN
 _1936_/ZN
 _1937_/ZN
 _1938_/ZN
 _1939_/ZN
 _1940_/ZN
 _1941_/Z
 _1942_/ZN
 _1943_/ZN
 _1944_/ZN
 _1945_/ZN
 _1946_/ZN
 _1947_/Z
 _1948_/Z
 _1949_/ZN
 _1950_/ZN
 _1951_/ZN
 _1952_/ZN
 _1953_/Z
 _1954_/ZN
 _1955_/ZN
 _1956_/Z
 _1957_/ZN
 _1958_/Z
 _1959_/Z
 _1960_/ZN
 _1961_/ZN
 _1962_/ZN
 _1963_/ZN
 _1964_/ZN
 _1965_/ZN
 _1966_/Z
 _1967_/Z
 _1968_/ZN
 _1969_/ZN
 _1970_/ZN
 _1971_/ZN
 _1972_/Z
 _1973_/Z
 _1974_/ZN
 _1975_/ZN
 _1976_/Z
 _1977_/ZN
 _1978_/ZN
 _1979_/ZN
 _1980_/ZN
 _1981_/ZN
 _1982_/ZN
 _1983_/Z
 _1984_/Z
 _1985_/ZN
 _1986_/ZN
 _1987_/ZN
 _1988_/ZN
 _1989_/Z
 _1990_/Z
 _1991_/Z
 _1992_/ZN
 _1993_/ZN
 _1994_/ZN
 _1995_/ZN
 _1996_/ZN
 _1997_/Z
 _1998_/Z
 _1999_/ZN
 _2000_/ZN
 _2001_/ZN
 _2002_/ZN
 _2003_/ZN
 _2004_/ZN
 _2005_/ZN
 _2006_/ZN
 _2007_/ZN
 _2008_/ZN
 _2009_/ZN
 _2010_/ZN
 _2011_/Z
 _2012_/ZN
 _2013_/ZN
 _2014_/ZN
 _2015_/ZN
 _2016_/ZN
 _2017_/ZN
 _2018_/ZN
 _2019_/ZN
 _2020_/ZN
 _2021_/ZN
 _2022_/ZN
 _2023_/ZN
 _2024_/ZN
 _2025_/ZN
 _2026_/ZN
 _2027_/ZN
 _2028_/ZN
 _2029_/ZN
 _2030_/ZN
 _2031_/Z
 _2032_/Z
 _2033_/ZN
 _2034_/ZN
 _2035_/ZN
 _2036_/ZN
 _2037_/ZN
 _2038_/Z
 _2039_/ZN
 _2040_/ZN
 _2041_/ZN
 _2042_/ZN
 _2043_/Z
 _2044_/ZN
 _2045_/ZN
 _2046_/Z
 _2047_/ZN
 _2048_/ZN
 _2049_/ZN
 _2050_/ZN
 _2051_/ZN
 _2052_/ZN
 _2053_/ZN
 _2054_/Z
 _2055_/ZN
 _2056_/ZN
 _2057_/ZN
 _2058_/Z
 _2059_/ZN
 _2060_/ZN
 _2061_/ZN
 _2062_/Z
 _2063_/ZN
 _2064_/ZN
 _2065_/ZN
 _2066_/ZN
 _2067_/ZN
 _2068_/ZN
 _2069_/ZN
 _2070_/ZN
 _2071_/ZN
 _2072_/Z
 _2073_/ZN
 _2074_/ZN
 _2075_/Z
 _2076_/ZN
 _2077_/ZN
 _2078_/Z
 _2079_/ZN
 _2080_/Z
 _2081_/ZN
 _2082_/ZN
 _2083_/ZN
 _2084_/ZN
 _2085_/ZN
 _2086_/Z
 _2087_/Z
 _2088_/ZN
 _2089_/ZN
 _2090_/ZN
 _2091_/Z
 _2092_/ZN
 _2093_/ZN
 _2094_/ZN
 _2095_/ZN
 _2096_/ZN
 _2097_/ZN
 _2098_/Z
 _2099_/ZN
 _2100_/Z
 _2101_/ZN
 _2102_/ZN
 _2103_/ZN
 _2104_/Z
 _2105_/Z
 _2106_/ZN
 _2107_/ZN
 _2108_/ZN
 _2109_/ZN
 _2110_/ZN
 _2111_/Z
 _2112_/ZN
 _2113_/ZN
 _2114_/ZN
 _2115_/ZN
 _2116_/ZN
 _2117_/Z
 _2118_/Z
 _2119_/ZN
 _2120_/ZN
 _2121_/ZN
 _2122_/Z
 _2123_/ZN
 _2124_/ZN
 _2125_/ZN
 _2126_/ZN
 _2127_/ZN
 _2128_/ZN
 _2129_/Z
 _2130_/ZN
 _2131_/ZN
 _2132_/ZN
 _2133_/Z
 _2134_/ZN
 _2135_/ZN
 _2136_/ZN
 _2137_/ZN
 _2138_/ZN
 _2139_/ZN
 _2140_/ZN
 _2141_/ZN
 _2142_/ZN
 _2143_/Z
 _2144_/ZN
 _2145_/Z
 _2146_/ZN
 _2147_/ZN
 _2148_/ZN
 _2149_/ZN
 _2150_/ZN
 _2151_/Z
 _2152_/Z
 _2153_/ZN
 _2154_/ZN
 _2155_/ZN
 _2156_/Z
 _2157_/ZN
 _2158_/ZN
 _2159_/ZN
 _2160_/Z
 _2161_/ZN
 _2162_/ZN
 _2163_/ZN
 _2164_/ZN
 _2165_/Z
 _2166_/ZN
 _2167_/ZN
 _2168_/ZN
 _2169_/ZN
 _2170_/ZN
 _2171_/ZN
 _2172_/ZN
 _2173_/ZN
 _2174_/Z
 _2175_/ZN
 _2176_/Z
 _2177_/ZN
 _2178_/ZN
 _2179_/Z
 _2180_/ZN
 _2181_/ZN
 _2182_/ZN
 _2183_/ZN
 _2184_/ZN
 _2185_/ZN
 _2186_/ZN
 _2187_/Z
 _2188_/ZN
 _2189_/ZN
 _2190_/ZN
 _2191_/ZN
 _2192_/ZN
 _2193_/Z
 _2194_/ZN
 _2195_/ZN
 _2196_/ZN
 _2197_/Z
 _2198_/Z
 _2199_/ZN
 _2200_/ZN
 _2201_/ZN
 _2202_/Z
 _2203_/Z
 _2204_/Z
 _2205_/ZN
 _2206_/ZN
 _2207_/ZN
 _2208_/Z
 _2209_/ZN
 _2210_/ZN
 _2211_/ZN
 _2212_/ZN
 _2213_/ZN
 _2214_/ZN
 _2215_/ZN
 _2216_/Z
 _2217_/ZN
 _2218_/ZN
 _2219_/ZN
 _2220_/ZN
 _2221_/ZN
 _2222_/ZN
 _2223_/ZN
 _2224_/Z
 _2225_/ZN
 _2226_/ZN
 _2227_/ZN
 _2228_/ZN
 _2229_/ZN
 _2230_/ZN
 _2231_/ZN
 _2232_/Z
 _2233_/Z
 _2234_/ZN
 _2235_/ZN
 _2236_/ZN
 _2237_/Z
 _2238_/ZN
 _2239_/ZN
 _2240_/Z
 _2241_/Z
 _2242_/ZN
 _2243_/ZN
 _2244_/Z
 _2245_/ZN
 _2246_/ZN
 _2247_/ZN
 _2248_/ZN
 _2249_/ZN
 _2250_/ZN
 _2251_/Z
 _2252_/ZN
 _2253_/ZN
 _2254_/ZN
 _2255_/ZN
 _2256_/ZN
 _2257_/ZN
 _2258_/ZN
 _2259_/ZN
 _2260_/ZN
 _2261_/ZN
 _2262_/ZN
 _2263_/ZN
 _2264_/ZN
 _2265_/ZN
 _2266_/ZN
 _2267_/Z
 _2268_/ZN
 _2269_/ZN
 _2270_/ZN
 _2271_/ZN
 _2272_/ZN
 _2273_/ZN
 _2274_/ZN
 _2275_/ZN
 _2276_/ZN
 _2277_/ZN
 _2278_/ZN
 _2279_/ZN
 _2280_/ZN
 _2281_/ZN
 _2282_/ZN
 _2283_/ZN
 _2284_/ZN
 _2285_/ZN
 _2286_/Q
 _2287_/Q
 _2288_/Q
 _2289_/Q
 _2290_/Q
 _2291_/Q
 _2292_/Q
 _2293_/Q
 _2294_/Q
 _2295_/Q
 _2296_/Q
 _2297_/Q
 _2298_/Q
 _2299_/Q
 _2300_/Q
 _2301_/Q
 _2302_/Q
 _2303_/Q
 _2304_/Q
 _2305_/Q
 _2306_/Q
 _2307_/Q
 _2308_/Q
 _2309_/Q
 _2310_/Q
 _2311_/Q
 _2312_/Q
 _2313_/Q
 _2314_/Q
 _2315_/Q
 _2316_/Q
 _2317_/Q
 _2318_/Q
 _2319_/Q
 _2320_/Q
 _2321_/Q
 _2322_/Q
 _2323_/Q
 _2324_/Q
 _2325_/Q
 _2326_/Q
 _2327_/Q
 _2328_/Q
 _2329_/Q
 _2330_/Q
 _2331_/Q
 _2332_/Q
 _2333_/Q
 _2334_/Q
 _2335_/Q
 _2336_/Q
 _2337_/Q
 _2338_/Q
 _2339_/Q
 _2340_/Q
 _2341_/Q
 _2342_/Q
 _2343_/Q
 _2344_/Q
 _2345_/Q
 _2346_/Q
 _2347_/Q
 _2348_/Q
 _2349_/Q
 _2350_/Q
 _2351_/Q
 _2352_/Q
 _2353_/Q
 _2354_/Q
 _2355_/Q
 _2356_/Q
 _2357_/Q
 _2358_/Q
 _2359_/Q
 _2360_/Q
 _2361_/Q
 _2362_/Q
 _2363_/Q
 _2364_/Q
 _2365_/Q
 _2366_/Q
 _2367_/Q
 _2368_/Q
 _2369_/Q
 _2370_/Q
 _2371_/Q
 _2372_/Q
 _2373_/Q
 _2374_/Q
 _2375_/Q
 _2376_/Q
 _2377_/Q
 _2378_/Q
 _2379_/Q
 _2380_/Q
 _2381_/Q
 _2382_/Q
 _2383_/Q
 _2384_/Q
 _2385_/Q
 _2386_/Q
 _2387_/Q
 _2388_/Q
 _2389_/Q
 _2390_/Q
 _2391_/Q
 _2392_/Q
 _2393_/Q
 _2394_/Q
 _2395_/Q
 _2396_/Q
 _2397_/Q
 _2398_/Q
 _2399_/Q
 _2400_/Q
 _2401_/Q
 _2402_/Q
 _2403_/Q
 _2404_/Q
 _2405_/Q
 _2406_/Q
 _2407_/Q
 _2408_/Q
 _2409_/Q
 _2410_/Q
 _2411_/Q
 _2412_/Q
 _2413_/Q
 _2414_/Q
 _2415_/Q
 _2416_/Q
 _2417_/Q
 _2418_/Q
 _2419_/Q
 _2420_/Q
 _2421_/Q
 _2422_/Q
 _2423_/Q
 _2424_/Q
 _2425_/Q
 _2426_/Q
 _2427_/Q
 _2428_/Q
 _2429_/Q
 _2430_/Q
 _2431_/Q
 _2432_/Q
 _2433_/Q
 _2434_/Q
 _2435_/Q
 _2436_/Q
 _2437_/Q
 _2438_/Q
 _2439_/Q
 _2440_/Z
Found 0 partially unannotated drivers.

===========================================================================
max slew violation count 289
max fanout violation count 70
max cap violation count 5
============================================================================

===========================================================================
check_setup -verbose -unconstrained_endpoints -multiple_clock -no_clock -no_input_delay -loops -generated_clocks
===========================================================================
Warning: There are 33 unclocked register/latch pins.
  _2319_/CLK
  _2407_/CLK
  _2408_/CLK
  _2409_/CLK
  _2410_/CLK
  _2411_/CLK
  _2412_/CLK
  _2413_/CLK
  _2414_/CLK
  _2415_/CLK
  _2416_/CLK
  _2417_/CLK
  _2418_/CLK
  _2419_/CLK
  _2420_/CLK
  _2421_/CLK
  _2422_/CLK
  _2423_/CLK
  _2424_/CLK
  _2425_/CLK
  _2426_/CLK
  _2427_/CLK
  _2428_/CLK
  _2429_/CLK
  _2430_/CLK
  _2431_/CLK
  _2432_/CLK
  _2433_/CLK
  _2434_/CLK
  _2435_/CLK
  _2436_/CLK
  _2437_/CLK
  _2438_/CLK
Warning: There are 33 unconstrained endpoints.
  _2319_/D
  _2407_/D
  _2408_/D
  _2409_/D
  _2410_/D
  _2411_/D
  _2412_/D
  _2413_/D
  _2414_/D
  _2415_/D
  _2416_/D
  _2417_/D
  _2418_/D
  _2419_/D
  _2420_/D
  _2421_/D
  _2422_/D
  _2423_/D
  _2424_/D
  _2425_/D
  _2426_/D
  _2427_/D
  _2428_/D
  _2429_/D
  _2430_/D
  _2431_/D
  _2432_/D
  _2433_/D
  _2434_/D
  _2435_/D
  _2436_/D
  _2437_/D
  _2438_/D
