
===========================================================================
report_checks -unconstrained
===========================================================================
======================= max_ff_n40C_1v95 Corner ===================================

Startpoint: rst_n (input port clocked by sys_clk)
Endpoint: _2138_ (recovery check against rising-edge clock sys_clk)
Path Group: asynchronous
Path Type: max

Fanout         Cap        Slew       Delay        Time   Description
---------------------------------------------------------------------------------------------
                                  0.000000    0.000000   clock sys_clk (rise edge)
                                  0.000000    0.000000   clock network delay (propagated)
                                  2.000000    2.000000 ^ input external delay
     1    0.002695    0.013537    0.007000    2.006999 ^ rst_n (in)
                                                         rst_n (net)
                      0.013543    0.000000    2.006999 ^ input66/A (sky130_fd_sc_hd__clkbuf_1)
     1    0.006162    0.060176    0.067189    2.074189 ^ input66/X (sky130_fd_sc_hd__clkbuf_1)
                                                         net66 (net)
                      0.060182    0.000496    2.074685 ^ fanout261/A (sky130_fd_sc_hd__buf_1)
     2    0.020123    0.179185    0.157718    2.232403 ^ fanout261/X (sky130_fd_sc_hd__buf_1)
                                                         net261 (net)
                      0.179225    0.002231    2.234634 ^ fanout260/A (sky130_fd_sc_hd__buf_1)
     3    0.023920    0.211105    0.183193    2.417826 ^ fanout260/X (sky130_fd_sc_hd__buf_1)
                                                         net260 (net)
                      0.211160    0.002847    2.420673 ^ fanout257/A (sky130_fd_sc_hd__buf_1)
     2    0.018312    0.163376    0.150389    2.571063 ^ fanout257/X (sky130_fd_sc_hd__buf_1)
                                                         net257 (net)
                      0.163382    0.000832    2.571894 ^ fanout256/A (sky130_fd_sc_hd__buf_1)
     3    0.015352    0.138295    0.133866    2.705761 ^ fanout256/X (sky130_fd_sc_hd__buf_1)
                                                         net256 (net)
                      0.138315    0.001364    2.707124 ^ fanout252/A (sky130_fd_sc_hd__clkbuf_2)
     5    0.024312    0.105564    0.140993    2.848118 ^ fanout252/X (sky130_fd_sc_hd__clkbuf_2)
                                                         net252 (net)
                      0.105629    0.002137    2.850255 ^ _2138_/RESET_B (sky130_fd_sc_hd__dfrtp_1)
                                              2.850255   data arrival time

                                 10.000000   10.000000   clock sys_clk (rise edge)
                                  0.000000   10.000000   clock source latency
     1    0.028551    0.100256    0.070442   10.070442 ^ sys_clk (in)
                                                         sys_clk (net)
                      0.100471    0.000000   10.070442 ^ clkbuf_0_sys_clk/A (sky130_fd_sc_hd__clkbuf_16)
    16    0.119254    0.103741    0.155382   10.225825 ^ clkbuf_0_sys_clk/X (sky130_fd_sc_hd__clkbuf_16)
                                                         clknet_0_sys_clk (net)
                      0.104467    0.007011   10.232836 ^ clkbuf_4_8_0_sys_clk/A (sky130_fd_sc_hd__clkbuf_8)
    10    0.038151    0.059634    0.123756   10.356592 ^ clkbuf_4_8_0_sys_clk/X (sky130_fd_sc_hd__clkbuf_8)
                                                         clknet_4_8_0_sys_clk (net)
                      0.059967    0.003515   10.360107 ^ _2138_/CLK (sky130_fd_sc_hd__dfrtp_1)
                                 -0.250000   10.110107   clock uncertainty
                                  0.000000   10.110107   clock reconvergence pessimism
                                  0.134124   10.244231   library recovery time
                                             10.244231   data required time
---------------------------------------------------------------------------------------------
                                             10.244231   data required time
                                             -2.850255   data arrival time
---------------------------------------------------------------------------------------------
                                              7.393977   slack (MET)


Startpoint: rst_n (input port clocked by sys_clk)
Endpoint: _2179_ (rising edge-triggered flip-flop clocked by sys_clk)
Path Group: sys_clk
Path Type: max

Fanout         Cap        Slew       Delay        Time   Description
---------------------------------------------------------------------------------------------
                                  0.000000    0.000000   clock sys_clk (rise edge)
                                  0.000000    0.000000   clock network delay (propagated)
                                  2.000000    2.000000 ^ input external delay
     1    0.002695    0.013537    0.007000    2.006999 ^ rst_n (in)
                                                         rst_n (net)
                      0.013543    0.000000    2.006999 ^ input66/A (sky130_fd_sc_hd__clkbuf_1)
     1    0.006162    0.060176    0.067189    2.074189 ^ input66/X (sky130_fd_sc_hd__clkbuf_1)
                                                         net66 (net)
                      0.060182    0.000496    2.074685 ^ fanout261/A (sky130_fd_sc_hd__buf_1)
     2    0.020123    0.179185    0.157718    2.232403 ^ fanout261/X (sky130_fd_sc_hd__buf_1)
                                                         net261 (net)
                      0.179225    0.002231    2.234634 ^ fanout260/A (sky130_fd_sc_hd__buf_1)
     3    0.023920    0.211105    0.183193    2.417826 ^ fanout260/X (sky130_fd_sc_hd__buf_1)
                                                         net260 (net)
                      0.211160    0.002847    2.420673 ^ fanout257/A (sky130_fd_sc_hd__buf_1)
     2    0.018312    0.163376    0.150389    2.571063 ^ fanout257/X (sky130_fd_sc_hd__buf_1)
                                                         net257 (net)
                      0.163382    0.000832    2.571894 ^ fanout256/A (sky130_fd_sc_hd__buf_1)
     3    0.015352    0.138295    0.133866    2.705761 ^ fanout256/X (sky130_fd_sc_hd__buf_1)
                                                         net256 (net)
                      0.138300    0.000722    2.706483 ^ fanout255/A (sky130_fd_sc_hd__buf_1)
     3    0.014077    0.127467    0.126720    2.833204 ^ fanout255/X (sky130_fd_sc_hd__buf_1)
                                                         net255 (net)
                      0.127472    0.000686    2.833889 ^ fanout254/A (sky130_fd_sc_hd__dlymetal6s2s_1)
     5    0.022454    0.181926    0.178807    3.012696 ^ fanout254/X (sky130_fd_sc_hd__dlymetal6s2s_1)
                                                         net254 (net)
                      0.181967    0.002215    3.014910 ^ _1033_/A (sky130_fd_sc_hd__inv_2)
     1    0.003945    0.033403    0.013160    3.028071 v _1033_/Y (sky130_fd_sc_hd__inv_2)
                                                         _0453_ (net)
                      0.033407    0.000254    3.028325 v fanout240/A (sky130_fd_sc_hd__buf_1)
     2    0.010176    0.044669    0.080565    3.108890 v fanout240/X (sky130_fd_sc_hd__buf_1)
                                                         net240 (net)
                      0.044681    0.000698    3.109589 v fanout232/A (sky130_fd_sc_hd__buf_1)
     3    0.017365    0.071498    0.105219    3.214808 v fanout232/X (sky130_fd_sc_hd__buf_1)
                                                         net232 (net)
                      0.071513    0.001002    3.215810 v fanout227/A (sky130_fd_sc_hd__clkbuf_2)
     5    0.031485    0.085486    0.136983    3.352793 v fanout227/X (sky130_fd_sc_hd__clkbuf_2)
                                                         net227 (net)
                      0.085549    0.001416    3.354209 v _1594_/A (sky130_fd_sc_hd__nor2_1)
     1    0.005459    0.085346    0.106401    3.460610 ^ _1594_/Y (sky130_fd_sc_hd__nor2_1)
                                                         _0967_ (net)
                      0.085346    0.000419    3.461029 ^ fanout165/A (sky130_fd_sc_hd__buf_1)
     2    0.015330    0.138173    0.131689    3.592718 ^ fanout165/X (sky130_fd_sc_hd__buf_1)
                                                         net165 (net)
                      0.138175    0.000433    3.593152 ^ fanout164/A (sky130_fd_sc_hd__clkbuf_1)
     2    0.009727    0.090470    0.101381    3.694533 ^ fanout164/X (sky130_fd_sc_hd__clkbuf_1)
                                                         net164 (net)
                      0.090475    0.000546    3.695079 ^ fanout159/A (sky130_fd_sc_hd__buf_1)
     3    0.018078    0.161607    0.148033    3.843111 ^ fanout159/X (sky130_fd_sc_hd__buf_1)
                                                         net159 (net)
                      0.161621    0.001255    3.844366 ^ fanout158/A (sky130_fd_sc_hd__clkbuf_2)
     5    0.027701    0.119312    0.152354    3.996720 ^ fanout158/X (sky130_fd_sc_hd__clkbuf_2)
                                                         net158 (net)
                      0.119428    0.003028    3.999749 ^ fanout156/A (sky130_fd_sc_hd__dlymetal6s2s_1)
     5    0.024095    0.193738    0.186761    4.186510 ^ fanout156/X (sky130_fd_sc_hd__dlymetal6s2s_1)
                                                         net156 (net)
                      0.193750    0.001264    4.187773 ^ _2007_/A2 (sky130_fd_sc_hd__a21o_1)
     1    0.003674    0.033639    0.088304    4.276077 ^ _2007_/X (sky130_fd_sc_hd__a21o_1)
                                                         _0433_ (net)
                      0.033641    0.000263    4.276340 ^ _2008_/B1 (sky130_fd_sc_hd__a31o_1)
     1    0.002579    0.030889    0.050175    4.326515 ^ _2008_/X (sky130_fd_sc_hd__a31o_1)
                                                         _0110_ (net)
                      0.030889    0.000171    4.326687 ^ _2179_/D (sky130_fd_sc_hd__dfxtp_1)
                                              4.326687   data arrival time

                                 10.000000   10.000000   clock sys_clk (rise edge)
                                  0.000000   10.000000   clock source latency
     1    0.028551    0.100256    0.070442   10.070442 ^ sys_clk (in)
                                                         sys_clk (net)
                      0.100471    0.000000   10.070442 ^ clkbuf_0_sys_clk/A (sky130_fd_sc_hd__clkbuf_16)
    16    0.119254    0.103741    0.155382   10.225825 ^ clkbuf_0_sys_clk/X (sky130_fd_sc_hd__clkbuf_16)
                                                         clknet_0_sys_clk (net)
                      0.104529    0.007291   10.233116 ^ clkbuf_4_11_0_sys_clk/A (sky130_fd_sc_hd__clkbuf_8)
     9    0.035778    0.056749    0.121689   10.354805 ^ clkbuf_4_11_0_sys_clk/X (sky130_fd_sc_hd__clkbuf_8)
                                                         clknet_4_11_0_sys_clk (net)
                      0.057081    0.003408   10.358213 ^ _2179_/CLK (sky130_fd_sc_hd__dfxtp_1)
                                 -0.250000   10.108213   clock uncertainty
                                  0.000000   10.108213   clock reconvergence pessimism
                                 -0.028151   10.080063   library setup time
                                             10.080063   data required time
---------------------------------------------------------------------------------------------
                                             10.080063   data required time
                                             -4.326687   data arrival time
---------------------------------------------------------------------------------------------
                                              5.753376   slack (MET)




===========================================================================
report_checks --slack_max -0.01
============================================================================
======================= max_ff_n40C_1v95 Corner ===================================

No paths found.


===========================================================================
 report_check_types -max_slew -max_cap -max_fanout -violators
============================================================================
======================= max_ff_n40C_1v95 Corner ===================================

max fanout

Pin                                   Limit Fanout  Slack
---------------------------------------------------------
clkbuf_0_sys_clk/X                        5     16    -11 (VIOLATED)
clkbuf_4_0_0_sys_clk/X                    5     13     -8 (VIOLATED)
clkbuf_4_15_0_sys_clk/X                   5     10     -5 (VIOLATED)
clkbuf_4_1_0_sys_clk/X                    5     10     -5 (VIOLATED)
clkbuf_4_4_0_sys_clk/X                    5     10     -5 (VIOLATED)
clkbuf_4_8_0_sys_clk/X                    5     10     -5 (VIOLATED)
clkbuf_4_11_0_sys_clk/X                   5      9     -4 (VIOLATED)
clkbuf_4_2_0_sys_clk/X                    5      9     -4 (VIOLATED)
clkbuf_4_5_0_sys_clk/X                    5      9     -4 (VIOLATED)
clkbuf_4_13_0_sys_clk/X                   5      8     -3 (VIOLATED)
clkbuf_4_14_0_sys_clk/X                   5      8     -3 (VIOLATED)
clkbuf_4_7_0_sys_clk/X                    5      8     -3 (VIOLATED)
clkbuf_4_10_0_sys_clk/X                   5      7     -2 (VIOLATED)
clkbuf_4_9_0_sys_clk/X                    5      7     -2 (VIOLATED)
clkbuf_4_12_0_sys_clk/X                   5      6        (VIOLATED)
clkbuf_4_3_0_sys_clk/X                    5      6        (VIOLATED)
clkbuf_4_6_0_sys_clk/X                    5      6        (VIOLATED)



===========================================================================
report_parasitic_annotation -report_unannotated
============================================================================
Found 15 unannotated drivers.
 clkload0/Y
 clkload1/Y
 clkload10/Y
 clkload11/Y
 clkload12/Y
 clkload13/Y
 clkload14/Y
 clkload2/Y
 clkload3/Y
 clkload4/Y
 clkload5/Y
 clkload6/Y
 clkload7/Y
 clkload8/Y
 clkload9/Y
Found 0 partially unannotated drivers.

===========================================================================
max slew violation count 0
max fanout violation count 17
max cap violation count 0
============================================================================

===========================================================================
check_setup -verbose -unconstrained_endpoints -multiple_clock -no_clock -no_input_delay -loops -generated_clocks
===========================================================================
Warning: There are 33 unclocked register/latch pins.
  _2095_/CLK
  _2183_/CLK
  _2184_/CLK
  _2185_/CLK
  _2186_/CLK
  _2187_/CLK
  _2188_/CLK
  _2189_/CLK
  _2190_/CLK
  _2191_/CLK
  _2192_/CLK
  _2193_/CLK
  _2194_/CLK
  _2195_/CLK
  _2196_/CLK
  _2197_/CLK
  _2198_/CLK
  _2199_/CLK
  _2200_/CLK
  _2201_/CLK
  _2202_/CLK
  _2203_/CLK
  _2204_/CLK
  _2205_/CLK
  _2206_/CLK
  _2207_/CLK
  _2208_/CLK
  _2209_/CLK
  _2210_/CLK
  _2211_/CLK
  _2212_/CLK
  _2213_/CLK
  _2214_/CLK
Warning: There are 34 unconstrained endpoints.
  _2095_/D
  _2141_/D
  _2183_/D
  _2184_/D
  _2185_/D
  _2186_/D
  _2187_/D
  _2188_/D
  _2189_/D
  _2190_/D
  _2191_/D
  _2192_/D
  _2193_/D
  _2194_/D
  _2195_/D
  _2196_/D
  _2197_/D
  _2198_/D
  _2199_/D
  _2200_/D
  _2201_/D
  _2202_/D
  _2203_/D
  _2204_/D
  _2205_/D
  _2206_/D
  _2207_/D
  _2208_/D
  _2209_/D
  _2210_/D
  _2211_/D
  _2212_/D
  _2213_/D
  _2214_/D
