Clock: sys_clk
Sources: sys_clk 
Generated: no
Virtual: yes
Propagated: no
Period: 10.000000

===========================================================================
report_clock_properties
============================================================================
Clock                   Period          Waveform
----------------------------------------------------
sys_clk              10.000000    0.000000  5.000000

===========================================================================
report_clock_latency
============================================================================
Clock sys_clk
rise -> rise
    min     max
0.000000 0.000000 source latency
0.427786         network latency _2178_/CLK
        1.613103 network latency _2234_/CLK
---------------
0.427786 1.613103 latency
        1.185316 skew

rise -> fall
    min     max
0.000000 0.000000 source latency
1.061729         network latency _2223_/CLK
        1.448416 network latency _2234_/CLK
---------------
1.061729 1.448416 latency
        0.386687 skew

fall -> fall
    min     max
0.000000 0.000000 source latency
0.377980         network latency _2178_/CLK
        0.387401 network latency _2131_/CLK
---------------
0.377980 0.387401 latency
        0.009421 skew



===========================================================================
report_clock_min_period
============================================================================
sys_clk period_min = 5.52 fmax = 181.23
