Clock: sys_clk
Sources: sys_clk 
Generated: no
Virtual: yes
Propagated: no
Period: 10.000000

===========================================================================
report_clock_properties
============================================================================
Clock                   Period          Waveform
----------------------------------------------------
sys_clk              10.000000    0.000000  5.000000

===========================================================================
report_clock_latency
============================================================================
Clock sys_clk
rise -> rise
    min     max
0.000000 0.000000 source latency
0.418333         network latency _2178_/CLK
        1.524911 network latency _2234_/CLK
---------------
0.418333 1.524911 latency
        1.106578 skew

rise -> fall
    min     max
0.000000 0.000000 source latency
1.023776         network latency _2222_/CLK
        1.386830 network latency _2234_/CLK
---------------
1.023776 1.386830 latency
        0.363054 skew

fall -> fall
    min     max
0.000000 0.000000 source latency
0.371022         network latency _2178_/CLK
        0.378356 network latency _2131_/CLK
---------------
0.371022 0.378356 latency
        0.007334 skew



===========================================================================
report_clock_min_period
============================================================================
sys_clk period_min = 5.87 fmax = 170.42
