Clock: sys_clk
Sources: sys_clk 
Generated: no
Virtual: yes
Propagated: no
Period: 10.000000

===========================================================================
report_clock_properties
============================================================================
Clock                   Period          Waveform
----------------------------------------------------
sys_clk              10.000000    0.000000  5.000000

===========================================================================
report_clock_latency
============================================================================
Clock sys_clk
rise -> rise
    min     max
0.000000 0.000000 source latency
0.331763         network latency _2174_/CLK
        1.170033 network latency _2234_/CLK
---------------
0.331763 1.170033 latency
        0.838269 skew

rise -> fall
    min     max
0.000000 0.000000 source latency
0.778183         network latency _2223_/CLK
        1.043645 network latency _2234_/CLK
---------------
0.778183 1.043645 latency
        0.265462 skew

fall -> fall
    min     max
0.000000 0.000000 source latency
0.280922         network latency _2174_/CLK
        0.290882 network latency _2181_/CLK
---------------
0.280922 0.290882 latency
        0.009960 skew



===========================================================================
report_clock_min_period
============================================================================
sys_clk period_min = 3.51 fmax = 284.56
