                                                                       Cells by Function                                                                        
┏━━━━━━━━━━━━━━━━━━━━━━━━━━━━━━━━━━━━━━━━━━━━━━━━━━━━━━━━━━━━━━━━━━━━━━━━━━━━━━━━━━━━━━━━━━━━━━━━━━━━━━━━━━━━━━━━━━━━━━━━━━━━━━━━━┳━━━━━━━━━━━━━━━━━━━━━━━━━━━━┓
┃ Cell Function                                                                                                                   ┃ Count                      ┃
┡━━━━━━━━━━━━━━━━━━━━━━━━━━━━━━━━━━━━━━━━━━━━━━━━━━━━━━━━━━━━━━━━━━━━━━━━━━━━━━━━━━━━━━━━━━━━━━━━━━━━━━━━━━━━━━━━━━━━━━━━━━━━━━━━━╇━━━━━━━━━━━━━━━━━━━━━━━━━━━━┩
│ sky130_ef_sc_hd__decap                                                                                                          │ 506                        │
│ sky130_fd_sc_hd__a2111o                                                                                                         │ 3                          │
│ sky130_fd_sc_hd__a2111oi                                                                                                        │ 2                          │
│ sky130_fd_sc_hd__a211o                                                                                                          │ 30                         │
│ sky130_fd_sc_hd__a211oi                                                                                                         │ 2                          │
│ sky130_fd_sc_hd__a21bo                                                                                                          │ 13                         │
│ sky130_fd_sc_hd__a21boi                                                                                                         │ 6                          │
│ sky130_fd_sc_hd__a21o                                                                                                           │ 40                         │
│ sky130_fd_sc_hd__a21oi                                                                                                          │ 37                         │
│ sky130_fd_sc_hd__a221o                                                                                                          │ 33                         │
│ sky130_fd_sc_hd__a22o                                                                                                           │ 19                         │
│ sky130_fd_sc_hd__a22oi                                                                                                          │ 5                          │
│ sky130_fd_sc_hd__a2bb2o                                                                                                         │ 2                          │
│ sky130_fd_sc_hd__a311o                                                                                                          │ 3                          │
│ sky130_fd_sc_hd__a31o                                                                                                           │ 37                         │
│ sky130_fd_sc_hd__a31oi                                                                                                          │ 6                          │
│ sky130_fd_sc_hd__a32o                                                                                                           │ 1                          │
│ sky130_fd_sc_hd__a41o                                                                                                           │ 2                          │
│ sky130_fd_sc_hd__and2                                                                                                           │ 93                         │
│ sky130_fd_sc_hd__and2b                                                                                                          │ 13                         │
│ sky130_fd_sc_hd__and3                                                                                                           │ 49                         │
│ sky130_fd_sc_hd__and3b                                                                                                          │ 8                          │
│ sky130_fd_sc_hd__and4                                                                                                           │ 11                         │
│ sky130_fd_sc_hd__and4b                                                                                                          │ 4                          │
│ sky130_fd_sc_hd__and4bb                                                                                                         │ 33                         │
│ sky130_fd_sc_hd__buf                                                                                                            │ 171                        │
│ sky130_fd_sc_hd__bufinv                                                                                                         │ 2                          │
│ sky130_fd_sc_hd__clkbuf                                                                                                         │ 126                        │
│ sky130_fd_sc_hd__clkinv                                                                                                         │ 6                          │
│ sky130_fd_sc_hd__clkinvlp                                                                                                       │ 3                          │
│ sky130_fd_sc_hd__decap                                                                                                          │ 858                        │
│ sky130_fd_sc_hd__dfxtp                                                                                                          │ 154                        │
│ sky130_fd_sc_hd__diode                                                                                                          │ 1                          │
│ sky130_fd_sc_hd__dlygate4sd1                                                                                                    │ 1                          │
│ sky130_fd_sc_hd__dlygate4sd3                                                                                                    │ 63                         │
│ sky130_fd_sc_hd__dlymetal6s2s                                                                                                   │ 36                         │
│ sky130_fd_sc_hd__fill                                                                                                           │ 650                        │
│ sky130_fd_sc_hd__inv                                                                                                            │ 28                         │
│ sky130_fd_sc_hd__mux2                                                                                                           │ 11                         │
│ sky130_fd_sc_hd__nand2                                                                                                          │ 124                        │
│ sky130_fd_sc_hd__nand2b                                                                                                         │ 10                         │
│ sky130_fd_sc_hd__nand3                                                                                                          │ 9                          │
│ sky130_fd_sc_hd__nand3b                                                                                                         │ 1                          │
│ sky130_fd_sc_hd__nand4                                                                                                          │ 2                          │
│ sky130_fd_sc_hd__nand4b                                                                                                         │ 1                          │
│ sky130_fd_sc_hd__nor2                                                                                                           │ 97                         │
│ sky130_fd_sc_hd__nor3                                                                                                           │ 2                          │
│ sky130_fd_sc_hd__nor3b                                                                                                          │ 1                          │
│ sky130_fd_sc_hd__nor4                                                                                                           │ 1                          │
│ sky130_fd_sc_hd__o2111a                                                                                                         │ 1                          │
│ sky130_fd_sc_hd__o211a                                                                                                          │ 11                         │
│ sky130_fd_sc_hd__o211ai                                                                                                         │ 8                          │
│ sky130_fd_sc_hd__o21a                                                                                                           │ 11                         │
│ sky130_fd_sc_hd__o21ai                                                                                                          │ 23                         │
│ sky130_fd_sc_hd__o21ba                                                                                                          │ 6                          │
│ sky130_fd_sc_hd__o21bai                                                                                                         │ 2                          │
│ sky130_fd_sc_hd__o221a                                                                                                          │ 9                          │
│ sky130_fd_sc_hd__o22a                                                                                                           │ 9                          │
│ sky130_fd_sc_hd__o22ai                                                                                                          │ 9                          │
│ sky130_fd_sc_hd__o2bb2a                                                                                                         │ 1                          │
│ sky130_fd_sc_hd__o311a                                                                                                          │ 1                          │
│ sky130_fd_sc_hd__o31a                                                                                                           │ 5                          │
│ sky130_fd_sc_hd__o31ai                                                                                                          │ 10                         │
│ sky130_fd_sc_hd__o32a                                                                                                           │ 1                          │
│ sky130_fd_sc_hd__o41a                                                                                                           │ 2                          │
│ sky130_fd_sc_hd__or2                                                                                                            │ 77                         │
│ sky130_fd_sc_hd__or3                                                                                                            │ 14                         │
│ sky130_fd_sc_hd__or3b                                                                                                           │ 7                          │
│ sky130_fd_sc_hd__or4                                                                                                            │ 16                         │
│ sky130_fd_sc_hd__or4b                                                                                                           │ 4                          │
│ sky130_fd_sc_hd__or4bb                                                                                                          │ 3                          │
│ sky130_fd_sc_hd__tapvpwrvgnd                                                                                                    │ 378                        │
│ sky130_fd_sc_hd__xnor2                                                                                                          │ 67                         │
│ sky130_fd_sc_hd__xor2                                                                                                           │ 14                         │
└─────────────────────────────────────────────────────────────────────────────────────────────────────────────────────────────────┴────────────────────────────┘
