                                                                        Cells by Master                                                                         
┏━━━━━━━━━━━━━━━━━━━━━━━━━━━━━━━━━━━━━━━━━━━━━━━━━━━━━━━━━━━━━━━━━━━━━━━━━━━━━━━━━━━━━━━━━━━━━━━━━━━━━━━━━━━━━━━━━━━━━━━━━━━━━━━━━━┳━━━━━━━━━━━━━━━━━━━━━━━━━━━┓
┃ Cell                                                                                                                             ┃ Count                     ┃
┡━━━━━━━━━━━━━━━━━━━━━━━━━━━━━━━━━━━━━━━━━━━━━━━━━━━━━━━━━━━━━━━━━━━━━━━━━━━━━━━━━━━━━━━━━━━━━━━━━━━━━━━━━━━━━━━━━━━━━━━━━━━━━━━━━━╇━━━━━━━━━━━━━━━━━━━━━━━━━━━┩
│ sky130_ef_sc_hd__decap_12                                                                                                        │ 506                       │
│ sky130_fd_sc_hd__a2111o_1                                                                                                        │ 3                         │
│ sky130_fd_sc_hd__a2111oi_1                                                                                                       │ 1                         │
│ sky130_fd_sc_hd__a2111oi_2                                                                                                       │ 1                         │
│ sky130_fd_sc_hd__a211o_1                                                                                                         │ 29                        │
│ sky130_fd_sc_hd__a211o_4                                                                                                         │ 1                         │
│ sky130_fd_sc_hd__a211oi_1                                                                                                        │ 1                         │
│ sky130_fd_sc_hd__a211oi_2                                                                                                        │ 1                         │
│ sky130_fd_sc_hd__a21bo_1                                                                                                         │ 13                        │
│ sky130_fd_sc_hd__a21boi_1                                                                                                        │ 4                         │
│ sky130_fd_sc_hd__a21boi_2                                                                                                        │ 1                         │
│ sky130_fd_sc_hd__a21boi_4                                                                                                        │ 1                         │
│ sky130_fd_sc_hd__a21o_1                                                                                                          │ 40                        │
│ sky130_fd_sc_hd__a21oi_1                                                                                                         │ 37                        │
│ sky130_fd_sc_hd__a221o_1                                                                                                         │ 33                        │
│ sky130_fd_sc_hd__a22o_1                                                                                                          │ 19                        │
│ sky130_fd_sc_hd__a22oi_1                                                                                                         │ 4                         │
│ sky130_fd_sc_hd__a22oi_2                                                                                                         │ 1                         │
│ sky130_fd_sc_hd__a2bb2o_1                                                                                                        │ 2                         │
│ sky130_fd_sc_hd__a311o_1                                                                                                         │ 3                         │
│ sky130_fd_sc_hd__a31o_1                                                                                                          │ 36                        │
│ sky130_fd_sc_hd__a31o_4                                                                                                          │ 1                         │
│ sky130_fd_sc_hd__a31oi_1                                                                                                         │ 5                         │
│ sky130_fd_sc_hd__a31oi_4                                                                                                         │ 1                         │
│ sky130_fd_sc_hd__a32o_1                                                                                                          │ 1                         │
│ sky130_fd_sc_hd__a41o_1                                                                                                          │ 2                         │
│ sky130_fd_sc_hd__and2_1                                                                                                          │ 92                        │
│ sky130_fd_sc_hd__and2_4                                                                                                          │ 1                         │
│ sky130_fd_sc_hd__and2b_1                                                                                                         │ 13                        │
│ sky130_fd_sc_hd__and3_1                                                                                                          │ 49                        │
│ sky130_fd_sc_hd__and3b_1                                                                                                         │ 8                         │
│ sky130_fd_sc_hd__and4_1                                                                                                          │ 11                        │
│ sky130_fd_sc_hd__and4b_1                                                                                                         │ 4                         │
│ sky130_fd_sc_hd__and4bb_1                                                                                                        │ 33                        │
│ sky130_fd_sc_hd__buf_1                                                                                                           │ 132                       │
│ sky130_fd_sc_hd__buf_2                                                                                                           │ 34                        │
│ sky130_fd_sc_hd__buf_6                                                                                                           │ 5                         │
│ sky130_fd_sc_hd__bufinv_16                                                                                                       │ 2                         │
│ sky130_fd_sc_hd__clkbuf_1                                                                                                        │ 89                        │
│ sky130_fd_sc_hd__clkbuf_16                                                                                                       │ 1                         │
│ sky130_fd_sc_hd__clkbuf_2                                                                                                        │ 16                        │
│ sky130_fd_sc_hd__clkbuf_8                                                                                                        │ 20                        │
│ sky130_fd_sc_hd__clkinv_2                                                                                                        │ 4                         │
│ sky130_fd_sc_hd__clkinv_4                                                                                                        │ 2                         │
│ sky130_fd_sc_hd__clkinvlp_4                                                                                                      │ 3                         │
│ sky130_fd_sc_hd__decap_3                                                                                                         │ 280                       │
│ sky130_fd_sc_hd__decap_4                                                                                                         │ 204                       │
│ sky130_fd_sc_hd__decap_6                                                                                                         │ 167                       │
│ sky130_fd_sc_hd__decap_8                                                                                                         │ 207                       │
│ sky130_fd_sc_hd__dfxtp_1                                                                                                         │ 153                       │
│ sky130_fd_sc_hd__dfxtp_2                                                                                                         │ 1                         │
│ sky130_fd_sc_hd__diode_2                                                                                                         │ 1                         │
│ sky130_fd_sc_hd__dlygate4sd1_1                                                                                                   │ 1                         │
│ sky130_fd_sc_hd__dlygate4sd3_1                                                                                                   │ 63                        │
│ sky130_fd_sc_hd__dlymetal6s2s_1                                                                                                  │ 36                        │
│ sky130_fd_sc_hd__fill_1                                                                                                          │ 428                       │
│ sky130_fd_sc_hd__fill_2                                                                                                          │ 222                       │
│ sky130_fd_sc_hd__inv_2                                                                                                           │ 28                        │
│ sky130_fd_sc_hd__mux2_1                                                                                                          │ 10                        │
│ sky130_fd_sc_hd__mux2_4                                                                                                          │ 1                         │
│ sky130_fd_sc_hd__nand2_1                                                                                                         │ 122                       │
│ sky130_fd_sc_hd__nand2_2                                                                                                         │ 2                         │
│ sky130_fd_sc_hd__nand2b_1                                                                                                        │ 10                        │
│ sky130_fd_sc_hd__nand3_1                                                                                                         │ 8                         │
│ sky130_fd_sc_hd__nand3_2                                                                                                         │ 1                         │
│ sky130_fd_sc_hd__nand3b_1                                                                                                        │ 1                         │
│ sky130_fd_sc_hd__nand4_1                                                                                                         │ 1                         │
│ sky130_fd_sc_hd__nand4_2                                                                                                         │ 1                         │
│ sky130_fd_sc_hd__nand4b_1                                                                                                        │ 1                         │
│ sky130_fd_sc_hd__nor2_1                                                                                                          │ 96                        │
│ sky130_fd_sc_hd__nor2_2                                                                                                          │ 1                         │
│ sky130_fd_sc_hd__nor3_1                                                                                                          │ 2                         │
│ sky130_fd_sc_hd__nor3b_1                                                                                                         │ 1                         │
│ sky130_fd_sc_hd__nor4_1                                                                                                          │ 1                         │
│ sky130_fd_sc_hd__o2111a_1                                                                                                        │ 1                         │
│ sky130_fd_sc_hd__o211a_1                                                                                                         │ 10                        │
│ sky130_fd_sc_hd__o211a_4                                                                                                         │ 1                         │
│ sky130_fd_sc_hd__o211ai_1                                                                                                        │ 7                         │
│ sky130_fd_sc_hd__o211ai_4                                                                                                        │ 1                         │
│ sky130_fd_sc_hd__o21a_1                                                                                                          │ 11                        │
│ sky130_fd_sc_hd__o21ai_1                                                                                                         │ 23                        │
│ sky130_fd_sc_hd__o21ba_1                                                                                                         │ 6                         │
│ sky130_fd_sc_hd__o21bai_1                                                                                                        │ 2                         │
│ sky130_fd_sc_hd__o221a_1                                                                                                         │ 8                         │
│ sky130_fd_sc_hd__o221a_4                                                                                                         │ 1                         │
│ sky130_fd_sc_hd__o22a_1                                                                                                          │ 9                         │
│ sky130_fd_sc_hd__o22ai_1                                                                                                         │ 8                         │
│ sky130_fd_sc_hd__o22ai_2                                                                                                         │ 1                         │
│ sky130_fd_sc_hd__o2bb2a_1                                                                                                        │ 1                         │
│ sky130_fd_sc_hd__o311a_1                                                                                                         │ 1                         │
│ sky130_fd_sc_hd__o31a_1                                                                                                          │ 5                         │
│ sky130_fd_sc_hd__o31ai_1                                                                                                         │ 9                         │
│ sky130_fd_sc_hd__o31ai_4                                                                                                         │ 1                         │
│ sky130_fd_sc_hd__o32a_1                                                                                                          │ 1                         │
│ sky130_fd_sc_hd__o41a_1                                                                                                          │ 2                         │
│ sky130_fd_sc_hd__or2_1                                                                                                           │ 73                        │
│ sky130_fd_sc_hd__or2_2                                                                                                           │ 1                         │
│ sky130_fd_sc_hd__or2_4                                                                                                           │ 3                         │
│ sky130_fd_sc_hd__or3_1                                                                                                           │ 10                        │
│ sky130_fd_sc_hd__or3_4                                                                                                           │ 4                         │
│ sky130_fd_sc_hd__or3b_1                                                                                                          │ 6                         │
│ sky130_fd_sc_hd__or3b_2                                                                                                          │ 1                         │
│ sky130_fd_sc_hd__or4_1                                                                                                           │ 8                         │
│ sky130_fd_sc_hd__or4_2                                                                                                           │ 5                         │
│ sky130_fd_sc_hd__or4_4                                                                                                           │ 3                         │
│ sky130_fd_sc_hd__or4b_1                                                                                                          │ 4                         │
│ sky130_fd_sc_hd__or4bb_1                                                                                                         │ 3                         │
│ sky130_fd_sc_hd__tapvpwrvgnd_1                                                                                                   │ 378                       │
│ sky130_fd_sc_hd__xnor2_1                                                                                                         │ 51                        │
│ sky130_fd_sc_hd__xnor2_2                                                                                                         │ 12                        │
│ sky130_fd_sc_hd__xnor2_4                                                                                                         │ 4                         │
│ sky130_fd_sc_hd__xor2_1                                                                                                          │ 10                        │
│ sky130_fd_sc_hd__xor2_2                                                                                                          │ 4                         │
└──────────────────────────────────────────────────────────────────────────────────────────────────────────────────────────────────┴───────────────────────────┘
