144. Printing statistics.

=== pll_top ===

   Number of wires:               1353
   Number of wire bits:           1668
   Number of public wires:          21
   Number of public wire bits:     232
   Number of ports:                  8
   Number of port bits:            101
   Number of memories:               0
   Number of memory bits:            0
   Number of processes:              0
   Number of cells:               1552
     $_ANDNOT_                     444
     $_AND_                         37
     $_DFFE_PN_                     54
     $_DFFE_PP_                      9
     $_DFF_P_                        4
     $_MUX_                         63
     $_NAND_                        88
     $_NOR_                        137
     $_NOT_                        127
     $_ORNOT_                       21
     $_OR_                         178
     $_SDFFE_PN0P_                   8
     $_SDFFE_PP0P_                   6
     $_SDFF_PN0_                    40
     $_SDFF_PN1_                     1
     $_SDFF_PP0_                    32
     $_XNOR_                        76
     $_XOR_                        227

   Area for cell type $_NOT_ is unknown!
   Area for cell type $_AND_ is unknown!
   Area for cell type $_NAND_ is unknown!
   Area for cell type $_OR_ is unknown!
   Area for cell type $_NOR_ is unknown!
   Area for cell type $_XOR_ is unknown!
   Area for cell type $_XNOR_ is unknown!
   Area for cell type $_ANDNOT_ is unknown!
   Area for cell type $_ORNOT_ is unknown!
   Area for cell type $_MUX_ is unknown!
   Area for cell type $_DFF_P_ is unknown!
   Area for cell type $_DFFE_PN_ is unknown!
   Area for cell type $_DFFE_PP_ is unknown!
   Area for cell type $_SDFF_PN0_ is unknown!
   Area for cell type $_SDFF_PN1_ is unknown!
   Area for cell type $_SDFF_PP0_ is unknown!
   Area for cell type $_SDFFE_PN0P_ is unknown!
   Area for cell type $_SDFFE_PP0P_ is unknown!

