154. Printing statistics.

=== pll_top ===

   Number of wires:               1272
   Number of wire bits:           1365
   Number of public wires:         129
   Number of public wire bits:     222
   Number of ports:                  8
   Number of port bits:            101
   Number of memories:               0
   Number of memory bits:            0
   Number of processes:              0
   Number of cells:               1298
     gf180mcu_fd_sc_mcu7t5v0__and2_1     38
     gf180mcu_fd_sc_mcu7t5v0__and3_1     10
     gf180mcu_fd_sc_mcu7t5v0__and4_1     10
     gf180mcu_fd_sc_mcu7t5v0__aoi211_1     11
     gf180mcu_fd_sc_mcu7t5v0__aoi21_1     71
     gf180mcu_fd_sc_mcu7t5v0__aoi221_1     11
     gf180mcu_fd_sc_mcu7t5v0__aoi222_1      4
     gf180mcu_fd_sc_mcu7t5v0__aoi22_1     32
     gf180mcu_fd_sc_mcu7t5v0__buf_1      1
     gf180mcu_fd_sc_mcu7t5v0__clkinv_1     81
     gf180mcu_fd_sc_mcu7t5v0__dffq_1    154
     gf180mcu_fd_sc_mcu7t5v0__mux2_2      5
     gf180mcu_fd_sc_mcu7t5v0__nand2_1    262
     gf180mcu_fd_sc_mcu7t5v0__nand3_1     50
     gf180mcu_fd_sc_mcu7t5v0__nand4_1     16
     gf180mcu_fd_sc_mcu7t5v0__nor2_1    124
     gf180mcu_fd_sc_mcu7t5v0__nor3_1     23
     gf180mcu_fd_sc_mcu7t5v0__nor4_1     17
     gf180mcu_fd_sc_mcu7t5v0__oai211_1     40
     gf180mcu_fd_sc_mcu7t5v0__oai21_1     78
     gf180mcu_fd_sc_mcu7t5v0__oai221_1      4
     gf180mcu_fd_sc_mcu7t5v0__oai222_1      1
     gf180mcu_fd_sc_mcu7t5v0__oai22_1     14
     gf180mcu_fd_sc_mcu7t5v0__oai31_1     17
     gf180mcu_fd_sc_mcu7t5v0__oai32_1      3
     gf180mcu_fd_sc_mcu7t5v0__oai33_1      1
     gf180mcu_fd_sc_mcu7t5v0__or2_1     23
     gf180mcu_fd_sc_mcu7t5v0__or3_1      5
     gf180mcu_fd_sc_mcu7t5v0__or4_1      5
     gf180mcu_fd_sc_mcu7t5v0__xnor2_1     37
     gf180mcu_fd_sc_mcu7t5v0__xor2_1    133
     gf180mcu_fd_sc_mcu7t5v0__xor3_1     17

   Chip area for module '\pll_top': 29979.846400
     of which used for sequential elements: 9803.763200 (32.70%)

