
===========================================================================
report_checks -unconstrained
===========================================================================
======================= min_tt_025C_1v80 Corner ===================================

Startpoint: _2184_ (rising edge-triggered flip-flop clocked by sys_clk)
Endpoint: _2219_ (rising edge-triggered flip-flop clocked by sys_clk)
Path Group: sys_clk
Path Type: max

Fanout         Cap        Slew       Delay        Time   Description
---------------------------------------------------------------------------------------------
                                  0.000000    0.000000   clock sys_clk (rise edge)
                                  0.000000    0.000000   clock source latency
     1    0.023597    0.111859    0.077592    0.077592 ^ sys_clk (in)
                                                         sys_clk (net)
                      0.111903    0.000000    0.077592 ^ clkbuf_0_sys_clk/A (sky130_fd_sc_hd__clkbuf_16)
    16    0.110322    0.123890    0.217606    0.295198 ^ clkbuf_0_sys_clk/X (sky130_fd_sc_hd__clkbuf_16)
                                                         clknet_0_sys_clk (net)
                      0.123916    0.001773    0.296971 ^ clkbuf_4_6_0_sys_clk/A (sky130_fd_sc_hd__clkbuf_8)
     9    0.027928    0.063246    0.171177    0.468148 ^ clkbuf_4_6_0_sys_clk/X (sky130_fd_sc_hd__clkbuf_8)
                                                         clknet_4_6_0_sys_clk (net)
                      0.063246    0.000271    0.468419 ^ _2184_/CLK (sky130_fd_sc_hd__dfxtp_4)
     3    0.012067    0.052232    0.353929    0.822348 ^ _2184_/Q (sky130_fd_sc_hd__dfxtp_4)
                                                         lf_inst.error_in[1] (net)
                      0.052232    0.000196    0.822543 ^ fanout130/A (sky130_fd_sc_hd__buf_6)
    10    0.048234    0.102789    0.146872    0.969416 ^ fanout130/X (sky130_fd_sc_hd__buf_6)
                                                         net130 (net)
                      0.102789    0.000412    0.969828 ^ _1642_/B (sky130_fd_sc_hd__and2b_2)
     2    0.011557    0.073234    0.182041    1.151869 ^ _1642_/X (sky130_fd_sc_hd__and2b_2)
                                                         _1020_ (net)
                      0.073234    0.000092    1.151961 ^ rebuffer1/A (sky130_fd_sc_hd__dlygate4sd1_1)
     6    0.015178    0.152391    0.279356    1.431316 ^ rebuffer1/X (sky130_fd_sc_hd__dlygate4sd1_1)
                                                         net157 (net)
                      0.152391    0.000069    1.431385 ^ rebuffer2/A (sky130_fd_sc_hd__dlymetal6s4s_1)
     2    0.006134    0.087570    0.228488    1.659873 ^ rebuffer2/X (sky130_fd_sc_hd__dlymetal6s4s_1)
                                                         net158 (net)
                      0.087570    0.000066    1.659939 ^ _1659_/B (sky130_fd_sc_hd__nand2_1)
     2    0.006770    0.077222    0.081033    1.740972 v _1659_/Y (sky130_fd_sc_hd__nand2_1)
                                                         _1035_ (net)
                      0.077222    0.000088    1.741059 v _1675_/B1_N (sky130_fd_sc_hd__a21boi_1)
     3    0.010453    0.110097    0.167704    1.908763 v _1675_/Y (sky130_fd_sc_hd__a21boi_1)
                                                         _1049_ (net)
                      0.110097    0.000151    1.908914 v _1692_/A1 (sky130_fd_sc_hd__o211a_1)
     2    0.008578    0.065495    0.271742    2.180656 v _1692_/X (sky130_fd_sc_hd__o211a_1)
                                                         _0167_ (net)
                      0.065495    0.000117    2.180773 v _1710_/A1 (sky130_fd_sc_hd__a211o_4)
     4    0.018257    0.071229    0.355795    2.536568 v _1710_/X (sky130_fd_sc_hd__a211o_4)
                                                         _0183_ (net)
                      0.071229    0.000349    2.536917 v _1762_/D (sky130_fd_sc_hd__or4_4)
     2    0.008222    0.090927    0.431390    2.968307 v _1762_/X (sky130_fd_sc_hd__or4_4)
                                                         _0229_ (net)
                      0.090927    0.000089    2.968396 v _1764_/A1 (sky130_fd_sc_hd__a31o_4)
     5    0.017177    0.052090    0.255001    3.223397 v _1764_/X (sky130_fd_sc_hd__a31o_4)
                                                         _0231_ (net)
                      0.052090    0.000377    3.223774 v _1783_/A2 (sky130_fd_sc_hd__o211a_4)
     2    0.020028    0.058363    0.255409    3.479182 v _1783_/X (sky130_fd_sc_hd__o211a_4)
                                                         _0248_ (net)
                      0.058363    0.000214    3.479396 v _1784_/A (sky130_fd_sc_hd__xnor2_4)
     4    0.018925    0.196118    0.220116    3.699512 ^ _1784_/Y (sky130_fd_sc_hd__xnor2_4)
                                                         _0249_ (net)
                      0.196118    0.000343    3.699855 ^ _2027_/B (sky130_fd_sc_hd__xnor2_2)
     2    0.007458    0.067105    0.095487    3.795342 v _2027_/Y (sky130_fd_sc_hd__xnor2_2)
                                                         _0454_ (net)
                      0.067105    0.000057    3.795399 v _2038_/D (sky130_fd_sc_hd__or4_1)
     1    0.002539    0.079653    0.394281    4.189680 v _2038_/X (sky130_fd_sc_hd__or4_1)
                                                         _0463_ (net)
                      0.079653    0.000022    4.189702 v _2039_/B1 (sky130_fd_sc_hd__a211o_1)
     3    0.012018    0.088508    0.325219    4.514920 v _2039_/X (sky130_fd_sc_hd__a211o_1)
                                                         _0464_ (net)
                      0.088508    0.000195    4.515115 v _2057_/A2 (sky130_fd_sc_hd__a211o_1)
     2    0.010617    0.082448    0.346033    4.861148 v _2057_/X (sky130_fd_sc_hd__a211o_1)
                                                         _0480_ (net)
                      0.082448    0.000098    4.861246 v _2059_/A2 (sky130_fd_sc_hd__a31oi_4)
     3    0.008364    0.143417    0.181472    5.042717 ^ _2059_/Y (sky130_fd_sc_hd__a31oi_4)
                                                         _0482_ (net)
                      0.143417    0.000083    5.042800 ^ _2060_/B (sky130_fd_sc_hd__nor2_1)
     1    0.003294    0.041276    0.059110    5.101910 v _2060_/Y (sky130_fd_sc_hd__nor2_1)
                                                         _0483_ (net)
                      0.041276    0.000040    5.101950 v _2061_/B1 (sky130_fd_sc_hd__a221o_1)
     1    0.001869    0.046602    0.276839    5.378789 v _2061_/X (sky130_fd_sc_hd__a221o_1)
                                                         _0118_ (net)
                      0.046602    0.000015    5.378804 v _2219_/D (sky130_fd_sc_hd__dfxtp_1)
                                              5.378804   data arrival time

                                 10.000000   10.000000   clock sys_clk (rise edge)
                                  0.000000   10.000000   clock source latency
     1    0.023597    0.111859    0.077592   10.077593 ^ sys_clk (in)
                                                         sys_clk (net)
                      0.111903    0.000000   10.077593 ^ clkbuf_0_sys_clk/A (sky130_fd_sc_hd__clkbuf_16)
    16    0.110322    0.123890    0.217606   10.295197 ^ clkbuf_0_sys_clk/X (sky130_fd_sc_hd__clkbuf_16)
                                                         clknet_0_sys_clk (net)
                      0.123927    0.002048   10.297246 ^ clkbuf_4_15_0_sys_clk/A (sky130_fd_sc_hd__clkbuf_8)
    10    0.035155    0.074345    0.179671   10.476916 ^ clkbuf_4_15_0_sys_clk/X (sky130_fd_sc_hd__clkbuf_8)
                                                         clknet_4_15_0_sys_clk (net)
                      0.074359    0.001012   10.477928 ^ _2219_/CLK (sky130_fd_sc_hd__dfxtp_1)
                                 -0.250000   10.227928   clock uncertainty
                                  0.000000   10.227928   clock reconvergence pessimism
                                 -0.104374   10.123555   library setup time
                                             10.123555   data required time
---------------------------------------------------------------------------------------------
                                             10.123555   data required time
                                             -5.378804   data arrival time
---------------------------------------------------------------------------------------------
                                              4.744750   slack (MET)




===========================================================================
report_checks --slack_max -0.01
============================================================================
======================= min_tt_025C_1v80 Corner ===================================

No paths found.


===========================================================================
 report_check_types -max_slew -max_cap -max_fanout -violators
============================================================================
======================= min_tt_025C_1v80 Corner ===================================

max fanout

Pin                                   Limit Fanout  Slack
---------------------------------------------------------
clkbuf_0_sys_clk/X                       10     16     -6 (VIOLATED)
clkbuf_4_4_0_sys_clk/X                   10     11        (VIOLATED)
clkbuf_4_7_0_sys_clk/X                   10     11        (VIOLATED)



===========================================================================
report_parasitic_annotation -report_unannotated
============================================================================
Found 15 unannotated drivers.
 clkload0/X
 clkload1/X
 clkload10/Y
 clkload11/Y
 clkload12/Y
 clkload13/Y
 clkload14/X
 clkload2/Y
 clkload3/Y
 clkload4/X
 clkload5/Y
 clkload6/Y
 clkload7/Y
 clkload8/Y
 clkload9/X
Found 0 partially unannotated drivers.

===========================================================================
max slew violation count 0
max fanout violation count 3
max cap violation count 0
============================================================================

===========================================================================
check_setup -verbose -unconstrained_endpoints -multiple_clock -no_clock -no_input_delay -loops -generated_clocks
===========================================================================
Warning: There are 33 unclocked register/latch pins.
  _2133_/CLK
  _2221_/CLK
  _2222_/CLK
  _2223_/CLK
  _2224_/CLK
  _2225_/CLK
  _2226_/CLK
  _2227_/CLK
  _2228_/CLK
  _2229_/CLK
  _2230_/CLK
  _2231_/CLK
  _2232_/CLK
  _2233_/CLK
  _2234_/CLK
  _2235_/CLK
  _2236_/CLK
  _2237_/CLK
  _2238_/CLK
  _2239_/CLK
  _2240_/CLK
  _2241_/CLK
  _2242_/CLK
  _2243_/CLK
  _2244_/CLK
  _2245_/CLK
  _2246_/CLK
  _2247_/CLK
  _2248_/CLK
  _2249_/CLK
  _2250_/CLK
  _2251_/CLK
  _2252_/CLK
Warning: There are 33 unconstrained endpoints.
  _2133_/D
  _2221_/D
  _2222_/D
  _2223_/D
  _2224_/D
  _2225_/D
  _2226_/D
  _2227_/D
  _2228_/D
  _2229_/D
  _2230_/D
  _2231_/D
  _2232_/D
  _2233_/D
  _2234_/D
  _2235_/D
  _2236_/D
  _2237_/D
  _2238_/D
  _2239_/D
  _2240_/D
  _2241_/D
  _2242_/D
  _2243_/D
  _2244_/D
  _2245_/D
  _2246_/D
  _2247_/D
  _2248_/D
  _2249_/D
  _2250_/D
  _2251_/D
  _2252_/D
