Reading timing models for corner nom_tt_025C_1v80…
Reading timing library for the 'nom_tt_025C_1v80' corner at '/Users/refikyalcin/.ciel/ciel/sky130/versions/0fe599b2afb6708d281543108caf8310912f54af/sky130A/libs.ref/sky130_fd_sc_hd/lib/sky130_fd_sc_hd__tt_025C_1v80.lib'…
Reading timing models for corner nom_ff_n40C_1v95…
Reading timing library for the 'nom_ff_n40C_1v95' corner at '/Users/refikyalcin/.ciel/ciel/sky130/versions/0fe599b2afb6708d281543108caf8310912f54af/sky130A/libs.ref/sky130_fd_sc_hd/lib/sky130_fd_sc_hd__ff_n40C_1v95.lib'…
Reading timing models for corner nom_ss_100C_1v60…
Reading timing library for the 'nom_ss_100C_1v60' corner at '/Users/refikyalcin/.ciel/ciel/sky130/versions/0fe599b2afb6708d281543108caf8310912f54af/sky130A/libs.ref/sky130_fd_sc_hd/lib/sky130_fd_sc_hd__ss_100C_1v60.lib'…
Reading OpenROAD database at '/Users/refikyalcin/vlsi/digital/Tiny-PLL/openlane/runs/RUN_2025-12-22_14-46-57/27-openroad-globalplacement/pll_top.odb'…
Reading design constraints file at '/nix/store/7x1qis8my0i44w1lx1yq2wiwh6yc774i-python3-3.11.9-env/lib/python3.11/site-packages/librelane/scripts/base.sdc'…
[INFO] Using clock sys_clk…
[INFO] Setting output delay to: 2.0
[INFO] Setting input delay to: 2.0
[INFO] Setting load to: 0.033442
[INFO] Setting clock uncertainty to: 0.25
[INFO] Setting clock transition to: 0.1499999999999999944488848768742172978818416595458984375
[INFO] Setting timing derate to: 5%
[INFO] Setting RC values…
[INFO RSZ-0027] Inserted 66 input buffers.
[INFO RSZ-0028] Inserted 34 output buffers.
[INFO RSZ-0058] Using max wire length 6335um.
Iteration | Resized | Buffers | Nets repaired | Remaining
---------------------------------------------------------
        0 |       0 |       0 |             0 |      1372
      100 |     105 |       8 |             2 |      1272
      200 |     205 |      11 |             4 |      1172
      300 |     300 |      11 |             4 |      1072
      400 |     395 |      11 |             4 |       972
      500 |     485 |      11 |             4 |       872
      600 |     577 |      12 |             5 |       772
      700 |     671 |      13 |             6 |       672
      800 |     757 |      13 |             6 |       572
      900 |     853 |      13 |             6 |       472
     1000 |     953 |      29 |            11 |       372
     1100 |    1045 |      29 |            11 |       272
     1200 |    1150 |      35 |            12 |       172
     1300 |    1254 |      56 |            15 |        72
    final |    1257 |      56 |            15 |         0
---------------------------------------------------------
[INFO RSZ-0034] Found 5 slew violations.
[INFO RSZ-0035] Found 11 fanout violations.
[INFO RSZ-0038] Inserted 56 buffers in 15 nets.
[INFO RSZ-0039] Resized 1257 instances.
Placement Analysis
---------------------------------
total displacement       2857.3 u
average displacement        1.5 u
max displacement            8.0 u
original HPWL           21748.0 u
legalized HPWL          24090.7 u
delta HPWL                   11 %

[INFO DPL-0020] Mirrored 615 instances
[INFO DPL-0021] HPWL before           24090.7 u
[INFO DPL-0022] HPWL after            23005.8 u
[INFO DPL-0023] HPWL delta               -4.5 %
[INFO] Setting RC values…
Setting global connections for newly added cells…
[INFO] Setting global connections...
Updating metrics…
Cell type report:                       Count       Area
  Fill cell                               122     457.94
  Tap cell                                378     472.95
  Buffer                                    1       3.75
  Timing Repair Buffer                    156     860.83
  Inverter                                 28     105.10
  Sequential cell                         154    3086.71
  Multi-Input combinational cell         1022    7322.02
  Total                                  1861   12309.31
Writing OpenROAD database to '/Users/refikyalcin/vlsi/digital/Tiny-PLL/openlane/runs/RUN_2025-12-22_14-46-57/31-openroad-repairdesignpostgpl/pll_top.odb'…
Writing netlist to '/Users/refikyalcin/vlsi/digital/Tiny-PLL/openlane/runs/RUN_2025-12-22_14-46-57/31-openroad-repairdesignpostgpl/pll_top.nl.v'…
Writing powered netlist to '/Users/refikyalcin/vlsi/digital/Tiny-PLL/openlane/runs/RUN_2025-12-22_14-46-57/31-openroad-repairdesignpostgpl/pll_top.pnl.v'…
Writing layout to '/Users/refikyalcin/vlsi/digital/Tiny-PLL/openlane/runs/RUN_2025-12-22_14-46-57/31-openroad-repairdesignpostgpl/pll_top.def'…
Writing timing constraints to '/Users/refikyalcin/vlsi/digital/Tiny-PLL/openlane/runs/RUN_2025-12-22_14-46-57/31-openroad-repairdesignpostgpl/pll_top.sdc'…
