Reading timing models for corner nom_tt_025C_1v80…
Reading timing library for the 'nom_tt_025C_1v80' corner at '/Users/refikyalcin/.ciel/ciel/sky130/versions/0fe599b2afb6708d281543108caf8310912f54af/sky130A/libs.ref/sky130_fd_sc_hd/lib/sky130_fd_sc_hd__tt_025C_1v80.lib'…
Reading timing models for corner nom_ff_n40C_1v95…
Reading timing library for the 'nom_ff_n40C_1v95' corner at '/Users/refikyalcin/.ciel/ciel/sky130/versions/0fe599b2afb6708d281543108caf8310912f54af/sky130A/libs.ref/sky130_fd_sc_hd/lib/sky130_fd_sc_hd__ff_n40C_1v95.lib'…
Reading timing models for corner nom_ss_100C_1v60…
Reading timing library for the 'nom_ss_100C_1v60' corner at '/Users/refikyalcin/.ciel/ciel/sky130/versions/0fe599b2afb6708d281543108caf8310912f54af/sky130A/libs.ref/sky130_fd_sc_hd/lib/sky130_fd_sc_hd__ss_100C_1v60.lib'…
Reading OpenROAD database at '/Users/refikyalcin/vlsi/digital/Tiny-PLL/openlane/runs/RUN_2025-12-17_14-52-26/33-openroad-detailedplacement/pll_top.odb'…
Reading design constraints file at '/nix/store/7x1qis8my0i44w1lx1yq2wiwh6yc774i-python3-3.11.9-env/lib/python3.11/site-packages/librelane/scripts/base.sdc'…
[INFO] Using clock sys_clk…
[INFO] Setting output delay to: 2.0
[INFO] Setting input delay to: 2.0
[INFO] Setting load to: 0.033442
[INFO] Setting clock uncertainty to: 0.25
[INFO] Setting clock transition to: 0.1499999999999999944488848768742172978818416595458984375
[INFO] Setting timing derate to: 5%
[INFO] Setting RC values…
[INFO] Configuring cts characterization…
[INFO] Performing clock tree synthesis…
[INFO] Looking for the following net(s): sys_clk
[INFO] Running Clock Tree Synthesis…
[INFO CTS-0050] Root buffer is sky130_fd_sc_hd__clkbuf_16.
[INFO CTS-0051] Sink buffer is sky130_fd_sc_hd__clkbuf_8.
[INFO CTS-0052] The following clock buffers will be used for CTS:
                    sky130_fd_sc_hd__clkbuf_2
                    sky130_fd_sc_hd__clkbuf_4
                    sky130_fd_sc_hd__clkbuf_8
[INFO CTS-0049] Characterization buffer is sky130_fd_sc_hd__clkbuf_8.
[INFO CTS-0007] Net "sys_clk" found for clock "sys_clk".
[INFO CTS-0010]  Clock net "sys_clk" has 121 sinks.
[INFO CTS-0008] TritonCTS found 1 clock nets.
[INFO CTS-0097] Characterization used 3 buffer(s) types.
[INFO CTS-0200] 0 placement blockages have been identified.
[INFO CTS-0201] 0 placed hard macros will be treated like blockages.
[INFO CTS-0027] Generating H-Tree topology for net sys_clk.
[INFO CTS-0028]  Total number of sinks: 121.
[INFO CTS-0029]  Sinks will be clustered in groups of up to 25 and with maximum cluster diameter of 50.0 um.
[INFO CTS-0030]  Number of static layers: 0.
[INFO CTS-0020]  Wire segment unit: 13600  dbu (13 um).
[INFO CTS-0023]  Original sink region: [(52705, 15020), (162185, 172780)].
[INFO CTS-0024]  Normalized sink region: [(3.87537, 1.10441), (11.9254, 12.7044)].
[INFO CTS-0025]     Width:  8.0500.
[INFO CTS-0026]     Height: 11.6000.
 Level 1
    Direction: Vertical
    Sinks per sub-region: 61
    Sub-region size: 8.0500 X 5.8000
[INFO CTS-0034]     Segment length (rounded): 2.
 Level 2
    Direction: Horizontal
    Sinks per sub-region: 31
    Sub-region size: 4.0250 X 5.8000
[INFO CTS-0034]     Segment length (rounded): 2.
 Level 3
    Direction: Vertical
    Sinks per sub-region: 16
    Sub-region size: 4.0250 X 2.9000
[INFO CTS-0034]     Segment length (rounded): 1.
 Level 4
    Direction: Horizontal
    Sinks per sub-region: 8
    Sub-region size: 2.0125 X 2.9000
[INFO CTS-0034]     Segment length (rounded): 1.
[INFO CTS-0032]  Stop criterion found. Max number of sinks is 15.
[INFO CTS-0035]  Number of sinks covered: 121.
[INFO CTS-0018]     Created 17 clock buffers.
[INFO CTS-0012]     Minimum number of buffers in the clock path: 2.
[INFO CTS-0013]     Maximum number of buffers in the clock path: 2.
[INFO CTS-0015]     Created 17 clock nets.
[INFO CTS-0016]     Fanout distribution for the current clock = 5:3, 6:2, 7:3, 8:3, 9:4, 13:1..
[INFO CTS-0017]     Max level of the clock tree: 4.
[INFO CTS-0098] Clock net "sys_clk"
[INFO CTS-0099]  Sinks 136
[INFO CTS-0100]  Leaf buffers 0
[INFO CTS-0101]  Average sink wire length 224.13 um
[INFO CTS-0102]  Path depth 2 - 2
[INFO CTS-0207]  Leaf load cells 15
[INFO] Repairing long wires on clock nets…
[INFO RSZ-0058] Using max wire length 6335um.
Setting global connections for newly added cells…
[INFO] Setting global connections...
Updating metrics…
Cell type report:                       Count       Area
  Fill cell                               122     457.94
  Tap cell                                378     472.95
  Buffer                                    1       3.75
  Clock buffer                             17     245.24
  Timing Repair Buffer                    277    1393.84
  Inverter                                 27     101.35
  Clock inverter                           15     212.70
  Sequential cell                         154    3115.49
  Multi-Input combinational cell         1004    6952.92
  Total                                  1995   12956.18
Writing OpenROAD database to '/Users/refikyalcin/vlsi/digital/Tiny-PLL/openlane/runs/RUN_2025-12-17_14-52-26/34-openroad-cts/pll_top.odb'…
Writing netlist to '/Users/refikyalcin/vlsi/digital/Tiny-PLL/openlane/runs/RUN_2025-12-17_14-52-26/34-openroad-cts/pll_top.nl.v'…
Writing powered netlist to '/Users/refikyalcin/vlsi/digital/Tiny-PLL/openlane/runs/RUN_2025-12-17_14-52-26/34-openroad-cts/pll_top.pnl.v'…
Writing layout to '/Users/refikyalcin/vlsi/digital/Tiny-PLL/openlane/runs/RUN_2025-12-17_14-52-26/34-openroad-cts/pll_top.def'…
Writing timing constraints to '/Users/refikyalcin/vlsi/digital/Tiny-PLL/openlane/runs/RUN_2025-12-17_14-52-26/34-openroad-cts/pll_top.sdc'…
[INFO] Legalizing…
Placement Analysis
---------------------------------
total displacement        221.7 u
average displacement        0.1 u
max displacement            6.4 u
original HPWL           25194.7 u
legalized HPWL          26249.7 u
delta HPWL                    4 %

[INFO DPL-0020] Mirrored 636 instances
[INFO DPL-0021] HPWL before           26249.7 u
[INFO DPL-0022] HPWL after            25359.9 u
[INFO DPL-0023] HPWL delta               -3.4 %
Setting global connections for newly added cells…
[INFO] Setting global connections...
Updating metrics…
Cell type report:                       Count       Area
  Fill cell                               122     457.94
  Tap cell                                378     472.95
  Buffer                                    1       3.75
  Clock buffer                             17     245.24
  Timing Repair Buffer                    277    1393.84
  Inverter                                 27     101.35
  Clock inverter                           15     212.70
  Sequential cell                         154    3115.49
  Multi-Input combinational cell         1004    6952.92
  Total                                  1995   12956.18
Writing OpenROAD database to '/Users/refikyalcin/vlsi/digital/Tiny-PLL/openlane/runs/RUN_2025-12-17_14-52-26/34-openroad-cts/pll_top.odb'…
Writing netlist to '/Users/refikyalcin/vlsi/digital/Tiny-PLL/openlane/runs/RUN_2025-12-17_14-52-26/34-openroad-cts/pll_top.nl.v'…
Writing powered netlist to '/Users/refikyalcin/vlsi/digital/Tiny-PLL/openlane/runs/RUN_2025-12-17_14-52-26/34-openroad-cts/pll_top.pnl.v'…
Writing layout to '/Users/refikyalcin/vlsi/digital/Tiny-PLL/openlane/runs/RUN_2025-12-17_14-52-26/34-openroad-cts/pll_top.def'…
Writing timing constraints to '/Users/refikyalcin/vlsi/digital/Tiny-PLL/openlane/runs/RUN_2025-12-17_14-52-26/34-openroad-cts/pll_top.sdc'…
%OL_CREATE_REPORT cts.rpt
[INFO CTS-0003] Total number of Clock Roots: 1.
[INFO CTS-0004] Total number of Buffers Inserted: 17.
[INFO CTS-0005] Total number of Clock Subnets: 17.
[INFO CTS-0006] Total number of Sinks: 121.
%OL_END_REPORT
