Clock: sys_clk
Sources: sys_clk 
Generated: no
Virtual: no
Propagated: no
Period: 10.000000

===========================================================================
report_clock_properties
============================================================================
Clock                   Period          Waveform
----------------------------------------------------
sys_clk              10.000000    0.000000  5.000000

===========================================================================
report_clock_latency
============================================================================
Clock sys_clk
rise -> rise
    min     max
0.000000 0.000000 source latency
0.483574         network latency _2095_/CLK
        0.550460 network latency _2062_/CLK
---------------
0.483574 0.550460 latency
        0.066886 skew

rise -> fall
    min     max
0.000000 0.000000 source latency
0.342661         network latency _2095_/CLK
        0.342661 network latency _2095_/CLK
---------------
0.342661 0.342661 latency
        0.000000 skew

fall -> fall
    min     max
0.000000 0.000000 source latency
0.235754         network latency _2062_/CLK
        0.235754 network latency _2062_/CLK
---------------
0.235754 0.235754 latency
        0.000000 skew



===========================================================================
report_clock_min_period
============================================================================
sys_clk period_min = 4.68 fmax = 213.60
