Clock: sys_clk
Sources: sys_clk 
Generated: no
Virtual: yes
Propagated: no
Period: 10.000000

===========================================================================
report_clock_properties
============================================================================
Clock                   Period          Waveform
----------------------------------------------------
sys_clk              10.000000    0.000000  5.000000

===========================================================================
report_clock_latency
============================================================================
Clock sys_clk
rise -> rise
    min     max
0.000000 0.000000 source latency
0.822799         network latency _2208_/CLK
        2.790719 network latency _2234_/CLK
---------------
0.822799 2.790719 latency
        1.967920 skew

rise -> fall
    min     max
0.000000 0.000000 source latency
2.070313         network latency _2252_/CLK
        2.563318 network latency _2234_/CLK
---------------
2.070313 2.563318 latency
        0.493005 skew

fall -> fall
    min     max
0.000000 0.000000 source latency
0.728291         network latency _2208_/CLK
        0.747996 network latency _2124_/CLK
---------------
0.728291 0.747996 latency
        0.019705 skew



===========================================================================
report_clock_min_period
============================================================================
sys_clk period_min = 10.32 fmax = 96.94
