#! /opt/homebrew/Cellar/icarus-verilog/12.0/bin/vvp
:ivl_version "12.0 (stable)";
:ivl_delay_selection "TYPICAL";
:vpi_time_precision + 0;
:vpi_module "/opt/homebrew/Cellar/icarus-verilog/12.0/lib/ivl/system.vpi";
:vpi_module "/opt/homebrew/Cellar/icarus-verilog/12.0/lib/ivl/vhdl_sys.vpi";
:vpi_module "/opt/homebrew/Cellar/icarus-verilog/12.0/lib/ivl/vhdl_textio.vpi";
:vpi_module "/opt/homebrew/Cellar/icarus-verilog/12.0/lib/ivl/v2005_math.vpi";
:vpi_module "/opt/homebrew/Cellar/icarus-verilog/12.0/lib/ivl/va_math.vpi";
:vpi_module "/opt/homebrew/Cellar/icarus-verilog/12.0/lib/ivl/v2009.vpi";
S_0x104f54860 .scope package, "$unit" "$unit" 2 1;
 .timescale 0 0;
S_0x104f56a90 .scope module, "tb_dco" "tb_dco" 3 1;
 .timescale 0 0;
v0x104f5bec0_0 .var "clk", 0 0;
v0x104f5bf60_0 .net "dco_out", 0 0, L_0x104f5c140;  1 drivers
v0x104f5c000_0 .var "rst_n", 0 0;
v0x104f5c0a0_0 .var "tuning_word", 31 0;
S_0x104f56c10 .scope module, "u_dco" "dco_nco" 3 9, 4 1 0, S_0x104f56a90;
 .timescale 0 0;
    .port_info 0 /INPUT 1 "sys_clk";
    .port_info 1 /INPUT 1 "rst_n";
    .port_info 2 /INPUT 32 "tuning_word";
    .port_info 3 /OUTPUT 1 "dco_out";
P_0x9f4854080 .param/l "WIDTH" 0 4 2, +C4<00000000000000000000000000100000>;
v0x104f54a40_0 .var "accumulator", 31 0;
v0x104f5b100_0 .net "dco_out", 0 0, L_0x104f5c140;  alias, 1 drivers
v0x104f5b1a0_0 .net "rst_n", 0 0, v0x104f5c000_0;  1 drivers
v0x104f5b240_0 .net "sys_clk", 0 0, v0x104f5bec0_0;  1 drivers
v0x104f5be20_0 .net "tuning_word", 31 0, v0x104f5c0a0_0;  1 drivers
E_0x9f4858300/0 .event negedge, v0x104f5b1a0_0;
E_0x9f4858300/1 .event posedge, v0x104f5b240_0;
E_0x9f4858300 .event/or E_0x9f4858300/0, E_0x9f4858300/1;
L_0x104f5c140 .part v0x104f54a40_0, 31, 1;
    .scope S_0x104f56c10;
T_0 ;
    %wait E_0x9f4858300;
    %load/vec4 v0x104f5b1a0_0;
    %nor/r;
    %flag_set/vec4 8;
    %jmp/0xz  T_0.0, 8;
    %pushi/vec4 0, 0, 32;
    %assign/vec4 v0x104f54a40_0, 0;
    %jmp T_0.1;
T_0.0 ;
    %load/vec4 v0x104f54a40_0;
    %load/vec4 v0x104f5be20_0;
    %add;
    %assign/vec4 v0x104f54a40_0, 0;
T_0.1 ;
    %jmp T_0;
    .thread T_0;
    .scope S_0x104f56a90;
T_1 ;
    %delay 5, 0;
    %load/vec4 v0x104f5bec0_0;
    %inv;
    %store/vec4 v0x104f5bec0_0, 0, 1;
    %jmp T_1;
    .thread T_1;
    .scope S_0x104f56a90;
T_2 ;
    %vpi_call/w 3 21 "$dumpfile", "test/dco_tb.vcd" {0 0 0};
    %vpi_call/w 3 22 "$dumpvars", 32'sb00000000000000000000000000000000, S_0x104f56a90 {0 0 0};
    %pushi/vec4 0, 0, 1;
    %store/vec4 v0x104f5bec0_0, 0, 1;
    %pushi/vec4 0, 0, 1;
    %store/vec4 v0x104f5c000_0, 0, 1;
    %pushi/vec4 0, 0, 32;
    %store/vec4 v0x104f5c0a0_0, 0, 32;
    %delay 100, 0;
    %pushi/vec4 1, 0, 1;
    %store/vec4 v0x104f5c000_0, 0, 1;
    %pushi/vec4 42949673, 0, 32;
    %store/vec4 v0x104f5c0a0_0, 0, 32;
    %vpi_call/w 3 36 "$display", "Setting DCO to approx 1 MHz" {0 0 0};
    %delay 20000, 0;
    %pushi/vec4 85899346, 0, 32;
    %store/vec4 v0x104f5c0a0_0, 0, 32;
    %vpi_call/w 3 41 "$display", "Setting DCO to approx 2 MHz" {0 0 0};
    %delay 20000, 0;
    %vpi_call/w 3 44 "$finish" {0 0 0};
    %end;
    .thread T_2;
# The file index is used to find the file name in the following table.
:file_names 5;
    "N/A";
    "<interactive>";
    "-";
    "test/tb_dco.v";
    "src/dco_nco.v";
