#! /opt/homebrew/Cellar/icarus-verilog/12.0/bin/vvp
:ivl_version "12.0 (stable)";
:ivl_delay_selection "TYPICAL";
:vpi_time_precision - 12;
:vpi_module "/opt/homebrew/Cellar/icarus-verilog/12.0/lib/ivl/system.vpi";
:vpi_module "/opt/homebrew/Cellar/icarus-verilog/12.0/lib/ivl/vhdl_sys.vpi";
:vpi_module "/opt/homebrew/Cellar/icarus-verilog/12.0/lib/ivl/vhdl_textio.vpi";
:vpi_module "/opt/homebrew/Cellar/icarus-verilog/12.0/lib/ivl/v2005_math.vpi";
:vpi_module "/opt/homebrew/Cellar/icarus-verilog/12.0/lib/ivl/va_math.vpi";
:vpi_module "/opt/homebrew/Cellar/icarus-verilog/12.0/lib/ivl/v2009.vpi";
S_0x102b780d0 .scope package, "$unit" "$unit" 2 1;
 .timescale 0 0;
S_0x102b78250 .scope module, "dco_nco" "dco_nco" 3 1;
 .timescale -9 -12;
    .port_info 0 /INPUT 1 "sys_clk";
    .port_info 1 /INPUT 1 "rst_n";
    .port_info 2 /INPUT 32 "tuning_word";
    .port_info 3 /OUTPUT 1 "dco_out";
P_0xa6e85c280 .param/l "WIDTH" 0 3 2, +C4<00000000000000000000000000100000>;
v0x102b7df40_0 .var "accumulator", 31 0;
v0x102b7dfe0_0 .net "dco_out", 0 0, L_0x102b7ad50;  1 drivers
o0xa6ec20070 .functor BUFZ 1, C4<z>; HiZ drive
v0x102b7e080_0 .net "rst_n", 0 0, o0xa6ec20070;  0 drivers
o0xa6ec200a0 .functor BUFZ 1, C4<z>; HiZ drive
v0x102b7e120_0 .net "sys_clk", 0 0, o0xa6ec200a0;  0 drivers
o0xa6ec200d0 .functor BUFZ 32, C4<zzzzzzzzzzzzzzzzzzzzzzzzzzzzzzzz>; HiZ drive
v0x102b7e1c0_0 .net "tuning_word", 31 0, o0xa6ec200d0;  0 drivers
E_0xa6e854900/0 .event negedge, v0x102b7e080_0;
E_0xa6e854900/1 .event posedge, v0x102b7e120_0;
E_0xa6e854900 .event/or E_0xa6e854900/0, E_0xa6e854900/1;
L_0x102b7ad50 .part v0x102b7df40_0, 31, 1;
S_0x102b7c6f0 .scope module, "pfd" "pfd" 4 1;
 .timescale -9 -12;
    .port_info 0 /INPUT 1 "ref_clk";
    .port_info 1 /INPUT 1 "fb_clk";
    .port_info 2 /INPUT 1 "rst_n";
    .port_info 3 /OUTPUT 1 "up";
    .port_info 4 /OUTPUT 1 "down";
L_0x102b7adf0 .functor AND 1, v0xa6f040460_0, v0xa6f040140_0, C4<1>, C4<1>;
L_0x102b7ae60 .functor OR 1, L_0x102b7adf0, L_0x102b83420, C4<0>, C4<0>;
v0xa6f040000_0 .net *"_ivl_0", 0 0, L_0x102b7adf0;  1 drivers
v0xa6f0400a0_0 .net *"_ivl_3", 0 0, L_0x102b83420;  1 drivers
v0xa6f040140_0 .var "down", 0 0;
o0xa6ec20250 .functor BUFZ 1, C4<z>; HiZ drive
v0xa6f0401e0_0 .net "fb_clk", 0 0, o0xa6ec20250;  0 drivers
o0xa6ec20280 .functor BUFZ 1, C4<z>; HiZ drive
v0xa6f040280_0 .net "ref_clk", 0 0, o0xa6ec20280;  0 drivers
v0xa6f040320_0 .net "reset_pfd", 0 0, L_0x102b7ae60;  1 drivers
o0xa6ec202e0 .functor BUFZ 1, C4<z>; HiZ drive
v0xa6f0403c0_0 .net "rst_n", 0 0, o0xa6ec202e0;  0 drivers
v0xa6f040460_0 .var "up", 0 0;
E_0xa6e854940 .event posedge, v0xa6f040320_0, v0xa6f0401e0_0;
E_0xa6e854980 .event posedge, v0xa6f040320_0, v0xa6f040280_0;
L_0x102b83420 .reduce/nor o0xa6ec202e0;
S_0x102b7c870 .scope module, "tb_divider" "tb_divider" 5 2;
 .timescale -9 -12;
v0xa6f040780_0 .var "clk", 0 0;
v0xa6f040820_0 .var "rst_n", 0 0;
v0xa6f0408c0_0 .net "slow_clk", 0 0, v0xa6f0405a0_0;  1 drivers
S_0x102b7abd0 .scope module, "u_div" "divider" 5 8, 6 1 0, S_0x102b7c870;
 .timescale -9 -12;
    .port_info 0 /INPUT 1 "clk_in";
    .port_info 1 /INPUT 1 "rst_n";
    .port_info 2 /OUTPUT 1 "clk_out";
P_0xa6e85c300 .param/l "DIV_VALUE" 0 6 2, +C4<00000000000000000000000000000100>;
v0xa6f040500_0 .net "clk_in", 0 0, v0xa6f040780_0;  1 drivers
v0xa6f0405a0_0 .var "clk_out", 0 0;
v0xa6f040640_0 .var "counter", 31 0;
v0xa6f0406e0_0 .net "rst_n", 0 0, v0xa6f040820_0;  1 drivers
E_0xa6e8549c0/0 .event negedge, v0xa6f0406e0_0;
E_0xa6e8549c0/1 .event posedge, v0xa6f040500_0;
E_0xa6e8549c0 .event/or E_0xa6e8549c0/0, E_0xa6e8549c0/1;
    .scope S_0x102b78250;
T_0 ;
    %wait E_0xa6e854900;
    %load/vec4 v0x102b7e080_0;
    %nor/r;
    %flag_set/vec4 8;
    %jmp/0xz  T_0.0, 8;
    %pushi/vec4 0, 0, 32;
    %assign/vec4 v0x102b7df40_0, 0;
    %jmp T_0.1;
T_0.0 ;
    %load/vec4 v0x102b7df40_0;
    %load/vec4 v0x102b7e1c0_0;
    %add;
    %assign/vec4 v0x102b7df40_0, 0;
T_0.1 ;
    %jmp T_0;
    .thread T_0;
    .scope S_0x102b7c6f0;
T_1 ;
    %wait E_0xa6e854980;
    %load/vec4 v0xa6f040320_0;
    %flag_set/vec4 8;
    %jmp/0xz  T_1.0, 8;
    %pushi/vec4 0, 0, 1;
    %assign/vec4 v0xa6f040460_0, 0;
    %jmp T_1.1;
T_1.0 ;
    %pushi/vec4 1, 0, 1;
    %assign/vec4 v0xa6f040460_0, 0;
T_1.1 ;
    %jmp T_1;
    .thread T_1;
    .scope S_0x102b7c6f0;
T_2 ;
    %wait E_0xa6e854940;
    %load/vec4 v0xa6f040320_0;
    %flag_set/vec4 8;
    %jmp/0xz  T_2.0, 8;
    %pushi/vec4 0, 0, 1;
    %assign/vec4 v0xa6f040140_0, 0;
    %jmp T_2.1;
T_2.0 ;
    %pushi/vec4 1, 0, 1;
    %assign/vec4 v0xa6f040140_0, 0;
T_2.1 ;
    %jmp T_2;
    .thread T_2;
    .scope S_0x102b7abd0;
T_3 ;
    %wait E_0xa6e8549c0;
    %load/vec4 v0xa6f0406e0_0;
    %nor/r;
    %flag_set/vec4 8;
    %jmp/0xz  T_3.0, 8;
    %pushi/vec4 0, 0, 32;
    %assign/vec4 v0xa6f040640_0, 0;
    %pushi/vec4 0, 0, 1;
    %assign/vec4 v0xa6f0405a0_0, 0;
    %jmp T_3.1;
T_3.0 ;
    %load/vec4 v0xa6f040640_0;
    %cmpi/u 1, 0, 32;
    %flag_inv 5; GE is !LT
    %jmp/0xz  T_3.2, 5;
    %load/vec4 v0xa6f0405a0_0;
    %inv;
    %assign/vec4 v0xa6f0405a0_0, 0;
    %pushi/vec4 0, 0, 32;
    %assign/vec4 v0xa6f040640_0, 0;
    %jmp T_3.3;
T_3.2 ;
    %load/vec4 v0xa6f040640_0;
    %addi 1, 0, 32;
    %assign/vec4 v0xa6f040640_0, 0;
T_3.3 ;
T_3.1 ;
    %jmp T_3;
    .thread T_3;
    .scope S_0x102b7c870;
T_4 ;
    %delay 5000, 0;
    %load/vec4 v0xa6f040780_0;
    %inv;
    %store/vec4 v0xa6f040780_0, 0, 1;
    %jmp T_4;
    .thread T_4;
    .scope S_0x102b7c870;
T_5 ;
    %vpi_call/w 5 17 "$dumpfile", "build/tb_divider.vcd" {0 0 0};
    %vpi_call/w 5 18 "$dumpvars", 32'sb00000000000000000000000000000000, S_0x102b7c870 {0 0 0};
    %pushi/vec4 0, 0, 1;
    %store/vec4 v0xa6f040780_0, 0, 1;
    %pushi/vec4 0, 0, 1;
    %store/vec4 v0xa6f040820_0, 0, 1;
    %delay 20000, 0;
    %pushi/vec4 1, 0, 1;
    %store/vec4 v0xa6f040820_0, 0, 1;
    %delay 500000, 0;
    %vpi_call/w 5 21 "$finish" {0 0 0};
    %end;
    .thread T_5;
# The file index is used to find the file name in the following table.
:file_names 7;
    "N/A";
    "<interactive>";
    "-";
    "src/dco_nco.v";
    "src/pfd.v";
    "test/tb_divider.v";
    "src/divider.v";
