#! /opt/homebrew/Cellar/icarus-verilog/12.0/bin/vvp
:ivl_version "12.0 (stable)";
:ivl_delay_selection "TYPICAL";
:vpi_time_precision + 0;
:vpi_module "/opt/homebrew/Cellar/icarus-verilog/12.0/lib/ivl/system.vpi";
:vpi_module "/opt/homebrew/Cellar/icarus-verilog/12.0/lib/ivl/vhdl_sys.vpi";
:vpi_module "/opt/homebrew/Cellar/icarus-verilog/12.0/lib/ivl/vhdl_textio.vpi";
:vpi_module "/opt/homebrew/Cellar/icarus-verilog/12.0/lib/ivl/v2005_math.vpi";
:vpi_module "/opt/homebrew/Cellar/icarus-verilog/12.0/lib/ivl/va_math.vpi";
:vpi_module "/opt/homebrew/Cellar/icarus-verilog/12.0/lib/ivl/v2009.vpi";
S_0x101294810 .scope package, "$unit" "$unit" 2 1;
 .timescale 0 0;
S_0x101294990 .scope module, "dco_nco" "dco_nco" 3 1;
 .timescale 0 0;
    .port_info 0 /INPUT 1 "sys_clk";
    .port_info 1 /INPUT 1 "rst_n";
    .port_info 2 /INPUT 32 "tuning_word";
    .port_info 3 /OUTPUT 1 "dco_out";
P_0x9c88601c0 .param/l "WIDTH" 0 3 2, +C4<00000000000000000000000000100000>;
v0x101298850_0 .var "accumulator", 31 0;
v0x9c902c000_0 .net "dco_out", 0 0, L_0x1012988f0;  1 drivers
o0x9c8c20070 .functor BUFZ 1, C4<z>; HiZ drive
v0x9c902c0a0_0 .net "rst_n", 0 0, o0x9c8c20070;  0 drivers
o0x9c8c200a0 .functor BUFZ 1, C4<z>; HiZ drive
v0x9c902c140_0 .net "sys_clk", 0 0, o0x9c8c200a0;  0 drivers
o0x9c8c200d0 .functor BUFZ 32, C4<zzzzzzzzzzzzzzzzzzzzzzzzzzzzzzzz>; HiZ drive
v0x9c902c1e0_0 .net "tuning_word", 31 0, o0x9c8c200d0;  0 drivers
E_0x9c8860240/0 .event negedge, v0x9c902c0a0_0;
E_0x9c8860240/1 .event posedge, v0x9c902c140_0;
E_0x9c8860240 .event/or E_0x9c8860240/0, E_0x9c8860240/1;
L_0x1012988f0 .part v0x101298850_0, 31, 1;
S_0x1012986d0 .scope module, "tb_pfd" "tb_pfd" 4 2;
 .timescale 0 0;
v0x9c902c780_0 .net "down", 0 0, v0x9c902c3c0_0;  1 drivers
v0x9c902c820_0 .var "fb_clk", 0 0;
v0x9c902c8c0_0 .var "ref_clk", 0 0;
v0x9c902c960_0 .var "rst_n", 0 0;
v0x9c902ca00_0 .net "up", 0 0, v0x9c902c6e0_0;  1 drivers
S_0x101296c70 .scope module, "u_pfd" "pfd" 4 10, 5 1 0, S_0x1012986d0;
 .timescale 0 0;
    .port_info 0 /INPUT 1 "ref_clk";
    .port_info 1 /INPUT 1 "fb_clk";
    .port_info 2 /INPUT 1 "rst_n";
    .port_info 3 /OUTPUT 1 "up";
    .port_info 4 /OUTPUT 1 "down";
L_0x101298990 .functor AND 1, v0x9c902c6e0_0, v0x9c902c3c0_0, C4<1>, C4<1>;
L_0x10129bce0 .functor OR 1, L_0x101298990, L_0x101296df0, C4<0>, C4<0>;
v0x9c902c280_0 .net *"_ivl_0", 0 0, L_0x101298990;  1 drivers
v0x9c902c320_0 .net *"_ivl_3", 0 0, L_0x101296df0;  1 drivers
v0x9c902c3c0_0 .var "down", 0 0;
v0x9c902c460_0 .net "fb_clk", 0 0, v0x9c902c820_0;  1 drivers
v0x9c902c500_0 .net "ref_clk", 0 0, v0x9c902c8c0_0;  1 drivers
v0x9c902c5a0_0 .net "reset_pfd", 0 0, L_0x10129bce0;  1 drivers
v0x9c902c640_0 .net "rst_n", 0 0, v0x9c902c960_0;  1 drivers
v0x9c902c6e0_0 .var "up", 0 0;
E_0x9c8860280 .event posedge, v0x9c902c5a0_0, v0x9c902c460_0;
E_0x9c88602c0 .event posedge, v0x9c902c5a0_0, v0x9c902c500_0;
L_0x101296df0 .reduce/nor v0x9c902c960_0;
    .scope S_0x101294990;
T_0 ;
    %wait E_0x9c8860240;
    %load/vec4 v0x9c902c0a0_0;
    %nor/r;
    %flag_set/vec4 8;
    %jmp/0xz  T_0.0, 8;
    %pushi/vec4 0, 0, 32;
    %assign/vec4 v0x101298850_0, 0;
    %jmp T_0.1;
T_0.0 ;
    %load/vec4 v0x101298850_0;
    %load/vec4 v0x9c902c1e0_0;
    %add;
    %assign/vec4 v0x101298850_0, 0;
T_0.1 ;
    %jmp T_0;
    .thread T_0;
    .scope S_0x101296c70;
T_1 ;
    %wait E_0x9c88602c0;
    %load/vec4 v0x9c902c5a0_0;
    %flag_set/vec4 8;
    %jmp/0xz  T_1.0, 8;
    %pushi/vec4 0, 0, 1;
    %assign/vec4 v0x9c902c6e0_0, 0;
    %jmp T_1.1;
T_1.0 ;
    %pushi/vec4 1, 0, 1;
    %assign/vec4 v0x9c902c6e0_0, 0;
T_1.1 ;
    %jmp T_1;
    .thread T_1;
    .scope S_0x101296c70;
T_2 ;
    %wait E_0x9c8860280;
    %load/vec4 v0x9c902c5a0_0;
    %flag_set/vec4 8;
    %jmp/0xz  T_2.0, 8;
    %pushi/vec4 0, 0, 1;
    %assign/vec4 v0x9c902c3c0_0, 0;
    %jmp T_2.1;
T_2.0 ;
    %pushi/vec4 1, 0, 1;
    %assign/vec4 v0x9c902c3c0_0, 0;
T_2.1 ;
    %jmp T_2;
    .thread T_2;
    .scope S_0x1012986d0;
T_3 ;
    %vpi_call/w 4 20 "$dumpfile", "build/tb_pfd.vcd" {0 0 0};
    %vpi_call/w 4 21 "$dumpvars", 32'sb00000000000000000000000000000000, S_0x1012986d0 {0 0 0};
    %end;
    .thread T_3;
    .scope S_0x1012986d0;
T_4 ;
    %delay 5, 0;
    %load/vec4 v0x9c902c8c0_0;
    %inv;
    %store/vec4 v0x9c902c8c0_0, 0, 1;
    %jmp T_4;
    .thread T_4;
    .scope S_0x1012986d0;
T_5 ;
    %delay 6, 0;
    %load/vec4 v0x9c902c820_0;
    %inv;
    %store/vec4 v0x9c902c820_0, 0, 1;
    %jmp T_5;
    .thread T_5;
    .scope S_0x1012986d0;
T_6 ;
    %pushi/vec4 0, 0, 1;
    %store/vec4 v0x9c902c8c0_0, 0, 1;
    %pushi/vec4 0, 0, 1;
    %store/vec4 v0x9c902c820_0, 0, 1;
    %pushi/vec4 0, 0, 1;
    %store/vec4 v0x9c902c960_0, 0, 1;
    %delay 50, 0;
    %pushi/vec4 1, 0, 1;
    %store/vec4 v0x9c902c960_0, 0, 1;
    %delay 2000, 0;
    %vpi_call/w 4 42 "$finish" {0 0 0};
    %end;
    .thread T_6;
# The file index is used to find the file name in the following table.
:file_names 6;
    "N/A";
    "<interactive>";
    "-";
    "src/dco_nco.v";
    "test/tb_pfd.v";
    "src/pfd.v";
