Clock: sys_clk
Sources: sys_clk 
Generated: no
Virtual: yes
Propagated: no
Period: 24.000000

===========================================================================
report_clock_properties
============================================================================
Clock                   Period          Waveform
----------------------------------------------------
sys_clk              24.000000    0.000000 12.000000

===========================================================================
report_clock_latency
============================================================================
Clock sys_clk
rise -> rise
    min     max
0.000000 0.000000 source latency
0.550943         network latency _2400_/CLK
        2.250199 network latency _2408_/CLK
---------------
0.550943 2.250199 latency
        1.699256 skew

rise -> fall
    min     max
0.000000 0.000000 source latency
1.467600         network latency _2415_/CLK
        2.220722 network latency _2408_/CLK
---------------
1.467600 2.220722 latency
        0.753122 skew

fall -> fall
    min     max
0.000000 0.000000 source latency
0.522101         network latency _2400_/CLK
        0.538111 network latency _2372_/CLK
---------------
0.522101 0.538111 latency
        0.016009 skew



===========================================================================
report_clock_min_period
============================================================================
sys_clk period_min = 8.32 fmax = 120.13
