Clock: sys_clk
Sources: sys_clk 
Generated: no
Virtual: no
Propagated: no
Period: 10.000000

===========================================================================
report_clock_properties
============================================================================
Clock                   Period          Waveform
----------------------------------------------------
sys_clk              10.000000    0.000000  5.000000

===========================================================================
report_clock_latency
============================================================================
Clock sys_clk
rise -> rise
    min     max
0.000000 0.000000 source latency
0.693567         network latency _2095_/CLK
        0.699365 network latency _2062_/CLK
---------------
0.693567 0.699365 latency
        0.005798 skew

rise -> fall
    min     max
0.000000 0.000000 source latency
0.511664         network latency _2095_/CLK
        0.511664 network latency _2095_/CLK
---------------
0.511664 0.511664 latency
        0.000000 skew

fall -> fall
    min     max
0.000000 0.000000 source latency
0.332612         network latency _2062_/CLK
        0.332612 network latency _2062_/CLK
---------------
0.332612 0.332612 latency
        0.000000 skew



===========================================================================
report_clock_min_period
============================================================================
sys_clk period_min = 7.59 fmax = 131.75
