Reading OpenROAD database at '/Users/refikyalcin/vlsi/digital/Tiny-PLL/openlane/runs/RUN_2025-12-17_14-52-26/20-openroad-generatepdn/pll_top.odb'…
Reading library file at '/Users/refikyalcin/.ciel/ciel/sky130/versions/0fe599b2afb6708d281543108caf8310912f54af/sky130A/libs.ref/sky130_fd_sc_hd/lib/sky130_fd_sc_hd__tt_025C_1v80.lib'…
Reading design constraints file at '/nix/store/7x1qis8my0i44w1lx1yq2wiwh6yc774i-python3-3.11.9-env/lib/python3.11/site-packages/librelane/scripts/base.sdc'…
[INFO] Using clock sys_clk…
[INFO] Setting output delay to: 2.0
[INFO] Setting input delay to: 2.0
[INFO] Setting load to: 0.033442
[INFO] Setting clock uncertainty to: 0.25
[INFO] Setting clock transition to: 0.1499999999999999944488848768742172978818416595458984375
[INFO] Setting timing derate to: 5%
+ global_placement -density 0.56916 -skip_io -pad_right 0 -pad_left 0 -init_wirelength_coef 0.25
[INFO GPL-0002] DBU: 1000
[INFO GPL-0003] SiteSize: (  0.460  2.720 ) um
[INFO GPL-0004] CoreBBox: (  5.520 10.880 ) ( 172.040 176.800 ) um
[INFO GPL-0006] NumInstances:              1686
[INFO GPL-0007] NumPlaceInstances:         1186
[INFO GPL-0008] NumFixedInstances:          500
[INFO GPL-0009] NumDummyInstances:            0
[INFO GPL-0010] NumNets:                   1253
[INFO GPL-0011] NumPins:                   4345
[INFO GPL-0012] DieBBox:  (  0.000  0.000 ) ( 177.635 188.355 ) um
[INFO GPL-0013] CoreBBox: (  5.520 10.880 ) ( 172.040 176.800 ) um
[INFO GPL-0016] CoreArea:             27628.998 um^2
[INFO GPL-0017] NonPlaceInstsArea:      930.893 um^2
[INFO GPL-0018] PlaceInstsArea:       12489.478 um^2
[INFO GPL-0019] Util:                    46.780 %
[INFO GPL-0020] StdInstsArea:         12489.478 um^2
[INFO GPL-0021] MacroInstsArea:           0.000 um^2
[INFO GPL-0031] FillerInit:NumGCells:      1451
[INFO GPL-0032] FillerInit:NumGNets:       1253
[INFO GPL-0033] FillerInit:NumGPins:       4345
[INFO GPL-0023] TargetDensity:            0.569
[INFO GPL-0024] AvrgPlaceInstArea:       10.531 um^2
[INFO GPL-0025] IdealBinArea:            18.502 um^2
[INFO GPL-0026] IdealBinCnt:               1493
[INFO GPL-0027] TotalBinArea:         27628.998 um^2
[INFO GPL-0028] BinCnt:        32     32
[INFO GPL-0029] BinSize: (  5.204  5.185 )
[INFO GPL-0030] NumBins: 1024
[NesterovSolve] Iter:    1 overflow: 0.995 HPWL: 3299777
[NesterovSolve] Iter:   10 overflow: 0.989 HPWL: 2512231
[NesterovSolve] Iter:   20 overflow: 0.989 HPWL: 2494274
[NesterovSolve] Iter:   30 overflow: 0.989 HPWL: 2489466
[NesterovSolve] Iter:   40 overflow: 0.989 HPWL: 2489442
[NesterovSolve] Iter:   50 overflow: 0.989 HPWL: 2489431
[NesterovSolve] Iter:   60 overflow: 0.989 HPWL: 2489746
[NesterovSolve] Iter:   70 overflow: 0.989 HPWL: 2490311
[NesterovSolve] Iter:   80 overflow: 0.989 HPWL: 2491911
[NesterovSolve] Iter:   90 overflow: 0.989 HPWL: 2496826
[NesterovSolve] Iter:  100 overflow: 0.989 HPWL: 2508757
[NesterovSolve] Iter:  110 overflow: 0.988 HPWL: 2536516
[NesterovSolve] Iter:  120 overflow: 0.985 HPWL: 2590860
[NesterovSolve] Iter:  130 overflow: 0.979 HPWL: 2673842
[NesterovSolve] Iter:  140 overflow: 0.966 HPWL: 2848780
[NesterovSolve] Iter:  150 overflow: 0.945 HPWL: 3188226
[NesterovSolve] Iter:  160 overflow: 0.924 HPWL: 3637288
[NesterovSolve] Iter:  170 overflow: 0.905 HPWL: 4048564
[NesterovSolve] Iter:  180 overflow: 0.885 HPWL: 4381596
[NesterovSolve] Iter:  190 overflow: 0.856 HPWL: 4801562
[NesterovSolve] Iter:  200 overflow: 0.825 HPWL: 5367943
[NesterovSolve] Iter:  210 overflow: 0.793 HPWL: 5970787
[NesterovSolve] Iter:  220 overflow: 0.757 HPWL: 6549564
[NesterovSolve] Iter:  230 overflow: 0.714 HPWL: 7189377
[NesterovSolve] Iter:  240 overflow: 0.681 HPWL: 7766229
[NesterovSolve] Iter:  250 overflow: 0.636 HPWL: 8424722
[NesterovSolve] Iter:  260 overflow: 0.593 HPWL: 9113428
[NesterovSolve] Iter:  270 overflow: 0.555 HPWL: 9709252
[NesterovSolve] Iter:  280 overflow: 0.511 HPWL: 10356519
[NesterovSolve] Iter:  290 overflow: 0.473 HPWL: 10961423
[NesterovSolve] Iter:  300 overflow: 0.427 HPWL: 11471460
[NesterovSolve] Iter:  310 overflow: 0.385 HPWL: 12000203
[NesterovSolve] Iter:  320 overflow: 0.344 HPWL: 12450821
[NesterovSolve] Iter:  330 overflow: 0.309 HPWL: 12766655
[NesterovSolve] Iter:  340 overflow: 0.281 HPWL: 13038596
[NesterovSolve] Iter:  350 overflow: 0.251 HPWL: 13341178
[NesterovSolve] Iter:  360 overflow: 0.219 HPWL: 13564618
[NesterovSolve] Iter:  370 overflow: 0.193 HPWL: 13773256
[NesterovSolve] Iter:  380 overflow: 0.166 HPWL: 13950678
[NesterovSolve] Iter:  390 overflow: 0.145 HPWL: 14165022
[NesterovSolve] Iter:  400 overflow: 0.122 HPWL: 14326105
[NesterovSolve] Iter:  410 overflow: 0.104 HPWL: 14464273
[NesterovSolve] Finished with Overflow: 0.099192
[INFO] Setting RC values…
Setting global connections for newly added cells…
[INFO] Setting global connections...
Updating metrics…
Cell type report:                       Count       Area
  Fill cell                               122     457.94
  Tap cell                                378     472.95
  Buffer                                    1       5.00
  Inverter                                 27     101.35
  Sequential cell                         154    3305.67
  Multi-Input combinational cell         1004    9077.46
  Total                                  1686   13420.37
Writing OpenROAD database to '/Users/refikyalcin/vlsi/digital/Tiny-PLL/openlane/runs/RUN_2025-12-17_14-52-26/23-openroad-globalplacementskipio/pll_top.odb'…
Writing netlist to '/Users/refikyalcin/vlsi/digital/Tiny-PLL/openlane/runs/RUN_2025-12-17_14-52-26/23-openroad-globalplacementskipio/pll_top.nl.v'…
Writing powered netlist to '/Users/refikyalcin/vlsi/digital/Tiny-PLL/openlane/runs/RUN_2025-12-17_14-52-26/23-openroad-globalplacementskipio/pll_top.pnl.v'…
Writing layout to '/Users/refikyalcin/vlsi/digital/Tiny-PLL/openlane/runs/RUN_2025-12-17_14-52-26/23-openroad-globalplacementskipio/pll_top.def'…
Writing timing constraints to '/Users/refikyalcin/vlsi/digital/Tiny-PLL/openlane/runs/RUN_2025-12-17_14-52-26/23-openroad-globalplacementskipio/pll_top.sdc'…
