
===========================================================================
report_checks -unconstrained
===========================================================================
======================= nom_ss_100C_1v60 Corner ===================================

Startpoint: _2184_ (rising edge-triggered flip-flop clocked by sys_clk)
Endpoint: _2219_ (rising edge-triggered flip-flop clocked by sys_clk)
Path Group: sys_clk
Path Type: max

Fanout         Cap        Slew       Delay        Time   Description
---------------------------------------------------------------------------------------------
                                  0.000000    0.000000   clock sys_clk (rise edge)
                                  0.000000    0.000000   clock source latency
     1    0.025932    0.191545    0.132029    0.132029 ^ sys_clk (in)
                                                         sys_clk (net)
                      0.191571    0.000000    0.132029 ^ clkbuf_0_sys_clk/A (sky130_fd_sc_hd__clkbuf_16)
    16    0.113595    0.195061    0.384753    0.516782 ^ clkbuf_0_sys_clk/X (sky130_fd_sc_hd__clkbuf_16)
                                                         clknet_0_sys_clk (net)
                      0.195101    0.002764    0.519545 ^ clkbuf_4_7_0_sys_clk/A (sky130_fd_sc_hd__clkbuf_8)
    11    0.032299    0.111367    0.320838    0.840383 ^ clkbuf_4_7_0_sys_clk/X (sky130_fd_sc_hd__clkbuf_8)
                                                         clknet_4_7_0_sys_clk (net)
                      0.111370    0.000741    0.841125 ^ _2184_/CLK (sky130_fd_sc_hd__dfxtp_2)
     2    0.008640    0.092569    0.692321    1.533446 ^ _2184_/Q (sky130_fd_sc_hd__dfxtp_2)
                                                         lf_inst.error_in[1] (net)
                      0.092569    0.000202    1.533648 ^ rebuffer2/A (sky130_fd_sc_hd__dlymetal6s2s_1)
     1    0.006790    0.139910    0.223356    1.757005 ^ rebuffer2/X (sky130_fd_sc_hd__dlymetal6s2s_1)
                                                         net227 (net)
                      0.139910    0.000313    1.757318 ^ fanout226/A (sky130_fd_sc_hd__clkbuf_1)
     2    0.009019    0.183566    0.261083    2.018401 ^ fanout226/X (sky130_fd_sc_hd__clkbuf_1)
                                                         net226 (net)
                      0.183566    0.000326    2.018726 ^ fanout220/A (sky130_fd_sc_hd__buf_1)
     3    0.014119    0.275877    0.345415    2.364142 ^ fanout220/X (sky130_fd_sc_hd__buf_1)
                                                         net220 (net)
                      0.275877    0.000533    2.364675 ^ fanout219/A (sky130_fd_sc_hd__clkbuf_1)
     2    0.006246    0.134242    0.274252    2.638927 ^ fanout219/X (sky130_fd_sc_hd__clkbuf_1)
                                                         net219 (net)
                      0.134242    0.000110    2.639036 ^ fanout218/A (sky130_fd_sc_hd__clkbuf_2)
     5    0.028126    0.244823    0.347640    2.986676 ^ fanout218/X (sky130_fd_sc_hd__clkbuf_2)
                                                         net218 (net)
                      0.244823    0.000486    2.987163 ^ _1742_/A (sky130_fd_sc_hd__nor2_1)
     1    0.003475    0.074980    0.157614    3.144777 v _1742_/Y (sky130_fd_sc_hd__nor2_1)
                                                         _0211_ (net)
                      0.074980    0.000081    3.144858 v _1744_/A (sky130_fd_sc_hd__nor2_1)
     3    0.016040    0.493600    0.443504    3.588363 ^ _1744_/Y (sky130_fd_sc_hd__nor2_1)
                                                         _0213_ (net)
                      0.493600    0.000342    3.588704 ^ _1760_/A (sky130_fd_sc_hd__nand2_1)
     2    0.006504    0.179224    0.296315    3.885019 v _1760_/Y (sky130_fd_sc_hd__nand2_1)
                                                         _0227_ (net)
                      0.179224    0.000123    3.885142 v _1761_/B (sky130_fd_sc_hd__or4b_1)
     1    0.005391    0.212305    1.258556    5.143698 v _1761_/X (sky130_fd_sc_hd__or4b_1)
                                                         _0228_ (net)
                      0.212305    0.000200    5.143898 v _1762_/B (sky130_fd_sc_hd__or4_4)
     2    0.007677    0.166742    1.086190    6.230088 v _1762_/X (sky130_fd_sc_hd__or4_4)
                                                         _0229_ (net)
                      0.166742    0.000196    6.230284 v _1764_/A1 (sky130_fd_sc_hd__a31o_4)
     5    0.019305    0.096307    0.477465    6.707749 v _1764_/X (sky130_fd_sc_hd__a31o_4)
                                                         _0231_ (net)
                      0.096308    0.000546    6.708295 v _1783_/A2 (sky130_fd_sc_hd__o211a_4)
     2    0.020309    0.104547    0.481649    7.189943 v _1783_/X (sky130_fd_sc_hd__o211a_4)
                                                         _0248_ (net)
                      0.104550    0.000706    7.190650 v _1784_/A (sky130_fd_sc_hd__xnor2_4)
     4    0.020235    0.312567    0.368795    7.559445 ^ _1784_/Y (sky130_fd_sc_hd__xnor2_4)
                                                         _0249_ (net)
                      0.312567    0.001065    7.560510 ^ _2027_/B (sky130_fd_sc_hd__xnor2_2)
     2    0.008181    0.135811    0.221007    7.781517 v _2027_/Y (sky130_fd_sc_hd__xnor2_2)
                                                         _0454_ (net)
                      0.135811    0.000177    7.781694 v _2038_/D (sky130_fd_sc_hd__or4_4)
     1    0.003311    0.146887    0.840720    8.622415 v _2038_/X (sky130_fd_sc_hd__or4_4)
                                                         _0463_ (net)
                      0.146887    0.000099    8.622513 v _2039_/B1 (sky130_fd_sc_hd__a211o_1)
     3    0.013371    0.175105    0.636039    9.258552 v _2039_/X (sky130_fd_sc_hd__a211o_1)
                                                         _0464_ (net)
                      0.175105    0.000527    9.259078 v _2057_/A2 (sky130_fd_sc_hd__a211o_1)
     2    0.011410    0.162243    0.668328    9.927406 v _2057_/X (sky130_fd_sc_hd__a211o_1)
                                                         _0480_ (net)
                      0.162243    0.000381    9.927787 v _2059_/A2 (sky130_fd_sc_hd__a31oi_4)
     3    0.008213    0.213757    0.313582   10.241369 ^ _2059_/Y (sky130_fd_sc_hd__a31oi_4)
                                                         _0482_ (net)
                      0.213757    0.000227   10.241596 ^ _2060_/A (sky130_fd_sc_hd__nor2_1)
     1    0.004710    0.076871    0.155559   10.397156 v _2060_/Y (sky130_fd_sc_hd__nor2_1)
                                                         _0483_ (net)
                      0.076871    0.000163   10.397318 v _2061_/B1 (sky130_fd_sc_hd__a221o_1)
     1    0.002878    0.092432    0.542557   10.939875 v _2061_/X (sky130_fd_sc_hd__a221o_1)
                                                         _0118_ (net)
                      0.092432    0.000086   10.939961 v _2219_/D (sky130_fd_sc_hd__dfxtp_1)
                                             10.939961   data arrival time

                                 10.000000   10.000000   clock sys_clk (rise edge)
                                  0.000000   10.000000   clock source latency
     1    0.025932    0.191545    0.132029   10.132029 ^ sys_clk (in)
                                                         sys_clk (net)
                      0.191571    0.000000   10.132029 ^ clkbuf_0_sys_clk/A (sky130_fd_sc_hd__clkbuf_16)
    16    0.113595    0.195061    0.384753   10.516782 ^ clkbuf_0_sys_clk/X (sky130_fd_sc_hd__clkbuf_16)
                                                         clknet_0_sys_clk (net)
                      0.195107    0.002950   10.519732 ^ clkbuf_4_15_0_sys_clk/A (sky130_fd_sc_hd__clkbuf_8)
    10    0.036667    0.121713    0.328628   10.848359 ^ clkbuf_4_15_0_sys_clk/X (sky130_fd_sc_hd__clkbuf_8)
                                                         clknet_4_15_0_sys_clk (net)
                      0.121736    0.001654   10.850013 ^ _2219_/CLK (sky130_fd_sc_hd__dfxtp_1)
                                 -0.250000   10.600013   clock uncertainty
                                  0.000000   10.600013   clock reconvergence pessimism
                                 -0.264360   10.335652   library setup time
                                             10.335652   data required time
---------------------------------------------------------------------------------------------
                                             10.335652   data required time
                                            -10.939961   data arrival time
---------------------------------------------------------------------------------------------
                                             -0.604309   slack (VIOLATED)




===========================================================================
report_checks --slack_max -0.01
============================================================================
======================= nom_ss_100C_1v60 Corner ===================================

Startpoint: _2184_ (rising edge-triggered flip-flop clocked by sys_clk)
Endpoint: _2219_ (rising edge-triggered flip-flop clocked by sys_clk)
Path Group: sys_clk
Path Type: max

Fanout         Cap        Slew       Delay        Time   Description
---------------------------------------------------------------------------------------------
                                  0.000000    0.000000   clock sys_clk (rise edge)
                                  0.000000    0.000000   clock source latency
     1    0.025932    0.191545    0.132029    0.132029 ^ sys_clk (in)
                                                         sys_clk (net)
                      0.191571    0.000000    0.132029 ^ clkbuf_0_sys_clk/A (sky130_fd_sc_hd__clkbuf_16)
    16    0.113595    0.195061    0.384753    0.516782 ^ clkbuf_0_sys_clk/X (sky130_fd_sc_hd__clkbuf_16)
                                                         clknet_0_sys_clk (net)
                      0.195101    0.002764    0.519545 ^ clkbuf_4_7_0_sys_clk/A (sky130_fd_sc_hd__clkbuf_8)
    11    0.032299    0.111367    0.320838    0.840383 ^ clkbuf_4_7_0_sys_clk/X (sky130_fd_sc_hd__clkbuf_8)
                                                         clknet_4_7_0_sys_clk (net)
                      0.111370    0.000741    0.841125 ^ _2184_/CLK (sky130_fd_sc_hd__dfxtp_2)
     2    0.008640    0.092569    0.692321    1.533446 ^ _2184_/Q (sky130_fd_sc_hd__dfxtp_2)
                                                         lf_inst.error_in[1] (net)
                      0.092569    0.000202    1.533648 ^ rebuffer2/A (sky130_fd_sc_hd__dlymetal6s2s_1)
     1    0.006790    0.139910    0.223356    1.757005 ^ rebuffer2/X (sky130_fd_sc_hd__dlymetal6s2s_1)
                                                         net227 (net)
                      0.139910    0.000313    1.757318 ^ fanout226/A (sky130_fd_sc_hd__clkbuf_1)
     2    0.009019    0.183566    0.261083    2.018401 ^ fanout226/X (sky130_fd_sc_hd__clkbuf_1)
                                                         net226 (net)
                      0.183566    0.000326    2.018726 ^ fanout220/A (sky130_fd_sc_hd__buf_1)
     3    0.014119    0.275877    0.345415    2.364142 ^ fanout220/X (sky130_fd_sc_hd__buf_1)
                                                         net220 (net)
                      0.275877    0.000533    2.364675 ^ fanout219/A (sky130_fd_sc_hd__clkbuf_1)
     2    0.006246    0.134242    0.274252    2.638927 ^ fanout219/X (sky130_fd_sc_hd__clkbuf_1)
                                                         net219 (net)
                      0.134242    0.000110    2.639036 ^ fanout218/A (sky130_fd_sc_hd__clkbuf_2)
     5    0.028126    0.244823    0.347640    2.986676 ^ fanout218/X (sky130_fd_sc_hd__clkbuf_2)
                                                         net218 (net)
                      0.244823    0.000486    2.987163 ^ _1742_/A (sky130_fd_sc_hd__nor2_1)
     1    0.003475    0.074980    0.157614    3.144777 v _1742_/Y (sky130_fd_sc_hd__nor2_1)
                                                         _0211_ (net)
                      0.074980    0.000081    3.144858 v _1744_/A (sky130_fd_sc_hd__nor2_1)
     3    0.016040    0.493600    0.443504    3.588363 ^ _1744_/Y (sky130_fd_sc_hd__nor2_1)
                                                         _0213_ (net)
                      0.493600    0.000342    3.588704 ^ _1760_/A (sky130_fd_sc_hd__nand2_1)
     2    0.006504    0.179224    0.296315    3.885019 v _1760_/Y (sky130_fd_sc_hd__nand2_1)
                                                         _0227_ (net)
                      0.179224    0.000123    3.885142 v _1761_/B (sky130_fd_sc_hd__or4b_1)
     1    0.005391    0.212305    1.258556    5.143698 v _1761_/X (sky130_fd_sc_hd__or4b_1)
                                                         _0228_ (net)
                      0.212305    0.000200    5.143898 v _1762_/B (sky130_fd_sc_hd__or4_4)
     2    0.007677    0.166742    1.086190    6.230088 v _1762_/X (sky130_fd_sc_hd__or4_4)
                                                         _0229_ (net)
                      0.166742    0.000196    6.230284 v _1764_/A1 (sky130_fd_sc_hd__a31o_4)
     5    0.019305    0.096307    0.477465    6.707749 v _1764_/X (sky130_fd_sc_hd__a31o_4)
                                                         _0231_ (net)
                      0.096308    0.000546    6.708295 v _1783_/A2 (sky130_fd_sc_hd__o211a_4)
     2    0.020309    0.104547    0.481649    7.189943 v _1783_/X (sky130_fd_sc_hd__o211a_4)
                                                         _0248_ (net)
                      0.104550    0.000706    7.190650 v _1784_/A (sky130_fd_sc_hd__xnor2_4)
     4    0.020235    0.312567    0.368795    7.559445 ^ _1784_/Y (sky130_fd_sc_hd__xnor2_4)
                                                         _0249_ (net)
                      0.312567    0.001065    7.560510 ^ _2027_/B (sky130_fd_sc_hd__xnor2_2)
     2    0.008181    0.135811    0.221007    7.781517 v _2027_/Y (sky130_fd_sc_hd__xnor2_2)
                                                         _0454_ (net)
                      0.135811    0.000177    7.781694 v _2038_/D (sky130_fd_sc_hd__or4_4)
     1    0.003311    0.146887    0.840720    8.622415 v _2038_/X (sky130_fd_sc_hd__or4_4)
                                                         _0463_ (net)
                      0.146887    0.000099    8.622513 v _2039_/B1 (sky130_fd_sc_hd__a211o_1)
     3    0.013371    0.175105    0.636039    9.258552 v _2039_/X (sky130_fd_sc_hd__a211o_1)
                                                         _0464_ (net)
                      0.175105    0.000527    9.259078 v _2057_/A2 (sky130_fd_sc_hd__a211o_1)
     2    0.011410    0.162243    0.668328    9.927406 v _2057_/X (sky130_fd_sc_hd__a211o_1)
                                                         _0480_ (net)
                      0.162243    0.000381    9.927787 v _2059_/A2 (sky130_fd_sc_hd__a31oi_4)
     3    0.008213    0.213757    0.313582   10.241369 ^ _2059_/Y (sky130_fd_sc_hd__a31oi_4)
                                                         _0482_ (net)
                      0.213757    0.000227   10.241596 ^ _2060_/A (sky130_fd_sc_hd__nor2_1)
     1    0.004710    0.076871    0.155559   10.397156 v _2060_/Y (sky130_fd_sc_hd__nor2_1)
                                                         _0483_ (net)
                      0.076871    0.000163   10.397318 v _2061_/B1 (sky130_fd_sc_hd__a221o_1)
     1    0.002878    0.092432    0.542557   10.939875 v _2061_/X (sky130_fd_sc_hd__a221o_1)
                                                         _0118_ (net)
                      0.092432    0.000086   10.939961 v _2219_/D (sky130_fd_sc_hd__dfxtp_1)
                                             10.939961   data arrival time

                                 10.000000   10.000000   clock sys_clk (rise edge)
                                  0.000000   10.000000   clock source latency
     1    0.025932    0.191545    0.132029   10.132029 ^ sys_clk (in)
                                                         sys_clk (net)
                      0.191571    0.000000   10.132029 ^ clkbuf_0_sys_clk/A (sky130_fd_sc_hd__clkbuf_16)
    16    0.113595    0.195061    0.384753   10.516782 ^ clkbuf_0_sys_clk/X (sky130_fd_sc_hd__clkbuf_16)
                                                         clknet_0_sys_clk (net)
                      0.195107    0.002950   10.519732 ^ clkbuf_4_15_0_sys_clk/A (sky130_fd_sc_hd__clkbuf_8)
    10    0.036667    0.121713    0.328628   10.848359 ^ clkbuf_4_15_0_sys_clk/X (sky130_fd_sc_hd__clkbuf_8)
                                                         clknet_4_15_0_sys_clk (net)
                      0.121736    0.001654   10.850013 ^ _2219_/CLK (sky130_fd_sc_hd__dfxtp_1)
                                 -0.250000   10.600013   clock uncertainty
                                  0.000000   10.600013   clock reconvergence pessimism
                                 -0.264360   10.335652   library setup time
                                             10.335652   data required time
---------------------------------------------------------------------------------------------
                                             10.335652   data required time
                                            -10.939961   data arrival time
---------------------------------------------------------------------------------------------
                                             -0.604309   slack (VIOLATED)




===========================================================================
 report_check_types -max_slew -max_cap -max_fanout -violators
============================================================================
======================= nom_ss_100C_1v60 Corner ===================================

max fanout

Pin                                   Limit Fanout  Slack
---------------------------------------------------------
clkbuf_0_sys_clk/X                        5     16    -11 (VIOLATED)
clkbuf_4_7_0_sys_clk/X                    5     11     -6 (VIOLATED)
clkbuf_4_10_0_sys_clk/X                   5     10     -5 (VIOLATED)
clkbuf_4_15_0_sys_clk/X                   5     10     -5 (VIOLATED)
clkbuf_4_2_0_sys_clk/X                    5     10     -5 (VIOLATED)
clkbuf_4_4_0_sys_clk/X                    5     10     -5 (VIOLATED)
clkbuf_4_0_0_sys_clk/X                    5      9     -4 (VIOLATED)
clkbuf_4_1_0_sys_clk/X                    5      9     -4 (VIOLATED)
clkbuf_4_5_0_sys_clk/X                    5      9     -4 (VIOLATED)
clkbuf_4_6_0_sys_clk/X                    5      9     -4 (VIOLATED)
clkbuf_4_14_0_sys_clk/X                   5      8     -3 (VIOLATED)
clkbuf_4_3_0_sys_clk/X                    5      8     -3 (VIOLATED)
clkbuf_4_11_0_sys_clk/X                   5      7     -2 (VIOLATED)
clkbuf_4_13_0_sys_clk/X                   5      7     -2 (VIOLATED)
clkbuf_4_9_0_sys_clk/X                    5      7     -2 (VIOLATED)
clkbuf_4_12_0_sys_clk/X                   5      6        (VIOLATED)
clkbuf_4_8_0_sys_clk/X                    5      6        (VIOLATED)
fanout267/X                               5      6        (VIOLATED)



===========================================================================
report_parasitic_annotation -report_unannotated
============================================================================
Found 15 unannotated drivers.
 clkload0/Y
 clkload1/Y
 clkload10/Y
 clkload11/Y
 clkload12/Y
 clkload13/Y
 clkload14/X
 clkload2/X
 clkload3/Y
 clkload4/X
 clkload5/Y
 clkload6/Y
 clkload7/Y
 clkload8/Y
 clkload9/X
Found 0 partially unannotated drivers.

===========================================================================
max slew violation count 0
max fanout violation count 18
max cap violation count 0
============================================================================

===========================================================================
check_setup -verbose -unconstrained_endpoints -multiple_clock -no_clock -no_input_delay -loops -generated_clocks
===========================================================================
Warning: There are 33 unclocked register/latch pins.
  _2133_/CLK
  _2221_/CLK
  _2222_/CLK
  _2223_/CLK
  _2224_/CLK
  _2225_/CLK
  _2226_/CLK
  _2227_/CLK
  _2228_/CLK
  _2229_/CLK
  _2230_/CLK
  _2231_/CLK
  _2232_/CLK
  _2233_/CLK
  _2234_/CLK
  _2235_/CLK
  _2236_/CLK
  _2237_/CLK
  _2238_/CLK
  _2239_/CLK
  _2240_/CLK
  _2241_/CLK
  _2242_/CLK
  _2243_/CLK
  _2244_/CLK
  _2245_/CLK
  _2246_/CLK
  _2247_/CLK
  _2248_/CLK
  _2249_/CLK
  _2250_/CLK
  _2251_/CLK
  _2252_/CLK
Warning: There are 33 unconstrained endpoints.
  _2133_/D
  _2221_/D
  _2222_/D
  _2223_/D
  _2224_/D
  _2225_/D
  _2226_/D
  _2227_/D
  _2228_/D
  _2229_/D
  _2230_/D
  _2231_/D
  _2232_/D
  _2233_/D
  _2234_/D
  _2235_/D
  _2236_/D
  _2237_/D
  _2238_/D
  _2239_/D
  _2240_/D
  _2241_/D
  _2242_/D
  _2243_/D
  _2244_/D
  _2245_/D
  _2246_/D
  _2247_/D
  _2248_/D
  _2249_/D
  _2250_/D
  _2251_/D
  _2252_/D
