Clock: sys_clk
Sources: sys_clk 
Generated: no
Virtual: yes
Propagated: no
Period: 10.000000

===========================================================================
report_clock_properties
============================================================================
Clock                   Period          Waveform
----------------------------------------------------
sys_clk              10.000000    0.000000  5.000000

===========================================================================
report_clock_latency
============================================================================
Clock sys_clk
rise -> rise
    min     max
0.000000 0.000000 source latency
0.822682         network latency _2174_/CLK
        3.202111 network latency _2234_/CLK
---------------
0.822682 3.202111 latency
        2.379429 skew

rise -> fall
    min     max
0.000000 0.000000 source latency
2.163683         network latency _2223_/CLK
        2.925379 network latency _2234_/CLK
---------------
2.163683 2.925379 latency
        0.761697 skew

fall -> fall
    min     max
0.000000 0.000000 source latency
0.727127         network latency _2174_/CLK
        0.750651 network latency _2181_/CLK
---------------
0.727127 0.750651 latency
        0.023524 skew



===========================================================================
report_clock_min_period
============================================================================
sys_clk period_min = 10.60 fmax = 94.30
