Clock: sys_clk
Sources: sys_clk 
Generated: no
Virtual: yes
Propagated: no
Period: 24.000000

===========================================================================
report_clock_properties
============================================================================
Clock                   Period          Waveform
----------------------------------------------------
sys_clk              24.000000    0.000000 12.000000

===========================================================================
report_clock_latency
============================================================================
Clock sys_clk
rise -> rise
    min     max
0.000000 0.000000 source latency
0.787683         network latency _2400_/CLK
        3.262623 network latency _2408_/CLK
---------------
0.787683 3.262623 latency
        2.474940 skew

rise -> fall
    min     max
0.000000 0.000000 source latency
2.114847         network latency _2415_/CLK
        3.209580 network latency _2408_/CLK
---------------
2.114847 3.209580 latency
        1.094733 skew

fall -> fall
    min     max
0.000000 0.000000 source latency
0.758425         network latency _2400_/CLK
        0.773620 network latency _2334_/CLK
---------------
0.758425 0.773620 latency
        0.015195 skew



===========================================================================
report_clock_min_period
============================================================================
sys_clk period_min = 12.68 fmax = 78.87
