Clock: sys_clk
Sources: sys_clk 
Generated: no
Virtual: yes
Propagated: no
Period: 10.000000

===========================================================================
report_clock_properties
============================================================================
Clock                   Period          Waveform
----------------------------------------------------
sys_clk              10.000000    0.000000  5.000000

===========================================================================
report_clock_latency
============================================================================
Clock sys_clk
rise -> rise
    min     max
0.000000 0.000000 source latency
0.801886         network latency _2174_/CLK
        3.118834 network latency _2234_/CLK
---------------
0.801886 3.118834 latency
        2.316948 skew

rise -> fall
    min     max
0.000000 0.000000 source latency
2.115316         network latency _2223_/CLK
        2.861259 network latency _2234_/CLK
---------------
2.115316 2.861259 latency
        0.745944 skew

fall -> fall
    min     max
0.000000 0.000000 source latency
0.712728         network latency _2174_/CLK
        0.734407 network latency _2181_/CLK
---------------
0.712728 0.734407 latency
        0.021679 skew



===========================================================================
report_clock_min_period
============================================================================
sys_clk period_min = 10.51 fmax = 95.14
