
===========================================================================
report_checks -unconstrained
===========================================================================
======================= min_tt_025C_1v80 Corner ===================================

Startpoint: _2184_ (rising edge-triggered flip-flop clocked by sys_clk)
Endpoint: _2219_ (rising edge-triggered flip-flop clocked by sys_clk)
Path Group: sys_clk
Path Type: max

Fanout         Cap        Slew       Delay        Time   Description
---------------------------------------------------------------------------------------------
                                  0.000000    0.000000   clock sys_clk (rise edge)
                                  0.000000    0.000000   clock source latency
     1    0.024618    0.116370    0.080395    0.080395 ^ sys_clk (in)
                                                         sys_clk (net)
                      0.116388    0.000000    0.080395 ^ clkbuf_0_sys_clk/A (sky130_fd_sc_hd__clkbuf_16)
    16    0.108932    0.122590    0.218496    0.298891 ^ clkbuf_0_sys_clk/X (sky130_fd_sc_hd__clkbuf_16)
                                                         clknet_0_sys_clk (net)
                      0.122604    0.001393    0.300285 ^ clkbuf_4_7_0_sys_clk/A (sky130_fd_sc_hd__clkbuf_8)
    11    0.032846    0.070834    0.176659    0.476943 ^ clkbuf_4_7_0_sys_clk/X (sky130_fd_sc_hd__clkbuf_8)
                                                         clknet_4_7_0_sys_clk (net)
                      0.070834    0.000358    0.477302 ^ _2184_/CLK (sky130_fd_sc_hd__dfxtp_2)
     2    0.007907    0.033924    0.325941    0.803242 v _2184_/Q (sky130_fd_sc_hd__dfxtp_2)
                                                         lf_inst.error_in[1] (net)
                      0.033924    0.000095    0.803337 v fanout215/A (sky130_fd_sc_hd__buf_6)
     3    0.013669    0.028226    0.114301    0.917639 v fanout215/X (sky130_fd_sc_hd__buf_6)
                                                         net215 (net)
                      0.028226    0.000142    0.917780 v fanout214/A (sky130_fd_sc_hd__buf_6)
     4    0.022626    0.035197    0.120815    1.038595 v fanout214/X (sky130_fd_sc_hd__buf_6)
                                                         net214 (net)
                      0.035197    0.000086    1.038681 v fanout211/A (sky130_fd_sc_hd__buf_6)
     3    0.008420    0.024235    0.109010    1.147691 v fanout211/X (sky130_fd_sc_hd__buf_6)
                                                         net211 (net)
                      0.024235    0.000091    1.147782 v _1666_/A0 (sky130_fd_sc_hd__mux2_4)
     3    0.023563    0.077738    0.304089    1.451871 v _1666_/X (sky130_fd_sc_hd__mux2_4)
                                                         _1041_ (net)
                      0.077738    0.000267    1.452138 v _1667_/A (sky130_fd_sc_hd__xnor2_4)
     3    0.014139    0.068224    0.164477    1.616614 v _1667_/Y (sky130_fd_sc_hd__xnor2_4)
                                                         _1042_ (net)
                      0.068224    0.000103    1.616718 v _1690_/B (sky130_fd_sc_hd__or3_4)
     2    0.005048    0.066745    0.369537    1.986255 v _1690_/X (sky130_fd_sc_hd__or3_4)
                                                         _0165_ (net)
                      0.066745    0.000042    1.986297 v _1691_/A (sky130_fd_sc_hd__or3_4)
     2    0.009209    0.073425    0.400703    2.387000 v _1691_/X (sky130_fd_sc_hd__or3_4)
                                                         _0166_ (net)
                      0.073425    0.000160    2.387160 v _1710_/A2 (sky130_fd_sc_hd__a211o_4)
     4    0.017659    0.070533    0.369531    2.756690 v _1710_/X (sky130_fd_sc_hd__a211o_4)
                                                         _0183_ (net)
                      0.070533    0.000277    2.756968 v _1762_/D (sky130_fd_sc_hd__or4_4)
     2    0.007443    0.089518    0.428402    3.185369 v _1762_/X (sky130_fd_sc_hd__or4_4)
                                                         _0229_ (net)
                      0.089518    0.000066    3.185436 v _1764_/A1 (sky130_fd_sc_hd__a31o_4)
     5    0.018457    0.053462    0.256203    3.441638 v _1764_/X (sky130_fd_sc_hd__a31o_4)
                                                         _0231_ (net)
                      0.053462    0.000239    3.441877 v _1783_/A2 (sky130_fd_sc_hd__o211a_4)
     2    0.019871    0.058177    0.255673    3.697551 v _1783_/X (sky130_fd_sc_hd__o211a_4)
                                                         _0248_ (net)
                      0.058177    0.000284    3.697834 v _1784_/A (sky130_fd_sc_hd__xnor2_4)
     4    0.019752    0.201243    0.224013    3.921847 ^ _1784_/Y (sky130_fd_sc_hd__xnor2_4)
                                                         _0249_ (net)
                      0.201243    0.000542    3.922389 ^ _2027_/B (sky130_fd_sc_hd__xnor2_2)
     2    0.007909    0.073881    0.098305    4.020695 v _2027_/Y (sky130_fd_sc_hd__xnor2_2)
                                                         _0454_ (net)
                      0.073881    0.000059    4.020753 v _2038_/D (sky130_fd_sc_hd__or4_4)
     1    0.003121    0.079862    0.410789    4.431542 v _2038_/X (sky130_fd_sc_hd__or4_4)
                                                         _0463_ (net)
                      0.079862    0.000033    4.431575 v _2039_/B1 (sky130_fd_sc_hd__a211o_1)
     3    0.012501    0.090637    0.327355    4.758930 v _2039_/X (sky130_fd_sc_hd__a211o_1)
                                                         _0464_ (net)
                      0.090637    0.000298    4.759228 v _2057_/A2 (sky130_fd_sc_hd__a211o_1)
     2    0.011193    0.084776    0.349318    5.108546 v _2057_/X (sky130_fd_sc_hd__a211o_1)
                                                         _0480_ (net)
                      0.084776    0.000165    5.108710 v _2059_/A2 (sky130_fd_sc_hd__a31oi_4)
     3    0.008104    0.141806    0.181136    5.289846 ^ _2059_/Y (sky130_fd_sc_hd__a31oi_4)
                                                         _0482_ (net)
                      0.141806    0.000098    5.289944 ^ _2060_/A (sky130_fd_sc_hd__nor2_1)
     1    0.004381    0.047379    0.073269    5.363213 v _2060_/Y (sky130_fd_sc_hd__nor2_1)
                                                         _0483_ (net)
                      0.047379    0.000069    5.363282 v _2061_/B1 (sky130_fd_sc_hd__a221o_1)
     1    0.002800    0.051558    0.287058    5.650341 v _2061_/X (sky130_fd_sc_hd__a221o_1)
                                                         _0118_ (net)
                      0.051558    0.000032    5.650373 v _2219_/D (sky130_fd_sc_hd__dfxtp_1)
                                              5.650373   data arrival time

                                 10.000000   10.000000   clock sys_clk (rise edge)
                                  0.000000   10.000000   clock source latency
     1    0.024618    0.116370    0.080395   10.080396 ^ sys_clk (in)
                                                         sys_clk (net)
                      0.116388    0.000000   10.080396 ^ clkbuf_0_sys_clk/A (sky130_fd_sc_hd__clkbuf_16)
    16    0.108932    0.122590    0.218496   10.298892 ^ clkbuf_0_sys_clk/X (sky130_fd_sc_hd__clkbuf_16)
                                                         clknet_0_sys_clk (net)
                      0.122608    0.001542   10.300434 ^ clkbuf_4_15_0_sys_clk/A (sky130_fd_sc_hd__clkbuf_8)
    10    0.036432    0.076319    0.180830   10.481264 ^ clkbuf_4_15_0_sys_clk/X (sky130_fd_sc_hd__clkbuf_8)
                                                         clknet_4_15_0_sys_clk (net)
                      0.076331    0.000979   10.482243 ^ _2219_/CLK (sky130_fd_sc_hd__dfxtp_1)
                                 -0.250000   10.232243   clock uncertainty
                                  0.000000   10.232243   clock reconvergence pessimism
                                 -0.106085   10.126158   library setup time
                                             10.126158   data required time
---------------------------------------------------------------------------------------------
                                             10.126158   data required time
                                             -5.650373   data arrival time
---------------------------------------------------------------------------------------------
                                              4.475786   slack (MET)




===========================================================================
report_checks --slack_max -0.01
============================================================================
======================= min_tt_025C_1v80 Corner ===================================

No paths found.


===========================================================================
 report_check_types -max_slew -max_cap -max_fanout -violators
============================================================================
======================= min_tt_025C_1v80 Corner ===================================

max fanout

Pin                                   Limit Fanout  Slack
---------------------------------------------------------
clkbuf_0_sys_clk/X                        5     16    -11 (VIOLATED)
clkbuf_4_7_0_sys_clk/X                    5     11     -6 (VIOLATED)
clkbuf_4_10_0_sys_clk/X                   5     10     -5 (VIOLATED)
clkbuf_4_15_0_sys_clk/X                   5     10     -5 (VIOLATED)
clkbuf_4_2_0_sys_clk/X                    5     10     -5 (VIOLATED)
clkbuf_4_4_0_sys_clk/X                    5     10     -5 (VIOLATED)
clkbuf_4_0_0_sys_clk/X                    5      9     -4 (VIOLATED)
clkbuf_4_1_0_sys_clk/X                    5      9     -4 (VIOLATED)
clkbuf_4_5_0_sys_clk/X                    5      9     -4 (VIOLATED)
clkbuf_4_6_0_sys_clk/X                    5      9     -4 (VIOLATED)
clkbuf_4_14_0_sys_clk/X                   5      8     -3 (VIOLATED)
clkbuf_4_3_0_sys_clk/X                    5      8     -3 (VIOLATED)
clkbuf_4_11_0_sys_clk/X                   5      7     -2 (VIOLATED)
clkbuf_4_13_0_sys_clk/X                   5      7     -2 (VIOLATED)
clkbuf_4_9_0_sys_clk/X                    5      7     -2 (VIOLATED)
clkbuf_4_12_0_sys_clk/X                   5      6        (VIOLATED)
clkbuf_4_8_0_sys_clk/X                    5      6        (VIOLATED)
fanout267/X                               5      6        (VIOLATED)



===========================================================================
report_parasitic_annotation -report_unannotated
============================================================================
Found 15 unannotated drivers.
 clkload0/Y
 clkload1/Y
 clkload10/Y
 clkload11/Y
 clkload12/Y
 clkload13/Y
 clkload14/X
 clkload2/X
 clkload3/Y
 clkload4/X
 clkload5/Y
 clkload6/Y
 clkload7/Y
 clkload8/Y
 clkload9/X
Found 0 partially unannotated drivers.

===========================================================================
max slew violation count 0
max fanout violation count 18
max cap violation count 0
============================================================================

===========================================================================
check_setup -verbose -unconstrained_endpoints -multiple_clock -no_clock -no_input_delay -loops -generated_clocks
===========================================================================
Warning: There are 33 unclocked register/latch pins.
  _2133_/CLK
  _2221_/CLK
  _2222_/CLK
  _2223_/CLK
  _2224_/CLK
  _2225_/CLK
  _2226_/CLK
  _2227_/CLK
  _2228_/CLK
  _2229_/CLK
  _2230_/CLK
  _2231_/CLK
  _2232_/CLK
  _2233_/CLK
  _2234_/CLK
  _2235_/CLK
  _2236_/CLK
  _2237_/CLK
  _2238_/CLK
  _2239_/CLK
  _2240_/CLK
  _2241_/CLK
  _2242_/CLK
  _2243_/CLK
  _2244_/CLK
  _2245_/CLK
  _2246_/CLK
  _2247_/CLK
  _2248_/CLK
  _2249_/CLK
  _2250_/CLK
  _2251_/CLK
  _2252_/CLK
Warning: There are 33 unconstrained endpoints.
  _2133_/D
  _2221_/D
  _2222_/D
  _2223_/D
  _2224_/D
  _2225_/D
  _2226_/D
  _2227_/D
  _2228_/D
  _2229_/D
  _2230_/D
  _2231_/D
  _2232_/D
  _2233_/D
  _2234_/D
  _2235_/D
  _2236_/D
  _2237_/D
  _2238_/D
  _2239_/D
  _2240_/D
  _2241_/D
  _2242_/D
  _2243_/D
  _2244_/D
  _2245_/D
  _2246_/D
  _2247_/D
  _2248_/D
  _2249_/D
  _2250_/D
  _2251_/D
  _2252_/D
