
===========================================================================
report_checks -unconstrained
===========================================================================
======================= min_ss_100C_1v60 Corner ===================================

Startpoint: rst_n (input port clocked by sys_clk)
Endpoint: _2142_ (recovery check against rising-edge clock sys_clk)
Path Group: asynchronous
Path Type: max

Fanout         Cap        Slew       Delay        Time   Description
---------------------------------------------------------------------------------------------
                                  0.000000    0.000000   clock sys_clk (rise edge)
                                  0.000000    0.000000   clock network delay (propagated)
                                  2.000000    2.000000 ^ input external delay
     1    0.002535    0.030504    0.014368    2.014368 ^ rst_n (in)
                                                         rst_n (net)
                      0.030504    0.000000    2.014368 ^ input66/A (sky130_fd_sc_hd__clkbuf_1)
     1    0.005494    0.119748    0.168081    2.182449 ^ input66/X (sky130_fd_sc_hd__clkbuf_1)
                                                         net66 (net)
                      0.119748    0.000126    2.182575 ^ fanout261/A (sky130_fd_sc_hd__buf_1)
     2    0.017019    0.329474    0.356908    2.539482 ^ fanout261/X (sky130_fd_sc_hd__buf_1)
                                                         net261 (net)
                      0.329477    0.000857    2.540339 ^ fanout260/A (sky130_fd_sc_hd__buf_1)
     3    0.020128    0.385066    0.469259    3.009598 ^ fanout260/X (sky130_fd_sc_hd__buf_1)
                                                         net260 (net)
                      0.385066    0.000771    3.010369 ^ fanout257/A (sky130_fd_sc_hd__buf_1)
     2    0.015633    0.303629    0.426643    3.437012 ^ fanout257/X (sky130_fd_sc_hd__buf_1)
                                                         net257 (net)
                      0.303629    0.000079    3.437091 ^ fanout256/A (sky130_fd_sc_hd__buf_1)
     3    0.013599    0.266433    0.377654    3.814745 ^ fanout256/X (sky130_fd_sc_hd__buf_1)
                                                         net256 (net)
                      0.266433    0.000349    3.815094 ^ fanout253/A (sky130_fd_sc_hd__buf_1)
     3    0.012775    0.251333    0.356638    4.171732 ^ fanout253/X (sky130_fd_sc_hd__buf_1)
                                                         net253 (net)
                      0.251333    0.000219    4.171951 ^ _2142_/RESET_B (sky130_fd_sc_hd__dfrtp_1)
                                              4.171951   data arrival time

                                 10.000000   10.000000   clock sys_clk (rise edge)
                                  0.000000   10.000000   clock source latency
     1    0.024833    0.183843    0.126622   10.126622 ^ sys_clk (in)
                                                         sys_clk (net)
                      0.183868    0.000000   10.126622 ^ clkbuf_0_sys_clk/A (sky130_fd_sc_hd__clkbuf_16)
    16    0.109293    0.189415    0.377357   10.503980 ^ clkbuf_0_sys_clk/X (sky130_fd_sc_hd__clkbuf_16)
                                                         clknet_0_sys_clk (net)
                      0.189429    0.001776   10.505755 ^ clkbuf_4_8_0_sys_clk/A (sky130_fd_sc_hd__clkbuf_8)
    10    0.034186    0.115850    0.321838   10.827594 ^ clkbuf_4_8_0_sys_clk/X (sky130_fd_sc_hd__clkbuf_8)
                                                         clknet_4_8_0_sys_clk (net)
                      0.115851    0.000617   10.828211 ^ _2142_/CLK (sky130_fd_sc_hd__dfrtp_1)
                                 -0.250000   10.578211   clock uncertainty
                                  0.000000   10.578211   clock reconvergence pessimism
                                  0.410882   10.989093   library recovery time
                                             10.989093   data required time
---------------------------------------------------------------------------------------------
                                             10.989093   data required time
                                             -4.171951   data arrival time
---------------------------------------------------------------------------------------------
                                              6.817142   slack (MET)


Startpoint: _2146_ (rising edge-triggered flip-flop clocked by sys_clk)
Endpoint: _2181_ (rising edge-triggered flip-flop clocked by sys_clk)
Path Group: sys_clk
Path Type: max

Fanout         Cap        Slew       Delay        Time   Description
---------------------------------------------------------------------------------------------
                                  0.000000    0.000000   clock sys_clk (rise edge)
                                  0.000000    0.000000   clock source latency
     1    0.024833    0.183843    0.126622    0.126622 ^ sys_clk (in)
                                                         sys_clk (net)
                      0.183868    0.000000    0.126622 ^ clkbuf_0_sys_clk/A (sky130_fd_sc_hd__clkbuf_16)
    16    0.109293    0.189415    0.377357    0.503979 ^ clkbuf_0_sys_clk/X (sky130_fd_sc_hd__clkbuf_16)
                                                         clknet_0_sys_clk (net)
                      0.189428    0.001766    0.505745 ^ clkbuf_4_9_0_sys_clk/A (sky130_fd_sc_hd__clkbuf_8)
     7    0.033649    0.114658    0.320982    0.826727 ^ clkbuf_4_9_0_sys_clk/X (sky130_fd_sc_hd__clkbuf_8)
                                                         clknet_4_9_0_sys_clk (net)
                      0.114658    0.000240    0.826967 ^ _2146_/CLK (sky130_fd_sc_hd__dfxtp_2)
     3    0.015655    0.091696    0.671999    1.498966 v _2146_/Q (sky130_fd_sc_hd__dfxtp_2)
                                                         lf_inst.error_in[1] (net)
                      0.091696    0.000190    1.499156 v fanout187/A (sky130_fd_sc_hd__buf_6)
     3    0.012523    0.046923    0.223312    1.722468 v fanout187/X (sky130_fd_sc_hd__buf_6)
                                                         net187 (net)
                      0.046923    0.000172    1.722640 v fanout185/A (sky130_fd_sc_hd__buf_6)
     5    0.013791    0.048490    0.204642    1.927282 v fanout185/X (sky130_fd_sc_hd__buf_6)
                                                         net185 (net)
                      0.048490    0.000139    1.927422 v _1819_/C_N (sky130_fd_sc_hd__nor3b_2)
     1    0.004127    0.084393    0.308918    2.236340 v _1819_/Y (sky130_fd_sc_hd__nor3b_2)
                                                         _0271_ (net)
                      0.084393    0.000062    2.236402 v fanout140/A (sky130_fd_sc_hd__clkbuf_2)
     2    0.007787    0.071428    0.210816    2.447218 v fanout140/X (sky130_fd_sc_hd__clkbuf_2)
                                                         net140 (net)
                      0.071428    0.000070    2.447288 v fanout138/A (sky130_fd_sc_hd__buf_6)
     5    0.024622    0.064697    0.233845    2.681133 v fanout138/X (sky130_fd_sc_hd__buf_6)
                                                         net138 (net)
                      0.064707    0.000832    2.681965 v fanout137/A (sky130_fd_sc_hd__buf_8)
     5    0.025316    0.057116    0.225444    2.907409 v fanout137/X (sky130_fd_sc_hd__buf_8)
                                                         net137 (net)
                      0.057118    0.000428    2.907837 v fanout136/A (sky130_fd_sc_hd__buf_8)
     5    0.027832    0.059960    0.225163    3.133000 v fanout136/X (sky130_fd_sc_hd__buf_8)
                                                         net136 (net)
                      0.059961    0.000346    3.133346 v _1844_/B (sky130_fd_sc_hd__xnor2_4)
     4    0.011518    0.129889    0.238757    3.372103 v _1844_/Y (sky130_fd_sc_hd__xnor2_4)
                                                         _0293_ (net)
                      0.129889    0.000028    3.372131 v _1859_/A (sky130_fd_sc_hd__or3b_4)
     1    0.003236    0.112760    0.767223    4.139355 v _1859_/X (sky130_fd_sc_hd__or3b_4)
                                                         _0305_ (net)
                      0.112760    0.000034    4.139389 v _1860_/C (sky130_fd_sc_hd__or4_4)
     2    0.014669    0.186767    1.031523    5.170912 v _1860_/X (sky130_fd_sc_hd__or4_4)
                                                         _0306_ (net)
                      0.186767    0.000330    5.171243 v _1865_/A2 (sky130_fd_sc_hd__a21oi_4)
     4    0.015392    0.242510    0.353962    5.525205 ^ _1865_/Y (sky130_fd_sc_hd__a21oi_4)
                                                         _0311_ (net)
                      0.242510    0.000282    5.525487 ^ _1915_/B (sky130_fd_sc_hd__and4b_1)
     1    0.006125    0.147131    0.474857    6.000343 ^ _1915_/X (sky130_fd_sc_hd__and4b_1)
                                                         _0353_ (net)
                      0.147131    0.000091    6.000435 ^ _1917_/C1 (sky130_fd_sc_hd__a211oi_2)
     2    0.007310    0.144693    0.106223    6.106658 v _1917_/Y (sky130_fd_sc_hd__a211oi_2)
                                                         _0355_ (net)
                      0.144693    0.000159    6.106817 v _1932_/A1 (sky130_fd_sc_hd__a2111o_1)
     3    0.010809    0.186094    0.830993    6.937809 v _1932_/X (sky130_fd_sc_hd__a2111o_1)
                                                         _0368_ (net)
                      0.186094    0.000225    6.938035 v _1948_/B (sky130_fd_sc_hd__or4b_4)
     3    0.008794    0.170417    1.087276    8.025311 v _1948_/X (sky130_fd_sc_hd__or4b_4)
                                                         _0382_ (net)
                      0.170417    0.000124    8.025434 v _1973_/A1 (sky130_fd_sc_hd__a2111o_1)
     3    0.012014    0.199477    0.855267    8.880702 v _1973_/X (sky130_fd_sc_hd__a2111o_1)
                                                         _0403_ (net)
                      0.199477    0.000414    8.881116 v _1980_/A2 (sky130_fd_sc_hd__a21o_1)
     1    0.002801    0.059625    0.367374    9.248489 v _1980_/X (sky130_fd_sc_hd__a21o_1)
                                                         _0410_ (net)
                      0.059625    0.000026    9.248515 v _2001_/A3 (sky130_fd_sc_hd__o31a_1)
     3    0.013000    0.168459    0.550923    9.799438 v _2001_/X (sky130_fd_sc_hd__o31a_1)
                                                         _0427_ (net)
                      0.168459    0.000347    9.799786 v _2018_/A2 (sky130_fd_sc_hd__o311a_4)
     2    0.011603    0.104104    0.697574   10.497359 v _2018_/X (sky130_fd_sc_hd__o311a_4)
                                                         _0442_ (net)
                      0.104104    0.000131   10.497491 v _2020_/B (sky130_fd_sc_hd__nor2_4)
     3    0.006738    0.125234    0.151280   10.648771 ^ _2020_/Y (sky130_fd_sc_hd__nor2_4)
                                                         _0444_ (net)
                      0.125234    0.000028   10.648800 ^ _2021_/A_N (sky130_fd_sc_hd__and3b_1)
     1    0.002770    0.069635    0.370848   11.019648 v _2021_/X (sky130_fd_sc_hd__and3b_1)
                                                         _0445_ (net)
                      0.069635    0.000028   11.019676 v _2022_/C1 (sky130_fd_sc_hd__a211o_1)
     1    0.001969    0.079216    0.413399   11.433075 v _2022_/X (sky130_fd_sc_hd__a211o_1)
                                                         _0112_ (net)
                      0.079216    0.000017   11.433092 v _2181_/D (sky130_fd_sc_hd__dfxtp_1)
                                             11.433092   data arrival time

                                 10.000000   10.000000   clock sys_clk (rise edge)
                                  0.000000   10.000000   clock source latency
     1    0.024833    0.183843    0.126622   10.126622 ^ sys_clk (in)
                                                         sys_clk (net)
                      0.183868    0.000000   10.126622 ^ clkbuf_0_sys_clk/A (sky130_fd_sc_hd__clkbuf_16)
    16    0.109293    0.189415    0.377357   10.503980 ^ clkbuf_0_sys_clk/X (sky130_fd_sc_hd__clkbuf_16)
                                                         clknet_0_sys_clk (net)
                      0.189432    0.001918   10.505897 ^ clkbuf_4_10_0_sys_clk/A (sky130_fd_sc_hd__clkbuf_8)
     7    0.033217    0.113635    0.320138   10.826035 ^ clkbuf_4_10_0_sys_clk/X (sky130_fd_sc_hd__clkbuf_8)
                                                         clknet_4_10_0_sys_clk (net)
                      0.113636    0.000560   10.826594 ^ _2181_/CLK (sky130_fd_sc_hd__dfxtp_1)
                                 -0.250000   10.576594   clock uncertainty
                                  0.000000   10.576594   clock reconvergence pessimism
                                 -0.261054   10.315539   library setup time
                                             10.315539   data required time
---------------------------------------------------------------------------------------------
                                             10.315539   data required time
                                            -11.433092   data arrival time
---------------------------------------------------------------------------------------------
                                             -1.117552   slack (VIOLATED)




===========================================================================
report_checks --slack_max -0.01
============================================================================
======================= min_ss_100C_1v60 Corner ===================================

Startpoint: _2146_ (rising edge-triggered flip-flop clocked by sys_clk)
Endpoint: _2181_ (rising edge-triggered flip-flop clocked by sys_clk)
Path Group: sys_clk
Path Type: max

Fanout         Cap        Slew       Delay        Time   Description
---------------------------------------------------------------------------------------------
                                  0.000000    0.000000   clock sys_clk (rise edge)
                                  0.000000    0.000000   clock source latency
     1    0.024833    0.183843    0.126622    0.126622 ^ sys_clk (in)
                                                         sys_clk (net)
                      0.183868    0.000000    0.126622 ^ clkbuf_0_sys_clk/A (sky130_fd_sc_hd__clkbuf_16)
    16    0.109293    0.189415    0.377357    0.503979 ^ clkbuf_0_sys_clk/X (sky130_fd_sc_hd__clkbuf_16)
                                                         clknet_0_sys_clk (net)
                      0.189428    0.001766    0.505745 ^ clkbuf_4_9_0_sys_clk/A (sky130_fd_sc_hd__clkbuf_8)
     7    0.033649    0.114658    0.320982    0.826727 ^ clkbuf_4_9_0_sys_clk/X (sky130_fd_sc_hd__clkbuf_8)
                                                         clknet_4_9_0_sys_clk (net)
                      0.114658    0.000240    0.826967 ^ _2146_/CLK (sky130_fd_sc_hd__dfxtp_2)
     3    0.015655    0.091696    0.671999    1.498966 v _2146_/Q (sky130_fd_sc_hd__dfxtp_2)
                                                         lf_inst.error_in[1] (net)
                      0.091696    0.000190    1.499156 v fanout187/A (sky130_fd_sc_hd__buf_6)
     3    0.012523    0.046923    0.223312    1.722468 v fanout187/X (sky130_fd_sc_hd__buf_6)
                                                         net187 (net)
                      0.046923    0.000172    1.722640 v fanout185/A (sky130_fd_sc_hd__buf_6)
     5    0.013791    0.048490    0.204642    1.927282 v fanout185/X (sky130_fd_sc_hd__buf_6)
                                                         net185 (net)
                      0.048490    0.000139    1.927422 v _1819_/C_N (sky130_fd_sc_hd__nor3b_2)
     1    0.004127    0.084393    0.308918    2.236340 v _1819_/Y (sky130_fd_sc_hd__nor3b_2)
                                                         _0271_ (net)
                      0.084393    0.000062    2.236402 v fanout140/A (sky130_fd_sc_hd__clkbuf_2)
     2    0.007787    0.071428    0.210816    2.447218 v fanout140/X (sky130_fd_sc_hd__clkbuf_2)
                                                         net140 (net)
                      0.071428    0.000070    2.447288 v fanout138/A (sky130_fd_sc_hd__buf_6)
     5    0.024622    0.064697    0.233845    2.681133 v fanout138/X (sky130_fd_sc_hd__buf_6)
                                                         net138 (net)
                      0.064707    0.000832    2.681965 v fanout137/A (sky130_fd_sc_hd__buf_8)
     5    0.025316    0.057116    0.225444    2.907409 v fanout137/X (sky130_fd_sc_hd__buf_8)
                                                         net137 (net)
                      0.057118    0.000428    2.907837 v fanout136/A (sky130_fd_sc_hd__buf_8)
     5    0.027832    0.059960    0.225163    3.133000 v fanout136/X (sky130_fd_sc_hd__buf_8)
                                                         net136 (net)
                      0.059961    0.000346    3.133346 v _1844_/B (sky130_fd_sc_hd__xnor2_4)
     4    0.011518    0.129889    0.238757    3.372103 v _1844_/Y (sky130_fd_sc_hd__xnor2_4)
                                                         _0293_ (net)
                      0.129889    0.000028    3.372131 v _1859_/A (sky130_fd_sc_hd__or3b_4)
     1    0.003236    0.112760    0.767223    4.139355 v _1859_/X (sky130_fd_sc_hd__or3b_4)
                                                         _0305_ (net)
                      0.112760    0.000034    4.139389 v _1860_/C (sky130_fd_sc_hd__or4_4)
     2    0.014669    0.186767    1.031523    5.170912 v _1860_/X (sky130_fd_sc_hd__or4_4)
                                                         _0306_ (net)
                      0.186767    0.000330    5.171243 v _1865_/A2 (sky130_fd_sc_hd__a21oi_4)
     4    0.015392    0.242510    0.353962    5.525205 ^ _1865_/Y (sky130_fd_sc_hd__a21oi_4)
                                                         _0311_ (net)
                      0.242510    0.000282    5.525487 ^ _1915_/B (sky130_fd_sc_hd__and4b_1)
     1    0.006125    0.147131    0.474857    6.000343 ^ _1915_/X (sky130_fd_sc_hd__and4b_1)
                                                         _0353_ (net)
                      0.147131    0.000091    6.000435 ^ _1917_/C1 (sky130_fd_sc_hd__a211oi_2)
     2    0.007310    0.144693    0.106223    6.106658 v _1917_/Y (sky130_fd_sc_hd__a211oi_2)
                                                         _0355_ (net)
                      0.144693    0.000159    6.106817 v _1932_/A1 (sky130_fd_sc_hd__a2111o_1)
     3    0.010809    0.186094    0.830993    6.937809 v _1932_/X (sky130_fd_sc_hd__a2111o_1)
                                                         _0368_ (net)
                      0.186094    0.000225    6.938035 v _1948_/B (sky130_fd_sc_hd__or4b_4)
     3    0.008794    0.170417    1.087276    8.025311 v _1948_/X (sky130_fd_sc_hd__or4b_4)
                                                         _0382_ (net)
                      0.170417    0.000124    8.025434 v _1973_/A1 (sky130_fd_sc_hd__a2111o_1)
     3    0.012014    0.199477    0.855267    8.880702 v _1973_/X (sky130_fd_sc_hd__a2111o_1)
                                                         _0403_ (net)
                      0.199477    0.000414    8.881116 v _1980_/A2 (sky130_fd_sc_hd__a21o_1)
     1    0.002801    0.059625    0.367374    9.248489 v _1980_/X (sky130_fd_sc_hd__a21o_1)
                                                         _0410_ (net)
                      0.059625    0.000026    9.248515 v _2001_/A3 (sky130_fd_sc_hd__o31a_1)
     3    0.013000    0.168459    0.550923    9.799438 v _2001_/X (sky130_fd_sc_hd__o31a_1)
                                                         _0427_ (net)
                      0.168459    0.000347    9.799786 v _2018_/A2 (sky130_fd_sc_hd__o311a_4)
     2    0.011603    0.104104    0.697574   10.497359 v _2018_/X (sky130_fd_sc_hd__o311a_4)
                                                         _0442_ (net)
                      0.104104    0.000131   10.497491 v _2020_/B (sky130_fd_sc_hd__nor2_4)
     3    0.006738    0.125234    0.151280   10.648771 ^ _2020_/Y (sky130_fd_sc_hd__nor2_4)
                                                         _0444_ (net)
                      0.125234    0.000028   10.648800 ^ _2021_/A_N (sky130_fd_sc_hd__and3b_1)
     1    0.002770    0.069635    0.370848   11.019648 v _2021_/X (sky130_fd_sc_hd__and3b_1)
                                                         _0445_ (net)
                      0.069635    0.000028   11.019676 v _2022_/C1 (sky130_fd_sc_hd__a211o_1)
     1    0.001969    0.079216    0.413399   11.433075 v _2022_/X (sky130_fd_sc_hd__a211o_1)
                                                         _0112_ (net)
                      0.079216    0.000017   11.433092 v _2181_/D (sky130_fd_sc_hd__dfxtp_1)
                                             11.433092   data arrival time

                                 10.000000   10.000000   clock sys_clk (rise edge)
                                  0.000000   10.000000   clock source latency
     1    0.024833    0.183843    0.126622   10.126622 ^ sys_clk (in)
                                                         sys_clk (net)
                      0.183868    0.000000   10.126622 ^ clkbuf_0_sys_clk/A (sky130_fd_sc_hd__clkbuf_16)
    16    0.109293    0.189415    0.377357   10.503980 ^ clkbuf_0_sys_clk/X (sky130_fd_sc_hd__clkbuf_16)
                                                         clknet_0_sys_clk (net)
                      0.189432    0.001918   10.505897 ^ clkbuf_4_10_0_sys_clk/A (sky130_fd_sc_hd__clkbuf_8)
     7    0.033217    0.113635    0.320138   10.826035 ^ clkbuf_4_10_0_sys_clk/X (sky130_fd_sc_hd__clkbuf_8)
                                                         clknet_4_10_0_sys_clk (net)
                      0.113636    0.000560   10.826594 ^ _2181_/CLK (sky130_fd_sc_hd__dfxtp_1)
                                 -0.250000   10.576594   clock uncertainty
                                  0.000000   10.576594   clock reconvergence pessimism
                                 -0.261054   10.315539   library setup time
                                             10.315539   data required time
---------------------------------------------------------------------------------------------
                                             10.315539   data required time
                                            -11.433092   data arrival time
---------------------------------------------------------------------------------------------
                                             -1.117552   slack (VIOLATED)




===========================================================================
 report_check_types -max_slew -max_cap -max_fanout -violators
============================================================================
======================= min_ss_100C_1v60 Corner ===================================

max slew

Pin                                        Limit        Slew       Slack
------------------------------------------------------------------------
_1684_/Y                                0.750000    0.998805   -0.248805 (VIOLATED)
_1686_/A2                               0.750000    0.998805   -0.248805 (VIOLATED)
max_cap113/A                            0.750000    0.998805   -0.248805 (VIOLATED)

max fanout

Pin                                   Limit Fanout  Slack
---------------------------------------------------------
clkbuf_0_sys_clk/X                        5     16    -11 (VIOLATED)
clkbuf_4_0_0_sys_clk/X                    5     13     -8 (VIOLATED)
clkbuf_4_15_0_sys_clk/X                   5     10     -5 (VIOLATED)
clkbuf_4_1_0_sys_clk/X                    5     10     -5 (VIOLATED)
clkbuf_4_4_0_sys_clk/X                    5     10     -5 (VIOLATED)
clkbuf_4_8_0_sys_clk/X                    5     10     -5 (VIOLATED)
clkbuf_4_11_0_sys_clk/X                   5      9     -4 (VIOLATED)
clkbuf_4_2_0_sys_clk/X                    5      9     -4 (VIOLATED)
clkbuf_4_5_0_sys_clk/X                    5      9     -4 (VIOLATED)
clkbuf_4_13_0_sys_clk/X                   5      8     -3 (VIOLATED)
clkbuf_4_14_0_sys_clk/X                   5      8     -3 (VIOLATED)
clkbuf_4_7_0_sys_clk/X                    5      8     -3 (VIOLATED)
clkbuf_4_10_0_sys_clk/X                   5      7     -2 (VIOLATED)
clkbuf_4_9_0_sys_clk/X                    5      7     -2 (VIOLATED)
clkbuf_4_12_0_sys_clk/X                   5      6        (VIOLATED)
clkbuf_4_3_0_sys_clk/X                    5      6        (VIOLATED)
clkbuf_4_6_0_sys_clk/X                    5      6        (VIOLATED)



===========================================================================
report_parasitic_annotation -report_unannotated
============================================================================
Found 15 unannotated drivers.
 clkload0/Y
 clkload1/Y
 clkload10/Y
 clkload11/Y
 clkload12/Y
 clkload13/Y
 clkload14/Y
 clkload2/Y
 clkload3/Y
 clkload4/Y
 clkload5/Y
 clkload6/Y
 clkload7/Y
 clkload8/Y
 clkload9/Y
Found 0 partially unannotated drivers.

===========================================================================
max slew violation count 3
max fanout violation count 17
max cap violation count 0
============================================================================

===========================================================================
check_setup -verbose -unconstrained_endpoints -multiple_clock -no_clock -no_input_delay -loops -generated_clocks
===========================================================================
Warning: There are 33 unclocked register/latch pins.
  _2095_/CLK
  _2183_/CLK
  _2184_/CLK
  _2185_/CLK
  _2186_/CLK
  _2187_/CLK
  _2188_/CLK
  _2189_/CLK
  _2190_/CLK
  _2191_/CLK
  _2192_/CLK
  _2193_/CLK
  _2194_/CLK
  _2195_/CLK
  _2196_/CLK
  _2197_/CLK
  _2198_/CLK
  _2199_/CLK
  _2200_/CLK
  _2201_/CLK
  _2202_/CLK
  _2203_/CLK
  _2204_/CLK
  _2205_/CLK
  _2206_/CLK
  _2207_/CLK
  _2208_/CLK
  _2209_/CLK
  _2210_/CLK
  _2211_/CLK
  _2212_/CLK
  _2213_/CLK
  _2214_/CLK
Warning: There are 34 unconstrained endpoints.
  _2095_/D
  _2141_/D
  _2183_/D
  _2184_/D
  _2185_/D
  _2186_/D
  _2187_/D
  _2188_/D
  _2189_/D
  _2190_/D
  _2191_/D
  _2192_/D
  _2193_/D
  _2194_/D
  _2195_/D
  _2196_/D
  _2197_/D
  _2198_/D
  _2199_/D
  _2200_/D
  _2201_/D
  _2202_/D
  _2203_/D
  _2204_/D
  _2205_/D
  _2206_/D
  _2207_/D
  _2208_/D
  _2209_/D
  _2210_/D
  _2211_/D
  _2212_/D
  _2213_/D
  _2214_/D
