Clock: sys_clk
Sources: sys_clk 
Generated: no
Virtual: yes
Propagated: no
Period: 10.000000

===========================================================================
report_clock_properties
============================================================================
Clock                   Period          Waveform
----------------------------------------------------
sys_clk              10.000000    0.000000  5.000000

===========================================================================
report_clock_latency
============================================================================
Clock sys_clk
rise -> rise
    min     max
0.000000 0.000000 source latency
0.814982         network latency _2215_/CLK
        2.942894 network latency _2198_/CLK
---------------
0.814982 2.942894 latency
        2.127912 skew

rise -> fall
    min     max
0.000000 0.000000 source latency
1.943388         network latency _2212_/CLK
        2.579289 network latency _2198_/CLK
---------------
1.943388 2.579289 latency
        0.635900 skew

fall -> fall
    min     max
0.000000 0.000000 source latency
0.723704         network latency _2215_/CLK
        0.740898 network latency _2067_/CLK
---------------
0.723704 0.740898 latency
        0.017194 skew



===========================================================================
report_clock_min_period
============================================================================
sys_clk period_min = 11.12 fmax = 89.95
