Clock: sys_clk
Sources: sys_clk 
Generated: no
Virtual: yes
Propagated: no
Period: 24.000000

===========================================================================
report_clock_properties
============================================================================
Clock                   Period          Waveform
----------------------------------------------------
sys_clk              24.000000    0.000000 12.000000

===========================================================================
report_clock_latency
============================================================================
Clock sys_clk
rise -> rise
    min     max
0.000000 0.000000 source latency
0.767895         network latency _2400_/CLK
        3.164118 network latency _2408_/CLK
---------------
0.767895 3.164118 latency
        2.396223 skew

rise -> fall
    min     max
0.000000 0.000000 source latency
2.061604         network latency _2415_/CLK
        3.109007 network latency _2408_/CLK
---------------
2.061604 3.109007 latency
        1.047403 skew

fall -> fall
    min     max
0.000000 0.000000 source latency
0.739466         network latency _2400_/CLK
        0.751724 network latency _2314_/CLK
---------------
0.739466 0.751724 latency
        0.012258 skew



===========================================================================
report_clock_min_period
============================================================================
sys_clk period_min = 12.24 fmax = 81.69
