Reading technology LEF file at '/Users/refikyalcin/.ciel/ciel/sky130/versions/0fe599b2afb6708d281543108caf8310912f54af/sky130A/libs.ref/sky130_fd_sc_hd/techlef/sky130_fd_sc_hd__max.tlef'…
[INFO ODB-0227] LEF file: /Users/refikyalcin/.ciel/ciel/sky130/versions/0fe599b2afb6708d281543108caf8310912f54af/sky130A/libs.ref/sky130_fd_sc_hd/techlef/sky130_fd_sc_hd__max.tlef, created 14 layers, 25 vias
Reading cell LEF file at '/Users/refikyalcin/.ciel/ciel/sky130/versions/0fe599b2afb6708d281543108caf8310912f54af/sky130A/libs.ref/sky130_fd_sc_hd/lef/sky130_ef_sc_hd.lef'…
[WARNING ODB-0220] WARNING (LEFPARS-2008): NOWIREEXTENSIONATPIN statement is obsolete in version 5.6 or later.
The NOWIREEXTENSIONATPIN statement will be ignored. See file /Users/refikyalcin/.ciel/ciel/sky130/versions/0fe599b2afb6708d281543108caf8310912f54af/sky130A/libs.ref/sky130_fd_sc_hd/lef/sky130_ef_sc_hd.lef at line 2.

[INFO ODB-0227] LEF file: /Users/refikyalcin/.ciel/ciel/sky130/versions/0fe599b2afb6708d281543108caf8310912f54af/sky130A/libs.ref/sky130_fd_sc_hd/lef/sky130_ef_sc_hd.lef, created 4 library cells
Reading cell LEF file at '/Users/refikyalcin/.ciel/ciel/sky130/versions/0fe599b2afb6708d281543108caf8310912f54af/sky130A/libs.ref/sky130_fd_sc_hd/lef/sky130_fd_sc_hd.lef'…
[WARNING ODB-0220] WARNING (LEFPARS-2008): NOWIREEXTENSIONATPIN statement is obsolete in version 5.6 or later.
The NOWIREEXTENSIONATPIN statement will be ignored. See file /Users/refikyalcin/.ciel/ciel/sky130/versions/0fe599b2afb6708d281543108caf8310912f54af/sky130A/libs.ref/sky130_fd_sc_hd/lef/sky130_fd_sc_hd.lef at line 2.

[INFO ODB-0227] LEF file: /Users/refikyalcin/.ciel/ciel/sky130/versions/0fe599b2afb6708d281543108caf8310912f54af/sky130A/libs.ref/sky130_fd_sc_hd/lef/sky130_fd_sc_hd.lef, created 437 library cells
[INFO ODB-0127] Reading DEF file: /Users/refikyalcin/vlsi/digital/Tiny-PLL/openlane/runs/RUN_2025-12-17_14-52-26/52-odb-cellfrequencytables/pll_top.def
[INFO ODB-0128] Design: pll_top
[INFO ODB-0130]     Created 103 pins.
[INFO ODB-0131]     Created 3964 components and 20189 component-terminals.
[INFO ODB-0132]     Created 2 special nets and 15100 connections.
[INFO ODB-0133]     Created 1610 nets and 5074 connections.
[INFO ODB-0134] Finished DEF file: /Users/refikyalcin/vlsi/digital/Tiny-PLL/openlane/runs/RUN_2025-12-17_14-52-26/52-odb-cellfrequencytables/pll_top.def
Using RCX ruleset '/Users/refikyalcin/.ciel/ciel/sky130/versions/0fe599b2afb6708d281543108caf8310912f54af/sky130A/libs.tech/openlane/rules.openrcx.sky130A.max.calibre'…
[INFO RCX-0431] Defined process_corner CURRENT_CORNER with ext_model_index 0
[INFO RCX-0029] Defined extraction corner CURRENT_CORNER
[INFO RCX-0435] Reading extraction model file /Users/refikyalcin/.ciel/ciel/sky130/versions/0fe599b2afb6708d281543108caf8310912f54af/sky130A/libs.tech/openlane/rules.openrcx.sky130A.max.calibre ...
[INFO RCX-0436] RC segment generation pll_top (max_merge_res 50.0) ...
[INFO RCX-0040] Final 7033 rc segments
[INFO RCX-0439] Coupling Cap extraction pll_top ...
[INFO RCX-0440] Coupling threshhold is 0.1000 fF, coupling capacitance less than 0.1000 fF will be grounded.
[INFO RCX-0442] 52% of 10081 wires extracted
[INFO RCX-0442] 100% of 10081 wires extracted
[INFO RCX-0045] Extract 1610 nets, 8643 rsegs, 8643 caps, 10051 ccs
Setting global connections for newly added cells…
[INFO] Setting global connections...
Updating metrics…
Cell type report:                       Count       Area
  Fill cell                              2028   14358.77
  Tap cell                                378     472.95
  Standard cell                          1558   12797.27
  Total                                  3964   27629.00
Writing extracted parasitics to '/Users/refikyalcin/vlsi/digital/Tiny-PLL/openlane/runs/RUN_2025-12-17_14-52-26/53-openroad-rcx/max/pll_top.max.spef'…
[INFO RCX-0443] 1610 nets finished
