
===========================================================================
report_checks -unconstrained
===========================================================================
======================= nom_ff_n40C_1v95 Corner ===================================

Startpoint: _2184_ (rising edge-triggered flip-flop clocked by sys_clk)
Endpoint: _2220_ (rising edge-triggered flip-flop clocked by sys_clk)
Path Group: sys_clk
Path Type: max

Fanout         Cap        Slew       Delay        Time   Description
---------------------------------------------------------------------------------------------
                      0.150000    0.000000    0.000000   clock sys_clk (rise edge)
                                  0.000000    0.000000   clock network delay (ideal)
                      0.150000    0.000000    0.000000 ^ _2184_/CLK (sky130_fd_sc_hd__dfxtp_2)
    47    0.188505    0.708377    0.692812    0.692812 ^ _2184_/Q (sky130_fd_sc_hd__dfxtp_2)
                                                         lf_inst.error_in[1] (net)
                      0.708377    0.000000    0.692812 ^ _1852_/C_N (sky130_fd_sc_hd__nor3b_2)
    16    0.079461    0.910795    0.730826    1.423638 ^ _1852_/Y (sky130_fd_sc_hd__nor3b_2)
                                                         _0303_ (net)
                      0.910795    0.000000    1.423638 ^ _1855_/B (sky130_fd_sc_hd__xnor2_2)
     4    0.013340    0.147259    0.028945    1.452583 v _1855_/Y (sky130_fd_sc_hd__xnor2_2)
                                                         _0306_ (net)
                      0.147259    0.000000    1.452583 v _1870_/B1 (sky130_fd_sc_hd__o221a_2)
     2    0.005471    0.038021    0.194246    1.646830 v _1870_/X (sky130_fd_sc_hd__o221a_2)
                                                         _0319_ (net)
                      0.038021    0.000000    1.646830 v _1872_/C (sky130_fd_sc_hd__or3_2)
     5    0.012925    0.075960    0.262703    1.909532 v _1872_/X (sky130_fd_sc_hd__or3_2)
                                                         _0321_ (net)
                      0.075960    0.000000    1.909532 v _1893_/A1 (sky130_fd_sc_hd__o21ba_2)
     2    0.008475    0.036547    0.156356    2.065888 v _1893_/X (sky130_fd_sc_hd__o21ba_2)
                                                         _0338_ (net)
                      0.036547    0.000000    2.065888 v _1897_/A (sky130_fd_sc_hd__nor2_2)
     3    0.010708    0.102969    0.106957    2.172845 ^ _1897_/Y (sky130_fd_sc_hd__nor2_2)
                                                         _0342_ (net)
                      0.102969    0.000000    2.172845 ^ _1923_/A (sky130_fd_sc_hd__nand4_2)
     2    0.005715    0.060392    0.054939    2.227784 v _1923_/Y (sky130_fd_sc_hd__nand4_2)
                                                         _0364_ (net)
                      0.060392    0.000000    2.227784 v _1950_/B (sky130_fd_sc_hd__or2_2)
     2    0.003757    0.039254    0.167899    2.395683 v _1950_/X (sky130_fd_sc_hd__or2_2)
                                                         _0387_ (net)
                      0.039254    0.000000    2.395683 v _1968_/A2 (sky130_fd_sc_hd__a311o_2)
     3    0.007857    0.050601    0.235136    2.630819 v _1968_/X (sky130_fd_sc_hd__a311o_2)
                                                         _0403_ (net)
                      0.050601    0.000000    2.630819 v _1984_/A (sky130_fd_sc_hd__or2_2)
     3    0.008637    0.049758    0.191615    2.822434 v _1984_/X (sky130_fd_sc_hd__or2_2)
                                                         _0417_ (net)
                      0.049758    0.000000    2.822434 v _2007_/A2 (sky130_fd_sc_hd__a2111o_2)
     3    0.008035    0.055754    0.299212    3.121646 v _2007_/X (sky130_fd_sc_hd__a2111o_2)
                                                         _0436_ (net)
                      0.055754    0.000000    3.121646 v _2039_/A1 (sky130_fd_sc_hd__a211o_2)
     3    0.008807    0.047227    0.199707    3.321353 v _2039_/X (sky130_fd_sc_hd__a211o_2)
                                                         _0464_ (net)
                      0.047227    0.000000    3.321353 v _2057_/A1 (sky130_fd_sc_hd__a211o_2)
     2    0.005699    0.040795    0.188855    3.510208 v _2057_/X (sky130_fd_sc_hd__a211o_2)
                                                         _0480_ (net)
                      0.040795    0.000000    3.510208 v _2059_/A3 (sky130_fd_sc_hd__a31oi_2)
     3    0.011050    0.161446    0.172129    3.682337 ^ _2059_/Y (sky130_fd_sc_hd__a31oi_2)
                                                         _0482_ (net)
                      0.161446    0.000000    3.682337 ^ _2063_/A2 (sky130_fd_sc_hd__o21ai_2)
     1    0.002260    0.032890    0.024214    3.706551 v _2063_/Y (sky130_fd_sc_hd__o21ai_2)
                                                         _0485_ (net)
                      0.032890    0.000000    3.706551 v _2065_/A3 (sky130_fd_sc_hd__a31o_2)
     1    0.001783    0.025673    0.145193    3.851744 v _2065_/X (sky130_fd_sc_hd__a31o_2)
                                                         _0119_ (net)
                      0.025673    0.000000    3.851744 v _2220_/D (sky130_fd_sc_hd__dfxtp_2)
                                              3.851744   data arrival time

                      0.150000   10.000000   10.000000   clock sys_clk (rise edge)
                                  0.000000   10.000000   clock network delay (ideal)
                                 -0.250000    9.750000   clock uncertainty
                                  0.000000    9.750000   clock reconvergence pessimism
                                              9.750000 ^ _2220_/CLK (sky130_fd_sc_hd__dfxtp_2)
                                 -0.057621    9.692380   library setup time
                                              9.692380   data required time
---------------------------------------------------------------------------------------------
                                              9.692380   data required time
                                             -3.851744   data arrival time
---------------------------------------------------------------------------------------------
                                              5.840635   slack (MET)




===========================================================================
report_checks --slack_max -0.01
============================================================================
======================= nom_ff_n40C_1v95 Corner ===================================

No paths found.


===========================================================================
 report_check_types -max_slew -max_cap -max_fanout -violators
============================================================================
======================= nom_ff_n40C_1v95 Corner ===================================

max slew

Pin                                        Limit        Slew       Slack
------------------------------------------------------------------------
_1638_/Y                                0.750000    1.000583   -0.250583 (VIOLATED)
_1641_/A2                               0.750000    1.000583   -0.250583 (VIOLATED)
_1650_/A2                               0.750000    1.000583   -0.250583 (VIOLATED)
_1658_/A2                               0.750000    1.000583   -0.250583 (VIOLATED)
_1665_/A2                               0.750000    1.000583   -0.250583 (VIOLATED)
_1672_/A2                               0.750000    1.000583   -0.250583 (VIOLATED)
_1681_/A2                               0.750000    1.000583   -0.250583 (VIOLATED)
_1688_/A2                               0.750000    1.000583   -0.250583 (VIOLATED)
_1699_/A                                0.750000    1.000583   -0.250583 (VIOLATED)
_1700_/A2                               0.750000    1.000583   -0.250583 (VIOLATED)
_1706_/A2                               0.750000    1.000583   -0.250583 (VIOLATED)
_1717_/A2                               0.750000    1.000583   -0.250583 (VIOLATED)
_1726_/A2                               0.750000    1.000583   -0.250583 (VIOLATED)
_1735_/A2                               0.750000    1.000583   -0.250583 (VIOLATED)
_1741_/A2                               0.750000    1.000583   -0.250583 (VIOLATED)
_1750_/A2                               0.750000    1.000583   -0.250583 (VIOLATED)
_1756_/A2                               0.750000    1.000583   -0.250583 (VIOLATED)
_1778_/A2                               0.750000    1.000583   -0.250583 (VIOLATED)
_1787_/A2                               0.750000    1.000583   -0.250583 (VIOLATED)
_1792_/A2                               0.750000    1.000583   -0.250583 (VIOLATED)
_1804_/A2                               0.750000    1.000583   -0.250583 (VIOLATED)
_1811_/A2                               0.750000    1.000583   -0.250583 (VIOLATED)
_1818_/A2                               0.750000    1.000583   -0.250583 (VIOLATED)
_1824_/A2                               0.750000    1.000583   -0.250583 (VIOLATED)
_1859_/B2                               0.750000    1.000583   -0.250583 (VIOLATED)
_1866_/A2                               0.750000    1.000583   -0.250583 (VIOLATED)
_1873_/B2                               0.750000    1.000583   -0.250583 (VIOLATED)
_1879_/B2                               0.750000    1.000583   -0.250583 (VIOLATED)
_1886_/B2                               0.750000    1.000583   -0.250583 (VIOLATED)
_1890_/A2                               0.750000    1.000583   -0.250583 (VIOLATED)
_1900_/B2                               0.750000    1.000583   -0.250583 (VIOLATED)
_1907_/A2                               0.750000    1.000583   -0.250583 (VIOLATED)
_1914_/A2                               0.750000    1.000583   -0.250583 (VIOLATED)
_1920_/A2                               0.750000    1.000583   -0.250583 (VIOLATED)
_1929_/A2                               0.750000    1.000583   -0.250583 (VIOLATED)
_1934_/A2                               0.750000    1.000583   -0.250583 (VIOLATED)
_1941_/A2                               0.750000    1.000583   -0.250583 (VIOLATED)
_1946_/A2                               0.750000    1.000583   -0.250583 (VIOLATED)
_1961_/A2                               0.750000    1.000583   -0.250583 (VIOLATED)
_1971_/A2                               0.750000    1.000583   -0.250583 (VIOLATED)
_1978_/A2                               0.750000    1.000583   -0.250583 (VIOLATED)
_1987_/A2                               0.750000    1.000583   -0.250583 (VIOLATED)
_1994_/A2                               0.750000    1.000583   -0.250583 (VIOLATED)
_2001_/A2                               0.750000    1.000583   -0.250583 (VIOLATED)
_2006_/A2                               0.750000    1.000583   -0.250583 (VIOLATED)
_2024_/A2                               0.750000    1.000583   -0.250583 (VIOLATED)
_2031_/A2                               0.750000    1.000583   -0.250583 (VIOLATED)
_2037_/A2                               0.750000    1.000583   -0.250583 (VIOLATED)
_2046_/A2                               0.750000    1.000583   -0.250583 (VIOLATED)
_2053_/A2                               0.750000    1.000583   -0.250583 (VIOLATED)
_2061_/A2                               0.750000    1.000583   -0.250583 (VIOLATED)
_2064_/A2                               0.750000    1.000583   -0.250583 (VIOLATED)
_1852_/Y                                0.750000    0.910795   -0.160795 (VIOLATED)
_1854_/B                                0.750000    0.910795   -0.160795 (VIOLATED)
_1855_/B                                0.750000    0.910795   -0.160795 (VIOLATED)
_1863_/B                                0.750000    0.910795   -0.160795 (VIOLATED)
_1867_/B                                0.750000    0.910795   -0.160795 (VIOLATED)
_1868_/B                                0.750000    0.910795   -0.160795 (VIOLATED)
_1875_/B                                0.750000    0.910795   -0.160795 (VIOLATED)
_1880_/B                                0.750000    0.910795   -0.160795 (VIOLATED)
_1881_/B1                               0.750000    0.910795   -0.160795 (VIOLATED)
_1887_/B                                0.750000    0.910795   -0.160795 (VIOLATED)
_1888_/A2                               0.750000    0.910795   -0.160795 (VIOLATED)
_1892_/B1                               0.750000    0.910795   -0.160795 (VIOLATED)
_1894_/B                                0.750000    0.910795   -0.160795 (VIOLATED)
_1895_/B                                0.750000    0.910795   -0.160795 (VIOLATED)
_1930_/B1                               0.750000    0.910795   -0.160795 (VIOLATED)
_1932_/A2                               0.750000    0.910795   -0.160795 (VIOLATED)
_1937_/A2_N                             0.750000    0.910795   -0.160795 (VIOLATED)

max fanout

Pin                                   Limit Fanout  Slack
---------------------------------------------------------
_1052_/Y                                 10     77    -67 (VIOLATED)
rst_n                                    10     54    -44 (VIOLATED)
_1638_/Y                                 10     51    -41 (VIOLATED)
_2184_/Q                                 10     47    -37 (VIOLATED)
_2132_/Q                                 10     34    -24 (VIOLATED)
_1440_/X                                 10     33    -23 (VIOLATED)
_1445_/Y                                 10     33    -23 (VIOLATED)
_1635_/X                                 10     26    -16 (VIOLATED)
_1636_/Y                                 10     26    -16 (VIOLATED)
_1963_/X                                 10     22    -12 (VIOLATED)
_1852_/Y                                 10     16     -6 (VIOLATED)



===========================================================================
report_parasitic_annotation -report_unannotated
============================================================================
Found 1272 unannotated drivers.
 div_val[0]
 div_val[10]
 div_val[11]
 div_val[12]
 div_val[13]
 div_val[14]
 div_val[15]
 div_val[16]
 div_val[17]
 div_val[18]
 div_val[19]
 div_val[1]
 div_val[20]
 div_val[21]
 div_val[22]
 div_val[23]
 div_val[24]
 div_val[25]
 div_val[26]
 div_val[27]
 div_val[28]
 div_val[29]
 div_val[2]
 div_val[30]
 div_val[31]
 div_val[3]
 div_val[4]
 div_val[5]
 div_val[6]
 div_val[7]
 div_val[8]
 div_val[9]
 initial_freq[0]
 initial_freq[10]
 initial_freq[11]
 initial_freq[12]
 initial_freq[13]
 initial_freq[14]
 initial_freq[15]
 initial_freq[16]
 initial_freq[17]
 initial_freq[18]
 initial_freq[19]
 initial_freq[1]
 initial_freq[20]
 initial_freq[21]
 initial_freq[22]
 initial_freq[23]
 initial_freq[24]
 initial_freq[25]
 initial_freq[26]
 initial_freq[27]
 initial_freq[28]
 initial_freq[29]
 initial_freq[2]
 initial_freq[30]
 initial_freq[31]
 initial_freq[3]
 initial_freq[4]
 initial_freq[5]
 initial_freq[6]
 initial_freq[7]
 initial_freq[8]
 initial_freq[9]
 ref_clk
 rst_n
 sys_clk
 _1050_/Y
 _1051_/Y
 _1052_/Y
 _1053_/Y
 _1054_/Y
 _1055_/Y
 _1056_/Y
 _1057_/Y
 _1058_/Y
 _1059_/Y
 _1060_/X
 _1061_/Y
 _1062_/X
 _1063_/X
 _1064_/X
 _1065_/X
 _1066_/X
 _1067_/X
 _1068_/X
 _1069_/Y
 _1070_/Y
 _1071_/Y
 _1072_/X
 _1073_/X
 _1074_/Y
 _1075_/X
 _1076_/X
 _1077_/X
 _1078_/Y
 _1079_/X
 _1080_/X
 _1081_/X
 _1082_/X
 _1083_/X
 _1084_/Y
 _1085_/X
 _1086_/X
 _1087_/X
 _1088_/X
 _1089_/X
 _1090_/Y
 _1091_/Y
 _1092_/X
 _1093_/X
 _1094_/X
 _1095_/X
 _1096_/X
 _1097_/X
 _1098_/Y
 _1099_/Y
 _1100_/X
 _1101_/X
 _1102_/X
 _1103_/X
 _1104_/X
 _1105_/X
 _1106_/Y
 _1107_/X
 _1108_/Y
 _1109_/Y
 _1110_/X
 _1111_/X
 _1112_/X
 _1113_/Y
 _1114_/X
 _1115_/X
 _1116_/X
 _1117_/Y
 _1118_/Y
 _1119_/X
 _1120_/X
 _1121_/X
 _1122_/Y
 _1123_/X
 _1124_/Y
 _1125_/Y
 _1126_/X
 _1127_/X
 _1128_/X
 _1129_/Y
 _1130_/Y
 _1131_/Y
 _1132_/X
 _1133_/X
 _1134_/Y
 _1135_/X
 _1136_/X
 _1137_/Y
 _1138_/Y
 _1139_/Y
 _1140_/Y
 _1141_/X
 _1142_/Y
 _1143_/X
 _1144_/X
 _1145_/X
 _1146_/Y
 _1147_/X
 _1148_/Y
 _1149_/X
 _1150_/Y
 _1151_/Y
 _1152_/Y
 _1153_/Y
 _1154_/X
 _1155_/X
 _1156_/Y
 _1157_/Y
 _1158_/X
 _1159_/Y
 _1160_/Y
 _1161_/X
 _1162_/Y
 _1163_/Y
 _1164_/X
 _1165_/X
 _1166_/X
 _1167_/X
 _1168_/Y
 _1169_/X
 _1170_/Y
 _1171_/X
 _1172_/X
 _1173_/X
 _1174_/Y
 _1175_/Y
 _1176_/X
 _1177_/Y
 _1178_/X
 _1179_/Y
 _1180_/Y
 _1181_/X
 _1182_/X
 _1183_/X
 _1184_/Y
 _1185_/Y
 _1186_/Y
 _1187_/X
 _1188_/Y
 _1189_/Y
 _1190_/X
 _1191_/Y
 _1192_/Y
 _1193_/Y
 _1194_/X
 _1195_/Y
 _1196_/X
 _1197_/X
 _1198_/Y
 _1199_/X
 _1200_/Y
 _1201_/Y
 _1202_/X
 _1203_/X
 _1204_/X
 _1205_/Y
 _1206_/Y
 _1207_/X
 _1208_/X
 _1209_/X
 _1210_/Y
 _1211_/X
 _1212_/X
 _1213_/X
 _1214_/Y
 _1215_/Y
 _1216_/Y
 _1217_/X
 _1218_/Y
 _1219_/X
 _1220_/Y
 _1221_/Y
 _1222_/X
 _1223_/Y
 _1224_/Y
 _1225_/Y
 _1226_/X
 _1227_/Y
 _1228_/X
 _1229_/Y
 _1230_/X
 _1231_/Y
 _1232_/Y
 _1233_/X
 _1234_/X
 _1235_/X
 _1236_/Y
 _1237_/X
 _1238_/X
 _1239_/X
 _1240_/X
 _1241_/Y
 _1242_/X
 _1243_/Y
 _1244_/X
 _1245_/X
 _1246_/Y
 _1247_/Y
 _1248_/Y
 _1249_/X
 _1250_/Y
 _1251_/Y
 _1252_/Y
 _1253_/Y
 _1254_/Y
 _1255_/X
 _1256_/X
 _1257_/X
 _1258_/X
 _1259_/X
 _1260_/Y
 _1261_/X
 _1262_/Y
 _1263_/Y
 _1264_/X
 _1265_/X
 _1266_/X
 _1267_/Y
 _1268_/Y
 _1269_/X
 _1270_/X
 _1271_/X
 _1272_/Y
 _1273_/X
 _1274_/X
 _1275_/Y
 _1276_/Y
 _1277_/Y
 _1278_/Y
 _1279_/X
 _1280_/Y
 _1281_/Y
 _1282_/X
 _1283_/Y
 _1284_/X
 _1285_/Y
 _1286_/X
 _1287_/X
 _1288_/Y
 _1289_/Y
 _1290_/X
 _1291_/Y
 _1292_/Y
 _1293_/X
 _1294_/Y
 _1295_/X
 _1296_/Y
 _1297_/X
 _1298_/Y
 _1299_/X
 _1300_/Y
 _1301_/X
 _1302_/Y
 _1303_/X
 _1304_/Y
 _1305_/Y
 _1306_/Y
 _1307_/X
 _1308_/Y
 _1309_/X
 _1310_/X
 _1311_/Y
 _1312_/X
 _1313_/Y
 _1314_/X
 _1315_/Y
 _1316_/Y
 _1317_/Y
 _1318_/Y
 _1319_/X
 _1320_/Y
 _1321_/Y
 _1322_/X
 _1323_/Y
 _1324_/Y
 _1325_/X
 _1326_/Y
 _1327_/Y
 _1328_/X
 _1329_/Y
 _1330_/X
 _1331_/X
 _1332_/Y
 _1333_/Y
 _1334_/Y
 _1335_/Y
 _1336_/Y
 _1337_/X
 _1338_/X
 _1339_/Y
 _1340_/X
 _1341_/X
 _1342_/Y
 _1343_/X
 _1344_/X
 _1345_/X
 _1346_/X
 _1347_/Y
 _1348_/X
 _1349_/Y
 _1350_/Y
 _1351_/X
 _1352_/Y
 _1353_/Y
 _1354_/X
 _1355_/X
 _1356_/X
 _1357_/Y
 _1358_/X
 _1359_/X
 _1360_/X
 _1361_/X
 _1362_/Y
 _1363_/X
 _1364_/Y
 _1365_/X
 _1366_/Y
 _1367_/X
 _1368_/Y
 _1369_/X
 _1370_/Y
 _1371_/X
 _1372_/X
 _1373_/X
 _1374_/Y
 _1375_/Y
 _1376_/X
 _1377_/Y
 _1378_/X
 _1379_/X
 _1380_/Y
 _1381_/X
 _1382_/X
 _1383_/X
 _1384_/Y
 _1385_/X
 _1386_/X
 _1387_/X
 _1388_/Y
 _1389_/Y
 _1390_/X
 _1391_/X
 _1392_/Y
 _1393_/X
 _1394_/Y
 _1395_/Y
 _1396_/X
 _1397_/Y
 _1398_/Y
 _1399_/X
 _1400_/Y
 _1401_/Y
 _1402_/Y
 _1403_/Y
 _1404_/X
 _1405_/X
 _1406_/X
 _1407_/X
 _1408_/X
 _1409_/Y
 _1410_/Y
 _1411_/Y
 _1412_/Y
 _1413_/X
 _1414_/X
 _1415_/Y
 _1416_/Y
 _1417_/X
 _1418_/Y
 _1419_/Y
 _1420_/Y
 _1421_/X
 _1422_/X
 _1423_/Y
 _1424_/X
 _1425_/X
 _1426_/Y
 _1427_/X
 _1428_/X
 _1429_/X
 _1430_/X
 _1431_/Y
 _1432_/X
 _1433_/X
 _1434_/Y
 _1435_/Y
 _1436_/Y
 _1437_/X
 _1438_/Y
 _1439_/X
 _1440_/X
 _1441_/X
 _1442_/Y
 _1443_/X
 _1444_/X
 _1445_/Y
 _1446_/X
 _1447_/X
 _1448_/X
 _1449_/X
 _1450_/X
 _1451_/X
 _1452_/X
 _1453_/X
 _1454_/X
 _1455_/X
 _1456_/X
 _1457_/X
 _1458_/X
 _1459_/X
 _1460_/Y
 _1461_/X
 _1462_/X
 _1463_/X
 _1464_/X
 _1465_/X
 _1466_/X
 _1467_/X
 _1468_/X
 _1469_/Y
 _1470_/Y
 _1471_/Y
 _1472_/Y
 _1473_/X
 _1474_/Y
 _1475_/Y
 _1476_/X
 _1477_/X
 _1478_/Y
 _1479_/X
 _1480_/Y
 _1481_/X
 _1482_/Y
 _1483_/X
 _1484_/Y
 _1485_/X
 _1486_/Y
 _1487_/Y
 _1488_/Y
 _1489_/X
 _1490_/Y
 _1491_/X
 _1492_/Y
 _1493_/Y
 _1494_/X
 _1495_/X
 _1496_/X
 _1497_/Y
 _1498_/X
 _1499_/X
 _1500_/X
 _1501_/X
 _1502_/X
 _1503_/Y
 _1504_/X
 _1505_/X
 _1506_/Y
 _1507_/X
 _1508_/Y
 _1509_/X
 _1510_/Y
 _1511_/X
 _1512_/X
 _1513_/Y
 _1514_/X
 _1515_/Y
 _1516_/X
 _1517_/Y
 _1518_/X
 _1519_/Y
 _1520_/X
 _1521_/Y
 _1522_/Y
 _1523_/X
 _1524_/X
 _1525_/Y
 _1526_/X
 _1527_/Y
 _1528_/Y
 _1529_/Y
 _1530_/X
 _1531_/X
 _1532_/Y
 _1533_/Y
 _1534_/Y
 _1535_/Y
 _1536_/Y
 _1537_/Y
 _1538_/X
 _1539_/X
 _1540_/Y
 _1541_/X
 _1542_/X
 _1543_/X
 _1544_/X
 _1545_/X
 _1546_/Y
 _1547_/Y
 _1548_/Y
 _1549_/X
 _1550_/Y
 _1551_/X
 _1552_/Y
 _1553_/X
 _1554_/X
 _1555_/X
 _1556_/X
 _1557_/X
 _1558_/X
 _1559_/Y
 _1560_/X
 _1561_/Y
 _1562_/Y
 _1563_/X
 _1564_/X
 _1565_/Y
 _1566_/Y
 _1567_/X
 _1568_/X
 _1569_/X
 _1570_/X
 _1571_/X
 _1572_/X
 _1573_/X
 _1574_/X
 _1575_/X
 _1576_/X
 _1577_/X
 _1578_/X
 _1579_/X
 _1580_/X
 _1581_/Y
 _1582_/X
 _1583_/X
 _1584_/X
 _1585_/X
 _1586_/X
 _1587_/Y
 _1588_/X
 _1589_/X
 _1590_/X
 _1591_/Y
 _1592_/X
 _1593_/X
 _1594_/Y
 _1595_/X
 _1596_/Y
 _1597_/X
 _1598_/X
 _1599_/X
 _1600_/X
 _1601_/X
 _1602_/X
 _1603_/X
 _1604_/X
 _1605_/X
 _1606_/X
 _1607_/X
 _1608_/X
 _1609_/X
 _1610_/X
 _1611_/Y
 _1612_/X
 _1613_/Y
 _1614_/Y
 _1615_/Y
 _1616_/X
 _1617_/X
 _1618_/X
 _1619_/X
 _1620_/X
 _1621_/Y
 _1622_/X
 _1623_/Y
 _1624_/X
 _1625_/X
 _1626_/X
 _1627_/X
 _1628_/X
 _1629_/X
 _1630_/X
 _1631_/X
 _1632_/X
 _1633_/Y
 _1634_/X
 _1635_/X
 _1636_/Y
 _1637_/Y
 _1638_/Y
 _1639_/X
 _1640_/X
 _1641_/X
 _1642_/X
 _1643_/Y
 _1644_/X
 _1645_/X
 _1646_/Y
 _1647_/X
 _1648_/Y
 _1649_/X
 _1650_/X
 _1651_/Y
 _1652_/Y
 _1653_/X
 _1654_/X
 _1655_/Y
 _1656_/Y
 _1657_/X
 _1658_/X
 _1659_/Y
 _1660_/Y
 _1661_/Y
 _1662_/Y
 _1663_/Y
 _1664_/X
 _1665_/X
 _1666_/X
 _1667_/Y
 _1668_/X
 _1669_/Y
 _1670_/Y
 _1671_/X
 _1672_/X
 _1673_/Y
 _1674_/Y
 _1675_/Y
 _1676_/X
 _1677_/X
 _1678_/Y
 _1679_/X
 _1680_/X
 _1681_/X
 _1682_/Y
 _1683_/Y
 _1684_/Y
 _1685_/X
 _1686_/Y
 _1687_/X
 _1688_/X
 _1689_/X
 _1690_/X
 _1691_/X
 _1692_/X
 _1693_/Y
 _1694_/Y
 _1695_/Y
 _1696_/Y
 _1697_/Y
 _1698_/X
 _1699_/X
 _1700_/X
 _1701_/Y
 _1702_/X
 _1703_/X
 _1704_/Y
 _1705_/X
 _1706_/X
 _1707_/X
 _1708_/Y
 _1709_/Y
 _1710_/X
 _1711_/Y
 _1712_/X
 _1713_/Y
 _1714_/Y
 _1715_/Y
 _1716_/X
 _1717_/X
 _1718_/Y
 _1719_/X
 _1720_/Y
 _1721_/Y
 _1722_/X
 _1723_/Y
 _1724_/Y
 _1725_/X
 _1726_/X
 _1727_/Y
 _1728_/X
 _1729_/Y
 _1730_/X
 _1731_/Y
 _1732_/Y
 _1733_/Y
 _1734_/X
 _1735_/X
 _1736_/X
 _1737_/X
 _1738_/Y
 _1739_/Y
 _1740_/X
 _1741_/X
 _1742_/Y
 _1743_/X
 _1744_/Y
 _1745_/X
 _1746_/X
 _1747_/Y
 _1748_/Y
 _1749_/X
 _1750_/X
 _1751_/X
 _1752_/X
 _1753_/Y
 _1754_/Y
 _1755_/X
 _1756_/X
 _1757_/X
 _1758_/Y
 _1759_/Y
 _1760_/Y
 _1761_/X
 _1762_/X
 _1763_/Y
 _1764_/X
 _1765_/Y
 _1766_/Y
 _1767_/Y
 _1768_/X
 _1769_/X
 _1770_/Y
 _1771_/X
 _1772_/Y
 _1773_/Y
 _1774_/X
 _1775_/X
 _1776_/Y
 _1777_/X
 _1778_/X
 _1779_/X
 _1780_/Y
 _1781_/X
 _1782_/Y
 _1783_/X
 _1784_/Y
 _1785_/Y
 _1786_/X
 _1787_/X
 _1788_/Y
 _1789_/Y
 _1790_/Y
 _1791_/X
 _1792_/X
 _1793_/X
 _1794_/Y
 _1795_/X
 _1796_/X
 _1797_/X
 _1798_/Y
 _1799_/Y
 _1800_/X
 _1801_/Y
 _1802_/Y
 _1803_/X
 _1804_/X
 _1805_/X
 _1806_/Y
 _1807_/Y
 _1808_/Y
 _1809_/Y
 _1810_/X
 _1811_/X
 _1812_/X
 _1813_/Y
 _1814_/X
 _1815_/Y
 _1816_/X
 _1817_/X
 _1818_/X
 _1819_/X
 _1820_/Y
 _1821_/X
 _1822_/Y
 _1823_/X
 _1824_/X
 _1825_/X
 _1826_/X
 _1827_/X
 _1828_/Y
 _1829_/Y
 _1830_/Y
 _1831_/Y
 _1832_/X
 _1833_/Y
 _1834_/X
 _1835_/X
 _1836_/Y
 _1837_/X
 _1838_/X
 _1839_/X
 _1840_/Y
 _1841_/X
 _1842_/X
 _1843_/X
 _1844_/X
 _1845_/X
 _1846_/X
 _1847_/X
 _1848_/X
 _1849_/X
 _1850_/X
 _1851_/X
 _1852_/Y
 _1853_/X
 _1854_/Y
 _1855_/Y
 _1856_/X
 _1857_/Y
 _1858_/X
 _1859_/Y
 _1860_/Y
 _1861_/Y
 _1862_/Y
 _1863_/Y
 _1864_/X
 _1865_/Y
 _1866_/X
 _1867_/X
 _1868_/Y
 _1869_/Y
 _1870_/X
 _1871_/Y
 _1872_/X
 _1873_/X
 _1874_/X
 _1875_/Y
 _1876_/Y
 _1877_/X
 _1878_/Y
 _1879_/X
 _1880_/Y
 _1881_/Y
 _1882_/X
 _1883_/Y
 _1884_/X
 _1885_/Y
 _1886_/X
 _1887_/X
 _1888_/Y
 _1889_/Y
 _1890_/X
 _1891_/X
 _1892_/X
 _1893_/X
 _1894_/Y
 _1895_/X
 _1896_/X
 _1897_/Y
 _1898_/X
 _1899_/Y
 _1900_/X
 _1901_/Y
 _1902_/Y
 _1903_/X
 _1904_/Y
 _1905_/Y
 _1906_/Y
 _1907_/X
 _1908_/Y
 _1909_/X
 _1910_/Y
 _1911_/X
 _1912_/X
 _1913_/Y
 _1914_/X
 _1915_/Y
 _1916_/X
 _1917_/Y
 _1918_/X
 _1919_/Y
 _1920_/X
 _1921_/X
 _1922_/Y
 _1923_/Y
 _1924_/Y
 _1925_/Y
 _1926_/X
 _1927_/X
 _1928_/Y
 _1929_/X
 _1930_/Y
 _1931_/X
 _1932_/Y
 _1933_/Y
 _1934_/X
 _1935_/Y
 _1936_/Y
 _1937_/X
 _1938_/X
 _1939_/Y
 _1940_/Y
 _1941_/X
 _1942_/Y
 _1943_/Y
 _1944_/X
 _1945_/Y
 _1946_/X
 _1947_/Y
 _1948_/Y
 _1949_/X
 _1950_/X
 _1951_/X
 _1952_/X
 _1953_/Y
 _1954_/Y
 _1955_/X
 _1956_/X
 _1957_/Y
 _1958_/Y
 _1959_/X
 _1960_/Y
 _1961_/X
 _1962_/Y
 _1963_/X
 _1964_/Y
 _1965_/Y
 _1966_/Y
 _1967_/X
 _1968_/X
 _1969_/X
 _1970_/Y
 _1971_/X
 _1972_/X
 _1973_/Y
 _1974_/X
 _1975_/Y
 _1976_/X
 _1977_/Y
 _1978_/X
 _1979_/X
 _1980_/Y
 _1981_/Y
 _1982_/X
 _1983_/X
 _1984_/X
 _1985_/X
 _1986_/Y
 _1987_/X
 _1988_/Y
 _1989_/X
 _1990_/Y
 _1991_/Y
 _1992_/X
 _1993_/X
 _1994_/Y
 _1995_/Y
 _1996_/Y
 _1997_/Y
 _1998_/Y
 _1999_/X
 _2000_/Y
 _2001_/X
 _2002_/Y
 _2003_/X
 _2004_/Y
 _2005_/X
 _2006_/X
 _2007_/X
 _2008_/X
 _2009_/X
 _2010_/Y
 _2011_/Y
 _2012_/Y
 _2013_/Y
 _2014_/X
 _2015_/Y
 _2016_/X
 _2017_/X
 _2018_/Y
 _2019_/Y
 _2020_/X
 _2021_/Y
 _2022_/Y
 _2023_/Y
 _2024_/X
 _2025_/Y
 _2026_/Y
 _2027_/Y
 _2028_/X
 _2029_/Y
 _2030_/X
 _2031_/X
 _2032_/Y
 _2033_/Y
 _2034_/X
 _2035_/Y
 _2036_/X
 _2037_/X
 _2038_/X
 _2039_/X
 _2040_/Y
 _2041_/X
 _2042_/Y
 _2043_/Y
 _2044_/Y
 _2045_/X
 _2046_/X
 _2047_/X
 _2048_/X
 _2049_/Y
 _2050_/Y
 _2051_/X
 _2052_/Y
 _2053_/X
 _2054_/X
 _2055_/Y
 _2056_/X
 _2057_/X
 _2058_/X
 _2059_/Y
 _2060_/Y
 _2061_/X
 _2062_/X
 _2063_/Y
 _2064_/X
 _2065_/X
 _2066_/X
 _2067_/X
 _2068_/X
 _2069_/X
 _2070_/X
 _2071_/X
 _2072_/X
 _2073_/X
 _2074_/X
 _2075_/X
 _2076_/X
 _2077_/X
 _2078_/X
 _2079_/X
 _2080_/X
 _2081_/X
 _2082_/X
 _2083_/X
 _2084_/X
 _2085_/X
 _2086_/X
 _2087_/X
 _2088_/X
 _2089_/X
 _2090_/X
 _2091_/X
 _2092_/X
 _2093_/X
 _2094_/X
 _2095_/X
 _2096_/X
 _2097_/X
 _2098_/X
 _2099_/X
 _2100_/Q
 _2101_/Q
 _2102_/Q
 _2103_/Q
 _2104_/Q
 _2105_/Q
 _2106_/Q
 _2107_/Q
 _2108_/Q
 _2109_/Q
 _2110_/Q
 _2111_/Q
 _2112_/Q
 _2113_/Q
 _2114_/Q
 _2115_/Q
 _2116_/Q
 _2117_/Q
 _2118_/Q
 _2119_/Q
 _2120_/Q
 _2121_/Q
 _2122_/Q
 _2123_/Q
 _2124_/Q
 _2125_/Q
 _2126_/Q
 _2127_/Q
 _2128_/Q
 _2129_/Q
 _2130_/Q
 _2131_/Q
 _2132_/Q
 _2133_/Q
 _2134_/Q
 _2135_/Q
 _2136_/Q
 _2137_/Q
 _2138_/Q
 _2139_/Q
 _2140_/Q
 _2141_/Q
 _2142_/Q
 _2143_/Q
 _2144_/Q
 _2145_/Q
 _2146_/Q
 _2147_/Q
 _2148_/Q
 _2149_/Q
 _2150_/Q
 _2151_/Q
 _2152_/Q
 _2153_/Q
 _2154_/Q
 _2155_/Q
 _2156_/Q
 _2157_/Q
 _2158_/Q
 _2159_/Q
 _2160_/Q
 _2161_/Q
 _2162_/Q
 _2163_/Q
 _2164_/Q
 _2165_/Q
 _2166_/Q
 _2167_/Q
 _2168_/Q
 _2169_/Q
 _2170_/Q
 _2171_/Q
 _2172_/Q
 _2173_/Q
 _2174_/Q
 _2175_/Q
 _2176_/Q
 _2177_/Q
 _2178_/Q
 _2179_/Q
 _2180_/Q
 _2181_/Q
 _2182_/Q
 _2183_/Q
 _2184_/Q
 _2185_/Q
 _2186_/Q
 _2187_/Q
 _2188_/Q
 _2189_/Q
 _2190_/Q
 _2191_/Q
 _2192_/Q
 _2193_/Q
 _2194_/Q
 _2195_/Q
 _2196_/Q
 _2197_/Q
 _2198_/Q
 _2199_/Q
 _2200_/Q
 _2201_/Q
 _2202_/Q
 _2203_/Q
 _2204_/Q
 _2205_/Q
 _2206_/Q
 _2207_/Q
 _2208_/Q
 _2209_/Q
 _2210_/Q
 _2211_/Q
 _2212_/Q
 _2213_/Q
 _2214_/Q
 _2215_/Q
 _2216_/Q
 _2217_/Q
 _2218_/Q
 _2219_/Q
 _2220_/Q
 _2221_/Q
 _2222_/Q
 _2223_/Q
 _2224_/Q
 _2225_/Q
 _2226_/Q
 _2227_/Q
 _2228_/Q
 _2229_/Q
 _2230_/Q
 _2231_/Q
 _2232_/Q
 _2233_/Q
 _2234_/Q
 _2235_/Q
 _2236_/Q
 _2237_/Q
 _2238_/Q
 _2239_/Q
 _2240_/Q
 _2241_/Q
 _2242_/Q
 _2243_/Q
 _2244_/Q
 _2245_/Q
 _2246_/Q
 _2247_/Q
 _2248_/Q
 _2249_/Q
 _2250_/Q
 _2251_/Q
 _2252_/Q
 _2253_/Q
 _2254_/X
Found 0 partially unannotated drivers.

===========================================================================
max slew violation count 69
max fanout violation count 11
max cap violation count 0
============================================================================

===========================================================================
check_setup -verbose -unconstrained_endpoints -multiple_clock -no_clock -no_input_delay -loops -generated_clocks
===========================================================================
Warning: There are 33 unclocked register/latch pins.
  _2133_/CLK
  _2221_/CLK
  _2222_/CLK
  _2223_/CLK
  _2224_/CLK
  _2225_/CLK
  _2226_/CLK
  _2227_/CLK
  _2228_/CLK
  _2229_/CLK
  _2230_/CLK
  _2231_/CLK
  _2232_/CLK
  _2233_/CLK
  _2234_/CLK
  _2235_/CLK
  _2236_/CLK
  _2237_/CLK
  _2238_/CLK
  _2239_/CLK
  _2240_/CLK
  _2241_/CLK
  _2242_/CLK
  _2243_/CLK
  _2244_/CLK
  _2245_/CLK
  _2246_/CLK
  _2247_/CLK
  _2248_/CLK
  _2249_/CLK
  _2250_/CLK
  _2251_/CLK
  _2252_/CLK
Warning: There are 33 unconstrained endpoints.
  _2133_/D
  _2221_/D
  _2222_/D
  _2223_/D
  _2224_/D
  _2225_/D
  _2226_/D
  _2227_/D
  _2228_/D
  _2229_/D
  _2230_/D
  _2231_/D
  _2232_/D
  _2233_/D
  _2234_/D
  _2235_/D
  _2236_/D
  _2237_/D
  _2238_/D
  _2239_/D
  _2240_/D
  _2241_/D
  _2242_/D
  _2243_/D
  _2244_/D
  _2245_/D
  _2246_/D
  _2247_/D
  _2248_/D
  _2249_/D
  _2250_/D
  _2251_/D
  _2252_/D
