Netgen 1.5.278 compiled on Sun Sep 29 13:25:00 UTC 2024
Warning: netgen command 'format' use fully-qualified name '::netgen::format'
Warning: netgen command 'global' use fully-qualified name '::netgen::global'
Warning:  A case-insensitive file has been read and so the	verilog file must be treated case-insensitive to match.
Reading SPICE netlist file '/Users/refikyalcin/.ciel/ciel/gf180mcu/versions/0fe599b2afb6708d281543108caf8310912f54af/gf180mcuC/libs.ref/gf180mcu_fd_sc_mcu7t5v0/spice/gf180mcu_fd_sc_mcu7t5v0.spice'...
Call to undefined subcircuit nfet_06v0
Creating placeholder cell definition.
Call to undefined subcircuit pfet_06v0
Creating placeholder cell definition.
Warning:  A case-insensitive file has been read and so the	verilog file must be treated case-insensitive to match.
Note:  Implicit pin Z in instance clkload0 of gf180mcu_fd_sc_mcu7t5v0__clkbuf_4 in cell pll_top
Note:  Implicit pin Z in instance clkload1 of gf180mcu_fd_sc_mcu7t5v0__clkbuf_4 in cell pll_top
Note:  Implicit pin Z in instance clkload2 of gf180mcu_fd_sc_mcu7t5v0__clkbuf_4 in cell pll_top
Note:  Implicit pin ZN in instance clkload3 of gf180mcu_fd_sc_mcu7t5v0__clkinv_4 in cell pll_top
Note:  Implicit pin ZN in instance clkload4 of gf180mcu_fd_sc_mcu7t5v0__inv_2 in cell pll_top
Note:  Implicit pin ZN in instance clkload5 of gf180mcu_fd_sc_mcu7t5v0__clkinv_4 in cell pll_top
Note:  Implicit pin ZN in instance clkload6 of gf180mcu_fd_sc_mcu7t5v0__inv_3 in cell pll_top
Note:  Implicit pin Z in instance clkload7 of gf180mcu_fd_sc_mcu7t5v0__clkbuf_4 in cell pll_top
Note:  Implicit pin ZN in instance clkload8 of gf180mcu_fd_sc_mcu7t5v0__clkinv_4 in cell pll_top
Note:  Implicit pin ZN in instance clkload9 of gf180mcu_fd_sc_mcu7t5v0__inv_3 in cell pll_top
Note:  Implicit pin ZN in instance clkload10 of gf180mcu_fd_sc_mcu7t5v0__inv_4 in cell pll_top
Note:  Implicit pin ZN in instance clkload11 of gf180mcu_fd_sc_mcu7t5v0__clkinv_4 in cell pll_top
Note:  Implicit pin Z in instance clkload12 of gf180mcu_fd_sc_mcu7t5v0__clkbuf_4 in cell pll_top
Note:  Implicit pin ZN in instance clkload13 of gf180mcu_fd_sc_mcu7t5v0__clkinv_4 in cell pll_top
Note:  Implicit pin ZN in instance clkload14 of gf180mcu_fd_sc_mcu7t5v0__inv_2 in cell pll_top
Treating empty subcircuits as black-box cells
Generating JSON file result

Reading setup file /nix/store/7x1qis8my0i44w1lx1yq2wiwh6yc774i-python3-3.11.9-env/lib/python3.11/site-packages/librelane/scripts/netgen/setup.tcl

Model nfet_06v0 pin 1 == 3
No property par1 found for device nfet_06v0
No property NRD found for device nfet_06v0
No property NRS found for device nfet_06v0
No property par found for device nfet_06v0
No property sa found for device nfet_06v0
No property sb found for device nfet_06v0
No property sd found for device nfet_06v0
No property par found for device nfet_06v0
No property dtemp found for device nfet_06v0
No property nf found for device nfet_06v0
No property as found for device nfet_06v0
No property ad found for device nfet_06v0
No property ps found for device nfet_06v0
No property pd found for device nfet_06v0
Model pfet_06v0 pin 1 == 3
No property par1 found for device pfet_06v0
No property NRD found for device pfet_06v0
No property NRS found for device pfet_06v0
No property par found for device pfet_06v0
No property sa found for device pfet_06v0
No property sb found for device pfet_06v0
No property sd found for device pfet_06v0
No property par found for device pfet_06v0
No property dtemp found for device pfet_06v0
No property nf found for device pfet_06v0
No property as found for device pfet_06v0
No property ad found for device pfet_06v0
No property ps found for device pfet_06v0
No property pd found for device pfet_06v0
No property par1 found for device diode_nd2ps_06v0
No property par1 found for device diode_pd2nw_06v0
Comparison output logged to file /Users/refikyalcin/vlsi/digital/Tiny-PLL/openlane/runs/RUN_2025-12-22_15-30-35/68-netgen-lvs/reports/lvs.netgen.rpt
Logging to file "/Users/refikyalcin/vlsi/digital/Tiny-PLL/openlane/runs/RUN_2025-12-22_15-30-35/68-netgen-lvs/reports/lvs.netgen.rpt" enabled

Contents of circuit 1:  Circuit: 'gf180mcu_fd_sc_mcu7t5v0__fillcap_8'
Circuit gf180mcu_fd_sc_mcu7t5v0__fillcap_8 contains 0 device instances.
Circuit contains 0 nets, and 4 disconnected pins.
Contents of circuit 2:  Circuit: 'gf180mcu_fd_sc_mcu7t5v0__fillcap_8'
Circuit gf180mcu_fd_sc_mcu7t5v0__fillcap_8 contains 4 device instances.
  Class: pfet_06v0             instances:   2
  Class: nfet_06v0             instances:   2
Circuit contains 8 nets.

Circuit gf180mcu_fd_sc_mcu7t5v0__fillcap_8 contains no devices.

Contents of circuit 1:  Circuit: 'gf180mcu_fd_sc_mcu7t5v0__nand2_2'
Circuit gf180mcu_fd_sc_mcu7t5v0__nand2_2 contains 0 device instances.
Circuit contains 0 nets, and 7 disconnected pins.
Contents of circuit 2:  Circuit: 'gf180mcu_fd_sc_mcu7t5v0__nand2_2'
Circuit gf180mcu_fd_sc_mcu7t5v0__nand2_2 contains 8 device instances.
  Class: pfet_06v0             instances:   4
  Class: nfet_06v0             instances:   4
Circuit contains 9 nets.

Circuit gf180mcu_fd_sc_mcu7t5v0__nand2_2 contains no devices.

Contents of circuit 1:  Circuit: 'gf180mcu_fd_sc_mcu7t5v0__oai31_1'
Circuit gf180mcu_fd_sc_mcu7t5v0__oai31_1 contains 0 device instances.
Circuit contains 0 nets, and 9 disconnected pins.
Contents of circuit 2:  Circuit: 'gf180mcu_fd_sc_mcu7t5v0__oai31_1'
Circuit gf180mcu_fd_sc_mcu7t5v0__oai31_1 contains 8 device instances.
  Class: pfet_06v0             instances:   4
  Class: nfet_06v0             instances:   4
Circuit contains 12 nets.

Circuit gf180mcu_fd_sc_mcu7t5v0__oai31_1 contains no devices.

Contents of circuit 1:  Circuit: 'gf180mcu_fd_sc_mcu7t5v0__fillcap_4'
Circuit gf180mcu_fd_sc_mcu7t5v0__fillcap_4 contains 0 device instances.
Circuit contains 0 nets, and 4 disconnected pins.
Contents of circuit 2:  Circuit: 'gf180mcu_fd_sc_mcu7t5v0__fillcap_4'
Circuit gf180mcu_fd_sc_mcu7t5v0__fillcap_4 contains 2 device instances.
  Class: pfet_06v0             instances:   1
  Class: nfet_06v0             instances:   1
Circuit contains 6 nets.

Circuit gf180mcu_fd_sc_mcu7t5v0__fillcap_4 contains no devices.

Contents of circuit 1:  Circuit: 'gf180mcu_fd_sc_mcu7t5v0__fillcap_32'
Circuit gf180mcu_fd_sc_mcu7t5v0__fillcap_32 contains 0 device instances.
Circuit contains 0 nets, and 4 disconnected pins.
Contents of circuit 2:  Circuit: 'gf180mcu_fd_sc_mcu7t5v0__fillcap_32'
Circuit gf180mcu_fd_sc_mcu7t5v0__fillcap_32 contains 16 device instances.
  Class: pfet_06v0             instances:   8
  Class: nfet_06v0             instances:   8
Circuit contains 20 nets.

Circuit gf180mcu_fd_sc_mcu7t5v0__fillcap_32 contains no devices.

Contents of circuit 1:  Circuit: 'gf180mcu_fd_sc_mcu7t5v0__nor2_1'
Circuit gf180mcu_fd_sc_mcu7t5v0__nor2_1 contains 0 device instances.
Circuit contains 0 nets, and 7 disconnected pins.
Contents of circuit 2:  Circuit: 'gf180mcu_fd_sc_mcu7t5v0__nor2_1'
Circuit gf180mcu_fd_sc_mcu7t5v0__nor2_1 contains 4 device instances.
  Class: pfet_06v0             instances:   2
  Class: nfet_06v0             instances:   2
Circuit contains 8 nets.

Circuit gf180mcu_fd_sc_mcu7t5v0__nor2_1 contains no devices.

Contents of circuit 1:  Circuit: 'gf180mcu_fd_sc_mcu7t5v0__clkbuf_1'
Circuit gf180mcu_fd_sc_mcu7t5v0__clkbuf_1 contains 0 device instances.
Circuit contains 0 nets, and 6 disconnected pins.
Contents of circuit 2:  Circuit: 'gf180mcu_fd_sc_mcu7t5v0__clkbuf_1'
Circuit gf180mcu_fd_sc_mcu7t5v0__clkbuf_1 contains 5 device instances.
  Class: pfet_06v0             instances:   3
  Class: nfet_06v0             instances:   2
Circuit contains 7 nets.

Circuit gf180mcu_fd_sc_mcu7t5v0__clkbuf_1 contains no devices.

Contents of circuit 1:  Circuit: 'gf180mcu_fd_sc_mcu7t5v0__nand2_1'
Circuit gf180mcu_fd_sc_mcu7t5v0__nand2_1 contains 0 device instances.
Circuit contains 0 nets, and 7 disconnected pins.
Contents of circuit 2:  Circuit: 'gf180mcu_fd_sc_mcu7t5v0__nand2_1'
Circuit gf180mcu_fd_sc_mcu7t5v0__nand2_1 contains 4 device instances.
  Class: pfet_06v0             instances:   2
  Class: nfet_06v0             instances:   2
Circuit contains 8 nets.

Circuit gf180mcu_fd_sc_mcu7t5v0__nand2_1 contains no devices.

Contents of circuit 1:  Circuit: 'gf180mcu_fd_sc_mcu7t5v0__buf_1'
Circuit gf180mcu_fd_sc_mcu7t5v0__buf_1 contains 0 device instances.
Circuit contains 0 nets, and 6 disconnected pins.
Contents of circuit 2:  Circuit: 'gf180mcu_fd_sc_mcu7t5v0__buf_1'
Circuit gf180mcu_fd_sc_mcu7t5v0__buf_1 contains 4 device instances.
  Class: pfet_06v0             instances:   2
  Class: nfet_06v0             instances:   2
Circuit contains 7 nets.

Circuit gf180mcu_fd_sc_mcu7t5v0__buf_1 contains no devices.

Contents of circuit 1:  Circuit: 'gf180mcu_fd_sc_mcu7t5v0__aoi211_2'
Circuit gf180mcu_fd_sc_mcu7t5v0__aoi211_2 contains 0 device instances.
Circuit contains 0 nets, and 9 disconnected pins.
Contents of circuit 2:  Circuit: 'gf180mcu_fd_sc_mcu7t5v0__aoi211_2'
Circuit gf180mcu_fd_sc_mcu7t5v0__aoi211_2 contains 16 device instances.
  Class: pfet_06v0             instances:   8
  Class: nfet_06v0             instances:   8
Circuit contains 14 nets.

Circuit gf180mcu_fd_sc_mcu7t5v0__aoi211_2 contains no devices.

Contents of circuit 1:  Circuit: 'gf180mcu_fd_sc_mcu7t5v0__fillcap_16'
Circuit gf180mcu_fd_sc_mcu7t5v0__fillcap_16 contains 0 device instances.
Circuit contains 0 nets, and 4 disconnected pins.
Contents of circuit 2:  Circuit: 'gf180mcu_fd_sc_mcu7t5v0__fillcap_16'
Circuit gf180mcu_fd_sc_mcu7t5v0__fillcap_16 contains 8 device instances.
  Class: pfet_06v0             instances:   4
  Class: nfet_06v0             instances:   4
Circuit contains 12 nets.

Circuit gf180mcu_fd_sc_mcu7t5v0__fillcap_16 contains no devices.

Contents of circuit 1:  Circuit: 'gf180mcu_fd_sc_mcu7t5v0__xnor2_1'
Circuit gf180mcu_fd_sc_mcu7t5v0__xnor2_1 contains 0 device instances.
Circuit contains 0 nets, and 7 disconnected pins.
Contents of circuit 2:  Circuit: 'gf180mcu_fd_sc_mcu7t5v0__xnor2_1'
Circuit gf180mcu_fd_sc_mcu7t5v0__xnor2_1 contains 10 device instances.
  Class: pfet_06v0             instances:   5
  Class: nfet_06v0             instances:   5
Circuit contains 11 nets.

Circuit gf180mcu_fd_sc_mcu7t5v0__xnor2_1 contains no devices.

Contents of circuit 1:  Circuit: 'gf180mcu_fd_sc_mcu7t5v0__dffq_1'
Circuit gf180mcu_fd_sc_mcu7t5v0__dffq_1 contains 0 device instances.
Circuit contains 0 nets, and 7 disconnected pins.
Contents of circuit 2:  Circuit: 'gf180mcu_fd_sc_mcu7t5v0__dffq_1'
Circuit gf180mcu_fd_sc_mcu7t5v0__dffq_1 contains 24 device instances.
  Class: pfet_06v0             instances:  12
  Class: nfet_06v0             instances:  12
Circuit contains 19 nets.

Circuit gf180mcu_fd_sc_mcu7t5v0__dffq_1 contains no devices.

Contents of circuit 1:  Circuit: 'gf180mcu_fd_sc_mcu7t5v0__inv_1'
Circuit gf180mcu_fd_sc_mcu7t5v0__inv_1 contains 0 device instances.
Circuit contains 0 nets, and 6 disconnected pins.
Contents of circuit 2:  Circuit: 'gf180mcu_fd_sc_mcu7t5v0__inv_1'
Circuit gf180mcu_fd_sc_mcu7t5v0__inv_1 contains 2 device instances.
  Class: pfet_06v0             instances:   1
  Class: nfet_06v0             instances:   1
Circuit contains 6 nets.

Circuit gf180mcu_fd_sc_mcu7t5v0__inv_1 contains no devices.

Contents of circuit 1:  Circuit: 'gf180mcu_fd_sc_mcu7t5v0__aoi22_1'
Circuit gf180mcu_fd_sc_mcu7t5v0__aoi22_1 contains 0 device instances.
Circuit contains 0 nets, and 9 disconnected pins.
Contents of circuit 2:  Circuit: 'gf180mcu_fd_sc_mcu7t5v0__aoi22_1'
Circuit gf180mcu_fd_sc_mcu7t5v0__aoi22_1 contains 8 device instances.
  Class: pfet_06v0             instances:   4
  Class: nfet_06v0             instances:   4
Circuit contains 12 nets.

Circuit gf180mcu_fd_sc_mcu7t5v0__aoi22_1 contains no devices.

Contents of circuit 1:  Circuit: 'gf180mcu_fd_sc_mcu7t5v0__aoi21_1'
Circuit gf180mcu_fd_sc_mcu7t5v0__aoi21_1 contains 0 device instances.
Circuit contains 0 nets, and 8 disconnected pins.
Contents of circuit 2:  Circuit: 'gf180mcu_fd_sc_mcu7t5v0__aoi21_1'
Circuit gf180mcu_fd_sc_mcu7t5v0__aoi21_1 contains 6 device instances.
  Class: pfet_06v0             instances:   3
  Class: nfet_06v0             instances:   3
Circuit contains 10 nets.

Circuit gf180mcu_fd_sc_mcu7t5v0__aoi21_1 contains no devices.

Contents of circuit 1:  Circuit: 'gf180mcu_fd_sc_mcu7t5v0__oai21_1'
Circuit gf180mcu_fd_sc_mcu7t5v0__oai21_1 contains 0 device instances.
Circuit contains 0 nets, and 8 disconnected pins.
Contents of circuit 2:  Circuit: 'gf180mcu_fd_sc_mcu7t5v0__oai21_1'
Circuit gf180mcu_fd_sc_mcu7t5v0__oai21_1 contains 6 device instances.
  Class: pfet_06v0             instances:   3
  Class: nfet_06v0             instances:   3
Circuit contains 10 nets.

Circuit gf180mcu_fd_sc_mcu7t5v0__oai21_1 contains no devices.

Contents of circuit 1:  Circuit: 'gf180mcu_fd_sc_mcu7t5v0__clkinv_1'
Circuit gf180mcu_fd_sc_mcu7t5v0__clkinv_1 contains 0 device instances.
Circuit contains 0 nets, and 6 disconnected pins.
Contents of circuit 2:  Circuit: 'gf180mcu_fd_sc_mcu7t5v0__clkinv_1'
Circuit gf180mcu_fd_sc_mcu7t5v0__clkinv_1 contains 2 device instances.
  Class: pfet_06v0             instances:   1
  Class: nfet_06v0             instances:   1
Circuit contains 6 nets.

Circuit gf180mcu_fd_sc_mcu7t5v0__clkinv_1 contains no devices.

Contents of circuit 1:  Circuit: 'gf180mcu_fd_sc_mcu7t5v0__xor2_1'
Circuit gf180mcu_fd_sc_mcu7t5v0__xor2_1 contains 0 device instances.
Circuit contains 0 nets, and 7 disconnected pins.
Contents of circuit 2:  Circuit: 'gf180mcu_fd_sc_mcu7t5v0__xor2_1'
Circuit gf180mcu_fd_sc_mcu7t5v0__xor2_1 contains 10 device instances.
  Class: pfet_06v0             instances:   5
  Class: nfet_06v0             instances:   5
Circuit contains 11 nets.

Circuit gf180mcu_fd_sc_mcu7t5v0__xor2_1 contains no devices.

Contents of circuit 1:  Circuit: 'gf180mcu_fd_sc_mcu7t5v0__aoi221_1'
Circuit gf180mcu_fd_sc_mcu7t5v0__aoi221_1 contains 0 device instances.
Circuit contains 0 nets, and 10 disconnected pins.
Contents of circuit 2:  Circuit: 'gf180mcu_fd_sc_mcu7t5v0__aoi221_1'
Circuit gf180mcu_fd_sc_mcu7t5v0__aoi221_1 contains 10 device instances.
  Class: pfet_06v0             instances:   5
  Class: nfet_06v0             instances:   5
Circuit contains 14 nets.

Circuit gf180mcu_fd_sc_mcu7t5v0__aoi221_1 contains no devices.

Contents of circuit 1:  Circuit: 'gf180mcu_fd_sc_mcu7t5v0__aoi21_2'
Circuit gf180mcu_fd_sc_mcu7t5v0__aoi21_2 contains 0 device instances.
Circuit contains 0 nets, and 8 disconnected pins.
Contents of circuit 2:  Circuit: 'gf180mcu_fd_sc_mcu7t5v0__aoi21_2'
Circuit gf180mcu_fd_sc_mcu7t5v0__aoi21_2 contains 12 device instances.
  Class: pfet_06v0             instances:   6
  Class: nfet_06v0             instances:   6
Circuit contains 11 nets.

Circuit gf180mcu_fd_sc_mcu7t5v0__aoi21_2 contains no devices.

Contents of circuit 1:  Circuit: 'gf180mcu_fd_sc_mcu7t5v0__fillcap_64'
Circuit gf180mcu_fd_sc_mcu7t5v0__fillcap_64 contains 0 device instances.
Circuit contains 0 nets, and 4 disconnected pins.
Contents of circuit 2:  Circuit: 'gf180mcu_fd_sc_mcu7t5v0__fillcap_64'
Circuit gf180mcu_fd_sc_mcu7t5v0__fillcap_64 contains 32 device instances.
  Class: pfet_06v0             instances:  16
  Class: nfet_06v0             instances:  16
Circuit contains 36 nets.

Circuit gf180mcu_fd_sc_mcu7t5v0__fillcap_64 contains no devices.

Contents of circuit 1:  Circuit: 'gf180mcu_fd_sc_mcu7t5v0__oai32_1'
Circuit gf180mcu_fd_sc_mcu7t5v0__oai32_1 contains 0 device instances.
Circuit contains 0 nets, and 10 disconnected pins.
Contents of circuit 2:  Circuit: 'gf180mcu_fd_sc_mcu7t5v0__oai32_1'
Circuit gf180mcu_fd_sc_mcu7t5v0__oai32_1 contains 10 device instances.
  Class: pfet_06v0             instances:   5
  Class: nfet_06v0             instances:   5
Circuit contains 14 nets.

Circuit gf180mcu_fd_sc_mcu7t5v0__oai32_1 contains no devices.

Contents of circuit 1:  Circuit: 'gf180mcu_fd_sc_mcu7t5v0__clkbuf_3'
Circuit gf180mcu_fd_sc_mcu7t5v0__clkbuf_3 contains 0 device instances.
Circuit contains 0 nets, and 6 disconnected pins.
Contents of circuit 2:  Circuit: 'gf180mcu_fd_sc_mcu7t5v0__clkbuf_3'
Circuit gf180mcu_fd_sc_mcu7t5v0__clkbuf_3 contains 11 device instances.
  Class: pfet_06v0             instances:   6
  Class: nfet_06v0             instances:   5
Circuit contains 7 nets.

Circuit gf180mcu_fd_sc_mcu7t5v0__clkbuf_3 contains no devices.

Contents of circuit 1:  Circuit: 'gf180mcu_fd_sc_mcu7t5v0__nand3_1'
Circuit gf180mcu_fd_sc_mcu7t5v0__nand3_1 contains 0 device instances.
Circuit contains 0 nets, and 8 disconnected pins.
Contents of circuit 2:  Circuit: 'gf180mcu_fd_sc_mcu7t5v0__nand3_1'
Circuit gf180mcu_fd_sc_mcu7t5v0__nand3_1 contains 6 device instances.
  Class: pfet_06v0             instances:   3
  Class: nfet_06v0             instances:   3
Circuit contains 10 nets.

Circuit gf180mcu_fd_sc_mcu7t5v0__nand3_1 contains no devices.

Contents of circuit 1:  Circuit: 'gf180mcu_fd_sc_mcu7t5v0__clkbuf_2'
Circuit gf180mcu_fd_sc_mcu7t5v0__clkbuf_2 contains 0 device instances.
Circuit contains 0 nets, and 6 disconnected pins.
Contents of circuit 2:  Circuit: 'gf180mcu_fd_sc_mcu7t5v0__clkbuf_2'
Circuit gf180mcu_fd_sc_mcu7t5v0__clkbuf_2 contains 6 device instances.
  Class: pfet_06v0             instances:   3
  Class: nfet_06v0             instances:   3
Circuit contains 7 nets.

Circuit gf180mcu_fd_sc_mcu7t5v0__clkbuf_2 contains no devices.

Contents of circuit 1:  Circuit: 'gf180mcu_fd_sc_mcu7t5v0__and4_1'
Circuit gf180mcu_fd_sc_mcu7t5v0__and4_1 contains 0 device instances.
Circuit contains 0 nets, and 9 disconnected pins.
Contents of circuit 2:  Circuit: 'gf180mcu_fd_sc_mcu7t5v0__and4_1'
Circuit gf180mcu_fd_sc_mcu7t5v0__and4_1 contains 10 device instances.
  Class: pfet_06v0             instances:   5
  Class: nfet_06v0             instances:   5
Circuit contains 13 nets.

Circuit gf180mcu_fd_sc_mcu7t5v0__and4_1 contains no devices.

Contents of circuit 1:  Circuit: 'gf180mcu_fd_sc_mcu7t5v0__nor4_4'
Circuit gf180mcu_fd_sc_mcu7t5v0__nor4_4 contains 0 device instances.
Circuit contains 0 nets, and 9 disconnected pins.
Contents of circuit 2:  Circuit: 'gf180mcu_fd_sc_mcu7t5v0__nor4_4'
Circuit gf180mcu_fd_sc_mcu7t5v0__nor4_4 contains 32 device instances.
  Class: pfet_06v0             instances:  16
  Class: nfet_06v0             instances:  16
Circuit contains 19 nets.

Circuit gf180mcu_fd_sc_mcu7t5v0__nor4_4 contains no devices.

Contents of circuit 1:  Circuit: 'gf180mcu_fd_sc_mcu7t5v0__clkbuf_8'
Circuit gf180mcu_fd_sc_mcu7t5v0__clkbuf_8 contains 0 device instances.
Circuit contains 0 nets, and 6 disconnected pins.
Contents of circuit 2:  Circuit: 'gf180mcu_fd_sc_mcu7t5v0__clkbuf_8'
Circuit gf180mcu_fd_sc_mcu7t5v0__clkbuf_8 contains 23 device instances.
  Class: pfet_06v0             instances:  12
  Class: nfet_06v0             instances:  11
Circuit contains 7 nets.

Circuit gf180mcu_fd_sc_mcu7t5v0__clkbuf_8 contains no devices.

Contents of circuit 1:  Circuit: 'gf180mcu_fd_sc_mcu7t5v0__nor3_1'
Circuit gf180mcu_fd_sc_mcu7t5v0__nor3_1 contains 0 device instances.
Circuit contains 0 nets, and 8 disconnected pins.
Contents of circuit 2:  Circuit: 'gf180mcu_fd_sc_mcu7t5v0__nor3_1'
Circuit gf180mcu_fd_sc_mcu7t5v0__nor3_1 contains 6 device instances.
  Class: pfet_06v0             instances:   3
  Class: nfet_06v0             instances:   3
Circuit contains 10 nets.

Circuit gf180mcu_fd_sc_mcu7t5v0__nor3_1 contains no devices.

Contents of circuit 1:  Circuit: 'gf180mcu_fd_sc_mcu7t5v0__and3_1'
Circuit gf180mcu_fd_sc_mcu7t5v0__and3_1 contains 0 device instances.
Circuit contains 0 nets, and 8 disconnected pins.
Contents of circuit 2:  Circuit: 'gf180mcu_fd_sc_mcu7t5v0__and3_1'
Circuit gf180mcu_fd_sc_mcu7t5v0__and3_1 contains 8 device instances.
  Class: pfet_06v0             instances:   4
  Class: nfet_06v0             instances:   4
Circuit contains 11 nets.

Circuit gf180mcu_fd_sc_mcu7t5v0__and3_1 contains no devices.

Contents of circuit 1:  Circuit: 'gf180mcu_fd_sc_mcu7t5v0__mux2_2'
Circuit gf180mcu_fd_sc_mcu7t5v0__mux2_2 contains 0 device instances.
Circuit contains 0 nets, and 8 disconnected pins.
Contents of circuit 2:  Circuit: 'gf180mcu_fd_sc_mcu7t5v0__mux2_2'
Circuit gf180mcu_fd_sc_mcu7t5v0__mux2_2 contains 14 device instances.
  Class: pfet_06v0             instances:   7
  Class: nfet_06v0             instances:   7
Circuit contains 14 nets.

Circuit gf180mcu_fd_sc_mcu7t5v0__mux2_2 contains no devices.

Contents of circuit 1:  Circuit: 'gf180mcu_fd_sc_mcu7t5v0__nand3_2'
Circuit gf180mcu_fd_sc_mcu7t5v0__nand3_2 contains 0 device instances.
Circuit contains 0 nets, and 8 disconnected pins.
Contents of circuit 2:  Circuit: 'gf180mcu_fd_sc_mcu7t5v0__nand3_2'
Circuit gf180mcu_fd_sc_mcu7t5v0__nand3_2 contains 12 device instances.
  Class: pfet_06v0             instances:   6
  Class: nfet_06v0             instances:   6
Circuit contains 12 nets.

Circuit gf180mcu_fd_sc_mcu7t5v0__nand3_2 contains no devices.

Contents of circuit 1:  Circuit: 'gf180mcu_fd_sc_mcu7t5v0__buf_2'
Circuit gf180mcu_fd_sc_mcu7t5v0__buf_2 contains 0 device instances.
Circuit contains 0 nets, and 6 disconnected pins.
Contents of circuit 2:  Circuit: 'gf180mcu_fd_sc_mcu7t5v0__buf_2'
Circuit gf180mcu_fd_sc_mcu7t5v0__buf_2 contains 6 device instances.
  Class: pfet_06v0             instances:   3
  Class: nfet_06v0             instances:   3
Circuit contains 7 nets.

Circuit gf180mcu_fd_sc_mcu7t5v0__buf_2 contains no devices.

Contents of circuit 1:  Circuit: 'gf180mcu_fd_sc_mcu7t5v0__oai22_2'
Circuit gf180mcu_fd_sc_mcu7t5v0__oai22_2 contains 0 device instances.
Circuit contains 0 nets, and 9 disconnected pins.
Contents of circuit 2:  Circuit: 'gf180mcu_fd_sc_mcu7t5v0__oai22_2'
Circuit gf180mcu_fd_sc_mcu7t5v0__oai22_2 contains 16 device instances.
  Class: pfet_06v0             instances:   8
  Class: nfet_06v0             instances:   8
Circuit contains 14 nets.

Circuit gf180mcu_fd_sc_mcu7t5v0__oai22_2 contains no devices.

Contents of circuit 1:  Circuit: 'gf180mcu_fd_sc_mcu7t5v0__or3_1'
Circuit gf180mcu_fd_sc_mcu7t5v0__or3_1 contains 0 device instances.
Circuit contains 0 nets, and 8 disconnected pins.
Contents of circuit 2:  Circuit: 'gf180mcu_fd_sc_mcu7t5v0__or3_1'
Circuit gf180mcu_fd_sc_mcu7t5v0__or3_1 contains 8 device instances.
  Class: pfet_06v0             instances:   4
  Class: nfet_06v0             instances:   4
Circuit contains 11 nets.

Circuit gf180mcu_fd_sc_mcu7t5v0__or3_1 contains no devices.

Contents of circuit 1:  Circuit: 'gf180mcu_fd_sc_mcu7t5v0__aoi221_2'
Circuit gf180mcu_fd_sc_mcu7t5v0__aoi221_2 contains 0 device instances.
Circuit contains 0 nets, and 10 disconnected pins.
Contents of circuit 2:  Circuit: 'gf180mcu_fd_sc_mcu7t5v0__aoi221_2'
Circuit gf180mcu_fd_sc_mcu7t5v0__aoi221_2 contains 20 device instances.
  Class: pfet_06v0             instances:  10
  Class: nfet_06v0             instances:  10
Circuit contains 16 nets.

Circuit gf180mcu_fd_sc_mcu7t5v0__aoi221_2 contains no devices.

Contents of circuit 1:  Circuit: 'gf180mcu_fd_sc_mcu7t5v0__and2_1'
Circuit gf180mcu_fd_sc_mcu7t5v0__and2_1 contains 0 device instances.
Circuit contains 0 nets, and 7 disconnected pins.
Contents of circuit 2:  Circuit: 'gf180mcu_fd_sc_mcu7t5v0__and2_1'
Circuit gf180mcu_fd_sc_mcu7t5v0__and2_1 contains 6 device instances.
  Class: pfet_06v0             instances:   3
  Class: nfet_06v0             instances:   3
Circuit contains 9 nets.

Circuit gf180mcu_fd_sc_mcu7t5v0__and2_1 contains no devices.

Contents of circuit 1:  Circuit: 'gf180mcu_fd_sc_mcu7t5v0__oai211_1'
Circuit gf180mcu_fd_sc_mcu7t5v0__oai211_1 contains 0 device instances.
Circuit contains 0 nets, and 9 disconnected pins.
Contents of circuit 2:  Circuit: 'gf180mcu_fd_sc_mcu7t5v0__oai211_1'
Circuit gf180mcu_fd_sc_mcu7t5v0__oai211_1 contains 8 device instances.
  Class: pfet_06v0             instances:   4
  Class: nfet_06v0             instances:   4
Circuit contains 12 nets.

Circuit gf180mcu_fd_sc_mcu7t5v0__oai211_1 contains no devices.

Contents of circuit 1:  Circuit: 'gf180mcu_fd_sc_mcu7t5v0__oai22_1'
Circuit gf180mcu_fd_sc_mcu7t5v0__oai22_1 contains 0 device instances.
Circuit contains 0 nets, and 9 disconnected pins.
Contents of circuit 2:  Circuit: 'gf180mcu_fd_sc_mcu7t5v0__oai22_1'
Circuit gf180mcu_fd_sc_mcu7t5v0__oai22_1 contains 8 device instances.
  Class: pfet_06v0             instances:   4
  Class: nfet_06v0             instances:   4
Circuit contains 12 nets.

Circuit gf180mcu_fd_sc_mcu7t5v0__oai22_1 contains no devices.

Contents of circuit 1:  Circuit: 'gf180mcu_fd_sc_mcu7t5v0__nor3_2'
Circuit gf180mcu_fd_sc_mcu7t5v0__nor3_2 contains 0 device instances.
Circuit contains 0 nets, and 8 disconnected pins.
Contents of circuit 2:  Circuit: 'gf180mcu_fd_sc_mcu7t5v0__nor3_2'
Circuit gf180mcu_fd_sc_mcu7t5v0__nor3_2 contains 12 device instances.
  Class: pfet_06v0             instances:   6
  Class: nfet_06v0             instances:   6
Circuit contains 12 nets.

Circuit gf180mcu_fd_sc_mcu7t5v0__nor3_2 contains no devices.

Contents of circuit 1:  Circuit: 'gf180mcu_fd_sc_mcu7t5v0__inv_2'
Circuit gf180mcu_fd_sc_mcu7t5v0__inv_2 contains 0 device instances.
Circuit contains 0 nets, and 6 disconnected pins.
Contents of circuit 2:  Circuit: 'gf180mcu_fd_sc_mcu7t5v0__inv_2'
Circuit gf180mcu_fd_sc_mcu7t5v0__inv_2 contains 4 device instances.
  Class: pfet_06v0             instances:   2
  Class: nfet_06v0             instances:   2
Circuit contains 6 nets.

Circuit gf180mcu_fd_sc_mcu7t5v0__inv_2 contains no devices.

Contents of circuit 1:  Circuit: 'gf180mcu_fd_sc_mcu7t5v0__nand4_2'
Circuit gf180mcu_fd_sc_mcu7t5v0__nand4_2 contains 0 device instances.
Circuit contains 0 nets, and 9 disconnected pins.
Contents of circuit 2:  Circuit: 'gf180mcu_fd_sc_mcu7t5v0__nand4_2'
Circuit gf180mcu_fd_sc_mcu7t5v0__nand4_2 contains 16 device instances.
  Class: pfet_06v0             instances:   8
  Class: nfet_06v0             instances:   8
Circuit contains 15 nets.

Circuit gf180mcu_fd_sc_mcu7t5v0__nand4_2 contains no devices.

Contents of circuit 1:  Circuit: 'gf180mcu_fd_sc_mcu7t5v0__oai21_2'
Circuit gf180mcu_fd_sc_mcu7t5v0__oai21_2 contains 0 device instances.
Circuit contains 0 nets, and 8 disconnected pins.
Contents of circuit 2:  Circuit: 'gf180mcu_fd_sc_mcu7t5v0__oai21_2'
Circuit gf180mcu_fd_sc_mcu7t5v0__oai21_2 contains 12 device instances.
  Class: pfet_06v0             instances:   6
  Class: nfet_06v0             instances:   6
Circuit contains 11 nets.

Circuit gf180mcu_fd_sc_mcu7t5v0__oai21_2 contains no devices.

Contents of circuit 1:  Circuit: 'gf180mcu_fd_sc_mcu7t5v0__or2_1'
Circuit gf180mcu_fd_sc_mcu7t5v0__or2_1 contains 0 device instances.
Circuit contains 0 nets, and 7 disconnected pins.
Contents of circuit 2:  Circuit: 'gf180mcu_fd_sc_mcu7t5v0__or2_1'
Circuit gf180mcu_fd_sc_mcu7t5v0__or2_1 contains 6 device instances.
  Class: pfet_06v0             instances:   3
  Class: nfet_06v0             instances:   3
Circuit contains 9 nets.

Circuit gf180mcu_fd_sc_mcu7t5v0__or2_1 contains no devices.

Contents of circuit 1:  Circuit: 'gf180mcu_fd_sc_mcu7t5v0__or4_1'
Circuit gf180mcu_fd_sc_mcu7t5v0__or4_1 contains 0 device instances.
Circuit contains 0 nets, and 9 disconnected pins.
Contents of circuit 2:  Circuit: 'gf180mcu_fd_sc_mcu7t5v0__or4_1'
Circuit gf180mcu_fd_sc_mcu7t5v0__or4_1 contains 10 device instances.
  Class: pfet_06v0             instances:   5
  Class: nfet_06v0             instances:   5
Circuit contains 13 nets.

Circuit gf180mcu_fd_sc_mcu7t5v0__or4_1 contains no devices.

Contents of circuit 1:  Circuit: 'gf180mcu_fd_sc_mcu7t5v0__clkbuf_4'
Circuit gf180mcu_fd_sc_mcu7t5v0__clkbuf_4 contains 0 device instances.
Circuit contains 0 nets, and 6 disconnected pins.
Contents of circuit 2:  Circuit: 'gf180mcu_fd_sc_mcu7t5v0__clkbuf_4'
Circuit gf180mcu_fd_sc_mcu7t5v0__clkbuf_4 contains 11 device instances.
  Class: pfet_06v0             instances:   6
  Class: nfet_06v0             instances:   5
Circuit contains 7 nets.

Circuit gf180mcu_fd_sc_mcu7t5v0__clkbuf_4 contains no devices.

Contents of circuit 1:  Circuit: 'gf180mcu_fd_sc_mcu7t5v0__aoi222_2'
Circuit gf180mcu_fd_sc_mcu7t5v0__aoi222_2 contains 0 device instances.
Circuit contains 0 nets, and 11 disconnected pins.
Contents of circuit 2:  Circuit: 'gf180mcu_fd_sc_mcu7t5v0__aoi222_2'
Circuit gf180mcu_fd_sc_mcu7t5v0__aoi222_2 contains 24 device instances.
  Class: pfet_06v0             instances:  12
  Class: nfet_06v0             instances:  12
Circuit contains 19 nets.

Circuit gf180mcu_fd_sc_mcu7t5v0__aoi222_2 contains no devices.

Contents of circuit 1:  Circuit: 'gf180mcu_fd_sc_mcu7t5v0__oai211_2'
Circuit gf180mcu_fd_sc_mcu7t5v0__oai211_2 contains 0 device instances.
Circuit contains 0 nets, and 9 disconnected pins.
Contents of circuit 2:  Circuit: 'gf180mcu_fd_sc_mcu7t5v0__oai211_2'
Circuit gf180mcu_fd_sc_mcu7t5v0__oai211_2 contains 16 device instances.
  Class: pfet_06v0             instances:   8
  Class: nfet_06v0             instances:   8
Circuit contains 14 nets.

Circuit gf180mcu_fd_sc_mcu7t5v0__oai211_2 contains no devices.

Contents of circuit 1:  Circuit: 'gf180mcu_fd_sc_mcu7t5v0__xnor2_2'
Circuit gf180mcu_fd_sc_mcu7t5v0__xnor2_2 contains 0 device instances.
Circuit contains 0 nets, and 7 disconnected pins.
Contents of circuit 2:  Circuit: 'gf180mcu_fd_sc_mcu7t5v0__xnor2_2'
Circuit gf180mcu_fd_sc_mcu7t5v0__xnor2_2 contains 14 device instances.
  Class: pfet_06v0             instances:   7
  Class: nfet_06v0             instances:   7
Circuit contains 12 nets.

Circuit gf180mcu_fd_sc_mcu7t5v0__xnor2_2 contains no devices.

Contents of circuit 1:  Circuit: 'gf180mcu_fd_sc_mcu7t5v0__xor3_1'
Circuit gf180mcu_fd_sc_mcu7t5v0__xor3_1 contains 0 device instances.
Circuit contains 0 nets, and 8 disconnected pins.
Contents of circuit 2:  Circuit: 'gf180mcu_fd_sc_mcu7t5v0__xor3_1'
Circuit gf180mcu_fd_sc_mcu7t5v0__xor3_1 contains 20 device instances.
  Class: pfet_06v0             instances:  10
  Class: nfet_06v0             instances:  10
Circuit contains 17 nets.

Circuit gf180mcu_fd_sc_mcu7t5v0__xor3_1 contains no devices.

Contents of circuit 1:  Circuit: 'gf180mcu_fd_sc_mcu7t5v0__nand4_4'
Circuit gf180mcu_fd_sc_mcu7t5v0__nand4_4 contains 0 device instances.
Circuit contains 0 nets, and 9 disconnected pins.
Contents of circuit 2:  Circuit: 'gf180mcu_fd_sc_mcu7t5v0__nand4_4'
Circuit gf180mcu_fd_sc_mcu7t5v0__nand4_4 contains 32 device instances.
  Class: pfet_06v0             instances:  16
  Class: nfet_06v0             instances:  16
Circuit contains 19 nets.

Circuit gf180mcu_fd_sc_mcu7t5v0__nand4_4 contains no devices.

Contents of circuit 1:  Circuit: 'gf180mcu_fd_sc_mcu7t5v0__oai221_4'
Circuit gf180mcu_fd_sc_mcu7t5v0__oai221_4 contains 0 device instances.
Circuit contains 0 nets, and 10 disconnected pins.
Contents of circuit 2:  Circuit: 'gf180mcu_fd_sc_mcu7t5v0__oai221_4'
Circuit gf180mcu_fd_sc_mcu7t5v0__oai221_4 contains 40 device instances.
  Class: pfet_06v0             instances:  20
  Class: nfet_06v0             instances:  20
Circuit contains 20 nets.

Circuit gf180mcu_fd_sc_mcu7t5v0__oai221_4 contains no devices.

Contents of circuit 1:  Circuit: 'gf180mcu_fd_sc_mcu7t5v0__clkinv_4'
Circuit gf180mcu_fd_sc_mcu7t5v0__clkinv_4 contains 0 device instances.
Circuit contains 0 nets, and 6 disconnected pins.
Contents of circuit 2:  Circuit: 'gf180mcu_fd_sc_mcu7t5v0__clkinv_4'
Circuit gf180mcu_fd_sc_mcu7t5v0__clkinv_4 contains 8 device instances.
  Class: pfet_06v0             instances:   4
  Class: nfet_06v0             instances:   4
Circuit contains 6 nets.

Circuit gf180mcu_fd_sc_mcu7t5v0__clkinv_4 contains no devices.

Contents of circuit 1:  Circuit: 'gf180mcu_fd_sc_mcu7t5v0__aoi221_4'
Circuit gf180mcu_fd_sc_mcu7t5v0__aoi221_4 contains 0 device instances.
Circuit contains 0 nets, and 10 disconnected pins.
Contents of circuit 2:  Circuit: 'gf180mcu_fd_sc_mcu7t5v0__aoi221_4'
Circuit gf180mcu_fd_sc_mcu7t5v0__aoi221_4 contains 40 device instances.
  Class: pfet_06v0             instances:  20
  Class: nfet_06v0             instances:  20
Circuit contains 20 nets.

Circuit gf180mcu_fd_sc_mcu7t5v0__aoi221_4 contains no devices.

Contents of circuit 1:  Circuit: 'gf180mcu_fd_sc_mcu7t5v0__inv_4'
Circuit gf180mcu_fd_sc_mcu7t5v0__inv_4 contains 0 device instances.
Circuit contains 0 nets, and 6 disconnected pins.
Contents of circuit 2:  Circuit: 'gf180mcu_fd_sc_mcu7t5v0__inv_4'
Circuit gf180mcu_fd_sc_mcu7t5v0__inv_4 contains 8 device instances.
  Class: pfet_06v0             instances:   4
  Class: nfet_06v0             instances:   4
Circuit contains 6 nets.

Circuit gf180mcu_fd_sc_mcu7t5v0__inv_4 contains no devices.

Contents of circuit 1:  Circuit: 'gf180mcu_fd_sc_mcu7t5v0__oai221_2'
Circuit gf180mcu_fd_sc_mcu7t5v0__oai221_2 contains 0 device instances.
Circuit contains 0 nets, and 10 disconnected pins.
Contents of circuit 2:  Circuit: 'gf180mcu_fd_sc_mcu7t5v0__oai221_2'
Circuit gf180mcu_fd_sc_mcu7t5v0__oai221_2 contains 20 device instances.
  Class: pfet_06v0             instances:  10
  Class: nfet_06v0             instances:  10
Circuit contains 16 nets.

Circuit gf180mcu_fd_sc_mcu7t5v0__oai221_2 contains no devices.

Contents of circuit 1:  Circuit: 'gf180mcu_fd_sc_mcu7t5v0__nor4_1'
Circuit gf180mcu_fd_sc_mcu7t5v0__nor4_1 contains 0 device instances.
Circuit contains 0 nets, and 9 disconnected pins.
Contents of circuit 2:  Circuit: 'gf180mcu_fd_sc_mcu7t5v0__nor4_1'
Circuit gf180mcu_fd_sc_mcu7t5v0__nor4_1 contains 8 device instances.
  Class: pfet_06v0             instances:   4
  Class: nfet_06v0             instances:   4
Circuit contains 12 nets.

Circuit gf180mcu_fd_sc_mcu7t5v0__nor4_1 contains no devices.

Contents of circuit 1:  Circuit: 'gf180mcu_fd_sc_mcu7t5v0__oai211_4'
Circuit gf180mcu_fd_sc_mcu7t5v0__oai211_4 contains 0 device instances.
Circuit contains 0 nets, and 9 disconnected pins.
Contents of circuit 2:  Circuit: 'gf180mcu_fd_sc_mcu7t5v0__oai211_4'
Circuit gf180mcu_fd_sc_mcu7t5v0__oai211_4 contains 32 device instances.
  Class: pfet_06v0             instances:  16
  Class: nfet_06v0             instances:  16
Circuit contains 18 nets.

Circuit gf180mcu_fd_sc_mcu7t5v0__oai211_4 contains no devices.

Contents of circuit 1:  Circuit: 'gf180mcu_fd_sc_mcu7t5v0__nand4_1'
Circuit gf180mcu_fd_sc_mcu7t5v0__nand4_1 contains 0 device instances.
Circuit contains 0 nets, and 9 disconnected pins.
Contents of circuit 2:  Circuit: 'gf180mcu_fd_sc_mcu7t5v0__nand4_1'
Circuit gf180mcu_fd_sc_mcu7t5v0__nand4_1 contains 8 device instances.
  Class: pfet_06v0             instances:   4
  Class: nfet_06v0             instances:   4
Circuit contains 12 nets.

Circuit gf180mcu_fd_sc_mcu7t5v0__nand4_1 contains no devices.

Contents of circuit 1:  Circuit: 'gf180mcu_fd_sc_mcu7t5v0__inv_3'
Circuit gf180mcu_fd_sc_mcu7t5v0__inv_3 contains 0 device instances.
Circuit contains 0 nets, and 6 disconnected pins.
Contents of circuit 2:  Circuit: 'gf180mcu_fd_sc_mcu7t5v0__inv_3'
Circuit gf180mcu_fd_sc_mcu7t5v0__inv_3 contains 6 device instances.
  Class: pfet_06v0             instances:   3
  Class: nfet_06v0             instances:   3
Circuit contains 6 nets.

Circuit gf180mcu_fd_sc_mcu7t5v0__inv_3 contains no devices.

Contents of circuit 1:  Circuit: 'gf180mcu_fd_sc_mcu7t5v0__oai22_4'
Circuit gf180mcu_fd_sc_mcu7t5v0__oai22_4 contains 0 device instances.
Circuit contains 0 nets, and 9 disconnected pins.
Contents of circuit 2:  Circuit: 'gf180mcu_fd_sc_mcu7t5v0__oai22_4'
Circuit gf180mcu_fd_sc_mcu7t5v0__oai22_4 contains 32 device instances.
  Class: pfet_06v0             instances:  16
  Class: nfet_06v0             instances:  16
Circuit contains 18 nets.

Circuit gf180mcu_fd_sc_mcu7t5v0__oai22_4 contains no devices.

Contents of circuit 1:  Circuit: 'gf180mcu_fd_sc_mcu7t5v0__oai31_2'
Circuit gf180mcu_fd_sc_mcu7t5v0__oai31_2 contains 0 device instances.
Circuit contains 0 nets, and 9 disconnected pins.
Contents of circuit 2:  Circuit: 'gf180mcu_fd_sc_mcu7t5v0__oai31_2'
Circuit gf180mcu_fd_sc_mcu7t5v0__oai31_2 contains 16 device instances.
  Class: pfet_06v0             instances:   8
  Class: nfet_06v0             instances:   8
Circuit contains 14 nets.

Circuit gf180mcu_fd_sc_mcu7t5v0__oai31_2 contains no devices.

Contents of circuit 1:  Circuit: 'gf180mcu_fd_sc_mcu7t5v0__nor4_2'
Circuit gf180mcu_fd_sc_mcu7t5v0__nor4_2 contains 0 device instances.
Circuit contains 0 nets, and 9 disconnected pins.
Contents of circuit 2:  Circuit: 'gf180mcu_fd_sc_mcu7t5v0__nor4_2'
Circuit gf180mcu_fd_sc_mcu7t5v0__nor4_2 contains 16 device instances.
  Class: pfet_06v0             instances:   8
  Class: nfet_06v0             instances:   8
Circuit contains 15 nets.

Circuit gf180mcu_fd_sc_mcu7t5v0__nor4_2 contains no devices.

Contents of circuit 1:  Circuit: 'gf180mcu_fd_sc_mcu7t5v0__aoi22_2'
Circuit gf180mcu_fd_sc_mcu7t5v0__aoi22_2 contains 0 device instances.
Circuit contains 0 nets, and 9 disconnected pins.
Contents of circuit 2:  Circuit: 'gf180mcu_fd_sc_mcu7t5v0__aoi22_2'
Circuit gf180mcu_fd_sc_mcu7t5v0__aoi22_2 contains 16 device instances.
  Class: pfet_06v0             instances:   8
  Class: nfet_06v0             instances:   8
Circuit contains 14 nets.

Circuit gf180mcu_fd_sc_mcu7t5v0__aoi22_2 contains no devices.

Contents of circuit 1:  Circuit: 'gf180mcu_fd_sc_mcu7t5v0__nor2_2'
Circuit gf180mcu_fd_sc_mcu7t5v0__nor2_2 contains 0 device instances.
Circuit contains 0 nets, and 7 disconnected pins.
Contents of circuit 2:  Circuit: 'gf180mcu_fd_sc_mcu7t5v0__nor2_2'
Circuit gf180mcu_fd_sc_mcu7t5v0__nor2_2 contains 8 device instances.
  Class: pfet_06v0             instances:   4
  Class: nfet_06v0             instances:   4
Circuit contains 9 nets.

Circuit gf180mcu_fd_sc_mcu7t5v0__nor2_2 contains no devices.

Contents of circuit 1:  Circuit: 'gf180mcu_fd_sc_mcu7t5v0__xor2_2'
Circuit gf180mcu_fd_sc_mcu7t5v0__xor2_2 contains 0 device instances.
Circuit contains 0 nets, and 7 disconnected pins.
Contents of circuit 2:  Circuit: 'gf180mcu_fd_sc_mcu7t5v0__xor2_2'
Circuit gf180mcu_fd_sc_mcu7t5v0__xor2_2 contains 14 device instances.
  Class: pfet_06v0             instances:   7
  Class: nfet_06v0             instances:   7
Circuit contains 12 nets.

Circuit gf180mcu_fd_sc_mcu7t5v0__xor2_2 contains no devices.

Contents of circuit 1:  Circuit: 'gf180mcu_fd_sc_mcu7t5v0__oai31_4'
Circuit gf180mcu_fd_sc_mcu7t5v0__oai31_4 contains 0 device instances.
Circuit contains 0 nets, and 9 disconnected pins.
Contents of circuit 2:  Circuit: 'gf180mcu_fd_sc_mcu7t5v0__oai31_4'
Circuit gf180mcu_fd_sc_mcu7t5v0__oai31_4 contains 32 device instances.
  Class: pfet_06v0             instances:  16
  Class: nfet_06v0             instances:  16
Circuit contains 16 nets.

Circuit gf180mcu_fd_sc_mcu7t5v0__oai31_4 contains no devices.

Contents of circuit 1:  Circuit: 'gf180mcu_fd_sc_mcu7t5v0__dffq_2'
Circuit gf180mcu_fd_sc_mcu7t5v0__dffq_2 contains 0 device instances.
Circuit contains 0 nets, and 7 disconnected pins.
Contents of circuit 2:  Circuit: 'gf180mcu_fd_sc_mcu7t5v0__dffq_2'
Circuit gf180mcu_fd_sc_mcu7t5v0__dffq_2 contains 26 device instances.
  Class: pfet_06v0             instances:  13
  Class: nfet_06v0             instances:  13
Circuit contains 19 nets.

Circuit gf180mcu_fd_sc_mcu7t5v0__dffq_2 contains no devices.

Contents of circuit 1:  Circuit: 'gf180mcu_fd_sc_mcu7t5v0__aoi222_1'
Circuit gf180mcu_fd_sc_mcu7t5v0__aoi222_1 contains 0 device instances.
Circuit contains 0 nets, and 11 disconnected pins.
Contents of circuit 2:  Circuit: 'gf180mcu_fd_sc_mcu7t5v0__aoi222_1'
Circuit gf180mcu_fd_sc_mcu7t5v0__aoi222_1 contains 12 device instances.
  Class: pfet_06v0             instances:   6
  Class: nfet_06v0             instances:   6
Circuit contains 16 nets.

Circuit gf180mcu_fd_sc_mcu7t5v0__aoi222_1 contains no devices.

Contents of circuit 1:  Circuit: 'gf180mcu_fd_sc_mcu7t5v0__aoi211_4'
Circuit gf180mcu_fd_sc_mcu7t5v0__aoi211_4 contains 0 device instances.
Circuit contains 0 nets, and 9 disconnected pins.
Contents of circuit 2:  Circuit: 'gf180mcu_fd_sc_mcu7t5v0__aoi211_4'
Circuit gf180mcu_fd_sc_mcu7t5v0__aoi211_4 contains 32 device instances.
  Class: pfet_06v0             instances:  16
  Class: nfet_06v0             instances:  16
Circuit contains 18 nets.

Circuit gf180mcu_fd_sc_mcu7t5v0__aoi211_4 contains no devices.

Contents of circuit 1:  Circuit: 'gf180mcu_fd_sc_mcu7t5v0__aoi211_1'
Circuit gf180mcu_fd_sc_mcu7t5v0__aoi211_1 contains 0 device instances.
Circuit contains 0 nets, and 9 disconnected pins.
Contents of circuit 2:  Circuit: 'gf180mcu_fd_sc_mcu7t5v0__aoi211_1'
Circuit gf180mcu_fd_sc_mcu7t5v0__aoi211_1 contains 8 device instances.
  Class: pfet_06v0             instances:   4
  Class: nfet_06v0             instances:   4
Circuit contains 12 nets.

Circuit gf180mcu_fd_sc_mcu7t5v0__aoi211_1 contains no devices.

Contents of circuit 1:  Circuit: 'gf180mcu_fd_sc_mcu7t5v0__clkinv_2'
Circuit gf180mcu_fd_sc_mcu7t5v0__clkinv_2 contains 0 device instances.
Circuit contains 0 nets, and 6 disconnected pins.
Contents of circuit 2:  Circuit: 'gf180mcu_fd_sc_mcu7t5v0__clkinv_2'
Circuit gf180mcu_fd_sc_mcu7t5v0__clkinv_2 contains 4 device instances.
  Class: pfet_06v0             instances:   2
  Class: nfet_06v0             instances:   2
Circuit contains 6 nets.

Circuit gf180mcu_fd_sc_mcu7t5v0__clkinv_2 contains no devices.

Contents of circuit 1:  Circuit: 'gf180mcu_fd_sc_mcu7t5v0__oai33_1'
Circuit gf180mcu_fd_sc_mcu7t5v0__oai33_1 contains 0 device instances.
Circuit contains 0 nets, and 11 disconnected pins.
Contents of circuit 2:  Circuit: 'gf180mcu_fd_sc_mcu7t5v0__oai33_1'
Circuit gf180mcu_fd_sc_mcu7t5v0__oai33_1 contains 12 device instances.
  Class: pfet_06v0             instances:   6
  Class: nfet_06v0             instances:   6
Circuit contains 16 nets.

Circuit gf180mcu_fd_sc_mcu7t5v0__oai33_1 contains no devices.

Contents of circuit 1:  Circuit: 'gf180mcu_fd_sc_mcu7t5v0__oai222_4'
Circuit gf180mcu_fd_sc_mcu7t5v0__oai222_4 contains 0 device instances.
Circuit contains 0 nets, and 11 disconnected pins.
Contents of circuit 2:  Circuit: 'gf180mcu_fd_sc_mcu7t5v0__oai222_4'
Circuit gf180mcu_fd_sc_mcu7t5v0__oai222_4 contains 48 device instances.
  Class: pfet_06v0             instances:  24
  Class: nfet_06v0             instances:  24
Circuit contains 25 nets.

Circuit gf180mcu_fd_sc_mcu7t5v0__oai222_4 contains no devices.

Contents of circuit 1:  Circuit: 'gf180mcu_fd_sc_mcu7t5v0__oai32_2'
Circuit gf180mcu_fd_sc_mcu7t5v0__oai32_2 contains 0 device instances.
Circuit contains 0 nets, and 10 disconnected pins.
Contents of circuit 2:  Circuit: 'gf180mcu_fd_sc_mcu7t5v0__oai32_2'
Circuit gf180mcu_fd_sc_mcu7t5v0__oai32_2 contains 20 device instances.
  Class: pfet_06v0             instances:  10
  Class: nfet_06v0             instances:  10
Circuit contains 17 nets.

Circuit gf180mcu_fd_sc_mcu7t5v0__oai32_2 contains no devices.

Contents of circuit 1:  Circuit: 'gf180mcu_fd_sc_mcu7t5v0__or4_2'
Circuit gf180mcu_fd_sc_mcu7t5v0__or4_2 contains 0 device instances.
Circuit contains 0 nets, and 9 disconnected pins.
Contents of circuit 2:  Circuit: 'gf180mcu_fd_sc_mcu7t5v0__or4_2'
Circuit gf180mcu_fd_sc_mcu7t5v0__or4_2 contains 12 device instances.
  Class: pfet_06v0             instances:   6
  Class: nfet_06v0             instances:   6
Circuit contains 13 nets.

Circuit gf180mcu_fd_sc_mcu7t5v0__or4_2 contains no devices.

Contents of circuit 1:  Circuit: 'gf180mcu_fd_sc_mcu7t5v0__nor3_4'
Circuit gf180mcu_fd_sc_mcu7t5v0__nor3_4 contains 0 device instances.
Circuit contains 0 nets, and 8 disconnected pins.
Contents of circuit 2:  Circuit: 'gf180mcu_fd_sc_mcu7t5v0__nor3_4'
Circuit gf180mcu_fd_sc_mcu7t5v0__nor3_4 contains 24 device instances.
  Class: pfet_06v0             instances:  12
  Class: nfet_06v0             instances:  12
Circuit contains 14 nets.

Circuit gf180mcu_fd_sc_mcu7t5v0__nor3_4 contains no devices.

Contents of circuit 1:  Circuit: 'gf180mcu_fd_sc_mcu7t5v0__clkbuf_16'
Circuit gf180mcu_fd_sc_mcu7t5v0__clkbuf_16 contains 0 device instances.
Circuit contains 0 nets, and 6 disconnected pins.
Contents of circuit 2:  Circuit: 'gf180mcu_fd_sc_mcu7t5v0__clkbuf_16'
Circuit gf180mcu_fd_sc_mcu7t5v0__clkbuf_16 contains 46 device instances.
  Class: pfet_06v0             instances:  24
  Class: nfet_06v0             instances:  22
Circuit contains 7 nets.

Circuit gf180mcu_fd_sc_mcu7t5v0__clkbuf_16 contains no devices.

Contents of circuit 1:  Circuit: 'gf180mcu_fd_sc_mcu7t5v0__xor3_2'
Circuit gf180mcu_fd_sc_mcu7t5v0__xor3_2 contains 0 device instances.
Circuit contains 0 nets, and 8 disconnected pins.
Contents of circuit 2:  Circuit: 'gf180mcu_fd_sc_mcu7t5v0__xor3_2'
Circuit gf180mcu_fd_sc_mcu7t5v0__xor3_2 contains 24 device instances.
  Class: pfet_06v0             instances:  12
  Class: nfet_06v0             instances:  12
Circuit contains 18 nets.

Circuit gf180mcu_fd_sc_mcu7t5v0__xor3_2 contains no devices.

Contents of circuit 1:  Circuit: 'gf180mcu_fd_sc_mcu7t5v0__aoi21_4'
Circuit gf180mcu_fd_sc_mcu7t5v0__aoi21_4 contains 0 device instances.
Circuit contains 0 nets, and 8 disconnected pins.
Contents of circuit 2:  Circuit: 'gf180mcu_fd_sc_mcu7t5v0__aoi21_4'
Circuit gf180mcu_fd_sc_mcu7t5v0__aoi21_4 contains 24 device instances.
  Class: pfet_06v0             instances:  12
  Class: nfet_06v0             instances:  12
Circuit contains 13 nets.

Circuit gf180mcu_fd_sc_mcu7t5v0__aoi21_4 contains no devices.

Contents of circuit 1:  Circuit: 'pll_top'
Circuit pll_top contains 2649 device instances.
  Class: gf180mcu_fd_sc_mcu7t5v0__nand3_1 instances:  44
  Class: gf180mcu_fd_sc_mcu7t5v0__nand3_2 instances:   6
  Class: gf180mcu_fd_sc_mcu7t5v0__dffq_1 instances: 153
  Class: gf180mcu_fd_sc_mcu7t5v0__dffq_2 instances:   1
  Class: gf180mcu_fd_sc_mcu7t5v0__oai33_1 instances:   1
  Class: gf180mcu_fd_sc_mcu7t5v0__oai221_2 instances:   2
  Class: gf180mcu_fd_sc_mcu7t5v0__oai221_4 instances:   2
  Class: gf180mcu_fd_sc_mcu7t5v0__aoi222_1 instances:   1
  Class: gf180mcu_fd_sc_mcu7t5v0__aoi222_2 instances:   3
  Class: gf180mcu_fd_sc_mcu7t5v0__and3_1 instances:  10
  Class: gf180mcu_fd_sc_mcu7t5v0__nand2_1 instances: 253
  Class: gf180mcu_fd_sc_mcu7t5v0__nand2_2 instances:   9
  Class: gf180mcu_fd_sc_mcu7t5v0__oai32_1 instances:   2
  Class: gf180mcu_fd_sc_mcu7t5v0__oai32_2 instances:   1
  Class: gf180mcu_fd_sc_mcu7t5v0__oai211_1 instances:  33
  Class: gf180mcu_fd_sc_mcu7t5v0__oai211_2 instances:   3
  Class: gf180mcu_fd_sc_mcu7t5v0__oai211_4 instances:   4
  Class: gf180mcu_fd_sc_mcu7t5v0__aoi22_1 instances:  28
  Class: gf180mcu_fd_sc_mcu7t5v0__aoi22_2 instances:   4
  Class: gf180mcu_fd_sc_mcu7t5v0__aoi221_1 instances:   5
  Class: gf180mcu_fd_sc_mcu7t5v0__aoi221_2 instances:   3
  Class: gf180mcu_fd_sc_mcu7t5v0__aoi221_4 instances:   3
  Class: gf180mcu_fd_sc_mcu7t5v0__clkbuf_1 instances: 183
  Class: gf180mcu_fd_sc_mcu7t5v0__clkbuf_2 instances:  17
  Class: gf180mcu_fd_sc_mcu7t5v0__mux2_2 instances:   5
  Class: gf180mcu_fd_sc_mcu7t5v0__clkbuf_3 instances:  34
  Class: gf180mcu_fd_sc_mcu7t5v0__clkbuf_4 instances:   5
  Class: gf180mcu_fd_sc_mcu7t5v0__clkbuf_8 instances:  16
  Class: gf180mcu_fd_sc_mcu7t5v0__and2_1 instances:  38
  Class: gf180mcu_fd_sc_mcu7t5v0__nor4_1 instances:   2
  Class: gf180mcu_fd_sc_mcu7t5v0__nor4_2 instances:   3
  Class: gf180mcu_fd_sc_mcu7t5v0__nor4_4 instances:  12
  Class: gf180mcu_fd_sc_mcu7t5v0__or4_1 instances:   4
  Class: gf180mcu_fd_sc_mcu7t5v0__or4_2 instances:   1
  Class: gf180mcu_fd_sc_mcu7t5v0__clkinv_1 instances:  62
  Class: gf180mcu_fd_sc_mcu7t5v0__oai31_1 instances:  13
  Class: gf180mcu_fd_sc_mcu7t5v0__clkinv_2 instances:   2
  Class: gf180mcu_fd_sc_mcu7t5v0__oai31_2 instances:   3
  Class: gf180mcu_fd_sc_mcu7t5v0__oai22_1 instances:   9
  Class: gf180mcu_fd_sc_mcu7t5v0__oai31_4 instances:   1
  Class: gf180mcu_fd_sc_mcu7t5v0__clkinv_4 instances:   5
  Class: gf180mcu_fd_sc_mcu7t5v0__oai22_2 instances:   3
  Class: gf180mcu_fd_sc_mcu7t5v0__oai22_4 instances:   2
  Class: gf180mcu_fd_sc_mcu7t5v0__buf_1 instances: 125
  Class: gf180mcu_fd_sc_mcu7t5v0__buf_2 instances:  15
  Class: gf180mcu_fd_sc_mcu7t5v0__clkbuf_16 instances:   1
  Class: gf180mcu_fd_sc_mcu7t5v0__aoi21_1 instances:  66
  Class: gf180mcu_fd_sc_mcu7t5v0__aoi21_2 instances:   4
  Class: gf180mcu_fd_sc_mcu7t5v0__aoi21_4 instances:   1
  Class: gf180mcu_fd_sc_mcu7t5v0__aoi211_1 instances:   4
  Class: gf180mcu_fd_sc_mcu7t5v0__aoi211_2 instances:   5
  Class: gf180mcu_fd_sc_mcu7t5v0__aoi211_4 instances:   2
  Class: gf180mcu_fd_sc_mcu7t5v0__inv_1 instances:  15
  Class: gf180mcu_fd_sc_mcu7t5v0__inv_2 instances:   4
  Class: gf180mcu_fd_sc_mcu7t5v0__inv_3 instances:   2
  Class: gf180mcu_fd_sc_mcu7t5v0__inv_4 instances:   1
  Class: gf180mcu_fd_sc_mcu7t5v0__nor3_1 instances:  16
  Class: gf180mcu_fd_sc_mcu7t5v0__nor3_2 instances:   6
  Class: gf180mcu_fd_sc_mcu7t5v0__nor3_4 instances:   1
  Class: gf180mcu_fd_sc_mcu7t5v0__or3_1 instances:   5
  Class: gf180mcu_fd_sc_mcu7t5v0__oai21_1 instances:  67
  Class: gf180mcu_fd_sc_mcu7t5v0__oai21_2 instances:  11
  Class: gf180mcu_fd_sc_mcu7t5v0__fillcap_4 instances: 444
  Class: gf180mcu_fd_sc_mcu7t5v0__fillcap_8 instances: 293
  Class: gf180mcu_fd_sc_mcu7t5v0__fillcap_64 instances:   7
  Class: gf180mcu_fd_sc_mcu7t5v0__fillcap_16 instances: 142
  Class: gf180mcu_fd_sc_mcu7t5v0__xor3_1 instances:  16
  Class: gf180mcu_fd_sc_mcu7t5v0__xor3_2 instances:   1
  Class: gf180mcu_fd_sc_mcu7t5v0__xnor2_1 instances:  34
  Class: gf180mcu_fd_sc_mcu7t5v0__xnor2_2 instances:   3
  Class: gf180mcu_fd_sc_mcu7t5v0__nor2_1 instances: 118
  Class: gf180mcu_fd_sc_mcu7t5v0__nor2_2 instances:   6
  Class: gf180mcu_fd_sc_mcu7t5v0__nand4_1 instances:   5
  Class: gf180mcu_fd_sc_mcu7t5v0__nand4_2 instances:   7
  Class: gf180mcu_fd_sc_mcu7t5v0__nand4_4 instances:   4
  Class: gf180mcu_fd_sc_mcu7t5v0__or2_1 instances:  23
  Class: gf180mcu_fd_sc_mcu7t5v0__oai222_4 instances:   1
  Class: gf180mcu_fd_sc_mcu7t5v0__fillcap_32 instances:  60
  Class: gf180mcu_fd_sc_mcu7t5v0__xor2_1 instances: 128
  Class: gf180mcu_fd_sc_mcu7t5v0__xor2_2 instances:   5
  Class: gf180mcu_fd_sc_mcu7t5v0__and4_1 instances:  10
Circuit contains 1772 nets.
Contents of circuit 2:  Circuit: 'pll_top'
Circuit pll_top contains 2649 device instances.
  Class: gf180mcu_fd_sc_mcu7t5v0__nand3_1 instances:  44
  Class: gf180mcu_fd_sc_mcu7t5v0__nand3_2 instances:   6
  Class: gf180mcu_fd_sc_mcu7t5v0__dffq_1 instances: 153
  Class: gf180mcu_fd_sc_mcu7t5v0__dffq_2 instances:   1
  Class: gf180mcu_fd_sc_mcu7t5v0__oai33_1 instances:   1
  Class: gf180mcu_fd_sc_mcu7t5v0__oai221_2 instances:   2
  Class: gf180mcu_fd_sc_mcu7t5v0__oai221_4 instances:   2
  Class: gf180mcu_fd_sc_mcu7t5v0__aoi222_1 instances:   1
  Class: gf180mcu_fd_sc_mcu7t5v0__aoi222_2 instances:   3
  Class: gf180mcu_fd_sc_mcu7t5v0__and3_1 instances:  10
  Class: gf180mcu_fd_sc_mcu7t5v0__nand2_1 instances: 253
  Class: gf180mcu_fd_sc_mcu7t5v0__nand2_2 instances:   9
  Class: gf180mcu_fd_sc_mcu7t5v0__oai32_1 instances:   2
  Class: gf180mcu_fd_sc_mcu7t5v0__oai32_2 instances:   1
  Class: gf180mcu_fd_sc_mcu7t5v0__oai211_1 instances:  33
  Class: gf180mcu_fd_sc_mcu7t5v0__oai211_2 instances:   3
  Class: gf180mcu_fd_sc_mcu7t5v0__oai211_4 instances:   4
  Class: gf180mcu_fd_sc_mcu7t5v0__aoi22_1 instances:  28
  Class: gf180mcu_fd_sc_mcu7t5v0__aoi221_1 instances:   5
  Class: gf180mcu_fd_sc_mcu7t5v0__aoi22_2 instances:   4
  Class: gf180mcu_fd_sc_mcu7t5v0__aoi221_2 instances:   3
  Class: gf180mcu_fd_sc_mcu7t5v0__aoi221_4 instances:   3
  Class: gf180mcu_fd_sc_mcu7t5v0__clkbuf_1 instances: 183
  Class: gf180mcu_fd_sc_mcu7t5v0__clkbuf_2 instances:  17
  Class: gf180mcu_fd_sc_mcu7t5v0__mux2_2 instances:   5
  Class: gf180mcu_fd_sc_mcu7t5v0__clkbuf_3 instances:  34
  Class: gf180mcu_fd_sc_mcu7t5v0__clkbuf_4 instances:   5
  Class: gf180mcu_fd_sc_mcu7t5v0__clkbuf_8 instances:  16
  Class: gf180mcu_fd_sc_mcu7t5v0__and2_1 instances:  38
  Class: gf180mcu_fd_sc_mcu7t5v0__nor4_1 instances:   2
  Class: gf180mcu_fd_sc_mcu7t5v0__nor4_2 instances:   3
  Class: gf180mcu_fd_sc_mcu7t5v0__nor4_4 instances:  12
  Class: gf180mcu_fd_sc_mcu7t5v0__or4_1 instances:   4
  Class: gf180mcu_fd_sc_mcu7t5v0__or4_2 instances:   1
  Class: gf180mcu_fd_sc_mcu7t5v0__oai31_1 instances:  13
  Class: gf180mcu_fd_sc_mcu7t5v0__clkinv_1 instances:  62
  Class: gf180mcu_fd_sc_mcu7t5v0__oai31_2 instances:   3
  Class: gf180mcu_fd_sc_mcu7t5v0__clkinv_2 instances:   2
  Class: gf180mcu_fd_sc_mcu7t5v0__oai22_1 instances:   9
  Class: gf180mcu_fd_sc_mcu7t5v0__oai31_4 instances:   1
  Class: gf180mcu_fd_sc_mcu7t5v0__oai22_2 instances:   3
  Class: gf180mcu_fd_sc_mcu7t5v0__clkinv_4 instances:   5
  Class: gf180mcu_fd_sc_mcu7t5v0__oai22_4 instances:   2
  Class: gf180mcu_fd_sc_mcu7t5v0__buf_1 instances: 125
  Class: gf180mcu_fd_sc_mcu7t5v0__buf_2 instances:  15
  Class: gf180mcu_fd_sc_mcu7t5v0__clkbuf_16 instances:   1
  Class: gf180mcu_fd_sc_mcu7t5v0__aoi21_1 instances:  66
  Class: gf180mcu_fd_sc_mcu7t5v0__aoi21_2 instances:   4
  Class: gf180mcu_fd_sc_mcu7t5v0__aoi211_1 instances:   4
  Class: gf180mcu_fd_sc_mcu7t5v0__aoi21_4 instances:   1
  Class: gf180mcu_fd_sc_mcu7t5v0__aoi211_2 instances:   5
  Class: gf180mcu_fd_sc_mcu7t5v0__aoi211_4 instances:   2
  Class: gf180mcu_fd_sc_mcu7t5v0__inv_1 instances:  15
  Class: gf180mcu_fd_sc_mcu7t5v0__inv_2 instances:   4
  Class: gf180mcu_fd_sc_mcu7t5v0__inv_3 instances:   2
  Class: gf180mcu_fd_sc_mcu7t5v0__inv_4 instances:   1
  Class: gf180mcu_fd_sc_mcu7t5v0__nor3_1 instances:  16
  Class: gf180mcu_fd_sc_mcu7t5v0__nor3_2 instances:   6
  Class: gf180mcu_fd_sc_mcu7t5v0__nor3_4 instances:   1
  Class: gf180mcu_fd_sc_mcu7t5v0__or3_1 instances:   5
  Class: gf180mcu_fd_sc_mcu7t5v0__oai21_1 instances:  67
  Class: gf180mcu_fd_sc_mcu7t5v0__oai21_2 instances:  11
  Class: gf180mcu_fd_sc_mcu7t5v0__fillcap_4 instances: 444
  Class: gf180mcu_fd_sc_mcu7t5v0__fillcap_8 instances: 293
  Class: gf180mcu_fd_sc_mcu7t5v0__fillcap_64 instances:   7
  Class: gf180mcu_fd_sc_mcu7t5v0__fillcap_16 instances: 142
  Class: gf180mcu_fd_sc_mcu7t5v0__xor3_1 instances:  16
  Class: gf180mcu_fd_sc_mcu7t5v0__xor3_2 instances:   1
  Class: gf180mcu_fd_sc_mcu7t5v0__xnor2_1 instances:  34
  Class: gf180mcu_fd_sc_mcu7t5v0__xnor2_2 instances:   3
  Class: gf180mcu_fd_sc_mcu7t5v0__nor2_1 instances: 118
  Class: gf180mcu_fd_sc_mcu7t5v0__nor2_2 instances:   6
  Class: gf180mcu_fd_sc_mcu7t5v0__nand4_1 instances:   5
  Class: gf180mcu_fd_sc_mcu7t5v0__nand4_2 instances:   7
  Class: gf180mcu_fd_sc_mcu7t5v0__nand4_4 instances:   4
  Class: gf180mcu_fd_sc_mcu7t5v0__or2_1 instances:  23
  Class: gf180mcu_fd_sc_mcu7t5v0__oai222_4 instances:   1
  Class: gf180mcu_fd_sc_mcu7t5v0__fillcap_32 instances:  60
  Class: gf180mcu_fd_sc_mcu7t5v0__xor2_1 instances: 128
  Class: gf180mcu_fd_sc_mcu7t5v0__xor2_2 instances:   5
  Class: gf180mcu_fd_sc_mcu7t5v0__and4_1 instances:  10
Circuit contains 1772 nets.

Circuit was modified by parallel/series device merging.
New circuit summary:

Contents of circuit 1:  Circuit: 'pll_top'
Circuit pll_top contains 1708 device instances.
  Class: gf180mcu_fd_sc_mcu7t5v0__nand3_1 instances:  44
  Class: gf180mcu_fd_sc_mcu7t5v0__nand3_2 instances:   6
  Class: gf180mcu_fd_sc_mcu7t5v0__dffq_1 instances: 153
  Class: gf180mcu_fd_sc_mcu7t5v0__dffq_2 instances:   1
  Class: gf180mcu_fd_sc_mcu7t5v0__oai33_1 instances:   1
  Class: gf180mcu_fd_sc_mcu7t5v0__oai221_2 instances:   2
  Class: gf180mcu_fd_sc_mcu7t5v0__oai221_4 instances:   2
  Class: gf180mcu_fd_sc_mcu7t5v0__aoi222_1 instances:   1
  Class: gf180mcu_fd_sc_mcu7t5v0__aoi222_2 instances:   3
  Class: gf180mcu_fd_sc_mcu7t5v0__and3_1 instances:  10
  Class: gf180mcu_fd_sc_mcu7t5v0__nand2_1 instances: 253
  Class: gf180mcu_fd_sc_mcu7t5v0__nand2_2 instances:   9
  Class: gf180mcu_fd_sc_mcu7t5v0__oai32_1 instances:   2
  Class: gf180mcu_fd_sc_mcu7t5v0__oai32_2 instances:   1
  Class: gf180mcu_fd_sc_mcu7t5v0__oai211_1 instances:  33
  Class: gf180mcu_fd_sc_mcu7t5v0__oai211_2 instances:   3
  Class: gf180mcu_fd_sc_mcu7t5v0__oai211_4 instances:   4
  Class: gf180mcu_fd_sc_mcu7t5v0__aoi22_1 instances:  28
  Class: gf180mcu_fd_sc_mcu7t5v0__aoi22_2 instances:   4
  Class: gf180mcu_fd_sc_mcu7t5v0__aoi221_1 instances:   5
  Class: gf180mcu_fd_sc_mcu7t5v0__aoi221_2 instances:   3
  Class: gf180mcu_fd_sc_mcu7t5v0__aoi221_4 instances:   3
  Class: gf180mcu_fd_sc_mcu7t5v0__clkbuf_1 instances: 183
  Class: gf180mcu_fd_sc_mcu7t5v0__clkbuf_2 instances:  17
  Class: gf180mcu_fd_sc_mcu7t5v0__mux2_2 instances:   5
  Class: gf180mcu_fd_sc_mcu7t5v0__clkbuf_3 instances:  34
  Class: gf180mcu_fd_sc_mcu7t5v0__clkbuf_4 instances:   5
  Class: gf180mcu_fd_sc_mcu7t5v0__clkbuf_8 instances:  16
  Class: gf180mcu_fd_sc_mcu7t5v0__and2_1 instances:  38
  Class: gf180mcu_fd_sc_mcu7t5v0__nor4_1 instances:   2
  Class: gf180mcu_fd_sc_mcu7t5v0__nor4_2 instances:   3
  Class: gf180mcu_fd_sc_mcu7t5v0__nor4_4 instances:  12
  Class: gf180mcu_fd_sc_mcu7t5v0__or4_1 instances:   4
  Class: gf180mcu_fd_sc_mcu7t5v0__or4_2 instances:   1
  Class: gf180mcu_fd_sc_mcu7t5v0__clkinv_1 instances:  62
  Class: gf180mcu_fd_sc_mcu7t5v0__oai31_1 instances:  13
  Class: gf180mcu_fd_sc_mcu7t5v0__clkinv_2 instances:   2
  Class: gf180mcu_fd_sc_mcu7t5v0__oai31_2 instances:   3
  Class: gf180mcu_fd_sc_mcu7t5v0__oai22_1 instances:   9
  Class: gf180mcu_fd_sc_mcu7t5v0__oai31_4 instances:   1
  Class: gf180mcu_fd_sc_mcu7t5v0__clkinv_4 instances:   5
  Class: gf180mcu_fd_sc_mcu7t5v0__oai22_2 instances:   3
  Class: gf180mcu_fd_sc_mcu7t5v0__oai22_4 instances:   2
  Class: gf180mcu_fd_sc_mcu7t5v0__buf_1 instances: 125
  Class: gf180mcu_fd_sc_mcu7t5v0__buf_2 instances:  15
  Class: gf180mcu_fd_sc_mcu7t5v0__clkbuf_16 instances:   1
  Class: gf180mcu_fd_sc_mcu7t5v0__aoi21_1 instances:  66
  Class: gf180mcu_fd_sc_mcu7t5v0__aoi21_2 instances:   4
  Class: gf180mcu_fd_sc_mcu7t5v0__aoi21_4 instances:   1
  Class: gf180mcu_fd_sc_mcu7t5v0__aoi211_1 instances:   4
  Class: gf180mcu_fd_sc_mcu7t5v0__aoi211_2 instances:   5
  Class: gf180mcu_fd_sc_mcu7t5v0__aoi211_4 instances:   2
  Class: gf180mcu_fd_sc_mcu7t5v0__inv_1 instances:  15
  Class: gf180mcu_fd_sc_mcu7t5v0__inv_2 instances:   4
  Class: gf180mcu_fd_sc_mcu7t5v0__inv_3 instances:   2
  Class: gf180mcu_fd_sc_mcu7t5v0__inv_4 instances:   1
  Class: gf180mcu_fd_sc_mcu7t5v0__nor3_1 instances:  16
  Class: gf180mcu_fd_sc_mcu7t5v0__nor3_2 instances:   6
  Class: gf180mcu_fd_sc_mcu7t5v0__nor3_4 instances:   1
  Class: gf180mcu_fd_sc_mcu7t5v0__or3_1 instances:   5
  Class: gf180mcu_fd_sc_mcu7t5v0__oai21_1 instances:  67
  Class: gf180mcu_fd_sc_mcu7t5v0__oai21_2 instances:  11
  Class: gf180mcu_fd_sc_mcu7t5v0__fillcap_4 instances:   1
  Class: gf180mcu_fd_sc_mcu7t5v0__fillcap_8 instances:   1
  Class: gf180mcu_fd_sc_mcu7t5v0__fillcap_64 instances:   1
  Class: gf180mcu_fd_sc_mcu7t5v0__fillcap_16 instances:   1
  Class: gf180mcu_fd_sc_mcu7t5v0__xor3_1 instances:  16
  Class: gf180mcu_fd_sc_mcu7t5v0__xor3_2 instances:   1
  Class: gf180mcu_fd_sc_mcu7t5v0__xnor2_1 instances:  34
  Class: gf180mcu_fd_sc_mcu7t5v0__xnor2_2 instances:   3
  Class: gf180mcu_fd_sc_mcu7t5v0__nor2_1 instances: 118
  Class: gf180mcu_fd_sc_mcu7t5v0__nor2_2 instances:   6
  Class: gf180mcu_fd_sc_mcu7t5v0__nand4_1 instances:   5
  Class: gf180mcu_fd_sc_mcu7t5v0__nand4_2 instances:   7
  Class: gf180mcu_fd_sc_mcu7t5v0__nand4_4 instances:   4
  Class: gf180mcu_fd_sc_mcu7t5v0__or2_1 instances:  23
  Class: gf180mcu_fd_sc_mcu7t5v0__oai222_4 instances:   1
  Class: gf180mcu_fd_sc_mcu7t5v0__fillcap_32 instances:   1
  Class: gf180mcu_fd_sc_mcu7t5v0__xor2_1 instances: 128
  Class: gf180mcu_fd_sc_mcu7t5v0__xor2_2 instances:   5
  Class: gf180mcu_fd_sc_mcu7t5v0__and4_1 instances:  10
Circuit contains 1772 nets.
Contents of circuit 2:  Circuit: 'pll_top'
Circuit pll_top contains 1708 device instances.
  Class: gf180mcu_fd_sc_mcu7t5v0__nand3_1 instances:  44
  Class: gf180mcu_fd_sc_mcu7t5v0__nand3_2 instances:   6
  Class: gf180mcu_fd_sc_mcu7t5v0__dffq_1 instances: 153
  Class: gf180mcu_fd_sc_mcu7t5v0__dffq_2 instances:   1
  Class: gf180mcu_fd_sc_mcu7t5v0__oai33_1 instances:   1
  Class: gf180mcu_fd_sc_mcu7t5v0__oai221_2 instances:   2
  Class: gf180mcu_fd_sc_mcu7t5v0__oai221_4 instances:   2
  Class: gf180mcu_fd_sc_mcu7t5v0__aoi222_1 instances:   1
  Class: gf180mcu_fd_sc_mcu7t5v0__aoi222_2 instances:   3
  Class: gf180mcu_fd_sc_mcu7t5v0__and3_1 instances:  10
  Class: gf180mcu_fd_sc_mcu7t5v0__nand2_1 instances: 253
  Class: gf180mcu_fd_sc_mcu7t5v0__nand2_2 instances:   9
  Class: gf180mcu_fd_sc_mcu7t5v0__oai32_1 instances:   2
  Class: gf180mcu_fd_sc_mcu7t5v0__oai32_2 instances:   1
  Class: gf180mcu_fd_sc_mcu7t5v0__oai211_1 instances:  33
  Class: gf180mcu_fd_sc_mcu7t5v0__oai211_2 instances:   3
  Class: gf180mcu_fd_sc_mcu7t5v0__oai211_4 instances:   4
  Class: gf180mcu_fd_sc_mcu7t5v0__aoi22_1 instances:  28
  Class: gf180mcu_fd_sc_mcu7t5v0__aoi221_1 instances:   5
  Class: gf180mcu_fd_sc_mcu7t5v0__aoi22_2 instances:   4
  Class: gf180mcu_fd_sc_mcu7t5v0__aoi221_2 instances:   3
  Class: gf180mcu_fd_sc_mcu7t5v0__aoi221_4 instances:   3
  Class: gf180mcu_fd_sc_mcu7t5v0__clkbuf_1 instances: 183
  Class: gf180mcu_fd_sc_mcu7t5v0__clkbuf_2 instances:  17
  Class: gf180mcu_fd_sc_mcu7t5v0__mux2_2 instances:   5
  Class: gf180mcu_fd_sc_mcu7t5v0__clkbuf_3 instances:  34
  Class: gf180mcu_fd_sc_mcu7t5v0__clkbuf_4 instances:   5
  Class: gf180mcu_fd_sc_mcu7t5v0__clkbuf_8 instances:  16
  Class: gf180mcu_fd_sc_mcu7t5v0__and2_1 instances:  38
  Class: gf180mcu_fd_sc_mcu7t5v0__nor4_1 instances:   2
  Class: gf180mcu_fd_sc_mcu7t5v0__nor4_2 instances:   3
  Class: gf180mcu_fd_sc_mcu7t5v0__nor4_4 instances:  12
  Class: gf180mcu_fd_sc_mcu7t5v0__or4_1 instances:   4
  Class: gf180mcu_fd_sc_mcu7t5v0__or4_2 instances:   1
  Class: gf180mcu_fd_sc_mcu7t5v0__oai31_1 instances:  13
  Class: gf180mcu_fd_sc_mcu7t5v0__clkinv_1 instances:  62
  Class: gf180mcu_fd_sc_mcu7t5v0__oai31_2 instances:   3
  Class: gf180mcu_fd_sc_mcu7t5v0__clkinv_2 instances:   2
  Class: gf180mcu_fd_sc_mcu7t5v0__oai22_1 instances:   9
  Class: gf180mcu_fd_sc_mcu7t5v0__oai31_4 instances:   1
  Class: gf180mcu_fd_sc_mcu7t5v0__oai22_2 instances:   3
  Class: gf180mcu_fd_sc_mcu7t5v0__clkinv_4 instances:   5
  Class: gf180mcu_fd_sc_mcu7t5v0__oai22_4 instances:   2
  Class: gf180mcu_fd_sc_mcu7t5v0__buf_1 instances: 125
  Class: gf180mcu_fd_sc_mcu7t5v0__buf_2 instances:  15
  Class: gf180mcu_fd_sc_mcu7t5v0__clkbuf_16 instances:   1
  Class: gf180mcu_fd_sc_mcu7t5v0__aoi21_1 instances:  66
  Class: gf180mcu_fd_sc_mcu7t5v0__aoi21_2 instances:   4
  Class: gf180mcu_fd_sc_mcu7t5v0__aoi211_1 instances:   4
  Class: gf180mcu_fd_sc_mcu7t5v0__aoi21_4 instances:   1
  Class: gf180mcu_fd_sc_mcu7t5v0__aoi211_2 instances:   5
  Class: gf180mcu_fd_sc_mcu7t5v0__aoi211_4 instances:   2
  Class: gf180mcu_fd_sc_mcu7t5v0__inv_1 instances:  15
  Class: gf180mcu_fd_sc_mcu7t5v0__inv_2 instances:   4
  Class: gf180mcu_fd_sc_mcu7t5v0__inv_3 instances:   2
  Class: gf180mcu_fd_sc_mcu7t5v0__inv_4 instances:   1
  Class: gf180mcu_fd_sc_mcu7t5v0__nor3_1 instances:  16
  Class: gf180mcu_fd_sc_mcu7t5v0__nor3_2 instances:   6
  Class: gf180mcu_fd_sc_mcu7t5v0__nor3_4 instances:   1
  Class: gf180mcu_fd_sc_mcu7t5v0__or3_1 instances:   5
  Class: gf180mcu_fd_sc_mcu7t5v0__oai21_1 instances:  67
  Class: gf180mcu_fd_sc_mcu7t5v0__oai21_2 instances:  11
  Class: gf180mcu_fd_sc_mcu7t5v0__fillcap_4 instances:   1
  Class: gf180mcu_fd_sc_mcu7t5v0__fillcap_8 instances:   1
  Class: gf180mcu_fd_sc_mcu7t5v0__fillcap_64 instances:   1
  Class: gf180mcu_fd_sc_mcu7t5v0__fillcap_16 instances:   1
  Class: gf180mcu_fd_sc_mcu7t5v0__xor3_1 instances:  16
  Class: gf180mcu_fd_sc_mcu7t5v0__xor3_2 instances:   1
  Class: gf180mcu_fd_sc_mcu7t5v0__xnor2_1 instances:  34
  Class: gf180mcu_fd_sc_mcu7t5v0__xnor2_2 instances:   3
  Class: gf180mcu_fd_sc_mcu7t5v0__nor2_1 instances: 118
  Class: gf180mcu_fd_sc_mcu7t5v0__nor2_2 instances:   6
  Class: gf180mcu_fd_sc_mcu7t5v0__nand4_1 instances:   5
  Class: gf180mcu_fd_sc_mcu7t5v0__nand4_2 instances:   7
  Class: gf180mcu_fd_sc_mcu7t5v0__nand4_4 instances:   4
  Class: gf180mcu_fd_sc_mcu7t5v0__or2_1 instances:  23
  Class: gf180mcu_fd_sc_mcu7t5v0__oai222_4 instances:   1
  Class: gf180mcu_fd_sc_mcu7t5v0__fillcap_32 instances:   1
  Class: gf180mcu_fd_sc_mcu7t5v0__xor2_1 instances: 128
  Class: gf180mcu_fd_sc_mcu7t5v0__xor2_2 instances:   5
  Class: gf180mcu_fd_sc_mcu7t5v0__and4_1 instances:  10
Circuit contains 1772 nets.

Circuit 1 contains 1708 devices, Circuit 2 contains 1708 devices.
Circuit 1 contains 1772 nets,    Circuit 2 contains 1772 nets.


Final result: 
Circuits match uniquely.
.
Logging to file "/Users/refikyalcin/vlsi/digital/Tiny-PLL/openlane/runs/RUN_2025-12-22_15-30-35/68-netgen-lvs/reports/lvs.netgen.rpt" disabled
LVS Done.
