Clock: sys_clk
Sources: sys_clk 
Generated: no
Virtual: yes
Propagated: no
Period: 24.000000

===========================================================================
report_clock_properties
============================================================================
Clock                   Period          Waveform
----------------------------------------------------
sys_clk              24.000000    0.000000 12.000000

===========================================================================
report_clock_latency
============================================================================
Clock sys_clk
rise -> rise
    min     max
0.000000 0.000000 source latency
1.459499         network latency _2400_/CLK
        6.148190 network latency _2408_/CLK
---------------
1.459499 6.148190 latency
        4.688691 skew

rise -> fall
    min     max
0.000000 0.000000 source latency
4.019880         network latency _2415_/CLK
        6.050243 network latency _2408_/CLK
---------------
4.019880 6.050243 latency
        2.030363 skew

fall -> fall
    min     max
0.000000 0.000000 source latency
1.406114         network latency _2400_/CLK
        1.443257 network latency _2372_/CLK
---------------
1.406114 1.443257 latency
        0.037143 skew



===========================================================================
report_clock_min_period
============================================================================
sys_clk period_min = 23.78 fmax = 42.05
