Clock: sys_clk
Sources: sys_clk 
Generated: no
Virtual: yes
Propagated: no
Period: 10.000000

===========================================================================
report_clock_properties
============================================================================
Clock                   Period          Waveform
----------------------------------------------------
sys_clk              10.000000    0.000000  5.000000

===========================================================================
report_clock_latency
============================================================================
Clock sys_clk
rise -> rise
    min     max
0.000000 0.000000 source latency
0.341059         network latency _2174_/CLK
        1.205091 network latency _2234_/CLK
---------------
0.341059 1.205091 latency
        0.864032 skew

rise -> fall
    min     max
0.000000 0.000000 source latency
0.800012         network latency _2223_/CLK
        1.070935 network latency _2234_/CLK
---------------
0.800012 1.070935 latency
        0.270924 skew

fall -> fall
    min     max
0.000000 0.000000 source latency
0.287991         network latency _2174_/CLK
        0.299603 network latency _2181_/CLK
---------------
0.287991 0.299603 latency
        0.011611 skew



===========================================================================
report_clock_min_period
============================================================================
sys_clk period_min = 3.56 fmax = 281.00
