Clock: sys_clk
Sources: sys_clk 
Generated: no
Virtual: yes
Propagated: no
Period: 10.000000

===========================================================================
report_clock_properties
============================================================================
Clock                   Period          Waveform
----------------------------------------------------
sys_clk              10.000000    0.000000  5.000000

===========================================================================
report_clock_latency
============================================================================
Clock sys_clk
rise -> rise
    min     max
0.000000 0.000000 source latency
0.421832         network latency _2215_/CLK
        1.422177 network latency _2198_/CLK
---------------
0.421832 1.422177 latency
        1.000345 skew

rise -> fall
    min     max
0.000000 0.000000 source latency
0.969733         network latency _2212_/CLK
        1.257823 network latency _2204_/CLK
---------------
0.969733 1.257823 latency
        0.288090 skew

fall -> fall
    min     max
0.000000 0.000000 source latency
0.373602         network latency _2215_/CLK
        0.381413 network latency _2068_/CLK
---------------
0.373602 0.381413 latency
        0.007812 skew



===========================================================================
report_clock_min_period
============================================================================
sys_clk period_min = 6.55 fmax = 152.65
