
===========================================================================
report_checks -unconstrained
===========================================================================
======================= max_ff_n40C_1v95 Corner ===================================

Startpoint: rst_n (input port clocked by sys_clk)
Endpoint: _2200_ (rising edge-triggered flip-flop clocked by sys_clk)
Path Group: sys_clk
Path Type: max

Fanout         Cap        Slew       Delay        Time   Description
---------------------------------------------------------------------------------------------
                                  0.000000    0.000000   clock sys_clk (rise edge)
                                  0.000000    0.000000   clock network delay (propagated)
                                  2.000000    2.000000 ^ input external delay
     1    0.003012    0.014678    0.007840    2.007840 ^ rst_n (in)
                                                         rst_n (net)
                      0.014680    0.000000    2.007840 ^ input66/A (sky130_fd_sc_hd__clkbuf_1)
     1    0.002991    0.033645    0.049012    2.056853 ^ input66/X (sky130_fd_sc_hd__clkbuf_1)
                                                         net66 (net)
                      0.033646    0.000213    2.057065 ^ fanout156/A (sky130_fd_sc_hd__buf_2)
     5    0.061791    0.226690    0.202192    2.259257 ^ fanout156/X (sky130_fd_sc_hd__buf_2)
                                                         net156 (net)
                      0.227133    0.008207    2.267464 ^ fanout153/A (sky130_fd_sc_hd__clkbuf_4)
    10    0.060950    0.143176    0.203567    2.471031 ^ fanout153/X (sky130_fd_sc_hd__clkbuf_4)
                                                         net153 (net)
                      0.145167    0.013486    2.484518 ^ _1052_/A (sky130_fd_sc_hd__inv_2)
     5    0.044581    0.092405    0.089945    2.574462 v _1052_/Y (sky130_fd_sc_hd__inv_2)
                                                         _0490_ (net)
                      0.092587    0.003327    2.577790 v fanout149/A (sky130_fd_sc_hd__clkbuf_2)
     5    0.038589    0.102360    0.158610    2.736400 v fanout149/X (sky130_fd_sc_hd__clkbuf_2)
                                                         net149 (net)
                      0.102580    0.003664    2.740064 v fanout145/A (sky130_fd_sc_hd__buf_2)
    10    0.037991    0.069882    0.147875    2.887939 v fanout145/X (sky130_fd_sc_hd__buf_2)
                                                         net145 (net)
                      0.070013    0.002184    2.890123 v _1638_/A (sky130_fd_sc_hd__nor2_1)
     4    0.022474    0.286911    0.246680    3.136803 ^ _1638_/Y (sky130_fd_sc_hd__nor2_1)
                                                         _1017_ (net)
                      0.286935    0.002194    3.138997 ^ fanout119/A (sky130_fd_sc_hd__clkbuf_4)
    10    0.055494    0.131760    0.209501    3.348498 ^ fanout119/X (sky130_fd_sc_hd__clkbuf_4)
                                                         net119 (net)
                      0.131841    0.001440    3.349938 ^ fanout118/A (sky130_fd_sc_hd__buf_2)
    10    0.049454    0.182680    0.193265    3.543202 ^ fanout118/X (sky130_fd_sc_hd__buf_2)
                                                         net118 (net)
                      0.183034    0.006642    3.549845 ^ _1920_/A2 (sky130_fd_sc_hd__a21o_1)
     1    0.003252    0.031212    0.085674    3.635519 ^ _1920_/X (sky130_fd_sc_hd__a21o_1)
                                                         _0362_ (net)
                      0.031213    0.000229    3.635748 ^ _1921_/B1 (sky130_fd_sc_hd__a31o_1)
     1    0.002668    0.031102    0.050159    3.685907 ^ _1921_/X (sky130_fd_sc_hd__a31o_1)
                                                         _0099_ (net)
                      0.031102    0.000111    3.686018 ^ _2200_/D (sky130_fd_sc_hd__dfxtp_1)
                                              3.686018   data arrival time

                                 10.000000   10.000000   clock sys_clk (rise edge)
                                  0.000000   10.000000   clock source latency
     1    0.025934    0.091541    0.064294   10.064295 ^ sys_clk (in)
                                                         sys_clk (net)
                      0.091741    0.000000   10.064295 ^ clkbuf_0_sys_clk/A (sky130_fd_sc_hd__clkbuf_16)
    16    0.120951    0.105595    0.153629   10.217924 ^ clkbuf_0_sys_clk/X (sky130_fd_sc_hd__clkbuf_16)
                                                         clknet_0_sys_clk (net)
                      0.106465    0.007717   10.225641 ^ clkbuf_4_4_0_sys_clk/A (sky130_fd_sc_hd__clkbuf_8)
    11    0.038628    0.060202    0.125165   10.350806 ^ clkbuf_4_4_0_sys_clk/X (sky130_fd_sc_hd__clkbuf_8)
                                                         clknet_4_4_0_sys_clk (net)
                      0.060277    0.001136   10.351942 ^ _2200_/CLK (sky130_fd_sc_hd__dfxtp_1)
                                 -0.250000   10.101942   clock uncertainty
                                  0.000000   10.101942   clock reconvergence pessimism
                                 -0.028076   10.073866   library setup time
                                             10.073866   data required time
---------------------------------------------------------------------------------------------
                                             10.073866   data required time
                                             -3.686018   data arrival time
---------------------------------------------------------------------------------------------
                                              6.387848   slack (MET)




===========================================================================
report_checks --slack_max -0.01
============================================================================
======================= max_ff_n40C_1v95 Corner ===================================

No paths found.


===========================================================================
 report_check_types -max_slew -max_cap -max_fanout -violators
============================================================================
======================= max_ff_n40C_1v95 Corner ===================================

max fanout

Pin                                   Limit Fanout  Slack
---------------------------------------------------------
clkbuf_0_sys_clk/X                       10     16     -6 (VIOLATED)
clkbuf_4_4_0_sys_clk/X                   10     11        (VIOLATED)
clkbuf_4_7_0_sys_clk/X                   10     11        (VIOLATED)



===========================================================================
report_parasitic_annotation -report_unannotated
============================================================================
Found 15 unannotated drivers.
 clkload0/X
 clkload1/X
 clkload10/Y
 clkload11/Y
 clkload12/Y
 clkload13/Y
 clkload14/X
 clkload2/Y
 clkload3/Y
 clkload4/X
 clkload5/Y
 clkload6/Y
 clkload7/Y
 clkload8/Y
 clkload9/X
Found 0 partially unannotated drivers.

===========================================================================
max slew violation count 0
max fanout violation count 3
max cap violation count 0
============================================================================

===========================================================================
check_setup -verbose -unconstrained_endpoints -multiple_clock -no_clock -no_input_delay -loops -generated_clocks
===========================================================================
Warning: There are 33 unclocked register/latch pins.
  _2133_/CLK
  _2221_/CLK
  _2222_/CLK
  _2223_/CLK
  _2224_/CLK
  _2225_/CLK
  _2226_/CLK
  _2227_/CLK
  _2228_/CLK
  _2229_/CLK
  _2230_/CLK
  _2231_/CLK
  _2232_/CLK
  _2233_/CLK
  _2234_/CLK
  _2235_/CLK
  _2236_/CLK
  _2237_/CLK
  _2238_/CLK
  _2239_/CLK
  _2240_/CLK
  _2241_/CLK
  _2242_/CLK
  _2243_/CLK
  _2244_/CLK
  _2245_/CLK
  _2246_/CLK
  _2247_/CLK
  _2248_/CLK
  _2249_/CLK
  _2250_/CLK
  _2251_/CLK
  _2252_/CLK
Warning: There are 33 unconstrained endpoints.
  _2133_/D
  _2221_/D
  _2222_/D
  _2223_/D
  _2224_/D
  _2225_/D
  _2226_/D
  _2227_/D
  _2228_/D
  _2229_/D
  _2230_/D
  _2231_/D
  _2232_/D
  _2233_/D
  _2234_/D
  _2235_/D
  _2236_/D
  _2237_/D
  _2238_/D
  _2239_/D
  _2240_/D
  _2241_/D
  _2242_/D
  _2243_/D
  _2244_/D
  _2245_/D
  _2246_/D
  _2247_/D
  _2248_/D
  _2249_/D
  _2250_/D
  _2251_/D
  _2252_/D
