
===========================================================================
report_checks -unconstrained
===========================================================================
======================= max_ss_100C_1v60 Corner ===================================

Startpoint: _2184_ (rising edge-triggered flip-flop clocked by sys_clk)
Endpoint: _2219_ (rising edge-triggered flip-flop clocked by sys_clk)
Path Group: sys_clk
Path Type: max

Fanout         Cap        Slew       Delay        Time   Description
---------------------------------------------------------------------------------------------
                                  0.000000    0.000000   clock sys_clk (rise edge)
                                  0.000000    0.000000   clock source latency
     1    0.026893    0.198377    0.137251    0.137251 ^ sys_clk (in)
                                                         sys_clk (net)
                      0.198437    0.000000    0.137251 ^ clkbuf_0_sys_clk/A (sky130_fd_sc_hd__clkbuf_16)
    16    0.118953    0.203611    0.391870    0.529121 ^ clkbuf_0_sys_clk/X (sky130_fd_sc_hd__clkbuf_16)
                                                         clknet_0_sys_clk (net)
                      0.203799    0.005598    0.534719 ^ clkbuf_4_7_0_sys_clk/A (sky130_fd_sc_hd__clkbuf_8)
    11    0.033498    0.114155    0.326580    0.861299 ^ clkbuf_4_7_0_sys_clk/X (sky130_fd_sc_hd__clkbuf_8)
                                                         clknet_4_7_0_sys_clk (net)
                      0.114180    0.001663    0.862962 ^ _2184_/CLK (sky130_fd_sc_hd__dfxtp_2)
     2    0.008869    0.094231    0.694838    1.557800 ^ _2184_/Q (sky130_fd_sc_hd__dfxtp_2)
                                                         lf_inst.error_in[1] (net)
                      0.094231    0.000471    1.558271 ^ rebuffer2/A (sky130_fd_sc_hd__dlymetal6s2s_1)
     1    0.007321    0.147292    0.229464    1.787736 ^ rebuffer2/X (sky130_fd_sc_hd__dlymetal6s2s_1)
                                                         net227 (net)
                      0.147292    0.000576    1.788312 ^ fanout226/A (sky130_fd_sc_hd__clkbuf_1)
     2    0.009387    0.190299    0.268701    2.057013 ^ fanout226/X (sky130_fd_sc_hd__clkbuf_1)
                                                         net226 (net)
                      0.190299    0.000732    2.057745 ^ fanout220/A (sky130_fd_sc_hd__buf_1)
     3    0.015066    0.293171    0.360161    2.417905 ^ fanout220/X (sky130_fd_sc_hd__buf_1)
                                                         net220 (net)
                      0.293171    0.001084    2.418989 ^ fanout219/A (sky130_fd_sc_hd__clkbuf_1)
     2    0.006585    0.140486    0.283388    2.702376 ^ fanout219/X (sky130_fd_sc_hd__clkbuf_1)
                                                         net219 (net)
                      0.140486    0.000285    2.702661 ^ fanout218/A (sky130_fd_sc_hd__clkbuf_2)
     5    0.028917    0.251356    0.354532    3.057193 ^ fanout218/X (sky130_fd_sc_hd__clkbuf_2)
                                                         net218 (net)
                      0.251357    0.001133    3.058326 ^ _1742_/A (sky130_fd_sc_hd__nor2_1)
     1    0.003558    0.076601    0.160350    3.218675 v _1742_/Y (sky130_fd_sc_hd__nor2_1)
                                                         _0211_ (net)
                      0.076601    0.000153    3.218829 v _1744_/A (sky130_fd_sc_hd__nor2_1)
     3    0.016273    0.500266    0.448733    3.667562 ^ _1744_/Y (sky130_fd_sc_hd__nor2_1)
                                                         _0213_ (net)
                      0.500268    0.000794    3.668356 ^ _1760_/A (sky130_fd_sc_hd__nand2_1)
     2    0.006743    0.183477    0.302213    3.970569 v _1760_/Y (sky130_fd_sc_hd__nand2_1)
                                                         _0227_ (net)
                      0.183477    0.000290    3.970860 v _1761_/B (sky130_fd_sc_hd__or4b_1)
     1    0.005757    0.215644    1.265958    5.236818 v _1761_/X (sky130_fd_sc_hd__or4b_1)
                                                         _0228_ (net)
                      0.215644    0.000413    5.237231 v _1762_/B (sky130_fd_sc_hd__or4_4)
     2    0.007828    0.167177    1.088315    6.325546 v _1762_/X (sky130_fd_sc_hd__or4_4)
                                                         _0229_ (net)
                      0.167178    0.000499    6.326045 v _1764_/A1 (sky130_fd_sc_hd__a31o_4)
     5    0.019979    0.098621    0.479274    6.805319 v _1764_/X (sky130_fd_sc_hd__a31o_4)
                                                         _0231_ (net)
                      0.098638    0.001306    6.806625 v _1783_/A2 (sky130_fd_sc_hd__o211a_4)
     2    0.020467    0.105505    0.482544    7.289169 v _1783_/X (sky130_fd_sc_hd__o211a_4)
                                                         _0248_ (net)
                      0.105533    0.001672    7.290841 v _1784_/A (sky130_fd_sc_hd__xnor2_4)
     4    0.020733    0.317366    0.372457    7.663298 ^ _1784_/Y (sky130_fd_sc_hd__xnor2_4)
                                                         _0249_ (net)
                      0.317496    0.002530    7.665828 ^ _2027_/B (sky130_fd_sc_hd__xnor2_2)
     2    0.008400    0.138253    0.223919    7.889747 v _2027_/Y (sky130_fd_sc_hd__xnor2_2)
                                                         _0454_ (net)
                      0.138254    0.000458    7.890205 v _2038_/D (sky130_fd_sc_hd__or4_4)
     1    0.003409    0.147335    0.842417    8.732622 v _2038_/X (sky130_fd_sc_hd__or4_4)
                                                         _0463_ (net)
                      0.147336    0.000228    8.732850 v _2039_/B1 (sky130_fd_sc_hd__a211o_1)
     3    0.013938    0.177627    0.641368    9.374218 v _2039_/X (sky130_fd_sc_hd__a211o_1)
                                                         _0464_ (net)
                      0.177629    0.000984    9.375202 v _2057_/A2 (sky130_fd_sc_hd__a211o_1)
     2    0.011558    0.163850    0.670499   10.045701 v _2057_/X (sky130_fd_sc_hd__a211o_1)
                                                         _0480_ (net)
                      0.163852    0.000846   10.046547 v _2059_/A2 (sky130_fd_sc_hd__a31oi_4)
     3    0.008475    0.216402    0.316355   10.362902 ^ _2059_/Y (sky130_fd_sc_hd__a31oi_4)
                                                         _0482_ (net)
                      0.216402    0.000539   10.363441 ^ _2060_/A (sky130_fd_sc_hd__nor2_1)
     1    0.004924    0.078412    0.158197   10.521638 v _2060_/Y (sky130_fd_sc_hd__nor2_1)
                                                         _0483_ (net)
                      0.078413    0.000350   10.521988 v _2061_/B1 (sky130_fd_sc_hd__a221o_1)
     1    0.002973    0.093415    0.544499   11.066486 v _2061_/X (sky130_fd_sc_hd__a221o_1)
                                                         _0118_ (net)
                      0.093415    0.000213   11.066700 v _2219_/D (sky130_fd_sc_hd__dfxtp_1)
                                             11.066700   data arrival time

                                 10.000000   10.000000   clock sys_clk (rise edge)
                                  0.000000   10.000000   clock source latency
     1    0.026893    0.198377    0.137251   10.137251 ^ sys_clk (in)
                                                         sys_clk (net)
                      0.198437    0.000000   10.137251 ^ clkbuf_0_sys_clk/A (sky130_fd_sc_hd__clkbuf_16)
    16    0.118953    0.203611    0.391871   10.529121 ^ clkbuf_0_sys_clk/X (sky130_fd_sc_hd__clkbuf_16)
                                                         clknet_0_sys_clk (net)
                      0.203953    0.005842   10.534965 ^ clkbuf_4_15_0_sys_clk/A (sky130_fd_sc_hd__clkbuf_8)
    10    0.038409    0.125820    0.335063   10.870027 ^ clkbuf_4_15_0_sys_clk/X (sky130_fd_sc_hd__clkbuf_8)
                                                         clknet_4_15_0_sys_clk (net)
                      0.125942    0.003480   10.873507 ^ _2219_/CLK (sky130_fd_sc_hd__dfxtp_1)
                                 -0.250000   10.623507   clock uncertainty
                                  0.000000   10.623507   clock reconvergence pessimism
                                 -0.263635   10.359872   library setup time
                                             10.359872   data required time
---------------------------------------------------------------------------------------------
                                             10.359872   data required time
                                            -11.066700   data arrival time
---------------------------------------------------------------------------------------------
                                             -0.706828   slack (VIOLATED)




===========================================================================
report_checks --slack_max -0.01
============================================================================
======================= max_ss_100C_1v60 Corner ===================================

Startpoint: _2184_ (rising edge-triggered flip-flop clocked by sys_clk)
Endpoint: _2219_ (rising edge-triggered flip-flop clocked by sys_clk)
Path Group: sys_clk
Path Type: max

Fanout         Cap        Slew       Delay        Time   Description
---------------------------------------------------------------------------------------------
                                  0.000000    0.000000   clock sys_clk (rise edge)
                                  0.000000    0.000000   clock source latency
     1    0.026893    0.198377    0.137251    0.137251 ^ sys_clk (in)
                                                         sys_clk (net)
                      0.198437    0.000000    0.137251 ^ clkbuf_0_sys_clk/A (sky130_fd_sc_hd__clkbuf_16)
    16    0.118953    0.203611    0.391870    0.529121 ^ clkbuf_0_sys_clk/X (sky130_fd_sc_hd__clkbuf_16)
                                                         clknet_0_sys_clk (net)
                      0.203799    0.005598    0.534719 ^ clkbuf_4_7_0_sys_clk/A (sky130_fd_sc_hd__clkbuf_8)
    11    0.033498    0.114155    0.326580    0.861299 ^ clkbuf_4_7_0_sys_clk/X (sky130_fd_sc_hd__clkbuf_8)
                                                         clknet_4_7_0_sys_clk (net)
                      0.114180    0.001663    0.862962 ^ _2184_/CLK (sky130_fd_sc_hd__dfxtp_2)
     2    0.008869    0.094231    0.694838    1.557800 ^ _2184_/Q (sky130_fd_sc_hd__dfxtp_2)
                                                         lf_inst.error_in[1] (net)
                      0.094231    0.000471    1.558271 ^ rebuffer2/A (sky130_fd_sc_hd__dlymetal6s2s_1)
     1    0.007321    0.147292    0.229464    1.787736 ^ rebuffer2/X (sky130_fd_sc_hd__dlymetal6s2s_1)
                                                         net227 (net)
                      0.147292    0.000576    1.788312 ^ fanout226/A (sky130_fd_sc_hd__clkbuf_1)
     2    0.009387    0.190299    0.268701    2.057013 ^ fanout226/X (sky130_fd_sc_hd__clkbuf_1)
                                                         net226 (net)
                      0.190299    0.000732    2.057745 ^ fanout220/A (sky130_fd_sc_hd__buf_1)
     3    0.015066    0.293171    0.360161    2.417905 ^ fanout220/X (sky130_fd_sc_hd__buf_1)
                                                         net220 (net)
                      0.293171    0.001084    2.418989 ^ fanout219/A (sky130_fd_sc_hd__clkbuf_1)
     2    0.006585    0.140486    0.283388    2.702376 ^ fanout219/X (sky130_fd_sc_hd__clkbuf_1)
                                                         net219 (net)
                      0.140486    0.000285    2.702661 ^ fanout218/A (sky130_fd_sc_hd__clkbuf_2)
     5    0.028917    0.251356    0.354532    3.057193 ^ fanout218/X (sky130_fd_sc_hd__clkbuf_2)
                                                         net218 (net)
                      0.251357    0.001133    3.058326 ^ _1742_/A (sky130_fd_sc_hd__nor2_1)
     1    0.003558    0.076601    0.160350    3.218675 v _1742_/Y (sky130_fd_sc_hd__nor2_1)
                                                         _0211_ (net)
                      0.076601    0.000153    3.218829 v _1744_/A (sky130_fd_sc_hd__nor2_1)
     3    0.016273    0.500266    0.448733    3.667562 ^ _1744_/Y (sky130_fd_sc_hd__nor2_1)
                                                         _0213_ (net)
                      0.500268    0.000794    3.668356 ^ _1760_/A (sky130_fd_sc_hd__nand2_1)
     2    0.006743    0.183477    0.302213    3.970569 v _1760_/Y (sky130_fd_sc_hd__nand2_1)
                                                         _0227_ (net)
                      0.183477    0.000290    3.970860 v _1761_/B (sky130_fd_sc_hd__or4b_1)
     1    0.005757    0.215644    1.265958    5.236818 v _1761_/X (sky130_fd_sc_hd__or4b_1)
                                                         _0228_ (net)
                      0.215644    0.000413    5.237231 v _1762_/B (sky130_fd_sc_hd__or4_4)
     2    0.007828    0.167177    1.088315    6.325546 v _1762_/X (sky130_fd_sc_hd__or4_4)
                                                         _0229_ (net)
                      0.167178    0.000499    6.326045 v _1764_/A1 (sky130_fd_sc_hd__a31o_4)
     5    0.019979    0.098621    0.479274    6.805319 v _1764_/X (sky130_fd_sc_hd__a31o_4)
                                                         _0231_ (net)
                      0.098638    0.001306    6.806625 v _1783_/A2 (sky130_fd_sc_hd__o211a_4)
     2    0.020467    0.105505    0.482544    7.289169 v _1783_/X (sky130_fd_sc_hd__o211a_4)
                                                         _0248_ (net)
                      0.105533    0.001672    7.290841 v _1784_/A (sky130_fd_sc_hd__xnor2_4)
     4    0.020733    0.317366    0.372457    7.663298 ^ _1784_/Y (sky130_fd_sc_hd__xnor2_4)
                                                         _0249_ (net)
                      0.317496    0.002530    7.665828 ^ _2027_/B (sky130_fd_sc_hd__xnor2_2)
     2    0.008400    0.138253    0.223919    7.889747 v _2027_/Y (sky130_fd_sc_hd__xnor2_2)
                                                         _0454_ (net)
                      0.138254    0.000458    7.890205 v _2038_/D (sky130_fd_sc_hd__or4_4)
     1    0.003409    0.147335    0.842417    8.732622 v _2038_/X (sky130_fd_sc_hd__or4_4)
                                                         _0463_ (net)
                      0.147336    0.000228    8.732850 v _2039_/B1 (sky130_fd_sc_hd__a211o_1)
     3    0.013938    0.177627    0.641368    9.374218 v _2039_/X (sky130_fd_sc_hd__a211o_1)
                                                         _0464_ (net)
                      0.177629    0.000984    9.375202 v _2057_/A2 (sky130_fd_sc_hd__a211o_1)
     2    0.011558    0.163850    0.670499   10.045701 v _2057_/X (sky130_fd_sc_hd__a211o_1)
                                                         _0480_ (net)
                      0.163852    0.000846   10.046547 v _2059_/A2 (sky130_fd_sc_hd__a31oi_4)
     3    0.008475    0.216402    0.316355   10.362902 ^ _2059_/Y (sky130_fd_sc_hd__a31oi_4)
                                                         _0482_ (net)
                      0.216402    0.000539   10.363441 ^ _2060_/A (sky130_fd_sc_hd__nor2_1)
     1    0.004924    0.078412    0.158197   10.521638 v _2060_/Y (sky130_fd_sc_hd__nor2_1)
                                                         _0483_ (net)
                      0.078413    0.000350   10.521988 v _2061_/B1 (sky130_fd_sc_hd__a221o_1)
     1    0.002973    0.093415    0.544499   11.066486 v _2061_/X (sky130_fd_sc_hd__a221o_1)
                                                         _0118_ (net)
                      0.093415    0.000213   11.066700 v _2219_/D (sky130_fd_sc_hd__dfxtp_1)
                                             11.066700   data arrival time

                                 10.000000   10.000000   clock sys_clk (rise edge)
                                  0.000000   10.000000   clock source latency
     1    0.026893    0.198377    0.137251   10.137251 ^ sys_clk (in)
                                                         sys_clk (net)
                      0.198437    0.000000   10.137251 ^ clkbuf_0_sys_clk/A (sky130_fd_sc_hd__clkbuf_16)
    16    0.118953    0.203611    0.391871   10.529121 ^ clkbuf_0_sys_clk/X (sky130_fd_sc_hd__clkbuf_16)
                                                         clknet_0_sys_clk (net)
                      0.203953    0.005842   10.534965 ^ clkbuf_4_15_0_sys_clk/A (sky130_fd_sc_hd__clkbuf_8)
    10    0.038409    0.125820    0.335063   10.870027 ^ clkbuf_4_15_0_sys_clk/X (sky130_fd_sc_hd__clkbuf_8)
                                                         clknet_4_15_0_sys_clk (net)
                      0.125942    0.003480   10.873507 ^ _2219_/CLK (sky130_fd_sc_hd__dfxtp_1)
                                 -0.250000   10.623507   clock uncertainty
                                  0.000000   10.623507   clock reconvergence pessimism
                                 -0.263635   10.359872   library setup time
                                             10.359872   data required time
---------------------------------------------------------------------------------------------
                                             10.359872   data required time
                                            -11.066700   data arrival time
---------------------------------------------------------------------------------------------
                                             -0.706828   slack (VIOLATED)




===========================================================================
 report_check_types -max_slew -max_cap -max_fanout -violators
============================================================================
======================= max_ss_100C_1v60 Corner ===================================

max slew

Pin                                        Limit        Slew       Slack
------------------------------------------------------------------------
_1765_/D                                0.750000    0.752959   -0.002960 (VIOLATED)
_1764_/A3                               0.750000    0.752959   -0.002959 (VIOLATED)
_1763_/Y                                0.750000    0.752957   -0.002957 (VIOLATED)

max fanout

Pin                                   Limit Fanout  Slack
---------------------------------------------------------
clkbuf_0_sys_clk/X                        5     16    -11 (VIOLATED)
clkbuf_4_7_0_sys_clk/X                    5     11     -6 (VIOLATED)
clkbuf_4_10_0_sys_clk/X                   5     10     -5 (VIOLATED)
clkbuf_4_15_0_sys_clk/X                   5     10     -5 (VIOLATED)
clkbuf_4_2_0_sys_clk/X                    5     10     -5 (VIOLATED)
clkbuf_4_4_0_sys_clk/X                    5     10     -5 (VIOLATED)
clkbuf_4_0_0_sys_clk/X                    5      9     -4 (VIOLATED)
clkbuf_4_1_0_sys_clk/X                    5      9     -4 (VIOLATED)
clkbuf_4_5_0_sys_clk/X                    5      9     -4 (VIOLATED)
clkbuf_4_6_0_sys_clk/X                    5      9     -4 (VIOLATED)
clkbuf_4_14_0_sys_clk/X                   5      8     -3 (VIOLATED)
clkbuf_4_3_0_sys_clk/X                    5      8     -3 (VIOLATED)
clkbuf_4_11_0_sys_clk/X                   5      7     -2 (VIOLATED)
clkbuf_4_13_0_sys_clk/X                   5      7     -2 (VIOLATED)
clkbuf_4_9_0_sys_clk/X                    5      7     -2 (VIOLATED)
clkbuf_4_12_0_sys_clk/X                   5      6        (VIOLATED)
clkbuf_4_8_0_sys_clk/X                    5      6        (VIOLATED)
fanout267/X                               5      6        (VIOLATED)



===========================================================================
report_parasitic_annotation -report_unannotated
============================================================================
Found 15 unannotated drivers.
 clkload0/Y
 clkload1/Y
 clkload10/Y
 clkload11/Y
 clkload12/Y
 clkload13/Y
 clkload14/X
 clkload2/X
 clkload3/Y
 clkload4/X
 clkload5/Y
 clkload6/Y
 clkload7/Y
 clkload8/Y
 clkload9/X
Found 0 partially unannotated drivers.

===========================================================================
max slew violation count 3
max fanout violation count 18
max cap violation count 0
============================================================================

===========================================================================
check_setup -verbose -unconstrained_endpoints -multiple_clock -no_clock -no_input_delay -loops -generated_clocks
===========================================================================
Warning: There are 33 unclocked register/latch pins.
  _2133_/CLK
  _2221_/CLK
  _2222_/CLK
  _2223_/CLK
  _2224_/CLK
  _2225_/CLK
  _2226_/CLK
  _2227_/CLK
  _2228_/CLK
  _2229_/CLK
  _2230_/CLK
  _2231_/CLK
  _2232_/CLK
  _2233_/CLK
  _2234_/CLK
  _2235_/CLK
  _2236_/CLK
  _2237_/CLK
  _2238_/CLK
  _2239_/CLK
  _2240_/CLK
  _2241_/CLK
  _2242_/CLK
  _2243_/CLK
  _2244_/CLK
  _2245_/CLK
  _2246_/CLK
  _2247_/CLK
  _2248_/CLK
  _2249_/CLK
  _2250_/CLK
  _2251_/CLK
  _2252_/CLK
Warning: There are 33 unconstrained endpoints.
  _2133_/D
  _2221_/D
  _2222_/D
  _2223_/D
  _2224_/D
  _2225_/D
  _2226_/D
  _2227_/D
  _2228_/D
  _2229_/D
  _2230_/D
  _2231_/D
  _2232_/D
  _2233_/D
  _2234_/D
  _2235_/D
  _2236_/D
  _2237_/D
  _2238_/D
  _2239_/D
  _2240_/D
  _2241_/D
  _2242_/D
  _2243_/D
  _2244_/D
  _2245_/D
  _2246_/D
  _2247_/D
  _2248_/D
  _2249_/D
  _2250_/D
  _2251_/D
  _2252_/D
