Clock: sys_clk
Sources: sys_clk 
Generated: no
Virtual: yes
Propagated: no
Period: 10.000000

===========================================================================
report_clock_properties
============================================================================
Clock                   Period          Waveform
----------------------------------------------------
sys_clk              10.000000    0.000000  5.000000

===========================================================================
report_clock_latency
============================================================================
Clock sys_clk
rise -> rise
    min     max
0.000000 0.000000 source latency
0.843337         network latency _2174_/CLK
        3.294144 network latency _2234_/CLK
---------------
0.843337 3.294144 latency
        2.450807 skew

rise -> fall
    min     max
0.000000 0.000000 source latency
2.216972         network latency _2223_/CLK
        2.995723 network latency _2234_/CLK
---------------
2.216972 2.995723 latency
        0.778751 skew

fall -> fall
    min     max
0.000000 0.000000 source latency
0.741794         network latency _2174_/CLK
        0.767605 network latency _2181_/CLK
---------------
0.741794 0.767605 latency
        0.025811 skew



===========================================================================
report_clock_min_period
============================================================================
sys_clk period_min = 10.71 fmax = 93.40
