Using 14 threads…
Using a tile size of (500 µm)²…
Reading /Users/refikyalcin/vlsi/digital/Tiny-PLL/openlane/runs/RUN_2025-12-17_14-52-26/56-magic-streamout/pll_top.magic.gds ..
Reading /Users/refikyalcin/vlsi/digital/Tiny-PLL/openlane/runs/RUN_2025-12-17_14-52-26/57-klayout-streamout/pll_top.klayout.gds ..
--- Running XOR for layer 122/16 ---
"input" in: xor.drc:109
    Polygons (raw): 3741 (flat)  113 (hierarchical)
    Elapsed: 0.000s
"input" in: xor.drc:109
    Polygons (raw): 3741 (flat)  113 (hierarchical)
    Elapsed: 0.000s
"^" in: xor.drc:109
    Polygons (raw): 0 (flat)  0 (hierarchical)
    Elapsed: 0.020s
XOR differences: 0
"output" in: xor.drc:86
    Polygons (raw): 0 (flat)  0 (hierarchical)
    Elapsed: 0.000s
--- Running XOR for layer 235/4 ---
"input" in: xor.drc:109
    Polygons (raw): 1 (flat)  1 (hierarchical)
    Elapsed: 0.000s
"input" in: xor.drc:109
    Polygons (raw): 1 (flat)  1 (hierarchical)
    Elapsed: 0.000s
"^" in: xor.drc:109
    Polygons (raw): 0 (flat)  0 (hierarchical)
    Elapsed: 0.000s
XOR differences: 0
"output" in: xor.drc:86
    Polygons (raw): 0 (flat)  0 (hierarchical)
    Elapsed: 0.000s
--- Running XOR for layer 236/0 ---
"input" in: xor.drc:109
    Polygons (raw): 2939 (flat)  106 (hierarchical)
    Elapsed: 0.000s
"input" in: xor.drc:109
    Polygons (raw): 2939 (flat)  106 (hierarchical)
    Elapsed: 0.000s
"^" in: xor.drc:109
    Polygons (raw): 0 (flat)  0 (hierarchical)
    Elapsed: 0.010s
XOR differences: 0
"output" in: xor.drc:86
    Polygons (raw): 0 (flat)  0 (hierarchical)
    Elapsed: 0.000s
--- Running XOR for layer 64/16 ---
"input" in: xor.drc:109
    Polygons (raw): 3735 (flat)  111 (hierarchical)
    Elapsed: 0.000s
"input" in: xor.drc:109
    Polygons (raw): 3735 (flat)  111 (hierarchical)
    Elapsed: 0.000s
"^" in: xor.drc:109
    Polygons (raw): 0 (flat)  0 (hierarchical)
    Elapsed: 0.010s
XOR differences: 0
"output" in: xor.drc:86
    Polygons (raw): 0 (flat)  0 (hierarchical)
    Elapsed: 0.000s
--- Running XOR for layer 64/20 ---
"input" in: xor.drc:109
    Polygons (raw): 3964 (flat)  109 (hierarchical)
    Elapsed: 0.000s
"input" in: xor.drc:109
    Polygons (raw): 3964 (flat)  109 (hierarchical)
    Elapsed: 0.000s
"^" in: xor.drc:109
    Polygons (raw): 0 (flat)  0 (hierarchical)
    Elapsed: 0.010s
XOR differences: 0
"output" in: xor.drc:86
    Polygons (raw): 0 (flat)  0 (hierarchical)
    Elapsed: 0.000s
--- Running XOR for layer 64/5 ---
"input" in: xor.drc:109
    Polygons (raw): 0 (flat)  0 (hierarchical)
    Elapsed: 0.000s
"input" in: xor.drc:109
    Polygons (raw): 0 (flat)  0 (hierarchical)
    Elapsed: 0.000s
"^" in: xor.drc:109
    Polygons (raw): 0 (flat)  0 (hierarchical)
    Elapsed: 0.000s
XOR differences: 0
"output" in: xor.drc:86
    Polygons (raw): 0 (flat)  0 (hierarchical)
    Elapsed: 0.000s
--- Running XOR for layer 64/59 ---
"input" in: xor.drc:109
    Polygons (raw): 0 (flat)  0 (hierarchical)
    Elapsed: 0.000s
"input" in: xor.drc:109
    Polygons (raw): 0 (flat)  0 (hierarchical)
    Elapsed: 0.000s
"^" in: xor.drc:109
    Polygons (raw): 0 (flat)  0 (hierarchical)
    Elapsed: 0.010s
XOR differences: 0
"output" in: xor.drc:86
    Polygons (raw): 0 (flat)  0 (hierarchical)
    Elapsed: 0.000s
--- Running XOR for layer 65/20 ---
"input" in: xor.drc:109
    Polygons (raw): 7393 (flat)  311 (hierarchical)
    Elapsed: 0.000s
"input" in: xor.drc:109
    Polygons (raw): 7393 (flat)  311 (hierarchical)
    Elapsed: 0.000s
"^" in: xor.drc:109
    Polygons (raw): 0 (flat)  0 (hierarchical)
    Elapsed: 0.030s
XOR differences: 0
"output" in: xor.drc:86
    Polygons (raw): 0 (flat)  0 (hierarchical)
    Elapsed: 0.000s
--- Running XOR for layer 65/44 ---
"input" in: xor.drc:109
    Polygons (raw): 756 (flat)  2 (hierarchical)
    Elapsed: 0.000s
"input" in: xor.drc:109
    Polygons (raw): 756 (flat)  2 (hierarchical)
    Elapsed: 0.000s
"^" in: xor.drc:109
    Polygons (raw): 0 (flat)  0 (hierarchical)
    Elapsed: 0.010s
XOR differences: 0
"output" in: xor.drc:86
    Polygons (raw): 0 (flat)  0 (hierarchical)
    Elapsed: 0.000s
--- Running XOR for layer 66/20 ---
"input" in: xor.drc:109
    Polygons (raw): 10134 (flat)  511 (hierarchical)
    Elapsed: 0.000s
"input" in: xor.drc:109
    Polygons (raw): 10134 (flat)  511 (hierarchical)
    Elapsed: 0.000s
"^" in: xor.drc:109
    Polygons (raw): 0 (flat)  0 (hierarchical)
    Elapsed: 0.060s
XOR differences: 0
"output" in: xor.drc:86
    Polygons (raw): 0 (flat)  0 (hierarchical)
    Elapsed: 0.000s
--- Running XOR for layer 66/44 ---
"input" in: xor.drc:109
    Polygons (raw): 45622 (flat)  2965 (hierarchical)
    Elapsed: 0.000s
"input" in: xor.drc:109
    Polygons (raw): 45622 (flat)  2965 (hierarchical)
    Elapsed: 0.000s
"^" in: xor.drc:109
    Polygons (raw): 0 (flat)  0 (hierarchical)
    Elapsed: 0.110s
XOR differences: 0
"output" in: xor.drc:86
    Polygons (raw): 0 (flat)  0 (hierarchical)
    Elapsed: 0.000s
--- Running XOR for layer 67/16 ---
"input" in: xor.drc:109
    Polygons (raw): 10202 (flat)  856 (hierarchical)
    Elapsed: 0.000s
"input" in: xor.drc:109
    Polygons (raw): 10202 (flat)  856 (hierarchical)
    Elapsed: 0.000s
"^" in: xor.drc:109
    Polygons (raw): 0 (flat)  0 (hierarchical)
    Elapsed: 0.030s
XOR differences: 0
"output" in: xor.drc:86
    Polygons (raw): 0 (flat)  0 (hierarchical)
    Elapsed: 0.000s
--- Running XOR for layer 67/20 ---
"input" in: xor.drc:109
    Polygons (raw): 25307 (flat)  5952 (hierarchical)
    Elapsed: 0.000s
"input" in: xor.drc:109
    Polygons (raw): 25307 (flat)  889 (hierarchical)
    Elapsed: 0.000s
"^" in: xor.drc:109
    Polygons (raw): 0 (flat)  0 (hierarchical)
    Elapsed: 0.150s
XOR differences: 0
"output" in: xor.drc:86
    Polygons (raw): 0 (flat)  0 (hierarchical)
    Elapsed: 0.010s
--- Running XOR for layer 67/44 ---
"input" in: xor.drc:109
    Polygons (raw): 50216 (flat)  6886 (hierarchical)
    Elapsed: 0.000s
"input" in: xor.drc:109
    Polygons (raw): 50216 (flat)  1823 (hierarchical)
    Elapsed: 0.000s
"^" in: xor.drc:109
    Polygons (raw): 0 (flat)  0 (hierarchical)
    Elapsed: 0.110s
XOR differences: 0
"output" in: xor.drc:86
    Polygons (raw): 0 (flat)  0 (hierarchical)
    Elapsed: 0.000s
--- Running XOR for layer 67/5 ---
"input" in: xor.drc:109
    Polygons (raw): 0 (flat)  0 (hierarchical)
    Elapsed: 0.000s
"input" in: xor.drc:109
    Polygons (raw): 0 (flat)  0 (hierarchical)
    Elapsed: 0.000s
"^" in: xor.drc:109
    Polygons (raw): 0 (flat)  0 (hierarchical)
    Elapsed: 0.010s
XOR differences: 0
"output" in: xor.drc:86
    Polygons (raw): 0 (flat)  0 (hierarchical)
    Elapsed: 0.000s
--- Running XOR for layer 68/16 ---
"input" in: xor.drc:109
    Polygons (raw): 7978 (flat)  220 (hierarchical)
    Elapsed: 0.000s
"input" in: xor.drc:109
    Polygons (raw): 7978 (flat)  220 (hierarchical)
    Elapsed: 0.000s
"^" in: xor.drc:109
    Polygons (raw): 0 (flat)  0 (hierarchical)
    Elapsed: 0.020s
XOR differences: 0
"output" in: xor.drc:86
    Polygons (raw): 0 (flat)  0 (hierarchical)
    Elapsed: 0.000s
--- Running XOR for layer 68/20 ---
"input" in: xor.drc:109
    Polygons (raw): 28127 (flat)  20069 (hierarchical)
    Elapsed: 0.000s
"input" in: xor.drc:109
    Polygons (raw): 24397 (flat)  6131 (hierarchical)
    Elapsed: 0.000s
"^" in: xor.drc:109
    Polygons (raw): 0 (flat)  0 (hierarchical)
    Elapsed: 0.110s
XOR differences: 0
"output" in: xor.drc:86
    Polygons (raw): 0 (flat)  0 (hierarchical)
    Elapsed: 0.000s
--- Running XOR for layer 68/44 ---
"input" in: xor.drc:109
    Polygons (raw): 7008 (flat)  7008 (hierarchical)
    Elapsed: 0.000s
"input" in: xor.drc:109
    Polygons (raw): 7008 (flat)  8 (hierarchical)
    Elapsed: 0.000s
"^" in: xor.drc:109
    Polygons (raw): 0 (flat)  0 (hierarchical)
    Elapsed: 0.010s
XOR differences: 0
"output" in: xor.drc:86
    Polygons (raw): 0 (flat)  0 (hierarchical)
    Elapsed: 0.000s
--- Running XOR for layer 68/5 ---
"input" in: xor.drc:109
    Polygons (raw): 0 (flat)  0 (hierarchical)
    Elapsed: 0.000s
"input" in: xor.drc:109
    Polygons (raw): 0 (flat)  0 (hierarchical)
    Elapsed: 0.000s
"^" in: xor.drc:109
    Polygons (raw): 0 (flat)  0 (hierarchical)
    Elapsed: 0.000s
XOR differences: 0
"output" in: xor.drc:86
    Polygons (raw): 0 (flat)  0 (hierarchical)
    Elapsed: 0.000s
--- Running XOR for layer 69/16 ---
"input" in: xor.drc:109
    Polygons (raw): 46 (flat)  46 (hierarchical)
    Elapsed: 0.000s
"input" in: xor.drc:109
    Polygons (raw): 46 (flat)  46 (hierarchical)
    Elapsed: 0.000s
"^" in: xor.drc:109
    Polygons (raw): 0 (flat)  0 (hierarchical)
    Elapsed: 0.010s
XOR differences: 0
"output" in: xor.drc:86
    Polygons (raw): 0 (flat)  0 (hierarchical)
    Elapsed: 0.000s
--- Running XOR for layer 69/20 ---
"input" in: xor.drc:109
    Polygons (raw): 8801 (flat)  8801 (hierarchical)
    Elapsed: 0.000s
"input" in: xor.drc:109
    Polygons (raw): 8965 (flat)  3320 (hierarchical)
    Elapsed: 0.000s
"^" in: xor.drc:109
    Polygons (raw): 0 (flat)  0 (hierarchical)
    Elapsed: 0.040s
XOR differences: 0
"output" in: xor.drc:86
    Polygons (raw): 0 (flat)  0 (hierarchical)
    Elapsed: 0.000s
--- Running XOR for layer 69/44 ---
"input" in: xor.drc:109
    Polygons (raw): 1990 (flat)  1990 (hierarchical)
    Elapsed: 0.000s
"input" in: xor.drc:109
    Polygons (raw): 1990 (flat)  6 (hierarchical)
    Elapsed: 0.000s
"^" in: xor.drc:109
    Polygons (raw): 0 (flat)  0 (hierarchical)
    Elapsed: 0.000s
XOR differences: 0
"output" in: xor.drc:86
    Polygons (raw): 0 (flat)  0 (hierarchical)
    Elapsed: 0.000s
--- Running XOR for layer 69/5 ---
"input" in: xor.drc:109
    Polygons (raw): 0 (flat)  0 (hierarchical)
    Elapsed: 0.000s
"input" in: xor.drc:109
    Polygons (raw): 0 (flat)  0 (hierarchical)
    Elapsed: 0.000s
"^" in: xor.drc:109
    Polygons (raw): 0 (flat)  0 (hierarchical)
    Elapsed: 0.010s
XOR differences: 0
"output" in: xor.drc:86
    Polygons (raw): 0 (flat)  0 (hierarchical)
    Elapsed: 0.000s
--- Running XOR for layer 70/16 ---
"input" in: xor.drc:109
    Polygons (raw): 55 (flat)  55 (hierarchical)
    Elapsed: 0.000s
"input" in: xor.drc:109
    Polygons (raw): 55 (flat)  55 (hierarchical)
    Elapsed: 0.000s
"^" in: xor.drc:109
    Polygons (raw): 0 (flat)  0 (hierarchical)
    Elapsed: 0.000s
XOR differences: 0
"output" in: xor.drc:86
    Polygons (raw): 0 (flat)  0 (hierarchical)
    Elapsed: 0.000s
--- Running XOR for layer 70/20 ---
"input" in: xor.drc:109
    Polygons (raw): 859 (flat)  859 (hierarchical)
    Elapsed: 0.000s
"input" in: xor.drc:109
    Polygons (raw): 1451 (flat)  571 (hierarchical)
    Elapsed: 0.000s
"^" in: xor.drc:109
    Polygons (raw): 0 (flat)  0 (hierarchical)
    Elapsed: 0.010s
XOR differences: 0
"output" in: xor.drc:86
    Polygons (raw): 0 (flat)  0 (hierarchical)
    Elapsed: 0.000s
--- Running XOR for layer 70/44 ---
"input" in: xor.drc:109
    Polygons (raw): 1870 (flat)  1870 (hierarchical)
    Elapsed: 0.000s
"input" in: xor.drc:109
    Polygons (raw): 1870 (flat)  6 (hierarchical)
    Elapsed: 0.000s
"^" in: xor.drc:109
    Polygons (raw): 0 (flat)  0 (hierarchical)
    Elapsed: 0.010s
XOR differences: 0
"output" in: xor.drc:86
    Polygons (raw): 0 (flat)  0 (hierarchical)
    Elapsed: 0.000s
--- Running XOR for layer 70/5 ---
"input" in: xor.drc:109
    Polygons (raw): 0 (flat)  0 (hierarchical)
    Elapsed: 0.000s
"input" in: xor.drc:109
    Polygons (raw): 0 (flat)  0 (hierarchical)
    Elapsed: 0.000s
"^" in: xor.drc:109
    Polygons (raw): 0 (flat)  0 (hierarchical)
    Elapsed: 0.000s
XOR differences: 0
"output" in: xor.drc:86
    Polygons (raw): 0 (flat)  0 (hierarchical)
    Elapsed: 0.000s
--- Running XOR for layer 71/16 ---
"input" in: xor.drc:109
    Polygons (raw): 12 (flat)  12 (hierarchical)
    Elapsed: 0.000s
"input" in: xor.drc:109
    Polygons (raw): 12 (flat)  12 (hierarchical)
    Elapsed: 0.000s
"^" in: xor.drc:109
    Polygons (raw): 0 (flat)  0 (hierarchical)
    Elapsed: 0.010s
XOR differences: 0
"output" in: xor.drc:86
    Polygons (raw): 0 (flat)  0 (hierarchical)
    Elapsed: 0.000s
--- Running XOR for layer 71/20 ---
"input" in: xor.drc:109
    Polygons (raw): 27 (flat)  27 (hierarchical)
    Elapsed: 0.000s
"input" in: xor.drc:109
    Polygons (raw): 483 (flat)  32 (hierarchical)
    Elapsed: 0.000s
"^" in: xor.drc:109
    Polygons (raw): 0 (flat)  0 (hierarchical)
    Elapsed: 0.000s
XOR differences: 0
"output" in: xor.drc:86
    Polygons (raw): 0 (flat)  0 (hierarchical)
    Elapsed: 0.000s
--- Running XOR for layer 71/44 ---
"input" in: xor.drc:109
    Polygons (raw): 72 (flat)  72 (hierarchical)
    Elapsed: 0.000s
"input" in: xor.drc:109
    Polygons (raw): 72 (flat)  1 (hierarchical)
    Elapsed: 0.010s
"^" in: xor.drc:109
    Polygons (raw): 0 (flat)  0 (hierarchical)
    Elapsed: 0.000s
XOR differences: 0
"output" in: xor.drc:86
    Polygons (raw): 0 (flat)  0 (hierarchical)
    Elapsed: 0.000s
--- Running XOR for layer 71/5 ---
"input" in: xor.drc:109
    Polygons (raw): 0 (flat)  0 (hierarchical)
    Elapsed: 0.000s
"input" in: xor.drc:109
    Polygons (raw): 0 (flat)  0 (hierarchical)
    Elapsed: 0.000s
"^" in: xor.drc:109
    Polygons (raw): 0 (flat)  0 (hierarchical)
    Elapsed: 0.000s
XOR differences: 0
"output" in: xor.drc:86
    Polygons (raw): 0 (flat)  0 (hierarchical)
    Elapsed: 0.000s
--- Running XOR for layer 72/16 ---
"input" in: xor.drc:109
    Polygons (raw): 12 (flat)  12 (hierarchical)
    Elapsed: 0.000s
"input" in: xor.drc:109
    Polygons (raw): 12 (flat)  12 (hierarchical)
    Elapsed: 0.000s
"^" in: xor.drc:109
    Polygons (raw): 0 (flat)  0 (hierarchical)
    Elapsed: 0.020s
XOR differences: 0
"output" in: xor.drc:86
    Polygons (raw): 0 (flat)  0 (hierarchical)
    Elapsed: 0.000s
--- Running XOR for layer 72/20 ---
"input" in: xor.drc:109
    Polygons (raw): 12 (flat)  12 (hierarchical)
    Elapsed: 0.000s
"input" in: xor.drc:109
    Polygons (raw): 96 (flat)  25 (hierarchical)
    Elapsed: 0.000s
"^" in: xor.drc:109
    Polygons (raw): 0 (flat)  0 (hierarchical)
    Elapsed: 0.000s
XOR differences: 0
"output" in: xor.drc:86
    Polygons (raw): 0 (flat)  0 (hierarchical)
    Elapsed: 0.000s
--- Running XOR for layer 72/5 ---
"input" in: xor.drc:109
    Polygons (raw): 0 (flat)  0 (hierarchical)
    Elapsed: 0.000s
"input" in: xor.drc:109
    Polygons (raw): 0 (flat)  0 (hierarchical)
    Elapsed: 0.000s
"^" in: xor.drc:109
    Polygons (raw): 0 (flat)  0 (hierarchical)
    Elapsed: 0.010s
XOR differences: 0
"output" in: xor.drc:86
    Polygons (raw): 0 (flat)  0 (hierarchical)
    Elapsed: 0.000s
--- Running XOR for layer 78/44 ---
"input" in: xor.drc:109
    Polygons (raw): 4014 (flat)  111 (hierarchical)
    Elapsed: 0.000s
"input" in: xor.drc:109
    Polygons (raw): 4014 (flat)  111 (hierarchical)
    Elapsed: 0.000s
"^" in: xor.drc:109
    Polygons (raw): 0 (flat)  0 (hierarchical)
    Elapsed: 0.010s
XOR differences: 0
"output" in: xor.drc:86
    Polygons (raw): 0 (flat)  0 (hierarchical)
    Elapsed: 0.000s
--- Running XOR for layer 81/4 ---
"input" in: xor.drc:109
    Polygons (raw): 3964 (flat)  109 (hierarchical)
    Elapsed: 0.000s
"input" in: xor.drc:109
    Polygons (raw): 3964 (flat)  109 (hierarchical)
    Elapsed: 0.000s
"^" in: xor.drc:109
    Polygons (raw): 0 (flat)  0 (hierarchical)
    Elapsed: 0.020s
XOR differences: 0
"output" in: xor.drc:86
    Polygons (raw): 0 (flat)  0 (hierarchical)
    Elapsed: 0.000s
--- Running XOR for layer 83/44 ---
"input" in: xor.drc:109
    Polygons (raw): 0 (flat)  0 (hierarchical)
    Elapsed: 0.000s
"input" in: xor.drc:109
    Polygons (raw): 0 (flat)  0 (hierarchical)
    Elapsed: 0.000s
"^" in: xor.drc:109
    Polygons (raw): 0 (flat)  0 (hierarchical)
    Elapsed: 0.010s
XOR differences: 0
"output" in: xor.drc:86
    Polygons (raw): 0 (flat)  0 (hierarchical)
    Elapsed: 0.000s
--- Running XOR for layer 93/44 ---
"input" in: xor.drc:109
    Polygons (raw): 4342 (flat)  110 (hierarchical)
    Elapsed: 0.000s
"input" in: xor.drc:109
    Polygons (raw): 4342 (flat)  110 (hierarchical)
    Elapsed: 0.000s
"^" in: xor.drc:109
    Polygons (raw): 0 (flat)  0 (hierarchical)
    Elapsed: 0.020s
XOR differences: 0
"output" in: xor.drc:86
    Polygons (raw): 0 (flat)  0 (hierarchical)
    Elapsed: 0.000s
--- Running XOR for layer 94/20 ---
"input" in: xor.drc:109
    Polygons (raw): 4342 (flat)  110 (hierarchical)
    Elapsed: 0.000s
"input" in: xor.drc:109
    Polygons (raw): 4342 (flat)  110 (hierarchical)
    Elapsed: 0.000s
"^" in: xor.drc:109
    Polygons (raw): 0 (flat)  0 (hierarchical)
    Elapsed: 0.030s
XOR differences: 0
"output" in: xor.drc:86
    Polygons (raw): 0 (flat)  0 (hierarchical)
    Elapsed: 0.000s
--- Running XOR for layer 95/20 ---
"input" in: xor.drc:109
    Polygons (raw): 3095 (flat)  117 (hierarchical)
    Elapsed: 0.000s
"input" in: xor.drc:109
    Polygons (raw): 3095 (flat)  117 (hierarchical)
    Elapsed: 0.000s
"^" in: xor.drc:109
    Polygons (raw): 0 (flat)  0 (hierarchical)
    Elapsed: 0.020s
XOR differences: 0
"output" in: xor.drc:86
    Polygons (raw): 0 (flat)  0 (hierarchical)
    Elapsed: 0.000s
---
Total XOR differences: 0
Writing report database: /Users/refikyalcin/vlsi/digital/Tiny-PLL/openlane/runs/RUN_2025-12-17_14-52-26/60-klayout-xor/xor.xml ..
Total elapsed: 1.050s
/Users/refikyalcin/vlsi/digital/Tiny-PLL/openlane/runs/RUN_2025-12-17_14-52-26/56-magic-streamout/pll_top.magic.gds
/Users/refikyalcin/vlsi/digital/Tiny-PLL/openlane/runs/RUN_2025-12-17_14-52-26/57-klayout-streamout/pll_top.klayout.gds
%OL_METRIC_I design__xor_difference__count 0
