Clock: sys_clk
Sources: sys_clk 
Generated: no
Virtual: yes
Propagated: no
Period: 24.000000

===========================================================================
report_clock_properties
============================================================================
Clock                   Period          Waveform
----------------------------------------------------
sys_clk              24.000000    0.000000 12.000000

===========================================================================
report_clock_latency
============================================================================
Clock sys_clk
rise -> rise
    min     max
0.000000 0.000000 source latency
0.565087         network latency _2400_/CLK
        2.308694 network latency _2408_/CLK
---------------
0.565087 2.308694 latency
        1.743608 skew

rise -> fall
    min     max
0.000000 0.000000 source latency
1.505981         network latency _2415_/CLK
        2.280309 network latency _2408_/CLK
---------------
1.505981 2.280309 latency
        0.774328 skew

fall -> fall
    min     max
0.000000 0.000000 source latency
0.534521         network latency _2400_/CLK
        0.552608 network latency _2372_/CLK
---------------
0.534521 0.552608 latency
        0.018087 skew



===========================================================================
report_clock_min_period
============================================================================
sys_clk period_min = 8.48 fmax = 117.88
