[WARNING ORD-0039] .openroad ignored with -python
Unannotated report:
['report_parasitic_annotation -report_unannotated\n',
 '============================================================================\n',
 'Found 15 unannotated drivers.\n',
 ' clkload0/Z\n',
 ' clkload1/Z\n',
 ' clkload10/ZN\n',
 ' clkload11/ZN\n',
 ' clkload12/Z\n',
 ' clkload13/ZN\n',
 ' clkload14/ZN\n',
 ' clkload2/Z\n',
 ' clkload3/ZN\n',
 ' clkload4/ZN\n',
 ' clkload5/ZN\n',
 ' clkload6/ZN\n',
 ' clkload7/Z\n',
 ' clkload8/ZN\n',
 ' clkload9/ZN\n',
 'Found 0 partially unannotated drivers.\n',
 '\n']
Reported nets:
['clkload0/Z',
 'clkload1/Z',
 'clkload10/ZN',
 'clkload11/ZN',
 'clkload12/Z',
 'clkload13/ZN',
 'clkload14/ZN',
 'clkload2/Z',
 'clkload3/ZN',
 'clkload4/ZN',
 'clkload5/ZN',
 'clkload6/ZN',
 'clkload7/Z',
 'clkload8/ZN',
 'clkload9/ZN']
Filtered nets:
[]
done
