Clock: sys_clk
Sources: sys_clk 
Generated: no
Virtual: yes
Propagated: no
Period: 10.000000

===========================================================================
report_clock_properties
============================================================================
Clock                   Period          Waveform
----------------------------------------------------
sys_clk              10.000000    0.000000  5.000000

===========================================================================
report_clock_latency
============================================================================
Clock sys_clk
rise -> rise
    min     max
0.000000 0.000000 source latency
0.417692         network latency _2169_/CLK
        1.311862 network latency _2234_/CLK
---------------
0.417692 1.311862 latency
        0.894171 skew

rise -> fall
    min     max
0.000000 0.000000 source latency
0.977241         network latency _2252_/CLK
        1.189930 network latency _2234_/CLK
---------------
0.977241 1.189930 latency
        0.212690 skew

fall -> fall
    min     max
0.000000 0.000000 source latency
0.370770         network latency _2169_/CLK
        0.376772 network latency _2124_/CLK
---------------
0.370770 0.376772 latency
        0.006002 skew



===========================================================================
report_clock_min_period
============================================================================
sys_clk period_min = 5.15 fmax = 193.99
