
===========================================================================
report_checks -unconstrained
===========================================================================
======================= nom_ss_125C_4v50 Corner ===================================

Startpoint: _2370_ (rising edge-triggered flip-flop clocked by sys_clk)
Endpoint: _2406_ (rising edge-triggered flip-flop clocked by sys_clk)
Path Group: sys_clk
Path Type: max

Fanout         Cap        Slew       Delay        Time   Description
---------------------------------------------------------------------------------------------
                                  0.000000    0.000000   clock sys_clk (rise edge)
                                  0.000000    0.000000   clock source latency
     1    0.051748    0.411906    0.208907    0.208907 ^ sys_clk (in)
                                                         sys_clk (net)
                      0.411924    0.000000    0.208907 ^ clkbuf_0_sys_clk/I (gf180mcu_fd_sc_mcu7t5v0__clkbuf_16)
    16    0.261197    0.531423    0.716430    0.925338 ^ clkbuf_0_sys_clk/Z (gf180mcu_fd_sc_mcu7t5v0__clkbuf_16)
                                                         clknet_0_sys_clk (net)
                      0.531444    0.005118    0.930456 ^ clkbuf_4_3_0_sys_clk/I (gf180mcu_fd_sc_mcu7t5v0__clkbuf_8)
    10    0.053086    0.286064    0.572334    1.502790 ^ clkbuf_4_3_0_sys_clk/Z (gf180mcu_fd_sc_mcu7t5v0__clkbuf_8)
                                                         clknet_4_3_0_sys_clk (net)
                      0.286064    0.000746    1.503535 ^ _2370_/CLK (gf180mcu_fd_sc_mcu7t5v0__dffq_1)
     1    0.007634    0.238633    1.269624    2.773159 v _2370_/Q (gf180mcu_fd_sc_mcu7t5v0__dffq_1)
                                                         lf_inst.error_in[1] (net)
                      0.238633    0.000124    2.773283 v fanout279/I (gf180mcu_fd_sc_mcu7t5v0__clkbuf_1)
     2    0.017216    0.522666    0.586013    3.359296 v fanout279/Z (gf180mcu_fd_sc_mcu7t5v0__clkbuf_1)
                                                         net279 (net)
                      0.522666    0.000293    3.359589 v fanout278/I (gf180mcu_fd_sc_mcu7t5v0__clkbuf_1)
     2    0.013039    0.423308    0.593525    3.953114 v fanout278/Z (gf180mcu_fd_sc_mcu7t5v0__clkbuf_1)
                                                         net278 (net)
                      0.423308    0.000253    3.953366 v fanout277/I (gf180mcu_fd_sc_mcu7t5v0__clkbuf_1)
     2    0.013732    0.439003    0.578596    4.531962 v fanout277/Z (gf180mcu_fd_sc_mcu7t5v0__clkbuf_1)
                                                         net277 (net)
                      0.439003    0.000168    4.532131 v fanout272/I (gf180mcu_fd_sc_mcu7t5v0__clkbuf_1)
     3    0.023310    0.676804    0.734924    5.267055 v fanout272/Z (gf180mcu_fd_sc_mcu7t5v0__clkbuf_1)
                                                         net272 (net)
                      0.676804    0.000414    5.267469 v fanout271/I (gf180mcu_fd_sc_mcu7t5v0__clkbuf_1)
     2    0.010801    0.372530    0.590688    5.858157 v fanout271/Z (gf180mcu_fd_sc_mcu7t5v0__clkbuf_1)
                                                         net271 (net)
                      0.372530    0.000169    5.858326 v fanout269/I (gf180mcu_fd_sc_mcu7t5v0__clkbuf_1)
     4    0.021799    0.659599    0.694010    6.552336 v fanout269/Z (gf180mcu_fd_sc_mcu7t5v0__clkbuf_1)
                                                         net269 (net)
                      0.659599    0.000130    6.552466 v _1146_/I (gf180mcu_fd_sc_mcu7t5v0__clkinv_1)
     1    0.005159    0.320152    0.302165    6.854631 ^ _1146_/ZN (gf180mcu_fd_sc_mcu7t5v0__clkinv_1)
                                                         _0563_ (net)
                      0.320152    0.000104    6.854735 ^ fanout241/I (gf180mcu_fd_sc_mcu7t5v0__buf_1)
     4    0.039756    1.172536    0.955326    7.810061 ^ fanout241/Z (gf180mcu_fd_sc_mcu7t5v0__buf_1)
                                                         net241 (net)
                      1.172536    0.000927    7.810987 ^ fanout239/I (gf180mcu_fd_sc_mcu7t5v0__buf_1)
     4    0.029769    0.906003    0.885018    8.696006 ^ fanout239/Z (gf180mcu_fd_sc_mcu7t5v0__buf_1)
                                                         net239 (net)
                      0.906003    0.000735    8.696741 ^ fanout238/I (gf180mcu_fd_sc_mcu7t5v0__buf_2)
     4    0.045821    0.689857    0.717617    9.414358 ^ fanout238/Z (gf180mcu_fd_sc_mcu7t5v0__buf_2)
                                                         net238 (net)
                      0.689857    0.000496    9.414854 ^ _1809_/A1 (gf180mcu_fd_sc_mcu7t5v0__nor2_1)
     1    0.005909    0.366411    0.268256    9.683109 v _1809_/ZN (gf180mcu_fd_sc_mcu7t5v0__nor2_1)
                                                         _0176_ (net)
                      0.366411    0.000112    9.683222 v fanout147/I (gf180mcu_fd_sc_mcu7t5v0__buf_2)
     4    0.058365    0.527043    0.703000   10.386222 v fanout147/Z (gf180mcu_fd_sc_mcu7t5v0__buf_2)
                                                         net147 (net)
                      0.527045    0.000592   10.386814 v fanout145/I (gf180mcu_fd_sc_mcu7t5v0__buf_2)
     4    0.048373    0.453874    0.704924   11.091739 v fanout145/Z (gf180mcu_fd_sc_mcu7t5v0__buf_2)
                                                         net145 (net)
                      0.453874    0.000429   11.092168 v _1830_/A2 (gf180mcu_fd_sc_mcu7t5v0__aoi221_4)
     4    0.039063    1.760883    1.042873   12.135041 ^ _1830_/ZN (gf180mcu_fd_sc_mcu7t5v0__aoi221_4)
                                                         _0195_ (net)
                      1.760883    0.001393   12.136434 ^ _1862_/A2 (gf180mcu_fd_sc_mcu7t5v0__nor4_4)
     2    0.027697    0.804443    0.617956   12.754389 v _1862_/ZN (gf180mcu_fd_sc_mcu7t5v0__nor4_4)
                                                         _0223_ (net)
                      0.804443    0.000463   12.754851 v _1868_/A2 (gf180mcu_fd_sc_mcu7t5v0__oai31_4)
     4    0.039924    1.462263    1.068949   13.823800 ^ _1868_/ZN (gf180mcu_fd_sc_mcu7t5v0__oai31_4)
                                                         _0229_ (net)
                      1.462263    0.000466   13.824266 ^ _1882_/A1 (gf180mcu_fd_sc_mcu7t5v0__oai21_1)
     2    0.015772    0.752096    0.545900   14.370167 v _1882_/ZN (gf180mcu_fd_sc_mcu7t5v0__oai21_1)
                                                         _0241_ (net)
                      0.752096    0.000134   14.370301 v _1890_/A1 (gf180mcu_fd_sc_mcu7t5v0__aoi21_1)
     2    0.014483    1.151117    0.792634   15.162934 ^ _1890_/ZN (gf180mcu_fd_sc_mcu7t5v0__aoi21_1)
                                                         _0248_ (net)
                      1.151117    0.000208   15.163142 ^ _2160_/A1 (gf180mcu_fd_sc_mcu7t5v0__xor3_2)
     3    0.032084    0.471668    2.338609   17.501751 v _2160_/Z (gf180mcu_fd_sc_mcu7t5v0__xor3_2)
                                                         _0480_ (net)
                      0.471668    0.000385   17.502136 v _2166_/B3 (gf180mcu_fd_sc_mcu7t5v0__oai33_1)
     1    0.006792    2.241120    1.388196   18.890333 ^ _2166_/ZN (gf180mcu_fd_sc_mcu7t5v0__oai33_1)
                                                         _0485_ (net)
                      2.241120    0.000155   18.890488 ^ wire114/I (gf180mcu_fd_sc_mcu7t5v0__clkbuf_1)
     2    0.010722    0.415708    0.704997   19.595486 ^ wire114/Z (gf180mcu_fd_sc_mcu7t5v0__clkbuf_1)
                                                         net114 (net)
                      0.415708    0.000155   19.595640 ^ _2191_/A2 (gf180mcu_fd_sc_mcu7t5v0__oai31_1)
     2    0.016387    0.861081    0.499689   20.095329 v _2191_/ZN (gf180mcu_fd_sc_mcu7t5v0__oai31_1)
                                                         _0506_ (net)
                      0.861081    0.000416   20.095745 v _2193_/A2 (gf180mcu_fd_sc_mcu7t5v0__and3_1)
     2    0.018307    0.462786    0.977005   21.072750 v _2193_/Z (gf180mcu_fd_sc_mcu7t5v0__and3_1)
                                                         _0508_ (net)
                      0.462786    0.000306   21.073055 v _2223_/A1 (gf180mcu_fd_sc_mcu7t5v0__oai21_1)
     2    0.019024    1.264770    0.864503   21.937557 ^ _2223_/ZN (gf180mcu_fd_sc_mcu7t5v0__oai21_1)
                                                         _0534_ (net)
                      1.264770    0.000423   21.937981 ^ _2227_/A2 (gf180mcu_fd_sc_mcu7t5v0__oai21_2)
     3    0.023474    0.689733    0.505105   22.443087 v _2227_/ZN (gf180mcu_fd_sc_mcu7t5v0__oai21_2)
                                                         _0538_ (net)
                      0.689733    0.000583   22.443668 v _2243_/B1 (gf180mcu_fd_sc_mcu7t5v0__oai221_2)
     2    0.016847    1.501564    1.031630   23.475298 ^ _2243_/ZN (gf180mcu_fd_sc_mcu7t5v0__oai221_2)
                                                         _0552_ (net)
                      1.501564    0.000201   23.475500 ^ _2247_/A2 (gf180mcu_fd_sc_mcu7t5v0__aoi21_1)
     1    0.008281    0.521478    0.301894   23.777393 v _2247_/ZN (gf180mcu_fd_sc_mcu7t5v0__aoi21_1)
                                                         _0555_ (net)
                      0.521478    0.000162   23.777555 v _2248_/A2 (gf180mcu_fd_sc_mcu7t5v0__xnor2_1)
     1    0.005709    0.504365    0.686409   24.463964 v _2248_/ZN (gf180mcu_fd_sc_mcu7t5v0__xnor2_1)
                                                         _0556_ (net)
                      0.504365    0.000110   24.464073 v _2250_/A2 (gf180mcu_fd_sc_mcu7t5v0__oai211_1)
     1    0.003307    0.682309    0.454905   24.918980 ^ _2250_/ZN (gf180mcu_fd_sc_mcu7t5v0__oai211_1)
                                                         _0119_ (net)
                      0.682309    0.000034   24.919014 ^ _2406_/D (gf180mcu_fd_sc_mcu7t5v0__dffq_1)
                                             24.919014   data arrival time

                                 24.000000   24.000000   clock sys_clk (rise edge)
                                  0.000000   24.000000   clock source latency
     1    0.051748    0.411906    0.208907   24.208906 ^ sys_clk (in)
                                                         sys_clk (net)
                      0.411924    0.000000   24.208906 ^ clkbuf_0_sys_clk/I (gf180mcu_fd_sc_mcu7t5v0__clkbuf_16)
    16    0.261197    0.531423    0.716431   24.925337 ^ clkbuf_0_sys_clk/Z (gf180mcu_fd_sc_mcu7t5v0__clkbuf_16)
                                                         clknet_0_sys_clk (net)
                      0.531437    0.004114   24.929451 ^ clkbuf_4_8_0_sys_clk/I (gf180mcu_fd_sc_mcu7t5v0__clkbuf_8)
    10    0.057936    0.301905    0.583571   25.513021 ^ clkbuf_4_8_0_sys_clk/Z (gf180mcu_fd_sc_mcu7t5v0__clkbuf_8)
                                                         clknet_4_8_0_sys_clk (net)
                      0.301905    0.001059   25.514080 ^ _2406_/CLK (gf180mcu_fd_sc_mcu7t5v0__dffq_1)
                                 -0.250000   25.264082   clock uncertainty
                                  0.000000   25.264082   clock reconvergence pessimism
                                 -0.487911   24.776169   library setup time
                                             24.776169   data required time
---------------------------------------------------------------------------------------------
                                             24.776169   data required time
                                            -24.919014   data arrival time
---------------------------------------------------------------------------------------------
                                             -0.142844   slack (VIOLATED)




===========================================================================
report_checks --slack_max -0.01
============================================================================
======================= nom_ss_125C_4v50 Corner ===================================

Startpoint: _2370_ (rising edge-triggered flip-flop clocked by sys_clk)
Endpoint: _2406_ (rising edge-triggered flip-flop clocked by sys_clk)
Path Group: sys_clk
Path Type: max

Fanout         Cap        Slew       Delay        Time   Description
---------------------------------------------------------------------------------------------
                                  0.000000    0.000000   clock sys_clk (rise edge)
                                  0.000000    0.000000   clock source latency
     1    0.051748    0.411906    0.208907    0.208907 ^ sys_clk (in)
                                                         sys_clk (net)
                      0.411924    0.000000    0.208907 ^ clkbuf_0_sys_clk/I (gf180mcu_fd_sc_mcu7t5v0__clkbuf_16)
    16    0.261197    0.531423    0.716430    0.925338 ^ clkbuf_0_sys_clk/Z (gf180mcu_fd_sc_mcu7t5v0__clkbuf_16)
                                                         clknet_0_sys_clk (net)
                      0.531444    0.005118    0.930456 ^ clkbuf_4_3_0_sys_clk/I (gf180mcu_fd_sc_mcu7t5v0__clkbuf_8)
    10    0.053086    0.286064    0.572334    1.502790 ^ clkbuf_4_3_0_sys_clk/Z (gf180mcu_fd_sc_mcu7t5v0__clkbuf_8)
                                                         clknet_4_3_0_sys_clk (net)
                      0.286064    0.000746    1.503535 ^ _2370_/CLK (gf180mcu_fd_sc_mcu7t5v0__dffq_1)
     1    0.007634    0.238633    1.269624    2.773159 v _2370_/Q (gf180mcu_fd_sc_mcu7t5v0__dffq_1)
                                                         lf_inst.error_in[1] (net)
                      0.238633    0.000124    2.773283 v fanout279/I (gf180mcu_fd_sc_mcu7t5v0__clkbuf_1)
     2    0.017216    0.522666    0.586013    3.359296 v fanout279/Z (gf180mcu_fd_sc_mcu7t5v0__clkbuf_1)
                                                         net279 (net)
                      0.522666    0.000293    3.359589 v fanout278/I (gf180mcu_fd_sc_mcu7t5v0__clkbuf_1)
     2    0.013039    0.423308    0.593525    3.953114 v fanout278/Z (gf180mcu_fd_sc_mcu7t5v0__clkbuf_1)
                                                         net278 (net)
                      0.423308    0.000253    3.953366 v fanout277/I (gf180mcu_fd_sc_mcu7t5v0__clkbuf_1)
     2    0.013732    0.439003    0.578596    4.531962 v fanout277/Z (gf180mcu_fd_sc_mcu7t5v0__clkbuf_1)
                                                         net277 (net)
                      0.439003    0.000168    4.532131 v fanout272/I (gf180mcu_fd_sc_mcu7t5v0__clkbuf_1)
     3    0.023310    0.676804    0.734924    5.267055 v fanout272/Z (gf180mcu_fd_sc_mcu7t5v0__clkbuf_1)
                                                         net272 (net)
                      0.676804    0.000414    5.267469 v fanout271/I (gf180mcu_fd_sc_mcu7t5v0__clkbuf_1)
     2    0.010801    0.372530    0.590688    5.858157 v fanout271/Z (gf180mcu_fd_sc_mcu7t5v0__clkbuf_1)
                                                         net271 (net)
                      0.372530    0.000169    5.858326 v fanout269/I (gf180mcu_fd_sc_mcu7t5v0__clkbuf_1)
     4    0.021799    0.659599    0.694010    6.552336 v fanout269/Z (gf180mcu_fd_sc_mcu7t5v0__clkbuf_1)
                                                         net269 (net)
                      0.659599    0.000130    6.552466 v _1146_/I (gf180mcu_fd_sc_mcu7t5v0__clkinv_1)
     1    0.005159    0.320152    0.302165    6.854631 ^ _1146_/ZN (gf180mcu_fd_sc_mcu7t5v0__clkinv_1)
                                                         _0563_ (net)
                      0.320152    0.000104    6.854735 ^ fanout241/I (gf180mcu_fd_sc_mcu7t5v0__buf_1)
     4    0.039756    1.172536    0.955326    7.810061 ^ fanout241/Z (gf180mcu_fd_sc_mcu7t5v0__buf_1)
                                                         net241 (net)
                      1.172536    0.000927    7.810987 ^ fanout239/I (gf180mcu_fd_sc_mcu7t5v0__buf_1)
     4    0.029769    0.906003    0.885018    8.696006 ^ fanout239/Z (gf180mcu_fd_sc_mcu7t5v0__buf_1)
                                                         net239 (net)
                      0.906003    0.000735    8.696741 ^ fanout238/I (gf180mcu_fd_sc_mcu7t5v0__buf_2)
     4    0.045821    0.689857    0.717617    9.414358 ^ fanout238/Z (gf180mcu_fd_sc_mcu7t5v0__buf_2)
                                                         net238 (net)
                      0.689857    0.000496    9.414854 ^ _1809_/A1 (gf180mcu_fd_sc_mcu7t5v0__nor2_1)
     1    0.005909    0.366411    0.268256    9.683109 v _1809_/ZN (gf180mcu_fd_sc_mcu7t5v0__nor2_1)
                                                         _0176_ (net)
                      0.366411    0.000112    9.683222 v fanout147/I (gf180mcu_fd_sc_mcu7t5v0__buf_2)
     4    0.058365    0.527043    0.703000   10.386222 v fanout147/Z (gf180mcu_fd_sc_mcu7t5v0__buf_2)
                                                         net147 (net)
                      0.527045    0.000592   10.386814 v fanout145/I (gf180mcu_fd_sc_mcu7t5v0__buf_2)
     4    0.048373    0.453874    0.704924   11.091739 v fanout145/Z (gf180mcu_fd_sc_mcu7t5v0__buf_2)
                                                         net145 (net)
                      0.453874    0.000429   11.092168 v _1830_/A2 (gf180mcu_fd_sc_mcu7t5v0__aoi221_4)
     4    0.039063    1.760883    1.042873   12.135041 ^ _1830_/ZN (gf180mcu_fd_sc_mcu7t5v0__aoi221_4)
                                                         _0195_ (net)
                      1.760883    0.001393   12.136434 ^ _1862_/A2 (gf180mcu_fd_sc_mcu7t5v0__nor4_4)
     2    0.027697    0.804443    0.617956   12.754389 v _1862_/ZN (gf180mcu_fd_sc_mcu7t5v0__nor4_4)
                                                         _0223_ (net)
                      0.804443    0.000463   12.754851 v _1868_/A2 (gf180mcu_fd_sc_mcu7t5v0__oai31_4)
     4    0.039924    1.462263    1.068949   13.823800 ^ _1868_/ZN (gf180mcu_fd_sc_mcu7t5v0__oai31_4)
                                                         _0229_ (net)
                      1.462263    0.000466   13.824266 ^ _1882_/A1 (gf180mcu_fd_sc_mcu7t5v0__oai21_1)
     2    0.015772    0.752096    0.545900   14.370167 v _1882_/ZN (gf180mcu_fd_sc_mcu7t5v0__oai21_1)
                                                         _0241_ (net)
                      0.752096    0.000134   14.370301 v _1890_/A1 (gf180mcu_fd_sc_mcu7t5v0__aoi21_1)
     2    0.014483    1.151117    0.792634   15.162934 ^ _1890_/ZN (gf180mcu_fd_sc_mcu7t5v0__aoi21_1)
                                                         _0248_ (net)
                      1.151117    0.000208   15.163142 ^ _2160_/A1 (gf180mcu_fd_sc_mcu7t5v0__xor3_2)
     3    0.032084    0.471668    2.338609   17.501751 v _2160_/Z (gf180mcu_fd_sc_mcu7t5v0__xor3_2)
                                                         _0480_ (net)
                      0.471668    0.000385   17.502136 v _2166_/B3 (gf180mcu_fd_sc_mcu7t5v0__oai33_1)
     1    0.006792    2.241120    1.388196   18.890333 ^ _2166_/ZN (gf180mcu_fd_sc_mcu7t5v0__oai33_1)
                                                         _0485_ (net)
                      2.241120    0.000155   18.890488 ^ wire114/I (gf180mcu_fd_sc_mcu7t5v0__clkbuf_1)
     2    0.010722    0.415708    0.704997   19.595486 ^ wire114/Z (gf180mcu_fd_sc_mcu7t5v0__clkbuf_1)
                                                         net114 (net)
                      0.415708    0.000155   19.595640 ^ _2191_/A2 (gf180mcu_fd_sc_mcu7t5v0__oai31_1)
     2    0.016387    0.861081    0.499689   20.095329 v _2191_/ZN (gf180mcu_fd_sc_mcu7t5v0__oai31_1)
                                                         _0506_ (net)
                      0.861081    0.000416   20.095745 v _2193_/A2 (gf180mcu_fd_sc_mcu7t5v0__and3_1)
     2    0.018307    0.462786    0.977005   21.072750 v _2193_/Z (gf180mcu_fd_sc_mcu7t5v0__and3_1)
                                                         _0508_ (net)
                      0.462786    0.000306   21.073055 v _2223_/A1 (gf180mcu_fd_sc_mcu7t5v0__oai21_1)
     2    0.019024    1.264770    0.864503   21.937557 ^ _2223_/ZN (gf180mcu_fd_sc_mcu7t5v0__oai21_1)
                                                         _0534_ (net)
                      1.264770    0.000423   21.937981 ^ _2227_/A2 (gf180mcu_fd_sc_mcu7t5v0__oai21_2)
     3    0.023474    0.689733    0.505105   22.443087 v _2227_/ZN (gf180mcu_fd_sc_mcu7t5v0__oai21_2)
                                                         _0538_ (net)
                      0.689733    0.000583   22.443668 v _2243_/B1 (gf180mcu_fd_sc_mcu7t5v0__oai221_2)
     2    0.016847    1.501564    1.031630   23.475298 ^ _2243_/ZN (gf180mcu_fd_sc_mcu7t5v0__oai221_2)
                                                         _0552_ (net)
                      1.501564    0.000201   23.475500 ^ _2247_/A2 (gf180mcu_fd_sc_mcu7t5v0__aoi21_1)
     1    0.008281    0.521478    0.301894   23.777393 v _2247_/ZN (gf180mcu_fd_sc_mcu7t5v0__aoi21_1)
                                                         _0555_ (net)
                      0.521478    0.000162   23.777555 v _2248_/A2 (gf180mcu_fd_sc_mcu7t5v0__xnor2_1)
     1    0.005709    0.504365    0.686409   24.463964 v _2248_/ZN (gf180mcu_fd_sc_mcu7t5v0__xnor2_1)
                                                         _0556_ (net)
                      0.504365    0.000110   24.464073 v _2250_/A2 (gf180mcu_fd_sc_mcu7t5v0__oai211_1)
     1    0.003307    0.682309    0.454905   24.918980 ^ _2250_/ZN (gf180mcu_fd_sc_mcu7t5v0__oai211_1)
                                                         _0119_ (net)
                      0.682309    0.000034   24.919014 ^ _2406_/D (gf180mcu_fd_sc_mcu7t5v0__dffq_1)
                                             24.919014   data arrival time

                                 24.000000   24.000000   clock sys_clk (rise edge)
                                  0.000000   24.000000   clock source latency
     1    0.051748    0.411906    0.208907   24.208906 ^ sys_clk (in)
                                                         sys_clk (net)
                      0.411924    0.000000   24.208906 ^ clkbuf_0_sys_clk/I (gf180mcu_fd_sc_mcu7t5v0__clkbuf_16)
    16    0.261197    0.531423    0.716431   24.925337 ^ clkbuf_0_sys_clk/Z (gf180mcu_fd_sc_mcu7t5v0__clkbuf_16)
                                                         clknet_0_sys_clk (net)
                      0.531437    0.004114   24.929451 ^ clkbuf_4_8_0_sys_clk/I (gf180mcu_fd_sc_mcu7t5v0__clkbuf_8)
    10    0.057936    0.301905    0.583571   25.513021 ^ clkbuf_4_8_0_sys_clk/Z (gf180mcu_fd_sc_mcu7t5v0__clkbuf_8)
                                                         clknet_4_8_0_sys_clk (net)
                      0.301905    0.001059   25.514080 ^ _2406_/CLK (gf180mcu_fd_sc_mcu7t5v0__dffq_1)
                                 -0.250000   25.264082   clock uncertainty
                                  0.000000   25.264082   clock reconvergence pessimism
                                 -0.487911   24.776169   library setup time
                                             24.776169   data required time
---------------------------------------------------------------------------------------------
                                             24.776169   data required time
                                            -24.919014   data arrival time
---------------------------------------------------------------------------------------------
                                             -0.142844   slack (VIOLATED)




===========================================================================
 report_check_types -max_slew -max_cap -max_fanout -violators
============================================================================
======================= nom_ss_125C_4v50 Corner ===================================

max fanout

Pin                                   Limit Fanout  Slack
---------------------------------------------------------
clkbuf_0_sys_clk/Z                        4     16    -12 (VIOLATED)
clkbuf_4_2_0_sys_clk/Z                    4     11     -7 (VIOLATED)
clkbuf_4_0_0_sys_clk/Z                    4     10     -6 (VIOLATED)
clkbuf_4_13_0_sys_clk/Z                   4     10     -6 (VIOLATED)
clkbuf_4_1_0_sys_clk/Z                    4     10     -6 (VIOLATED)
clkbuf_4_3_0_sys_clk/Z                    4     10     -6 (VIOLATED)
clkbuf_4_8_0_sys_clk/Z                    4     10     -6 (VIOLATED)
clkbuf_4_15_0_sys_clk/Z                   4      9     -5 (VIOLATED)
clkbuf_4_5_0_sys_clk/Z                    4      9     -5 (VIOLATED)
clkbuf_4_10_0_sys_clk/Z                   4      8     -4 (VIOLATED)
clkbuf_4_7_0_sys_clk/Z                    4      8     -4 (VIOLATED)
clkbuf_4_12_0_sys_clk/Z                   4      7     -3 (VIOLATED)
clkbuf_4_14_0_sys_clk/Z                   4      7     -3 (VIOLATED)
clkbuf_4_4_0_sys_clk/Z                    4      7     -3 (VIOLATED)
clkbuf_4_6_0_sys_clk/Z                    4      7     -3 (VIOLATED)
clkbuf_4_9_0_sys_clk/Z                    4      7     -3 (VIOLATED)
clkbuf_4_11_0_sys_clk/Z                   4      6     -2 (VIOLATED)

max capacitance

Pin                                        Limit         Cap       Slack
------------------------------------------------------------------------
clkbuf_0_sys_clk/Z                      0.200000    0.261197   -0.061197 (VIOLATED)



===========================================================================
report_parasitic_annotation -report_unannotated
============================================================================
Found 15 unannotated drivers.
 clkload0/Z
 clkload1/Z
 clkload10/ZN
 clkload11/ZN
 clkload12/Z
 clkload13/ZN
 clkload14/ZN
 clkload2/Z
 clkload3/ZN
 clkload4/ZN
 clkload5/ZN
 clkload6/ZN
 clkload7/Z
 clkload8/ZN
 clkload9/ZN
Found 0 partially unannotated drivers.

===========================================================================
max slew violation count 0
max fanout violation count 17
max cap violation count 1
============================================================================

===========================================================================
check_setup -verbose -unconstrained_endpoints -multiple_clock -no_clock -no_input_delay -loops -generated_clocks
===========================================================================
Warning: There are 33 unclocked register/latch pins.
  _2319_/CLK
  _2407_/CLK
  _2408_/CLK
  _2409_/CLK
  _2410_/CLK
  _2411_/CLK
  _2412_/CLK
  _2413_/CLK
  _2414_/CLK
  _2415_/CLK
  _2416_/CLK
  _2417_/CLK
  _2418_/CLK
  _2419_/CLK
  _2420_/CLK
  _2421_/CLK
  _2422_/CLK
  _2423_/CLK
  _2424_/CLK
  _2425_/CLK
  _2426_/CLK
  _2427_/CLK
  _2428_/CLK
  _2429_/CLK
  _2430_/CLK
  _2431_/CLK
  _2432_/CLK
  _2433_/CLK
  _2434_/CLK
  _2435_/CLK
  _2436_/CLK
  _2437_/CLK
  _2438_/CLK
Warning: There are 33 unconstrained endpoints.
  _2319_/D
  _2407_/D
  _2408_/D
  _2409_/D
  _2410_/D
  _2411_/D
  _2412_/D
  _2413_/D
  _2414_/D
  _2415_/D
  _2416_/D
  _2417_/D
  _2418_/D
  _2419_/D
  _2420_/D
  _2421_/D
  _2422_/D
  _2423_/D
  _2424_/D
  _2425_/D
  _2426_/D
  _2427_/D
  _2428_/D
  _2429_/D
  _2430_/D
  _2431_/D
  _2432_/D
  _2433_/D
  _2434_/D
  _2435_/D
  _2436_/D
  _2437_/D
  _2438_/D
