Clock: sys_clk
Sources: sys_clk 
Generated: no
Virtual: yes
Propagated: no
Period: 24.000000

===========================================================================
report_clock_properties
============================================================================
Clock                   Period          Waveform
----------------------------------------------------
sys_clk              24.000000    0.000000 12.000000

===========================================================================
report_clock_latency
============================================================================
Clock sys_clk
rise -> rise
    min     max
0.000000 0.000000 source latency
1.489006         network latency _2400_/CLK
        6.271307 network latency _2408_/CLK
---------------
1.489006 6.271307 latency
        4.782300 skew

rise -> fall
    min     max
0.000000 0.000000 source latency
4.104282         network latency _2415_/CLK
        6.181355 network latency _2408_/CLK
---------------
4.104282 6.181355 latency
        2.077073 skew

fall -> fall
    min     max
0.000000 0.000000 source latency
1.432885         network latency _2400_/CLK
        1.474414 network latency _2372_/CLK
---------------
1.432885 1.474414 latency
        0.041529 skew



===========================================================================
report_clock_min_period
============================================================================
sys_clk period_min = 24.14 fmax = 41.42
