
===========================================================================
report_checks -unconstrained
===========================================================================
======================= min_tt_025C_1v80 Corner ===================================

Startpoint: rst_n (input port clocked by sys_clk)
Endpoint: _2142_ (recovery check against rising-edge clock sys_clk)
Path Group: asynchronous
Path Type: max

Fanout         Cap        Slew       Delay        Time   Description
---------------------------------------------------------------------------------------------
                                  0.000000    0.000000   clock sys_clk (rise edge)
                                  0.000000    0.000000   clock network delay (propagated)
                                  2.000000    2.000000 ^ input external delay
     1    0.002601    0.018882    0.009598    2.009598 ^ rst_n (in)
                                                         rst_n (net)
                      0.018882    0.000000    2.009598 ^ input66/A (sky130_fd_sc_hd__clkbuf_1)
     1    0.005560    0.074641    0.093531    2.103129 ^ input66/X (sky130_fd_sc_hd__clkbuf_1)
                                                         net66 (net)
                      0.074641    0.000127    2.103256 ^ fanout261/A (sky130_fd_sc_hd__buf_1)
     2    0.017107    0.206148    0.202923    2.306180 ^ fanout261/X (sky130_fd_sc_hd__buf_1)
                                                         net261 (net)
                      0.206153    0.000863    2.307043 ^ fanout260/A (sky130_fd_sc_hd__buf_1)
     3    0.020329    0.242395    0.253169    2.560212 ^ fanout260/X (sky130_fd_sc_hd__buf_1)
                                                         net260 (net)
                      0.242399    0.000776    2.560989 ^ fanout257/A (sky130_fd_sc_hd__buf_1)
     2    0.015707    0.189829    0.221742    2.782731 ^ fanout257/X (sky130_fd_sc_hd__buf_1)
                                                         net257 (net)
                      0.189829    0.000080    2.782811 ^ fanout256/A (sky130_fd_sc_hd__buf_1)
     3    0.013753    0.167773    0.198836    2.981647 ^ fanout256/X (sky130_fd_sc_hd__buf_1)
                                                         net256 (net)
                      0.167773    0.000352    2.981999 ^ fanout253/A (sky130_fd_sc_hd__buf_1)
     3    0.013876    0.169204    0.196709    3.178708 ^ fanout253/X (sky130_fd_sc_hd__buf_1)
                                                         net253 (net)
                      0.169204    0.000239    3.178947 ^ _2142_/RESET_B (sky130_fd_sc_hd__dfrtp_1)
                                              3.178947   data arrival time

                                 10.000000   10.000000   clock sys_clk (rise edge)
                                  0.000000   10.000000   clock source latency
     1    0.024833    0.117377    0.081422   10.081422 ^ sys_clk (in)
                                                         sys_clk (net)
                      0.117418    0.000000   10.081422 ^ clkbuf_0_sys_clk/A (sky130_fd_sc_hd__clkbuf_16)
    16    0.109389    0.123027    0.219155   10.300577 ^ clkbuf_0_sys_clk/X (sky130_fd_sc_hd__clkbuf_16)
                                                         clknet_0_sys_clk (net)
                      0.123054    0.001777   10.302355 ^ clkbuf_4_8_0_sys_clk/A (sky130_fd_sc_hd__clkbuf_8)
    10    0.035351    0.074649    0.179774   10.482128 ^ clkbuf_4_8_0_sys_clk/X (sky130_fd_sc_hd__clkbuf_8)
                                                         clknet_4_8_0_sys_clk (net)
                      0.074653    0.000639   10.482768 ^ _2142_/CLK (sky130_fd_sc_hd__dfrtp_1)
                                 -0.250000   10.232768   clock uncertainty
                                  0.000000   10.232768   clock reconvergence pessimism
                                  0.207417   10.440185   library recovery time
                                             10.440185   data required time
---------------------------------------------------------------------------------------------
                                             10.440185   data required time
                                             -3.178947   data arrival time
---------------------------------------------------------------------------------------------
                                              7.261238   slack (MET)


Startpoint: _2146_ (rising edge-triggered flip-flop clocked by sys_clk)
Endpoint: _2181_ (rising edge-triggered flip-flop clocked by sys_clk)
Path Group: sys_clk
Path Type: max

Fanout         Cap        Slew       Delay        Time   Description
---------------------------------------------------------------------------------------------
                                  0.000000    0.000000   clock sys_clk (rise edge)
                                  0.000000    0.000000   clock source latency
     1    0.024833    0.117377    0.081422    0.081422 ^ sys_clk (in)
                                                         sys_clk (net)
                      0.117418    0.000000    0.081422 ^ clkbuf_0_sys_clk/A (sky130_fd_sc_hd__clkbuf_16)
    16    0.109389    0.123027    0.219155    0.300577 ^ clkbuf_0_sys_clk/X (sky130_fd_sc_hd__clkbuf_16)
                                                         clknet_0_sys_clk (net)
                      0.123054    0.001767    0.302344 ^ clkbuf_4_9_0_sys_clk/A (sky130_fd_sc_hd__clkbuf_8)
     7    0.034742    0.073777    0.179189    0.481532 ^ clkbuf_4_9_0_sys_clk/X (sky130_fd_sc_hd__clkbuf_8)
                                                         clknet_4_9_0_sys_clk (net)
                      0.073777    0.000250    0.481782 ^ _2146_/CLK (sky130_fd_sc_hd__dfxtp_2)
     3    0.015615    0.049480    0.344570    0.826352 v _2146_/Q (sky130_fd_sc_hd__dfxtp_2)
                                                         lf_inst.error_in[1] (net)
                      0.049480    0.000189    0.826541 v fanout187/A (sky130_fd_sc_hd__buf_6)
     3    0.012488    0.027232    0.119760    0.946301 v fanout187/X (sky130_fd_sc_hd__buf_6)
                                                         net187 (net)
                      0.027233    0.000172    0.946473 v fanout185/A (sky130_fd_sc_hd__buf_6)
     5    0.013906    0.028445    0.111641    1.058114 v fanout185/X (sky130_fd_sc_hd__buf_6)
                                                         net185 (net)
                      0.028445    0.000141    1.058255 v _1819_/C_N (sky130_fd_sc_hd__nor3b_2)
     1    0.004104    0.054366    0.144483    1.202738 v _1819_/Y (sky130_fd_sc_hd__nor3b_2)
                                                         _0271_ (net)
                      0.054366    0.000062    1.202800 v fanout140/A (sky130_fd_sc_hd__clkbuf_2)
     2    0.007789    0.040059    0.117997    1.320797 v fanout140/X (sky130_fd_sc_hd__clkbuf_2)
                                                         net140 (net)
                      0.040059    0.000069    1.320866 v fanout138/A (sky130_fd_sc_hd__buf_6)
     5    0.024755    0.036646    0.127287    1.448154 v fanout138/X (sky130_fd_sc_hd__buf_6)
                                                         net138 (net)
                      0.036671    0.000838    1.448992 v fanout137/A (sky130_fd_sc_hd__buf_8)
     5    0.025437    0.033939    0.123844    1.572836 v fanout137/X (sky130_fd_sc_hd__buf_8)
                                                         net137 (net)
                      0.033944    0.000431    1.573266 v fanout136/A (sky130_fd_sc_hd__buf_8)
     5    0.027503    0.035256    0.124244    1.697511 v fanout136/X (sky130_fd_sc_hd__buf_8)
                                                         net136 (net)
                      0.035259    0.000341    1.697851 v _1844_/B (sky130_fd_sc_hd__xnor2_4)
     4    0.011433    0.077905    0.125466    1.823318 v _1844_/Y (sky130_fd_sc_hd__xnor2_4)
                                                         _0293_ (net)
                      0.077905    0.000028    1.823346 v _1859_/A (sky130_fd_sc_hd__or3b_4)
     1    0.003203    0.063039    0.392558    2.215903 v _1859_/X (sky130_fd_sc_hd__or3b_4)
                                                         _0305_ (net)
                      0.063039    0.000034    2.215937 v _1860_/C (sky130_fd_sc_hd__or4_4)
     2    0.014612    0.102602    0.515554    2.731492 v _1860_/X (sky130_fd_sc_hd__or4_4)
                                                         _0306_ (net)
                      0.102602    0.000329    2.731820 v _1865_/A2 (sky130_fd_sc_hd__a21oi_4)
     4    0.015497    0.156501    0.207942    2.939762 ^ _1865_/Y (sky130_fd_sc_hd__a21oi_4)
                                                         _0311_ (net)
                      0.156501    0.000285    2.940047 ^ _1915_/B (sky130_fd_sc_hd__and4b_1)
     1    0.006159    0.086359    0.229611    3.169657 ^ _1915_/X (sky130_fd_sc_hd__and4b_1)
                                                         _0353_ (net)
                      0.086359    0.000092    3.169749 ^ _1917_/C1 (sky130_fd_sc_hd__a211oi_2)
     2    0.007323    0.081802    0.050962    3.220712 v _1917_/Y (sky130_fd_sc_hd__a211oi_2)
                                                         _0355_ (net)
                      0.081802    0.000159    3.220871 v _1932_/A1 (sky130_fd_sc_hd__a2111o_1)
     3    0.010722    0.097830    0.419827    3.640697 v _1932_/X (sky130_fd_sc_hd__a2111o_1)
                                                         _0368_ (net)
                      0.097830    0.000223    3.640921 v _1948_/B (sky130_fd_sc_hd__or4b_4)
     3    0.008691    0.091962    0.541313    4.182233 v _1948_/X (sky130_fd_sc_hd__or4b_4)
                                                         _0382_ (net)
                      0.091962    0.000123    4.182356 v _1973_/A1 (sky130_fd_sc_hd__a2111o_1)
     3    0.012016    0.103523    0.429922    4.612278 v _1973_/X (sky130_fd_sc_hd__a2111o_1)
                                                         _0403_ (net)
                      0.103523    0.000414    4.612692 v _1980_/A2 (sky130_fd_sc_hd__a21o_1)
     1    0.002749    0.032702    0.193509    4.806202 v _1980_/X (sky130_fd_sc_hd__a21o_1)
                                                         _0410_ (net)
                      0.032702    0.000025    4.806227 v _2001_/A3 (sky130_fd_sc_hd__o31a_1)
     3    0.012943    0.090515    0.281220    5.087447 v _2001_/X (sky130_fd_sc_hd__o31a_1)
                                                         _0427_ (net)
                      0.090515    0.000345    5.087791 v _2018_/A2 (sky130_fd_sc_hd__o311a_4)
     2    0.011497    0.061642    0.380267    5.468059 v _2018_/X (sky130_fd_sc_hd__o311a_4)
                                                         _0442_ (net)
                      0.061642    0.000130    5.468189 v _2020_/B (sky130_fd_sc_hd__nor2_4)
     3    0.006912    0.075670    0.087868    5.556056 ^ _2020_/Y (sky130_fd_sc_hd__nor2_4)
                                                         _0444_ (net)
                      0.075670    0.000029    5.556086 ^ _2021_/A_N (sky130_fd_sc_hd__and3b_1)
     1    0.002708    0.036407    0.174065    5.730151 v _2021_/X (sky130_fd_sc_hd__and3b_1)
                                                         _0445_ (net)
                      0.036407    0.000028    5.730178 v _2022_/C1 (sky130_fd_sc_hd__a211o_1)
     1    0.002030    0.042791    0.211355    5.941534 v _2022_/X (sky130_fd_sc_hd__a211o_1)
                                                         _0112_ (net)
                      0.042791    0.000018    5.941551 v _2181_/D (sky130_fd_sc_hd__dfxtp_1)
                                              5.941551   data arrival time

                                 10.000000   10.000000   clock sys_clk (rise edge)
                                  0.000000   10.000000   clock source latency
     1    0.024833    0.117377    0.081422   10.081422 ^ sys_clk (in)
                                                         sys_clk (net)
                      0.117418    0.000000   10.081422 ^ clkbuf_0_sys_clk/A (sky130_fd_sc_hd__clkbuf_16)
    16    0.109389    0.123027    0.219155   10.300577 ^ clkbuf_0_sys_clk/X (sky130_fd_sc_hd__clkbuf_16)
                                                         clknet_0_sys_clk (net)
                      0.123059    0.001918   10.302495 ^ clkbuf_4_10_0_sys_clk/A (sky130_fd_sc_hd__clkbuf_8)
     7    0.034310    0.073112    0.178611   10.481106 ^ clkbuf_4_10_0_sys_clk/X (sky130_fd_sc_hd__clkbuf_8)
                                                         clknet_4_10_0_sys_clk (net)
                      0.073115    0.000586   10.481692 ^ _2181_/CLK (sky130_fd_sc_hd__dfxtp_1)
                                 -0.250000   10.231692   clock uncertainty
                                  0.000000   10.231692   clock reconvergence pessimism
                                 -0.102994   10.128698   library setup time
                                             10.128698   data required time
---------------------------------------------------------------------------------------------
                                             10.128698   data required time
                                             -5.941551   data arrival time
---------------------------------------------------------------------------------------------
                                              4.187147   slack (MET)




===========================================================================
report_checks --slack_max -0.01
============================================================================
======================= min_tt_025C_1v80 Corner ===================================

No paths found.


===========================================================================
 report_check_types -max_slew -max_cap -max_fanout -violators
============================================================================
======================= min_tt_025C_1v80 Corner ===================================

max fanout

Pin                                   Limit Fanout  Slack
---------------------------------------------------------
clkbuf_0_sys_clk/X                        5     16    -11 (VIOLATED)
clkbuf_4_0_0_sys_clk/X                    5     13     -8 (VIOLATED)
clkbuf_4_15_0_sys_clk/X                   5     10     -5 (VIOLATED)
clkbuf_4_1_0_sys_clk/X                    5     10     -5 (VIOLATED)
clkbuf_4_4_0_sys_clk/X                    5     10     -5 (VIOLATED)
clkbuf_4_8_0_sys_clk/X                    5     10     -5 (VIOLATED)
clkbuf_4_11_0_sys_clk/X                   5      9     -4 (VIOLATED)
clkbuf_4_2_0_sys_clk/X                    5      9     -4 (VIOLATED)
clkbuf_4_5_0_sys_clk/X                    5      9     -4 (VIOLATED)
clkbuf_4_13_0_sys_clk/X                   5      8     -3 (VIOLATED)
clkbuf_4_14_0_sys_clk/X                   5      8     -3 (VIOLATED)
clkbuf_4_7_0_sys_clk/X                    5      8     -3 (VIOLATED)
clkbuf_4_10_0_sys_clk/X                   5      7     -2 (VIOLATED)
clkbuf_4_9_0_sys_clk/X                    5      7     -2 (VIOLATED)
clkbuf_4_12_0_sys_clk/X                   5      6        (VIOLATED)
clkbuf_4_3_0_sys_clk/X                    5      6        (VIOLATED)
clkbuf_4_6_0_sys_clk/X                    5      6        (VIOLATED)



===========================================================================
report_parasitic_annotation -report_unannotated
============================================================================
Found 15 unannotated drivers.
 clkload0/Y
 clkload1/Y
 clkload10/Y
 clkload11/Y
 clkload12/Y
 clkload13/Y
 clkload14/Y
 clkload2/Y
 clkload3/Y
 clkload4/Y
 clkload5/Y
 clkload6/Y
 clkload7/Y
 clkload8/Y
 clkload9/Y
Found 0 partially unannotated drivers.

===========================================================================
max slew violation count 0
max fanout violation count 17
max cap violation count 0
============================================================================

===========================================================================
check_setup -verbose -unconstrained_endpoints -multiple_clock -no_clock -no_input_delay -loops -generated_clocks
===========================================================================
Warning: There are 33 unclocked register/latch pins.
  _2095_/CLK
  _2183_/CLK
  _2184_/CLK
  _2185_/CLK
  _2186_/CLK
  _2187_/CLK
  _2188_/CLK
  _2189_/CLK
  _2190_/CLK
  _2191_/CLK
  _2192_/CLK
  _2193_/CLK
  _2194_/CLK
  _2195_/CLK
  _2196_/CLK
  _2197_/CLK
  _2198_/CLK
  _2199_/CLK
  _2200_/CLK
  _2201_/CLK
  _2202_/CLK
  _2203_/CLK
  _2204_/CLK
  _2205_/CLK
  _2206_/CLK
  _2207_/CLK
  _2208_/CLK
  _2209_/CLK
  _2210_/CLK
  _2211_/CLK
  _2212_/CLK
  _2213_/CLK
  _2214_/CLK
Warning: There are 34 unconstrained endpoints.
  _2095_/D
  _2141_/D
  _2183_/D
  _2184_/D
  _2185_/D
  _2186_/D
  _2187_/D
  _2188_/D
  _2189_/D
  _2190_/D
  _2191_/D
  _2192_/D
  _2193_/D
  _2194_/D
  _2195_/D
  _2196_/D
  _2197_/D
  _2198_/D
  _2199_/D
  _2200_/D
  _2201_/D
  _2202_/D
  _2203_/D
  _2204_/D
  _2205_/D
  _2206_/D
  _2207_/D
  _2208_/D
  _2209_/D
  _2210_/D
  _2211_/D
  _2212_/D
  _2213_/D
  _2214_/D
