Clock: sys_clk
Sources: sys_clk 
Generated: no
Virtual: yes
Propagated: no
Period: 10.000000

===========================================================================
report_clock_properties
============================================================================
Clock                   Period          Waveform
----------------------------------------------------
sys_clk              10.000000    0.000000  5.000000

===========================================================================
report_clock_latency
============================================================================
Clock sys_clk
rise -> rise
    min     max
0.000000 0.000000 source latency
0.474698         network latency _2215_/CLK
        1.599681 network latency _2198_/CLK
---------------
0.474698 1.599681 latency
        1.124983 skew

rise -> fall
    min     max
0.000000 0.000000 source latency
1.057767         network latency _2212_/CLK
        1.392535 network latency _2198_/CLK
---------------
1.057767 1.392535 latency
        0.334768 skew

fall -> fall
    min     max
0.000000 0.000000 source latency
0.407922         network latency _2215_/CLK
        0.418366 network latency _2067_/CLK
---------------
0.407922 0.418366 latency
        0.010444 skew



===========================================================================
report_clock_min_period
============================================================================
sys_clk period_min = 5.81 fmax = 172.03
