Clock: sys_clk
Sources: sys_clk 
Generated: no
Virtual: yes
Propagated: no
Period: 10.000000

===========================================================================
report_clock_properties
============================================================================
Clock                   Period          Waveform
----------------------------------------------------
sys_clk              10.000000    0.000000  5.000000

===========================================================================
report_clock_latency
============================================================================
Clock sys_clk
rise -> rise
    min     max
0.000000 0.000000 source latency
0.322603         network latency _2174_/CLK
        1.137755 network latency _2234_/CLK
---------------
0.322603 1.137755 latency
        0.815152 skew

rise -> fall
    min     max
0.000000 0.000000 source latency
0.758306         network latency _2223_/CLK
        1.018212 network latency _2234_/CLK
---------------
0.758306 1.018212 latency
        0.259906 skew

fall -> fall
    min     max
0.000000 0.000000 source latency
0.274378         network latency _2174_/CLK
        0.283249 network latency _2181_/CLK
---------------
0.274378 0.283249 latency
        0.008871 skew



===========================================================================
report_clock_min_period
============================================================================
sys_clk period_min = 3.48 fmax = 287.53
