
===========================================================================
report_checks -unconstrained
===========================================================================
======================= nom_tt_025C_1v80 Corner ===================================

Startpoint: _2184_ (rising edge-triggered flip-flop clocked by sys_clk)
Endpoint: _2219_ (rising edge-triggered flip-flop clocked by sys_clk)
Path Group: sys_clk
Path Type: max

Fanout         Cap        Slew       Delay        Time   Description
---------------------------------------------------------------------------------------------
                                  0.000000    0.000000   clock sys_clk (rise edge)
                                  0.000000    0.000000   clock source latency
     1    0.025054    0.117949    0.082533    0.082533 ^ sys_clk (in)
                                                         sys_clk (net)
                      0.118026    0.000000    0.082533 ^ clkbuf_0_sys_clk/A (sky130_fd_sc_hd__clkbuf_16)
    16    0.115525    0.129271    0.222329    0.304862 ^ clkbuf_0_sys_clk/X (sky130_fd_sc_hd__clkbuf_16)
                                                         clknet_0_sys_clk (net)
                      0.129469    0.003374    0.308236 ^ clkbuf_4_6_0_sys_clk/A (sky130_fd_sc_hd__clkbuf_8)
     9    0.028711    0.064482    0.173718    0.481954 ^ clkbuf_4_6_0_sys_clk/X (sky130_fd_sc_hd__clkbuf_8)
                                                         clknet_4_6_0_sys_clk (net)
                      0.064487    0.000616    0.482571 ^ _2184_/CLK (sky130_fd_sc_hd__dfxtp_4)
     3    0.012522    0.053355    0.355373    0.837943 ^ _2184_/Q (sky130_fd_sc_hd__dfxtp_4)
                                                         lf_inst.error_in[1] (net)
                      0.053355    0.000394    0.838337 ^ fanout130/A (sky130_fd_sc_hd__buf_6)
    10    0.049561    0.105043    0.148539    0.986876 ^ fanout130/X (sky130_fd_sc_hd__buf_6)
                                                         net130 (net)
                      0.105099    0.001188    0.988065 ^ _1852_/C_N (sky130_fd_sc_hd__nor3b_1)
     1    0.004154    0.192210    0.215037    1.203102 ^ _1852_/Y (sky130_fd_sc_hd__nor3b_1)
                                                         _0303_ (net)
                      0.192210    0.000141    1.203243 ^ fanout117/A (sky130_fd_sc_hd__buf_4)
     7    0.028680    0.089017    0.192436    1.395679 ^ fanout117/X (sky130_fd_sc_hd__buf_4)
                                                         net117 (net)
                      0.089030    0.001064    1.396743 ^ fanout116/A (sky130_fd_sc_hd__clkbuf_4)
    10    0.042425    0.135318    0.217829    1.614572 ^ fanout116/X (sky130_fd_sc_hd__clkbuf_4)
                                                         net116 (net)
                      0.135327    0.001183    1.615755 ^ _1855_/B (sky130_fd_sc_hd__xnor2_1)
     4    0.011207    0.102602    0.127685    1.743440 v _1855_/Y (sky130_fd_sc_hd__xnor2_1)
                                                         _0306_ (net)
                      0.102602    0.000199    1.743638 v _1870_/B1 (sky130_fd_sc_hd__o221a_1)
     2    0.006117    0.062887    0.261695    2.005334 v _1870_/X (sky130_fd_sc_hd__o221a_1)
                                                         _0319_ (net)
                      0.062887    0.000163    2.005497 v _1872_/C (sky130_fd_sc_hd__or3_4)
     5    0.015184    0.083882    0.360508    2.366005 v _1872_/X (sky130_fd_sc_hd__or3_4)
                                                         _0321_ (net)
                      0.083883    0.000526    2.366530 v _1893_/A1 (sky130_fd_sc_hd__o21ba_1)
     2    0.007440    0.056533    0.215530    2.582061 v _1893_/X (sky130_fd_sc_hd__o21ba_1)
                                                         _0338_ (net)
                      0.056533    0.000197    2.582258 v _1897_/A (sky130_fd_sc_hd__nor2_2)
     3    0.011565    0.146882    0.162556    2.744814 ^ _1897_/Y (sky130_fd_sc_hd__nor2_2)
                                                         _0342_ (net)
                      0.146883    0.000370    2.745184 ^ _1923_/A (sky130_fd_sc_hd__nand4_2)
     2    0.009934    0.118162    0.124235    2.869419 v _1923_/Y (sky130_fd_sc_hd__nand4_2)
                                                         _0364_ (net)
                      0.118163    0.000447    2.869866 v _1950_/B (sky130_fd_sc_hd__or2_1)
     2    0.006642    0.065800    0.253166    3.123032 v _1950_/X (sky130_fd_sc_hd__or2_1)
                                                         _0387_ (net)
                      0.065800    0.000155    3.123187 v _1968_/A2 (sky130_fd_sc_hd__a311o_1)
     3    0.013239    0.101828    0.371371    3.494558 v _1968_/X (sky130_fd_sc_hd__a311o_1)
                                                         _0403_ (net)
                      0.101828    0.000486    3.495044 v _1984_/A (sky130_fd_sc_hd__or2_1)
     3    0.009838    0.079031    0.281866    3.776909 v _1984_/X (sky130_fd_sc_hd__or2_1)
                                                         _0417_ (net)
                      0.079031    0.000283    3.777192 v _2007_/A2 (sky130_fd_sc_hd__a2111o_1)
     3    0.011477    0.101410    0.468888    4.246080 v _2007_/X (sky130_fd_sc_hd__a2111o_1)
                                                         _0436_ (net)
                      0.101410    0.000469    4.246549 v _2039_/A1 (sky130_fd_sc_hd__a211o_1)
     3    0.012744    0.091548    0.324539    4.571088 v _2039_/X (sky130_fd_sc_hd__a211o_1)
                                                         _0464_ (net)
                      0.091548    0.000350    4.571438 v _2057_/A2 (sky130_fd_sc_hd__a211o_1)
     2    0.010724    0.082887    0.347546    4.918984 v _2057_/X (sky130_fd_sc_hd__a211o_1)
                                                         _0480_ (net)
                      0.082887    0.000295    4.919280 v _2059_/A2 (sky130_fd_sc_hd__a31oi_4)
     3    0.008557    0.144611    0.182602    5.101882 ^ _2059_/Y (sky130_fd_sc_hd__a31oi_4)
                                                         _0482_ (net)
                      0.144611    0.000207    5.102089 ^ _2060_/B (sky130_fd_sc_hd__nor2_1)
     1    0.003406    0.041851    0.059872    5.161961 v _2060_/Y (sky130_fd_sc_hd__nor2_1)
                                                         _0483_ (net)
                      0.041851    0.000108    5.162069 v _2061_/B1 (sky130_fd_sc_hd__a221o_1)
     1    0.001889    0.046684    0.277186    5.439255 v _2061_/X (sky130_fd_sc_hd__a221o_1)
                                                         _0118_ (net)
                      0.046684    0.000053    5.439308 v _2219_/D (sky130_fd_sc_hd__dfxtp_1)
                                              5.439308   data arrival time

                                 10.000000   10.000000   clock sys_clk (rise edge)
                                  0.000000   10.000000   clock source latency
     1    0.025054    0.117949    0.082533   10.082533 ^ sys_clk (in)
                                                         sys_clk (net)
                      0.118026    0.000000   10.082533 ^ clkbuf_0_sys_clk/A (sky130_fd_sc_hd__clkbuf_16)
    16    0.115525    0.129271    0.222329   10.304862 ^ clkbuf_0_sys_clk/X (sky130_fd_sc_hd__clkbuf_16)
                                                         clknet_0_sys_clk (net)
                      0.129505    0.003781   10.308643 ^ clkbuf_4_15_0_sys_clk/A (sky130_fd_sc_hd__clkbuf_8)
    10    0.036626    0.076709    0.182832   10.491475 ^ clkbuf_4_15_0_sys_clk/X (sky130_fd_sc_hd__clkbuf_8)
                                                         clknet_4_15_0_sys_clk (net)
                      0.076756    0.001749   10.493224 ^ _2219_/CLK (sky130_fd_sc_hd__dfxtp_1)
                                 -0.250000   10.243224   clock uncertainty
                                  0.000000   10.243224   clock reconvergence pessimism
                                 -0.103850   10.139375   library setup time
                                             10.139375   data required time
---------------------------------------------------------------------------------------------
                                             10.139375   data required time
                                             -5.439308   data arrival time
---------------------------------------------------------------------------------------------
                                              4.700067   slack (MET)




===========================================================================
report_checks --slack_max -0.01
============================================================================
======================= nom_tt_025C_1v80 Corner ===================================

No paths found.


===========================================================================
 report_check_types -max_slew -max_cap -max_fanout -violators
============================================================================
======================= nom_tt_025C_1v80 Corner ===================================

max fanout

Pin                                   Limit Fanout  Slack
---------------------------------------------------------
clkbuf_0_sys_clk/X                       10     16     -6 (VIOLATED)
clkbuf_4_4_0_sys_clk/X                   10     11        (VIOLATED)
clkbuf_4_7_0_sys_clk/X                   10     11        (VIOLATED)



===========================================================================
report_parasitic_annotation -report_unannotated
============================================================================
Found 15 unannotated drivers.
 clkload0/X
 clkload1/X
 clkload10/Y
 clkload11/Y
 clkload12/Y
 clkload13/Y
 clkload14/X
 clkload2/Y
 clkload3/Y
 clkload4/X
 clkload5/Y
 clkload6/Y
 clkload7/Y
 clkload8/Y
 clkload9/X
Found 0 partially unannotated drivers.

===========================================================================
max slew violation count 0
max fanout violation count 3
max cap violation count 0
============================================================================

===========================================================================
check_setup -verbose -unconstrained_endpoints -multiple_clock -no_clock -no_input_delay -loops -generated_clocks
===========================================================================
Warning: There are 33 unclocked register/latch pins.
  _2133_/CLK
  _2221_/CLK
  _2222_/CLK
  _2223_/CLK
  _2224_/CLK
  _2225_/CLK
  _2226_/CLK
  _2227_/CLK
  _2228_/CLK
  _2229_/CLK
  _2230_/CLK
  _2231_/CLK
  _2232_/CLK
  _2233_/CLK
  _2234_/CLK
  _2235_/CLK
  _2236_/CLK
  _2237_/CLK
  _2238_/CLK
  _2239_/CLK
  _2240_/CLK
  _2241_/CLK
  _2242_/CLK
  _2243_/CLK
  _2244_/CLK
  _2245_/CLK
  _2246_/CLK
  _2247_/CLK
  _2248_/CLK
  _2249_/CLK
  _2250_/CLK
  _2251_/CLK
  _2252_/CLK
Warning: There are 33 unconstrained endpoints.
  _2133_/D
  _2221_/D
  _2222_/D
  _2223_/D
  _2224_/D
  _2225_/D
  _2226_/D
  _2227_/D
  _2228_/D
  _2229_/D
  _2230_/D
  _2231_/D
  _2232_/D
  _2233_/D
  _2234_/D
  _2235_/D
  _2236_/D
  _2237_/D
  _2238_/D
  _2239_/D
  _2240_/D
  _2241_/D
  _2242_/D
  _2243_/D
  _2244_/D
  _2245_/D
  _2246_/D
  _2247_/D
  _2248_/D
  _2249_/D
  _2250_/D
  _2251_/D
  _2252_/D
