Clock: sys_clk
Sources: sys_clk 
Generated: no
Virtual: yes
Propagated: no
Period: 10.000000

===========================================================================
report_clock_properties
============================================================================
Clock                   Period          Waveform
----------------------------------------------------
sys_clk              10.000000    0.000000  5.000000

===========================================================================
report_clock_latency
============================================================================
Clock sys_clk
rise -> rise
    min     max
0.000000 0.000000 source latency
0.479966         network latency _2208_/CLK
        1.553592 network latency _2234_/CLK
---------------
0.479966 1.553592 latency
        1.073626 skew

rise -> fall
    min     max
0.000000 0.000000 source latency
1.125569         network latency _2252_/CLK
        1.367846 network latency _2234_/CLK
---------------
1.125569 1.367846 latency
        0.242277 skew

fall -> fall
    min     max
0.000000 0.000000 source latency
0.411227         network latency _2208_/CLK
        0.421904 network latency _2124_/CLK
---------------
0.411227 0.421904 latency
        0.010677 skew



===========================================================================
report_clock_min_period
============================================================================
sys_clk period_min = 5.30 fmax = 188.68
