Reading OpenROAD database at '/Users/refikyalcin/vlsi/digital/Tiny-PLL/openlane/runs/RUN_2025-12-22_15-30-35/23-openroad-globalplacementskipio/pll_top.odb'…
Reading library file at '/Users/refikyalcin/.ciel/ciel/gf180mcu/versions/0fe599b2afb6708d281543108caf8310912f54af/gf180mcuC/libs.ref/gf180mcu_fd_sc_mcu7t5v0/lib/gf180mcu_fd_sc_mcu7t5v0__tt_025C_5v00.lib'…
Reading design constraints file at '/nix/store/7x1qis8my0i44w1lx1yq2wiwh6yc774i-python3-3.11.9-env/lib/python3.11/site-packages/librelane/scripts/base.sdc'…
[INFO] Using clock sys_clk…
[INFO] Setting output delay to: 4.8
[INFO] Setting input delay to: 4.8
[INFO] Setting load to: 0.07291
[INFO] Setting clock uncertainty to: 0.25
[INFO] Setting clock transition to: 0.1499999999999999944488848768742172978818416595458984375
[INFO] Setting timing derate to: 5%
[INFO] place_pins args: -min_distance 3
Found 0 macro blocks.
[INFO PPL-0010] Tentative 0 to set up sections.
[INFO PPL-0001] Number of slots           334
[INFO PPL-0002] Number of I/O             101
[INFO PPL-0003] Number of I/O w/sink      101
[INFO PPL-0004] Number of I/O w/o sink    0
[INFO PPL-0005] Slots per section         200
[INFO PPL-0006] Slots increase factor     0.01
[INFO PPL-0008] Successfully assigned pins to sections.
[INFO PPL-0012] I/O nets HPWL: 7301.89 um.
Setting global connections for newly added cells…
[INFO] Setting global connections...
Updating metrics…
Cell type report:                       Count       Area
  Endcap cell                             130     570.75
  Tap cell                                435    1909.82
  Buffer                                    1      13.17
  Inverter                                 81     711.24
  Sequential cell                         154    9803.76
  Multi-Input combinational cell         1062   19451.67
  Total                                  1863   32460.42
Writing OpenROAD database to '/Users/refikyalcin/vlsi/digital/Tiny-PLL/openlane/runs/RUN_2025-12-22_15-30-35/24-openroad-ioplacement/pll_top.odb'…
Writing netlist to '/Users/refikyalcin/vlsi/digital/Tiny-PLL/openlane/runs/RUN_2025-12-22_15-30-35/24-openroad-ioplacement/pll_top.nl.v'…
Writing powered netlist to '/Users/refikyalcin/vlsi/digital/Tiny-PLL/openlane/runs/RUN_2025-12-22_15-30-35/24-openroad-ioplacement/pll_top.pnl.v'…
Writing layout to '/Users/refikyalcin/vlsi/digital/Tiny-PLL/openlane/runs/RUN_2025-12-22_15-30-35/24-openroad-ioplacement/pll_top.def'…
Writing timing constraints to '/Users/refikyalcin/vlsi/digital/Tiny-PLL/openlane/runs/RUN_2025-12-22_15-30-35/24-openroad-ioplacement/pll_top.sdc'…
